<?xml version="1.0" encoding="UTF-8"?>
<con:testCase id="9d918c7b-71cc-4f05-8570-523309871538" discardOkResults="false" failOnError="false" failTestCaseOnErrors="true" keepSession="false" name="Test Case 1" searchProperties="true" timeout="0" xmlns:con="http://eviware.com/soapui/config"><con:settings><con:setting id="9d918c7b-71cc-4f05-8570-523309871538fileName">Test-Case-1</con:setting></con:settings><con:testStep type="request" id="4197a212-52fa-46cb-a71e-39c72e4414a2" name="Créer des répertoires"><con:settings/><con:config xsi:type="con:RequestStep" xmlns:xsi="http://www.w3.org/2001/XMLSchema-instance"><con:interface>LogicalDoc-Folder</con:interface><con:operation>create</con:operation><con:request name="Créer des répertoires" outgoingWss="" incomingWss="" timeout="" sslKeystore="" useWsAddressing="false" useWsReliableMessaging="false" wssPasswordType="" id="f3f2f71d-4194-4a37-8920-03b86f5a037c"><con:settings><con:setting id="com.eviware.soapui.impl.wsdl.WsdlRequest@request-headers">&lt;xml-fragment/></con:setting></con:settings><con:encoding>UTF-8</con:encoding><con:endpoint>http://localhost:8180/logicaldoc/services/Folder</con:endpoint><con:request><![CDATA[<soapenv:Envelope xmlns:soapenv="http://schemas.xmlsoap.org/soap/envelope/" xmlns:ws="http://ws.logicaldoc.com">
   <soapenv:Header/>
   <soapenv:Body>
      <ws:create>
         <!--Optional:-->
         <sid>?</sid>
         <!--Optional:-->
         <folder>
            <!--Zero or more repetitions:-->
            <attributes>
               <!--Optional:-->
               <dateValue>?</dateValue>
               <!--Optional:-->
               <doubleValue>?</doubleValue>
               <editor>?</editor>
               <hidden>?</hidden>
               <!--Optional:-->
               <intValue>?</intValue>
               <!--Optional:-->
               <label>?</label>
               <mandatory>?</mandatory>
               <multiple>?</multiple>
               <!--Optional:-->
               <name>?</name>
               <!--Optional:-->
               <parent>?</parent>
               <position>?</position>
               <!--Optional:-->
               <setId>?</setId>
               <!--Optional:-->
               <stringValue>?</stringValue>
               <!--Optional:-->
               <stringValues>?</stringValues>
               <type>?</type>
               <!--Optional:-->
               <value>?</value>
            </attributes>
            <!--Optional:-->
            <creation>?</creation>
            <!--Optional:-->
            <creator>?</creator>
            <!--Optional:-->
            <description>?</description>
            <!--Optional:-->
            <foldRef>?</foldRef>
            <hidden>?</hidden>
            <id>?</id>
            <!--Optional:-->
            <lastModified>?</lastModified>
            <!--Optional:-->
            <name>?</name>
            <parentId>?</parentId>
            <position>?</position>
            <!--Optional:-->
            <securityRef>?</securityRef>
            <!--Optional:-->
            <storage>?</storage>
            <!--Zero or more repetitions:-->
            <tags>?</tags>
            <!--Optional:-->
            <templateId>?</templateId>
            <templateLocked>?</templateLocked>
            <type>?</type>
         </folder>
      </ws:create>
   </soapenv:Body>
</soapenv:Envelope>]]></con:request><con:assertion type="Valid HTTP Status Codes" id="4da77e98-ed81-447d-bda9-ccebb3f92e47" name="Valid HTTP Status Codes"><con:settings/><con:configuration><codes>200</codes></con:configuration></con:assertion><con:assertion type="Response SLA Assertion" id="0106d895-8661-4446-807c-00243cf5b595" name="Response SLA"><con:configuration><SLA>200</SLA></con:configuration></con:assertion><con:assertion type="SOAP Fault Assertion" id="aff4cc6c-53e1-499b-868e-033f3a612b39" name="Not SOAP Fault" disabled="true"/><con:assertion type="Schema Compliance" id="d6865815-3d4a-49ff-8609-8197fea74acc" name="Schema Compliance"><con:configuration/></con:assertion><con:credentials><con:username>admin</con:username><con:password>admin</con:password><con:selectedAuthProfile>Basic</con:selectedAuthProfile><con:addedBasicAuthenticationTypes>Basic</con:addedBasicAuthenticationTypes><con:authType>Global HTTP Settings</con:authType></con:credentials><con:jmsConfig JMSDeliveryMode="PERSISTENT"/><con:wsaConfig mustUnderstand="NONE" version="200508" action="http://endpoint.soap.webservice.logicaldoc.com/Folder/create"/><con:wsrmConfig version="1.2"/></con:request></con:config></con:testStep><con:testStep type="request" id="b78f5473-e206-49f4-8614-5faef1f3d6a4" name="Créer des documents"><con:settings/><con:config xsi:type="con:RequestStep" xmlns:xsi="http://www.w3.org/2001/XMLSchema-instance"><con:interface>LogicalDoc-Document</con:interface><con:operation>create</con:operation><con:request name="Créer des documents" id="81bedebc-5c74-419d-b636-0bd56a805e43"><con:settings><con:setting id="com.eviware.soapui.impl.wsdl.WsdlRequest@request-headers">&lt;xml-fragment/></con:setting></con:settings><con:encoding>UTF-8</con:encoding><con:endpoint>http://localhost:8180/logicaldoc/services/Document</con:endpoint><con:request><![CDATA[<soapenv:Envelope xmlns:soapenv="http://schemas.xmlsoap.org/soap/envelope/" xmlns:ws="http://ws.logicaldoc.com">\r
   <soapenv:Header/>\r
   <soapenv:Body>\r
      <ws:create>\r
         <!--Optional:-->\r
         <sid>?</sid>\r
         <!--Optional:-->\r
         <document>\r
            <!--Zero or more repetitions:-->\r
            <attributes>\r
               <!--Optional:-->\r
               <dateValue>?</dateValue>\r
               <!--Optional:-->\r
               <doubleValue>?</doubleValue>\r
               <editor>?</editor>\r
               <hidden>?</hidden>\r
               <!--Optional:-->\r
               <intValue>?</intValue>\r
               <!--Optional:-->\r
               <label>?</label>\r
               <mandatory>?</mandatory>\r
               <multiple>?</multiple>\r
               <!--Optional:-->\r
               <name>?</name>\r
               <!--Optional:-->\r
               <parent>?</parent>\r
               <position>?</position>\r
               <!--Optional:-->\r
               <setId>?</setId>\r
               <!--Optional:-->\r
               <stringValue>?</stringValue>\r
               <!--Optional:-->\r
               <stringValues>?</stringValues>\r
               <type>?</type>\r
               <!--Optional:-->\r
               <value>?</value>\r
            </attributes>\r
            <!--Optional:-->\r
            <comment>?</comment>\r
            <!--Optional:-->\r
            <creation>?</creation>\r
            <!--Optional:-->\r
            <creator>?</creator>\r
            <creatorId>?</creatorId>\r
            <!--Optional:-->\r
            <customId>?</customId>\r
            <!--Optional:-->\r
            <date>?</date>\r
            <!--Optional:-->\r
            <deleteUserId>?</deleteUserId>\r
            <!--Optional:-->\r
            <digest>?</digest>\r
            <!--Optional:-->\r
            <docRef>?</docRef>\r
            <!--Optional:-->\r
            <docRefType>?</docRefType>\r
            <!--Optional:-->\r
            <exportId>?</exportId>\r
            <!--Optional:-->\r
            <exportName>?</exportName>\r
            <exportStatus>?</exportStatus>\r
            <!--Optional:-->\r
            <fileName>?</fileName>\r
            <fileSize>?</fileSize>\r
            <!--Optional:-->\r
            <fileVersion>?</fileVersion>\r
            <!--Optional:-->\r
            <folderId>?</folderId>\r
            <!--Optional:-->\r
            <formId>?</formId>\r
            <!--Optional:-->\r
            <icon>?</icon>\r
            <id>?</id>\r
            <immutable>?</immutable>\r
            <indexed>?</indexed>\r
            <!--Optional:-->\r
            <language>?</language>\r
            <!--Optional:-->\r
            <lastModified>?</lastModified>\r
            <!--Optional:-->\r
            <lockUserId>?</lockUserId>\r
            <nature>?</nature>\r
            <pages>?</pages>\r
            <!--Optional:-->\r
            <passwordProtected>?</passwordProtected>\r
            <published>?</published>\r
            <!--Optional:-->\r
            <publisher>?</publisher>\r
            <publisherId>?</publisherId>\r
            <!--Optional:-->\r
            <rating>?</rating>\r
            <!--Optional:-->\r
            <score>?</score>\r
            <signed>?</signed>\r
            <stamped>?</stamped>\r
            <!--Optional:-->\r
            <startPublishing>?</startPublishing>\r
            <status>?</status>\r
            <!--Optional:-->\r
            <stopPublishing>?</stopPublishing>\r
            <!--Optional:-->\r
            <summary>?</summary>\r
            <!--Zero or more repetitions:-->\r
            <tags>?</tags>\r
            <!--Optional:-->\r
            <templateId>?</templateId>\r
            <!--Optional:-->\r
            <type>?</type>\r
            <!--Optional:-->\r
            <version>?</version>\r
            <!--Optional:-->\r
            <workflowStatus>?</workflowStatus>\r
            <!--Optional:-->\r
            <workflowStatusDisplay>?</workflowStatusDisplay>\r
         </document>\r
         <!--Optional:-->\r
         <content>cid:1384955247980</content>\r
      </ws:create>\r
   </soapenv:Body>\r
</soapenv:Envelope>]]></con:request><con:assertion type="Valid HTTP Status Codes" id="9fa71f0c-dcee-4551-a38b-aaf73a1247e4" name="Valid HTTP Status Codes"><con:settings/><con:configuration><codes>200</codes></con:configuration></con:assertion><con:assertion type="Response SLA Assertion" id="1385c34b-c2d2-4dcc-9cc7-fa4c21c9f2e5" name="Response SLA"><con:configuration><SLA>200</SLA></con:configuration></con:assertion><con:assertion type="SOAP Fault Assertion" id="e7898c0b-bbb8-4c99-b2c3-f6080604f6ce" name="Not SOAP Fault"/><con:assertion type="Schema Compliance" id="87b185bf-deac-4e02-8f5b-25b9529d2426" name="Schema Compliance"><con:configuration/></con:assertion><con:credentials><con:selectedAuthProfile>No Authorization</con:selectedAuthProfile><con:authType>No Authorization</con:authType></con:credentials><con:jmsConfig JMSDeliveryMode="PERSISTENT"/><con:wsaConfig action="http://endpoint.soap.webservice.logicaldoc.com/Document/create" mustUnderstand="NONE" version="200508"/><con:wsrmConfig version="1.2"/></con:request></con:config></con:testStep><con:testStep type="request" id="6abaa2c4-1f07-43b8-a18c-96e2ca1f56cd" name="Mettre à jour un document"><con:settings/><con:config xsi:type="con:RequestStep" xmlns:xsi="http://www.w3.org/2001/XMLSchema-instance"><con:interface>LogicalDoc-Document</con:interface><con:operation>update</con:operation><con:request name="Mettre à jour un document" id="e4a21287-c64c-4771-9863-7a0582d3e329"><con:settings><con:setting id="com.eviware.soapui.impl.wsdl.WsdlRequest@request-headers">&lt;xml-fragment/></con:setting></con:settings><con:encoding>UTF-8</con:encoding><con:endpoint>http://localhost:8180/logicaldoc/services/Document</con:endpoint><con:request><![CDATA[<soapenv:Envelope xmlns:soapenv="http://schemas.xmlsoap.org/soap/envelope/" xmlns:ws="http://ws.logicaldoc.com">
   <soapenv:Header/>
   <soapenv:Body>
      <ws:update>
         <!--Optional:-->
         <sid>?</sid>
         <!--Optional:-->
         <document>
            <!--Zero or more repetitions:-->
            <attributes>
               <!--Optional:-->
               <dateValue>?</dateValue>
               <!--Optional:-->
               <doubleValue>?</doubleValue>
               <editor>?</editor>
               <hidden>?</hidden>
               <!--Optional:-->
               <intValue>?</intValue>
               <!--Optional:-->
               <label>?</label>
               <mandatory>?</mandatory>
               <multiple>?</multiple>
               <!--Optional:-->
               <name>?</name>
               <!--Optional:-->
               <parent>?</parent>
               <position>?</position>
               <!--Optional:-->
               <setId>?</setId>
               <!--Optional:-->
               <stringValue>?</stringValue>
               <!--Optional:-->
               <stringValues>?</stringValues>
               <type>?</type>
               <!--Optional:-->
               <value>?</value>
            </attributes>
            <!--Optional:-->
            <comment>?</comment>
            <!--Optional:-->
            <creation>?</creation>
            <!--Optional:-->
            <creator>?</creator>
            <creatorId>?</creatorId>
            <!--Optional:-->
            <customId>?</customId>
            <!--Optional:-->
            <date>?</date>
            <!--Optional:-->
            <deleteUserId>?</deleteUserId>
            <!--Optional:-->
            <digest>?</digest>
            <!--Optional:-->
            <docRef>?</docRef>
            <!--Optional:-->
            <docRefType>?</docRefType>
            <!--Optional:-->
            <exportId>?</exportId>
            <!--Optional:-->
            <exportName>?</exportName>
            <exportStatus>?</exportStatus>
            <!--Optional:-->
            <fileName>?</fileName>
            <fileSize>?</fileSize>
            <!--Optional:-->
            <fileVersion>?</fileVersion>
            <!--Optional:-->
            <folderId>?</folderId>
            <!--Optional:-->
            <formId>?</formId>
            <!--Optional:-->
            <icon>?</icon>
            <id>?</id>
            <immutable>?</immutable>
            <indexed>?</indexed>
            <!--Optional:-->
            <language>?</language>
            <!--Optional:-->
            <lastModified>?</lastModified>
            <!--Optional:-->
            <lockUserId>?</lockUserId>
            <nature>?</nature>
            <pages>?</pages>
            <!--Optional:-->
            <passwordProtected>?</passwordProtected>
            <published>?</published>
            <!--Optional:-->
            <publisher>?</publisher>
            <publisherId>?</publisherId>
            <!--Optional:-->
            <rating>?</rating>
            <!--Optional:-->
            <score>?</score>
            <signed>?</signed>
            <stamped>?</stamped>
            <!--Optional:-->
            <startPublishing>?</startPublishing>
            <status>?</status>
            <!--Optional:-->
            <stopPublishing>?</stopPublishing>
            <!--Optional:-->
            <summary>?</summary>
            <!--Zero or more repetitions:-->
            <tags>?</tags>
            <!--Optional:-->
            <templateId>?</templateId>
            <!--Optional:-->
            <type>?</type>
            <!--Optional:-->
            <version>?</version>
            <!--Optional:-->
            <workflowStatus>?</workflowStatus>
            <!--Optional:-->
            <workflowStatusDisplay>?</workflowStatusDisplay>
         </document>
      </ws:update>
   </soapenv:Body>
</soapenv:Envelope>]]></con:request><con:assertion type="Valid HTTP Status Codes" id="45026884-86e8-42d5-9809-158e21e98ef7" name="Valid HTTP Status Codes"><con:settings/><con:configuration><codes>200</codes></con:configuration></con:assertion><con:assertion type="Response SLA Assertion" id="ef03ce4e-44de-40ad-b0f7-4e7afeb169ba" name="Response SLA"><con:configuration><SLA>200</SLA></con:configuration></con:assertion><con:assertion type="SOAP Fault Assertion" id="9840b372-686d-4290-85b7-8d734be26ecd" name="Not SOAP Fault"/><con:assertion type="Schema Compliance" id="4143d036-b66d-4578-9844-b872ccce3734" name="Schema Compliance"><con:configuration/></con:assertion><con:credentials><con:selectedAuthProfile>No Authorization</con:selectedAuthProfile><con:authType>No Authorization</con:authType></con:credentials><con:jmsConfig JMSDeliveryMode="PERSISTENT"/><con:wsaConfig action="http://endpoint.soap.webservice.logicaldoc.com/Document/update" mustUnderstand="NONE" version="200508"/><con:wsrmConfig version="1.2"/></con:request></con:config></con:testStep><con:testStep type="request" id="cd029455-27a4-4b04-aeac-40a04593e4b7" name="Poser un bookmark sur un document"><con:settings/><con:config xsi:type="con:RequestStep" xmlns:xsi="http://www.w3.org/2001/XMLSchema-instance"><con:interface>LogicalDoc-Bookmark</con:interface><con:operation>bookmarkDocument</con:operation><con:request name="Poser un bookmark sur un document" id="67215510-c3d0-48b3-8d86-1e0a5f83bde7"><con:settings/><con:encoding>UTF-8</con:encoding><con:endpoint>http://localhost:8180/logicaldoc/services/Bookmark</con:endpoint><con:request><![CDATA[<soapenv:Envelope xmlns:soapenv="http://schemas.xmlsoap.org/soap/envelope/" xmlns:ws="http://ws.logicaldoc.com">\r
   <soapenv:Header/>\r
   <soapenv:Body>\r
      <ws:bookmarkDocument>\r
         <!--Optional:-->\r
         <sid>?</sid>\r
         <docId>?</docId>\r
      </ws:bookmarkDocument>\r
   </soapenv:Body>\r
</soapenv:Envelope>]]></con:request><con:assertion type="Valid HTTP Status Codes" id="5c5482af-3038-4cc8-b12e-fcf187fdc356" name="Valid HTTP Status Codes"><con:settings/><con:configuration><codes>200</codes></con:configuration></con:assertion><con:assertion type="Response SLA Assertion" id="e5f24fc0-09e8-4a04-a1e2-1403d5fc77e5" name="Response SLA"><con:configuration><SLA>200</SLA></con:configuration></con:assertion><con:assertion type="SOAP Fault Assertion" id="3cf267a9-1134-40a1-ad4c-85b1d1090c5a" name="Not SOAP Fault"/><con:assertion type="Schema Compliance" id="0bb3549a-907d-4bd6-be63-b96b36dda60f" name="Schema Compliance"><con:configuration/></con:assertion><con:credentials><con:selectedAuthProfile>No Authorization</con:selectedAuthProfile><con:authType>No Authorization</con:authType></con:credentials><con:jmsConfig JMSDeliveryMode="PERSISTENT"/><con:wsaConfig action="http://endpoint.soap.webservice.logicaldoc.com/Bookmark/bookmarkDocument" mustUnderstand="NONE" version="200508"/></con:request></con:config></con:testStep><con:testStep type="request" id="368bf59d-42c9-426d-9314-b48b9f9f2288" name="Retirer le bookmark posé sur un document"><con:settings/><con:config xsi:type="con:RequestStep" xmlns:xsi="http://www.w3.org/2001/XMLSchema-instance"><con:interface>LogicalDoc-Bookmark</con:interface><con:operation>unbookmarkDocument</con:operation><con:request name="Retirer le bookmark posé sur un document" id="db5d4f4c-d66e-484e-883b-47e5e1008f0f"><con:settings/><con:encoding>UTF-8</con:encoding><con:endpoint>http://localhost:8180/logicaldoc/services/Bookmark</con:endpoint><con:request><![CDATA[<soapenv:Envelope xmlns:soapenv="http://schemas.xmlsoap.org/soap/envelope/" xmlns:ws="http://ws.logicaldoc.com">\r
   <soapenv:Header/>\r
   <soapenv:Body>\r
      <ws:unbookmarkDocument>\r
         <!--Optional:-->\r
         <sid>?</sid>\r
         <docId>?</docId>\r
      </ws:unbookmarkDocument>\r
   </soapenv:Body>\r
</soapenv:Envelope>]]></con:request><con:assertion type="Valid HTTP Status Codes" id="26fd2599-ab3b-415f-a19d-f80591800c51" name="Valid HTTP Status Codes"><con:settings/><con:configuration><codes>200</codes></con:configuration></con:assertion><con:assertion type="Response SLA Assertion" id="a1c791e6-5541-4e58-aeb4-38f0dcf75d0e" name="Response SLA"><con:configuration><SLA>200</SLA></con:configuration></con:assertion><con:assertion type="SOAP Fault Assertion" id="2f90cf29-9d6f-40b7-aa62-a7ba92b18ab1" name="Not SOAP Fault"/><con:assertion type="Schema Compliance" id="4c6410a1-14b4-44a1-b1d8-e4c513a5df08" name="Schema Compliance"><con:configuration/></con:assertion><con:credentials><con:selectedAuthProfile>No Authorization</con:selectedAuthProfile><con:authType>No Authorization</con:authType></con:credentials><con:jmsConfig JMSDeliveryMode="PERSISTENT"/><con:wsaConfig action="http://endpoint.soap.webservice.logicaldoc.com/Bookmark/unbookmarkDocument" mustUnderstand="NONE" version="200508"/></con:request></con:config></con:testStep><con:testStep type="request" id="dcb612ff-179d-4c4a-aecd-fc32fc1f9b7b" name="Supprimer un document"><con:settings/><con:config xsi:type="con:RequestStep" xmlns:xsi="http://www.w3.org/2001/XMLSchema-instance"><con:interface>LogicalDoc-Document</con:interface><con:operation>delete</con:operation><con:request name="Supprimer un document" id="ad169d46-b689-4f30-b3ab-a870f315e53b"><con:settings/><con:encoding>UTF-8</con:encoding><con:endpoint>http://localhost:8180/logicaldoc/services/Document</con:endpoint><con:request><![CDATA[<soapenv:Envelope xmlns:soapenv="http://schemas.xmlsoap.org/soap/envelope/" xmlns:ws="http://ws.logicaldoc.com">\r
   <soapenv:Header/>\r
   <soapenv:Body>\r
      <ws:delete>\r
         <!--Optional:-->\r
         <sid>?</sid>\r
         <docId>?</docId>\r
      </ws:delete>\r
   </soapenv:Body>\r
</soapenv:Envelope>]]></con:request><con:assertion type="Valid HTTP Status Codes" id="9ae10dbb-d321-4b08-a149-550364319130" name="Valid HTTP Status Codes"><con:settings/><con:configuration><codes>200</codes></con:configuration></con:assertion><con:assertion type="Response SLA Assertion" id="85c07a33-a107-4685-9b07-f33da05c962c" name="Response SLA"><con:configuration><SLA>200</SLA></con:configuration></con:assertion><con:assertion type="SOAP Fault Assertion" id="af58fb49-7780-4159-8031-e32e158ca3a0" name="Not SOAP Fault"/><con:assertion type="Schema Compliance" id="9822f33c-34c2-47fb-94e1-926402356d5d" name="Schema Compliance"><con:configuration/></con:assertion><con:credentials><con:selectedAuthProfile>No Authorization</con:selectedAuthProfile><con:authType>No Authorization</con:authType></con:credentials><con:jmsConfig JMSDeliveryMode="PERSISTENT"/><con:wsaConfig action="http://endpoint.soap.webservice.logicaldoc.com/Document/delete" mustUnderstand="NONE" version="200508"/></con:request></con:config></con:testStep><con:testStep type="request" id="38f0b3ba-5833-4cc2-9dd6-d8b9290392d1" name="Chercher un document par mot-clé"><con:settings/><con:config xsi:type="con:RequestStep" xmlns:xsi="http://www.w3.org/2001/XMLSchema-instance"><con:interface>LogicalDoc-Tag</con:interface><con:operation>findDocumentsByTag</con:operation><con:request name="Chercher un document par mot-clé" id="51f79f49-442a-40ad-b561-da1d16242bf4"><con:settings/><con:encoding>UTF-8</con:encoding><con:endpoint>http://localhost:8180/logicaldoc/services/Tag</con:endpoint><con:request><![CDATA[<soapenv:Envelope xmlns:soapenv="http://schemas.xmlsoap.org/soap/envelope/" xmlns:ws="http://ws.logicaldoc.com">\r
   <soapenv:Header/>\r
   <soapenv:Body>\r
      <ws:findDocumentsByTag>\r
         <!--Optional:-->\r
         <sid>?</sid>\r
         <!--Optional:-->\r
         <tag>?</tag>\r
      </ws:findDocumentsByTag>\r
   </soapenv:Body>\r
</soapenv:Envelope>]]></con:request><con:assertion type="Valid HTTP Status Codes" id="d8e7de4d-6e9d-4f13-949e-bbe42ae0a271" name="Valid HTTP Status Codes"><con:settings/><con:configuration><codes>200</codes></con:configuration></con:assertion><con:assertion type="Response SLA Assertion" id="fc3c6f1f-1cd7-471f-b683-785bcc76412c" name="Response SLA"><con:configuration><SLA>200</SLA></con:configuration></con:assertion><con:assertion type="SOAP Fault Assertion" id="b2721f25-740b-4275-9b40-599487a81ca4" name="Not SOAP Fault"/><con:assertion type="Schema Compliance" id="1e65e016-ef98-4fa6-891e-46029dd9d6aa" name="Schema Compliance"><con:configuration/></con:assertion><con:credentials><con:selectedAuthProfile>No Authorization</con:selectedAuthProfile><con:authType>No Authorization</con:authType></con:credentials><con:jmsConfig JMSDeliveryMode="PERSISTENT"/><con:wsaConfig action="http://endpoint.soap.webservice.logicaldoc.com/Tag/findDocumentsByTag" mustUnderstand="NONE" version="200508"/></con:request></con:config></con:testStep><con:testStep type="request" id="1b6e5a76-8e7d-4737-9cef-ed29d6e764da" name="Chercher un document par date"><con:settings/><con:config xsi:type="con:RequestStep" xmlns:xsi="http://www.w3.org/2001/XMLSchema-instance"><con:interface>LogicalDoc-Document</con:interface><con:operation>getDocument</con:operation><con:request name="Chercher un document par date" outgoingWss="" incomingWss="" timeout="" sslKeystore="" useWsAddressing="false" useWsReliableMessaging="false" wssPasswordType="" id="3d0700b8-0cbd-4a66-95d3-fc8f7b5e6ea1"><con:settings/><con:encoding>UTF-8</con:encoding><con:endpoint>http://localhost:8180/logicaldoc/services/Document</con:endpoint><con:request><![CDATA[<soapenv:Envelope xmlns:soapenv="http://schemas.xmlsoap.org/soap/envelope/" xmlns:ws="http://ws.logicaldoc.com">\r
   <soapenv:Header/>\r
   <soapenv:Body>\r
      <ws:getDocument>\r
         <!--Optional:-->\r
         <sid>?</sid>\r
         <docId>?</docId>\r
      </ws:getDocument>\r
   </soapenv:Body>\r
</soapenv:Envelope>]]></con:request><con:assertion type="Valid HTTP Status Codes" id="5d3d092c-2b75-4c5c-9a62-61aece386625" name="Valid HTTP Status Codes"><con:settings/><con:configuration><codes>200</codes></con:configuration></con:assertion><con:assertion type="Response SLA Assertion" id="9fe2bf26-2524-4d48-bc81-8626b3cfde9a" name="Response SLA"><con:configuration><SLA>200</SLA></con:configuration></con:assertion><con:assertion type="SOAP Fault Assertion" id="333b0b30-684c-4d50-aab7-7ad1b8cbc138" name="Not SOAP Fault"/><con:assertion type="Schema Compliance" id="6be51551-d0db-40c6-98d0-a7d6d81dc908" name="Schema Compliance"><con:configuration/></con:assertion><con:credentials><con:selectedAuthProfile>No Authorization</con:selectedAuthProfile><con:authType>No Authorization</con:authType></con:credentials><con:jmsConfig JMSDeliveryMode="PERSISTENT"/><con:wsaConfig mustUnderstand="NONE" version="200508" action="http://endpoint.soap.webservice.logicaldoc.com/Document/getDocument"/><con:wsrmConfig version="1.2"/></con:request></con:config></con:testStep><con:properties/><con:reportParameters/></con:testCase>