<?xml version="1.0" encoding="UTF-8"?>
<con:testCase id="484db76a-c6a2-42ef-a7c2-3e3bc3dd746a" discardOkResults="false" failOnError="false" failTestCaseOnErrors="true" keepSession="false" name="Test Case 6 - Récupérer un projet" searchProperties="true" timeout="0" xmlns:con="http://eviware.com/soapui/config"><con:settings><con:setting id="484db76a-c6a2-42ef-a7c2-3e3bc3dd746afileName">Test-Case-6---Récupérer-un-projet</con:setting></con:settings><con:testStep type="properties" name="Properties" id="258442cd-a3ea-4247-a393-128d0eb97c52"><con:settings/><con:config xsi:type="con:PropertiesStep" saveFirst="true" xmlns:xsi="http://www.w3.org/2001/XMLSchema-instance"><con:properties><con:property><con:name>service-path</con:name><con:value>orderelements</con:value></con:property></con:properties></con:config></con:testStep><con:testStep type="restrequest" name="REST Request -  Récupérer tous les projets pour trouver Code du premier projet" id="3c49a7a6-438c-463b-a8c0-490329c9b38d"><con:settings/><con:config service="LibrePlan" resourcePath="/ws/rest/{service-path}/" methodName="GET - Export all" xsi:type="con:RestRequestStep" xmlns:xsi="http://www.w3.org/2001/XMLSchema-instance"><con:restRequest name="REST Request -  Récupérer tous les projets pour trouver Code du premier projet" id="d21b2823-5c02-4a85-9033-a8bc3ba3fee3" mediaType="application/json"><con:settings><con:setting id="com.eviware.soapui.impl.wsdl.WsdlRequest@request-headers">&lt;xml-fragment/></con:setting></con:settings><con:endpoint>http://localhost:8180/libreplan/</con:endpoint><con:request/><con:originalUri>http://localhost/libreplan/ws/rest/orderelements/</con:originalUri><con:assertion type="Valid HTTP Status Codes" id="ca5b715c-2602-4fc1-b094-2bd62678319d" name="Valid HTTP Status Codes"><con:settings/><con:configuration><codes>200</codes></con:configuration></con:assertion><con:assertion type="Response SLA Assertion" id="af83520d-c332-4817-ae06-11b4d1f92ce2" name="Response SLA"><con:configuration><SLA>200</SLA></con:configuration></con:assertion><con:credentials><con:username>wsreader</con:username><con:password>wsreader</con:password><con:selectedAuthProfile>Writer</con:selectedAuthProfile><con:preemptive>true</con:preemptive><con:addedBasicAuthenticationTypes>Basic</con:addedBasicAuthenticationTypes><con:authType>No Authorization</con:authType></con:credentials><con:jmsConfig JMSDeliveryMode="PERSISTENT"/><con:parameters><con:entry key="service-path" value="${Properties#service-path}"/></con:parameters><con:parameterOrder><con:entry>service-path</con:entry></con:parameterOrder></con:restRequest></con:config></con:testStep><con:testStep type="transfer" name="PropertyTransfer 1" id="9ac3e940-a5e4-4ab7-a53c-8442d67c6b5d"><con:settings/><con:config xsi:type="con:PropertyTransfersStep" xmlns:xsi="http://www.w3.org/2001/XMLSchema-instance"><con:transfers setNullOnMissingSource="true" transferTextContent="true" failOnError="true" ignoreEmpty="false" transferToAll="false" entitize="false" transferChildNodes="false"><con:name>@code</con:name><con:sourceType>ResponseAsXml</con:sourceType><con:sourceStep>REST Request -  Récupérer tous les projets pour trouver Code du premier projet</con:sourceStep><con:sourcePath>declare namespace ns1='http://rest.ws.libreplan.org';
//ns1:order-list[1]/ns1:order[1]/@code</con:sourcePath><con:targetType>entity-code</con:targetType><con:targetStep>REST Request - Récupérer le projet correspondant au code du premier projet</con:targetStep><con:targetPath/><con:upgraded>true</con:upgraded></con:transfers></con:config></con:testStep><con:testStep type="restrequest" name="REST Request - Récupérer le projet correspondant au code du premier projet" id="5d501661-1a0b-4f83-8a27-7419ec90745d"><con:settings/><con:config service="LibrePlan" resourcePath="/ws/rest/{service-path}/{entity-code}/" methodName="GET - Export one" xsi:type="con:RestRequestStep" xmlns:xsi="http://www.w3.org/2001/XMLSchema-instance"><con:restRequest name="REST Request - Récupérer le projet correspondant au code du premier projet" id="11439256-6ea8-452a-a606-e59e2dd3bfa1" mediaType="application/json"><con:settings><con:setting id="com.eviware.soapui.impl.wsdl.WsdlRequest@request-headers">&lt;xml-fragment/></con:setting></con:settings><con:endpoint>http://localhost:8180/libreplan/</con:endpoint><con:request/><con:originalUri>http://localhost/libreplan/common/layout/login.zul;jsessionid=0CB464E1E9C5470F7D36CF3F2918BBB3</con:originalUri><con:assertion type="Valid HTTP Status Codes" id="cabf2277-cc8b-4632-85fa-5872006370f6" name="Valid HTTP Status Codes"><con:settings/><con:configuration><codes>200</codes></con:configuration></con:assertion><con:assertion type="Response SLA Assertion" id="fe4ffce7-0fbb-4faf-aba3-19e08670214a" name="Response SLA"><con:configuration><SLA>200</SLA></con:configuration></con:assertion><con:credentials><con:selectedAuthProfile>Writer</con:selectedAuthProfile><con:authType>No Authorization</con:authType></con:credentials><con:jmsConfig JMSDeliveryMode="PERSISTENT"/><con:parameters><con:entry key="entity-code" value="ORDER0002"/><con:entry key="service-path" value="${Properties#service-path}"/></con:parameters><con:parameterOrder><con:entry>service-path</con:entry><con:entry>entity-code</con:entry></con:parameterOrder></con:restRequest></con:config></con:testStep><con:properties/><con:reportParameters/></con:testCase>