<?xml version="1.0" encoding="UTF-8"?>
<con:testCase id="484db76a-c6a2-42ef-a7c2-3e3bc3dd746a" discardOkResults="false" failOnError="false" failTestCaseOnErrors="true" keepSession="false" name="Test Case 5 - Récupérer un projet" searchProperties="true" timeout="0" xmlns:con="http://eviware.com/soapui/config"><con:settings><con:setting id="484db76a-c6a2-42ef-a7c2-3e3bc3dd746afileName">Test-Case-5---Récupérer-un-projet</con:setting></con:settings><con:testStep type="properties" name="Properties" id="258442cd-a3ea-4247-a393-128d0eb97c52"><con:settings/><con:config xsi:type="con:PropertiesStep" saveFirst="true" xmlns:xsi="http://www.w3.org/2001/XMLSchema-instance"><con:properties><con:property><con:name>service-path</con:name><con:value>orderelements</con:value></con:property></con:properties></con:config></con:testStep><con:testStep type="restrequest" name="REST Request" id="5d501661-1a0b-4f83-8a27-7419ec90745d"><con:settings/><con:config service="LibrePlan" resourcePath="/ws/rest/{service-path}/{entity-code}/" methodName="GET - Export one" xsi:type="con:RestRequestStep" xmlns:xsi="http://www.w3.org/2001/XMLSchema-instance"><con:restRequest name="REST Request" id="11439256-6ea8-452a-a606-e59e2dd3bfa1" mediaType="application/json"><con:settings><con:setting id="com.eviware.soapui.impl.wsdl.WsdlRequest@request-headers">&lt;xml-fragment/></con:setting></con:settings><con:endpoint>http://localhost:8180/libreplan/</con:endpoint><con:request/><con:assertion type="Valid HTTP Status Codes" id="cabf2277-cc8b-4632-85fa-5872006370f6" name="Valid HTTP Status Codes"><con:settings/><con:configuration><codes>200</codes></con:configuration></con:assertion><con:assertion type="Response SLA Assertion" id="fe4ffce7-0fbb-4faf-aba3-19e08670214a" name="Response SLA"><con:configuration><SLA>200</SLA></con:configuration></con:assertion><con:credentials><con:selectedAuthProfile>No Authorization</con:selectedAuthProfile><con:authType>No Authorization</con:authType></con:credentials><con:jmsConfig JMSDeliveryMode="PERSISTENT"/><con:parameters><con:entry key="entity-code" value="{entity-code}"/><con:entry key="service-path" value="{service-path}"/></con:parameters><con:parameterOrder><con:entry>service-path</con:entry><con:entry>entity-code</con:entry></con:parameterOrder></con:restRequest></con:config></con:testStep><con:properties/><con:reportParameters/></con:testCase>