<?xml version="1.0" encoding="UTF-8"?>
<con:testCase id="0b43dcd4-e4b9-48df-810c-8fd5f17b6389" discardOkResults="false" failOnError="false" failTestCaseOnErrors="true" keepSession="false" name="Test Case 6 - Récupérer tous les projets ATTENTION: retour incohérent?" searchProperties="true" timeout="0" xmlns:con="http://eviware.com/soapui/config"><con:settings><con:setting id="0b43dcd4-e4b9-48df-810c-8fd5f17b6389fileName">Test-Case-6---Récupérer-tous-les-projets-ATTENTION%3A-retour-incohérent%3F</con:setting></con:settings><con:testStep type="properties" name="Properties" id="6dba3094-7bde-4c23-9ac0-d270e1652b06"><con:settings/><con:config xsi:type="con:PropertiesStep" saveFirst="true" xmlns:xsi="http://www.w3.org/2001/XMLSchema-instance"><con:properties><con:property><con:name>service-path</con:name><con:value>orderelements</con:value></con:property></con:properties></con:config></con:testStep><con:testStep type="restrequest" name="REST Request" id="eba4ffb3-2443-4b4d-a60e-c540a637d9dc"><con:settings/><con:config service="LibrePlan" resourcePath="/ws/rest/{service-path}/" methodName="GET - Export all" xsi:type="con:RestRequestStep" xmlns:xsi="http://www.w3.org/2001/XMLSchema-instance"><con:restRequest name="REST Request" id="d21b2823-5c02-4a85-9033-a8bc3ba3fee3" mediaType="application/json"><con:settings><con:setting id="com.eviware.soapui.impl.wsdl.WsdlRequest@request-headers">&lt;xml-fragment/></con:setting></con:settings><con:endpoint>http://localhost:8180/libreplan/</con:endpoint><con:request/><con:originalUri>http://localhost/libreplan/ws/rest/orderelements/</con:originalUri><con:assertion type="Valid HTTP Status Codes" id="ca5b715c-2602-4fc1-b094-2bd62678319d" name="Valid HTTP Status Codes"><con:settings/><con:configuration><codes>200</codes></con:configuration></con:assertion><con:assertion type="Response SLA Assertion" id="af83520d-c332-4817-ae06-11b4d1f92ce2" name="Response SLA"><con:configuration><SLA>200</SLA></con:configuration></con:assertion><con:credentials><con:username>wsreader</con:username><con:password>wsreader</con:password><con:selectedAuthProfile>Writer</con:selectedAuthProfile><con:preemptive>true</con:preemptive><con:addedBasicAuthenticationTypes>Basic</con:addedBasicAuthenticationTypes><con:authType>No Authorization</con:authType></con:credentials><con:jmsConfig JMSDeliveryMode="PERSISTENT"/><con:parameters><con:entry key="service-path" value="${Properties#service-path}"/></con:parameters><con:parameterOrder><con:entry>service-path</con:entry></con:parameterOrder></con:restRequest></con:config></con:testStep><con:properties/><con:reportParameters/></con:testCase>