<?xml version="1.0" encoding="UTF-8"?>
<con:testCase id="ca19c7cc-6b87-4473-8aa7-419bc9ef2812" discardOkResults="false" failOnError="false" failTestCaseOnErrors="true" keepSession="false" name="Test Case 3 - CrÃ©er des ressources" searchProperties="true" timeout="0" xmlns:con="http://eviware.com/soapui/config"><con:settings><con:setting id="ca19c7cc-6b87-4473-8aa7-419bc9ef2812fileName">Test-Case-3---CrÃ©er-des-ressources</con:setting></con:settings><con:properties/><con:reportParameters/></con:testCase>