<?xml version="1.0" encoding="UTF-8"?>
<con:testCase discardOkResults="false" failOnError="false" failTestCaseOnErrors="true" id="cd36de78-2251-4360-9a84-4cb95e89d9e8" keepSession="false" name="Test Case 1 - Créer des Projets" searchProperties="true" timeout="0" xmlns:con="http://eviware.com/soapui/config"><con:settings><con:setting id="cd36de78-2251-4360-9a84-4cb95e89d9e8fileName">Test-Case-1---Créer-des-Projets</con:setting><con:setting id="GeneratableJUnitReport@Style">Multiple Pages</con:setting><con:setting id="GeneratableJUnitReport@Folder">C:\Users\Formation\Desktop\Cours\Projet 2 - Webservices</con:setting><con:setting id="GeneratableAllureReport@Folder">C:\Users\Formation\Desktop\Cours\Projet 2 - Webservices\Backup projet webservices 07.12.2022</con:setting><con:setting id="FlowLayout">false</con:setting></con:settings><con:testStep id="1f44dd6c-0117-4832-947f-0558a4e9f775" name="Properties" type="properties"><con:settings/><con:config xsi:type="con:PropertiesStep" saveFirst="true" xmlns:xsi="http://www.w3.org/2001/XMLSchema-instance"><con:properties><con:property><con:name>service-path</con:name><con:value>orderelements</con:value></con:property></con:properties></con:config></con:testStep><con:testStep type="restrequest" name="REST Request" id="115cde78-623f-45d2-a761-463b20d5946a"><con:settings/><con:config service="LibrePlan" resourcePath="/ws/rest/{service-path}/" methodName="POST - Import one or more" xsi:type="con:RestRequestStep" xmlns:xsi="http://www.w3.org/2001/XMLSchema-instance"><con:restRequest id="5c6f1f3e-1eaf-44de-b336-8a04ab7e19c7" mediaType="application/json" name="REST Request" postQueryString="false"><con:settings><con:setting id="com.eviware.soapui.impl.wsdl.WsdlRequest@request-headers">&lt;xml-fragment/></con:setting></con:settings><con:endpoint>http://localhost:8180/libreplan/</con:endpoint><con:request><![CDATA[<order-list xmlns="http://rest.ws.libreplan.org">
   <order calendar-name="Default" dependencies-constraints-have-priority="false" init-date="2022-12-08" name="TotoajoutProjetWAOU" code="ORDER0005">
      <labels/>
      <material-assignments/>
      <advance-measurements/>
      <criterion-requirements/>
      <children/>
   </order>
  
</order-list>]]></con:request><con:originalUri>http://localhost/libreplan/common/layout/login.zul;jsessionid=B072642B82FCACD887C48F68E9576BE1</con:originalUri><con:assertion type="Valid HTTP Status Codes" id="6686fe72-791b-4d8d-8351-5cd96ad52121" name="Valid HTTP Status Codes"><con:settings/><con:configuration><codes>200</codes></con:configuration></con:assertion><con:assertion type="Invalid HTTP Status Codes" name="Invalid HTTP Status Codes" id="840fa020-5289-47a4-b064-fcffbb31f6f7"><con:configuration><codes>403</codes></con:configuration></con:assertion><con:assertion type="Response SLA Assertion" id="7b961abc-6619-4fc4-b131-a8cf6d236122" name="Response SLA"><con:configuration><SLA>1000</SLA></con:configuration></con:assertion><con:assertion type="Sensitive Information Exposure" name="Sensitive Information Exposure" id="aa2c9e86-b148-4c4b-b753-9424cdc5beaf"><con:configuration><AssertionSpecificExposureList>~(?s).*Runtime (E|e)rror.*###[Stacktrace] Can give hackers information about which software or language you are using</AssertionSpecificExposureList><AssertionSpecificExposureList>~(?s).*SQLSTATE: [A-Z0-9].*###[Database error messages] Internal database information can be misused by hackers</AssertionSpecificExposureList><AssertionSpecificExposureList>~(?s).*(s|S)tack:.*###[Stacktrace] Can give hackers information about which software or language you are using</AssertionSpecificExposureList><AssertionSpecificExposureList>~(?s).*(s|S)yntax (e|E)rror\s.*###[Stacktrace] Can give hackers information about which software or language you are using</AssertionSpecificExposureList><AssertionSpecificExposureList>~(?s).*\w+/\d{1,2}(\.\d{1,3})+.*###[Version x.y.z] Exposing version numbers gives
            unnecessary hints on your systems vulnerabilities</AssertionSpecificExposureList><AssertionSpecificExposureList>~(?s).*Invalid column name\s.*###[Database error messages] Internal database information can be misused by hackers</AssertionSpecificExposureList><AssertionSpecificExposureList>~(?s).*
            (ORA|EXP|IMP|KUP|UDE|UDI|DBV|LCD|QSM|OCI|RMAN|LFI|PLS|PLQ|AMD|CLSR|PROC|PROT|TNS|NNC|NLP|NNF|NMP|NCR|NZE|O2F|O2I|O2U|PCB|PCC|SQL|AUD|IMG|VID|DRG|LPX|LSX)-\d{5}\s
        .*###[Database error messages] Internal database information can be misused by hackers</AssertionSpecificExposureList><AssertionSpecificExposureList>~(?s).*(p|P)owered by:? ([a-zA-Z]+)( [a-zA-Z]+){0,3}( |/)\d\.\d{1,2}\.\d{1,3}.*###[Version x.y.z] Exposing version numbers gives
            unnecessary hints on your systems vulnerabilities</AssertionSpecificExposureList><AssertionSpecificExposureList>~(?s).*at [\w\$]+(\.[\w\$&lt;>\[\],]+|\.\.ctor)+(\((([\w\$&lt;>\`\[\]]+ [\w\$&lt;>]+, )*(([\w\$&lt;>\`\[\]]+
            [\w\$&lt;>]+)))\)|\(\))
        .*###[Stacktrace] Can give hackers information about which software or language you are using</AssertionSpecificExposureList><AssertionSpecificExposureList>~(?s).*&lt;\w+:frame\s*class=".*"\s*line=".*"\s*method=".*"\s*/>.*###[Stacktrace] Can give hackers information about which software or language you are using</AssertionSpecificExposureList><AssertionSpecificExposureList>~(?s).*Traceback \(most recent call last\):.*###[Stacktrace] Can give hackers information about which software or language you are using</AssertionSpecificExposureList><AssertionSpecificExposureList>~(?s).*((I|i)ncorrect|(I|i)nvalid) (s|S)yntax.*###[Stacktrace] Can give hackers information about which software or language you are using</AssertionSpecificExposureList><AssertionSpecificExposureList>~(?s).*(s|S)tack ?(t|T)race.*###[Stacktrace] Can give hackers information about which software or language you are using</AssertionSpecificExposureList><AssertionSpecificExposureList>~(?s).*(e|E)rror was:\s.*###[Database error messages] Internal database information can be misused by hackers</AssertionSpecificExposureList><AssertionSpecificExposureList>~(?s).*(v|V)ersion:? \d\.\d{1,2}\.{1,3}-?.*###[Version x.y.z] Exposing version numbers gives
            unnecessary hints on your systems vulnerabilities</AssertionSpecificExposureList><AssertionSpecificExposureList>~(?s).*from [\w\$]+(\.[\w\$&lt;>]+)+:\d+:in `.+'.*###[Stacktrace] Can give hackers information about which software or language you are using</AssertionSpecificExposureList><AssertionSpecificExposureList>~(?s).*Error in process &lt;\d+\.\d+\.\d+> with exit value:.*###[Stacktrace] Can give hackers information about which software or language you are using</AssertionSpecificExposureList><AssertionSpecificExposureList>~(?s).*STACK\s?TRACE.*###[Stacktrace] Can give hackers information about which software or language you are using</AssertionSpecificExposureList><AssertionSpecificExposureList>~(?s).*Warning: [\w]+\(\) .+ in .+ on line \d{1,6}.*###[Stacktrace] Can give hackers information about which software or language you are using</AssertionSpecificExposureList><AssertionSpecificExposureList>~(?s).*((A|a)pache|vBulletin|MySQL|PostgreSQL|phpBB|Internet Information Services)( |/)\d{1,2}(\.\d{1,3})+
        .*###[Version x.y.z] Exposing version numbers gives
            unnecessary hints on your systems vulnerabilities</AssertionSpecificExposureList><AssertionSpecificExposureList>~(?s).*at [a-zA-Z][\w\$]*(\.[a-zA-Z][\w\$]*)+\((Unknown Source|Native
            Method|[a-zA-Z][\w\$]*\.([a-zA-Z]{3,5}):\d+)\)
        .*###[Stacktrace] Can give hackers information about which software or language you are using</AssertionSpecificExposureList><AssertionSpecificExposureList>~(?s).*[^\s]+\.rb:\d+:in `.+'.*###[Stacktrace] Can give hackers information about which software or language you are using</AssertionSpecificExposureList><AssertionSpecificExposureList>~(?s).*File ".+", line [0-9]{1,6}, in.*###[Stacktrace] Can give hackers information about which software or language you are using</AssertionSpecificExposureList><IncludeProjectSpecific>true</IncludeProjectSpecific><IncludeGlobal>false</IncludeGlobal></con:configuration></con:assertion><con:assertion type="Simple NotContains" id="1cef7a37-d7e0-4048-a537-72a46a12b4eb" name="Not Contains"><con:configuration><token>Sorry, JavaScript must be enabled.&lt;br/>Change your browser options, then &lt;a href="">try again&lt;/a>.</token><ignoreCase>false</ignoreCase><useRegEx>false</useRegEx></con:configuration></con:assertion><con:credentials><con:selectedAuthProfile>Writer</con:selectedAuthProfile><con:preemptive>true</con:preemptive><con:addedBasicAuthenticationTypes>Basic</con:addedBasicAuthenticationTypes><con:authType>No Authorization</con:authType></con:credentials><con:jmsConfig JMSDeliveryMode="PERSISTENT"/><con:parameters><con:entry key="service-path" value="${Properties#service-path}"/></con:parameters><con:parameterOrder><con:entry>service-path</con:entry></con:parameterOrder><con:environmentSpec><con:entry environmentId="5eadaddc-50e1-41ae-911a-8a2f7c39ffe0"><con:authProfile>No Authorization</con:authProfile></con:entry><con:entry environmentId="e2e9701f-ac19-4e25-a4a0-65eddefe8bd7"><con:authProfile>Writer</con:authProfile></con:entry><con:entry environmentId="d0beedb0-1186-4d88-99b9-78d2322fa1f9"><con:authProfile>Writer</con:authProfile></con:entry></con:environmentSpec></con:restRequest></con:config></con:testStep><con:properties/><con:reportParameters/><con:environmentSpec><con:entry environmentId="5eadaddc-50e1-41ae-911a-8a2f7c39ffe0"><con:authProfile>Inherit From Parent</con:authProfile></con:entry><con:entry environmentId="e2e9701f-ac19-4e25-a4a0-65eddefe8bd7"><con:authProfile>Inherit From Parent</con:authProfile></con:entry><con:entry environmentId="d0beedb0-1186-4d88-99b9-78d2322fa1f9"><con:authProfile>Inherit From Parent</con:authProfile></con:entry></con:environmentSpec></con:testCase>