<?xml version="1.0" encoding="UTF-8"?>
<con:testCase id="988cfa58-1ad9-40d7-99fe-2e0819a42990" discardOkResults="false" failOnError="false" failTestCaseOnErrors="true" keepSession="false" name="Test Case 8 - Récupérer un calendrier" searchProperties="true" timeout="0" xmlns:con="http://eviware.com/soapui/config"><con:settings><con:setting id="988cfa58-1ad9-40d7-99fe-2e0819a42990fileName">Test-Case-8---Récupérer-un-calendrier</con:setting></con:settings><con:testStep type="properties" name="Properties" id="05deb994-397b-403a-b031-1a00c00b8f2a"><con:settings/><con:config xsi:type="con:PropertiesStep" saveFirst="true" xmlns:xsi="http://www.w3.org/2001/XMLSchema-instance"><con:properties><con:property><con:name>service-path</con:name><con:value>calendars</con:value></con:property></con:properties></con:config></con:testStep><con:testStep type="restrequest" name="REST Request -  Récupérer tous les calendriers pour trouver le Code du premier calendrier" id="6dc9a134-4a55-43b1-a682-d5b31c493c02"><con:settings/><con:config service="LibrePlan" resourcePath="/ws/rest/{service-path}/" methodName="GET - Export all" xsi:type="con:RestRequestStep" xmlns:xsi="http://www.w3.org/2001/XMLSchema-instance"><con:restRequest name="REST Request -  Récupérer tous les calendriers pour trouver le Code du premier calendrier" id="d21b2823-5c02-4a85-9033-a8bc3ba3fee3" mediaType="application/json"><con:settings><con:setting id="com.eviware.soapui.impl.wsdl.WsdlRequest@request-headers">&lt;xml-fragment/></con:setting></con:settings><con:endpoint>http://localhost:8180/libreplan/</con:endpoint><con:request/><con:originalUri>http://localhost/libreplan/ws/rest/orderelements/</con:originalUri><con:assertion type="Valid HTTP Status Codes" id="7ea52abb-4119-4ab0-8831-587d3a4b2158" name="Valid HTTP Status Codes"><con:settings/><con:configuration><codes>200</codes></con:configuration></con:assertion><con:assertion type="DataAndMetadataAssertion" id="0f11e2cf-dda0-4633-9b8c-d3647388781e" name="Smart Assertion"><con:configuration xsi:type="con:DataAndMetadataAssertion"><con:mode>Received Data</con:mode><con:elements><con:path>declare namespace ns1='http://rest.ws.libreplan.org';
//ns1:base-calendar-list[1]/ns1:base-calendar[1]/@name</con:path><con:element>@name</con:element><con:operatorId>1</con:operatorId><con:enabled>true</con:enabled><con:expectedValue>Default</con:expectedValue><con:caseSensitive>true</con:caseSensitive><con:numberType>false</con:numberType></con:elements><con:elements><con:path>declare namespace ns1='http://rest.ws.libreplan.org';
//ns1:base-calendar-list[1]/ns1:base-calendar[1]/@code</con:path><con:element>@code</con:element><con:operatorId>1</con:operatorId><con:enabled>true</con:enabled><con:expectedValue>CALENDAR0001</con:expectedValue><con:caseSensitive>true</con:caseSensitive><con:numberType>false</con:numberType></con:elements><con:elements><con:path>declare namespace ns1='http://rest.ws.libreplan.org';
//ns1:base-calendar-list[1]/ns1:base-calendar[1]/ns1:calendar-exception-list[1]</con:path><con:element>calendar-exception-list</con:element><con:operatorId>9</con:operatorId><con:enabled>true</con:enabled><con:expectedValue xsi:nil="true"/><con:numberType>false</con:numberType></con:elements><con:elements><con:path>declare namespace ns1='http://rest.ws.libreplan.org';
//ns1:base-calendar-list[1]/ns1:base-calendar[1]/ns1:calendar-data-list[1]/ns1:calendar-data[1]/@code</con:path><con:element>@code</con:element><con:operatorId>1</con:operatorId><con:enabled>true</con:enabled><con:expectedValue>443f5111-929f-46aa-912e-0782544451e7</con:expectedValue><con:caseSensitive>true</con:caseSensitive><con:numberType>false</con:numberType></con:elements><con:elements><con:path>declare namespace ns1='http://rest.ws.libreplan.org';
//ns1:base-calendar-list[1]/ns1:base-calendar[1]/ns1:calendar-data-list[1]/ns1:calendar-data[1]/ns1:hours-per-day-list[1]/ns1:hours-per-day[1]</con:path><con:element>hours-per-day</con:element><con:operatorId>9</con:operatorId><con:enabled>true</con:enabled><con:expectedValue xsi:nil="true"/><con:numberType>false</con:numberType></con:elements><con:elements><con:path>declare namespace ns1='http://rest.ws.libreplan.org';
//ns1:base-calendar-list[1]/ns1:base-calendar[1]/ns1:calendar-data-list[1]/ns1:calendar-data[1]/ns1:hours-per-day-list[1]/ns1:hours-per-day[1]/@hours</con:path><con:element>@hours</con:element><con:operatorId>1</con:operatorId><con:enabled>true</con:enabled><con:expectedValue>8</con:expectedValue><con:caseSensitive>true</con:caseSensitive><con:numberType>false</con:numberType></con:elements><con:elements><con:path>declare namespace ns1='http://rest.ws.libreplan.org';
//ns1:base-calendar-list[1]/ns1:base-calendar[1]/ns1:calendar-data-list[1]/ns1:calendar-data[1]/ns1:hours-per-day-list[1]/ns1:hours-per-day[1]/@day</con:path><con:element>@day</con:element><con:operatorId>1</con:operatorId><con:enabled>true</con:enabled><con:expectedValue>MONDAY</con:expectedValue><con:caseSensitive>true</con:caseSensitive><con:numberType>false</con:numberType></con:elements><con:elements><con:path>declare namespace ns1='http://rest.ws.libreplan.org';
//ns1:base-calendar-list[1]/ns1:base-calendar[1]/ns1:calendar-data-list[1]/ns1:calendar-data[1]/ns1:hours-per-day-list[1]/ns1:hours-per-day[2]</con:path><con:element>hours-per-day</con:element><con:operatorId>9</con:operatorId><con:enabled>true</con:enabled><con:expectedValue xsi:nil="true"/><con:numberType>false</con:numberType></con:elements><con:elements><con:path>declare namespace ns1='http://rest.ws.libreplan.org';
//ns1:base-calendar-list[1]/ns1:base-calendar[1]/ns1:calendar-data-list[1]/ns1:calendar-data[1]/ns1:hours-per-day-list[1]/ns1:hours-per-day[2]/@hours</con:path><con:element>@hours</con:element><con:operatorId>1</con:operatorId><con:enabled>true</con:enabled><con:expectedValue>8</con:expectedValue><con:caseSensitive>true</con:caseSensitive><con:numberType>false</con:numberType></con:elements><con:elements><con:path>declare namespace ns1='http://rest.ws.libreplan.org';
//ns1:base-calendar-list[1]/ns1:base-calendar[1]/ns1:calendar-data-list[1]/ns1:calendar-data[1]/ns1:hours-per-day-list[1]/ns1:hours-per-day[2]/@day</con:path><con:element>@day</con:element><con:operatorId>1</con:operatorId><con:enabled>true</con:enabled><con:expectedValue>TUESDAY</con:expectedValue><con:caseSensitive>true</con:caseSensitive><con:numberType>false</con:numberType></con:elements><con:elements><con:path>declare namespace ns1='http://rest.ws.libreplan.org';
//ns1:base-calendar-list[1]/ns1:base-calendar[1]/ns1:calendar-data-list[1]/ns1:calendar-data[1]/ns1:hours-per-day-list[1]/ns1:hours-per-day[3]</con:path><con:element>hours-per-day</con:element><con:operatorId>9</con:operatorId><con:enabled>true</con:enabled><con:expectedValue xsi:nil="true"/><con:numberType>false</con:numberType></con:elements><con:elements><con:path>declare namespace ns1='http://rest.ws.libreplan.org';
//ns1:base-calendar-list[1]/ns1:base-calendar[1]/ns1:calendar-data-list[1]/ns1:calendar-data[1]/ns1:hours-per-day-list[1]/ns1:hours-per-day[3]/@hours</con:path><con:element>@hours</con:element><con:operatorId>1</con:operatorId><con:enabled>true</con:enabled><con:expectedValue>8</con:expectedValue><con:caseSensitive>true</con:caseSensitive><con:numberType>false</con:numberType></con:elements><con:elements><con:path>declare namespace ns1='http://rest.ws.libreplan.org';
//ns1:base-calendar-list[1]/ns1:base-calendar[1]/ns1:calendar-data-list[1]/ns1:calendar-data[1]/ns1:hours-per-day-list[1]/ns1:hours-per-day[3]/@day</con:path><con:element>@day</con:element><con:operatorId>1</con:operatorId><con:enabled>true</con:enabled><con:expectedValue>WEDNESDAY</con:expectedValue><con:caseSensitive>true</con:caseSensitive><con:numberType>false</con:numberType></con:elements><con:elements><con:path>declare namespace ns1='http://rest.ws.libreplan.org';
//ns1:base-calendar-list[1]/ns1:base-calendar[1]/ns1:calendar-data-list[1]/ns1:calendar-data[1]/ns1:hours-per-day-list[1]/ns1:hours-per-day[4]</con:path><con:element>hours-per-day</con:element><con:operatorId>9</con:operatorId><con:enabled>true</con:enabled><con:expectedValue xsi:nil="true"/><con:numberType>false</con:numberType></con:elements><con:elements><con:path>declare namespace ns1='http://rest.ws.libreplan.org';
//ns1:base-calendar-list[1]/ns1:base-calendar[1]/ns1:calendar-data-list[1]/ns1:calendar-data[1]/ns1:hours-per-day-list[1]/ns1:hours-per-day[4]/@hours</con:path><con:element>@hours</con:element><con:operatorId>1</con:operatorId><con:enabled>true</con:enabled><con:expectedValue>8</con:expectedValue><con:caseSensitive>true</con:caseSensitive><con:numberType>false</con:numberType></con:elements><con:elements><con:path>declare namespace ns1='http://rest.ws.libreplan.org';
//ns1:base-calendar-list[1]/ns1:base-calendar[1]/ns1:calendar-data-list[1]/ns1:calendar-data[1]/ns1:hours-per-day-list[1]/ns1:hours-per-day[4]/@day</con:path><con:element>@day</con:element><con:operatorId>1</con:operatorId><con:enabled>true</con:enabled><con:expectedValue>THURSDAY</con:expectedValue><con:caseSensitive>true</con:caseSensitive><con:numberType>false</con:numberType></con:elements><con:elements><con:path>declare namespace ns1='http://rest.ws.libreplan.org';
//ns1:base-calendar-list[1]/ns1:base-calendar[1]/ns1:calendar-data-list[1]/ns1:calendar-data[1]/ns1:hours-per-day-list[1]/ns1:hours-per-day[5]</con:path><con:element>hours-per-day</con:element><con:operatorId>9</con:operatorId><con:enabled>true</con:enabled><con:expectedValue xsi:nil="true"/><con:numberType>false</con:numberType></con:elements><con:elements><con:path>declare namespace ns1='http://rest.ws.libreplan.org';
//ns1:base-calendar-list[1]/ns1:base-calendar[1]/ns1:calendar-data-list[1]/ns1:calendar-data[1]/ns1:hours-per-day-list[1]/ns1:hours-per-day[5]/@hours</con:path><con:element>@hours</con:element><con:operatorId>1</con:operatorId><con:enabled>true</con:enabled><con:expectedValue>8</con:expectedValue><con:caseSensitive>true</con:caseSensitive><con:numberType>false</con:numberType></con:elements><con:elements><con:path>declare namespace ns1='http://rest.ws.libreplan.org';
//ns1:base-calendar-list[1]/ns1:base-calendar[1]/ns1:calendar-data-list[1]/ns1:calendar-data[1]/ns1:hours-per-day-list[1]/ns1:hours-per-day[5]/@day</con:path><con:element>@day</con:element><con:operatorId>1</con:operatorId><con:enabled>true</con:enabled><con:expectedValue>FRIDAY</con:expectedValue><con:caseSensitive>true</con:caseSensitive><con:numberType>false</con:numberType></con:elements><con:elements><con:path>declare namespace ns1='http://rest.ws.libreplan.org';
//ns1:base-calendar-list[1]/ns1:base-calendar[1]/ns1:calendar-data-list[1]/ns1:calendar-data[1]/ns1:hours-per-day-list[1]/ns1:hours-per-day[6]</con:path><con:element>hours-per-day</con:element><con:operatorId>9</con:operatorId><con:enabled>true</con:enabled><con:expectedValue xsi:nil="true"/><con:numberType>false</con:numberType></con:elements><con:elements><con:path>declare namespace ns1='http://rest.ws.libreplan.org';
//ns1:base-calendar-list[1]/ns1:base-calendar[1]/ns1:calendar-data-list[1]/ns1:calendar-data[1]/ns1:hours-per-day-list[1]/ns1:hours-per-day[6]/@hours</con:path><con:element>@hours</con:element><con:operatorId>1</con:operatorId><con:enabled>true</con:enabled><con:expectedValue>0</con:expectedValue><con:caseSensitive>true</con:caseSensitive><con:numberType>false</con:numberType></con:elements><con:elements><con:path>declare namespace ns1='http://rest.ws.libreplan.org';
//ns1:base-calendar-list[1]/ns1:base-calendar[1]/ns1:calendar-data-list[1]/ns1:calendar-data[1]/ns1:hours-per-day-list[1]/ns1:hours-per-day[6]/@day</con:path><con:element>@day</con:element><con:operatorId>1</con:operatorId><con:enabled>true</con:enabled><con:expectedValue>SATURDAY</con:expectedValue><con:caseSensitive>true</con:caseSensitive><con:numberType>false</con:numberType></con:elements><con:elements><con:path>declare namespace ns1='http://rest.ws.libreplan.org';
//ns1:base-calendar-list[1]/ns1:base-calendar[1]/ns1:calendar-data-list[1]/ns1:calendar-data[1]/ns1:hours-per-day-list[1]/ns1:hours-per-day[7]</con:path><con:element>hours-per-day</con:element><con:operatorId>9</con:operatorId><con:enabled>true</con:enabled><con:expectedValue xsi:nil="true"/><con:numberType>false</con:numberType></con:elements><con:elements><con:path>declare namespace ns1='http://rest.ws.libreplan.org';
//ns1:base-calendar-list[1]/ns1:base-calendar[1]/ns1:calendar-data-list[1]/ns1:calendar-data[1]/ns1:hours-per-day-list[1]/ns1:hours-per-day[7]/@hours</con:path><con:element>@hours</con:element><con:operatorId>1</con:operatorId><con:enabled>true</con:enabled><con:expectedValue>0</con:expectedValue><con:caseSensitive>true</con:caseSensitive><con:numberType>false</con:numberType></con:elements><con:elements><con:path>declare namespace ns1='http://rest.ws.libreplan.org';
//ns1:base-calendar-list[1]/ns1:base-calendar[1]/ns1:calendar-data-list[1]/ns1:calendar-data[1]/ns1:hours-per-day-list[1]/ns1:hours-per-day[7]/@day</con:path><con:element>@day</con:element><con:operatorId>1</con:operatorId><con:enabled>true</con:enabled><con:expectedValue>SUNDAY</con:expectedValue><con:caseSensitive>true</con:caseSensitive><con:numberType>false</con:numberType></con:elements><con:originalMessage><![CDATA[<?xml version="1.0" encoding="UTF-8" standalone="yes"?><base-calendar-list xmlns="http://rest.ws.libreplan.org"><base-calendar name="Default" code="CALENDAR0001"><calendar-exception-list/><calendar-data-list><calendar-data code="443f5111-929f-46aa-912e-0782544451e7"><hours-per-day-list><hours-per-day hours="8" day="MONDAY"/><hours-per-day hours="8" day="TUESDAY"/><hours-per-day hours="8" day="WEDNESDAY"/><hours-per-day hours="8" day="THURSDAY"/><hours-per-day hours="8" day="FRIDAY"/><hours-per-day hours="0" day="SATURDAY"/><hours-per-day hours="0" day="SUNDAY"/></hours-per-day-list></calendar-data></calendar-data-list></base-calendar></base-calendar-list>]]></con:originalMessage></con:configuration></con:assertion><con:assertion type="Sensitive Information Exposure" id="a7ad9caa-0ed0-4339-a31d-03c4c35675fd" name="Sensitive Information Exposure"><con:configuration><AssertionSpecificExposureList>~(?s).*Runtime (E|e)rror.*###[Stacktrace] Can give hackers information about which software or language you are using</AssertionSpecificExposureList><AssertionSpecificExposureList>~(?s).*SQLSTATE: [A-Z0-9].*###[Database error messages] Internal database information can be misused by hackers</AssertionSpecificExposureList><AssertionSpecificExposureList>~(?s).*(s|S)tack:.*###[Stacktrace] Can give hackers information about which software or language you are using</AssertionSpecificExposureList><AssertionSpecificExposureList>~(?s).*(s|S)yntax (e|E)rror\s.*###[Stacktrace] Can give hackers information about which software or language you are using</AssertionSpecificExposureList><AssertionSpecificExposureList>~(?s).*\w+/\d{1,2}(\.\d{1,3})+.*###[Version x.y.z] Exposing version numbers gives
            unnecessary hints on your systems vulnerabilities</AssertionSpecificExposureList><AssertionSpecificExposureList>~(?s).*Invalid column name\s.*###[Database error messages] Internal database information can be misused by hackers</AssertionSpecificExposureList><AssertionSpecificExposureList>~(?s).*
            (ORA|EXP|IMP|KUP|UDE|UDI|DBV|LCD|QSM|OCI|RMAN|LFI|PLS|PLQ|AMD|CLSR|PROC|PROT|TNS|NNC|NLP|NNF|NMP|NCR|NZE|O2F|O2I|O2U|PCB|PCC|SQL|AUD|IMG|VID|DRG|LPX|LSX)-\d{5}\s
        .*###[Database error messages] Internal database information can be misused by hackers</AssertionSpecificExposureList><AssertionSpecificExposureList>~(?s).*(p|P)owered by:? ([a-zA-Z]+)( [a-zA-Z]+){0,3}( |/)\d\.\d{1,2}\.\d{1,3}.*###[Version x.y.z] Exposing version numbers gives
            unnecessary hints on your systems vulnerabilities</AssertionSpecificExposureList><AssertionSpecificExposureList>~(?s).*at [\w\$]+(\.[\w\$&lt;>\[\],]+|\.\.ctor)+(\((([\w\$&lt;>\`\[\]]+ [\w\$&lt;>]+, )*(([\w\$&lt;>\`\[\]]+
            [\w\$&lt;>]+)))\)|\(\))
        .*###[Stacktrace] Can give hackers information about which software or language you are using</AssertionSpecificExposureList><AssertionSpecificExposureList>~(?s).*&lt;\w+:frame\s*class=".*"\s*line=".*"\s*method=".*"\s*/>.*###[Stacktrace] Can give hackers information about which software or language you are using</AssertionSpecificExposureList><AssertionSpecificExposureList>~(?s).*Traceback \(most recent call last\):.*###[Stacktrace] Can give hackers information about which software or language you are using</AssertionSpecificExposureList><AssertionSpecificExposureList>~(?s).*((I|i)ncorrect|(I|i)nvalid) (s|S)yntax.*###[Stacktrace] Can give hackers information about which software or language you are using</AssertionSpecificExposureList><AssertionSpecificExposureList>~(?s).*(s|S)tack ?(t|T)race.*###[Stacktrace] Can give hackers information about which software or language you are using</AssertionSpecificExposureList><AssertionSpecificExposureList>~(?s).*(e|E)rror was:\s.*###[Database error messages] Internal database information can be misused by hackers</AssertionSpecificExposureList><AssertionSpecificExposureList>~(?s).*(v|V)ersion:? \d\.\d{1,2}\.{1,3}-?.*###[Version x.y.z] Exposing version numbers gives
            unnecessary hints on your systems vulnerabilities</AssertionSpecificExposureList><AssertionSpecificExposureList>~(?s).*from [\w\$]+(\.[\w\$&lt;>]+)+:\d+:in `.+'.*###[Stacktrace] Can give hackers information about which software or language you are using</AssertionSpecificExposureList><AssertionSpecificExposureList>~(?s).*Error in process &lt;\d+\.\d+\.\d+> with exit value:.*###[Stacktrace] Can give hackers information about which software or language you are using</AssertionSpecificExposureList><AssertionSpecificExposureList>~(?s).*STACK\s?TRACE.*###[Stacktrace] Can give hackers information about which software or language you are using</AssertionSpecificExposureList><AssertionSpecificExposureList>~(?s).*Warning: [\w]+\(\) .+ in .+ on line \d{1,6}.*###[Stacktrace] Can give hackers information about which software or language you are using</AssertionSpecificExposureList><AssertionSpecificExposureList>~(?s).*((A|a)pache|vBulletin|MySQL|PostgreSQL|phpBB|Internet Information Services)( |/)\d{1,2}(\.\d{1,3})+
        .*###[Version x.y.z] Exposing version numbers gives
            unnecessary hints on your systems vulnerabilities</AssertionSpecificExposureList><AssertionSpecificExposureList>~(?s).*at [a-zA-Z][\w\$]*(\.[a-zA-Z][\w\$]*)+\((Unknown Source|Native
            Method|[a-zA-Z][\w\$]*\.([a-zA-Z]{3,5}):\d+)\)
        .*###[Stacktrace] Can give hackers information about which software or language you are using</AssertionSpecificExposureList><AssertionSpecificExposureList>~(?s).*[^\s]+\.rb:\d+:in `.+'.*###[Stacktrace] Can give hackers information about which software or language you are using</AssertionSpecificExposureList><AssertionSpecificExposureList>~(?s).*File ".+", line [0-9]{1,6}, in.*###[Stacktrace] Can give hackers information about which software or language you are using</AssertionSpecificExposureList><IncludeProjectSpecific>true</IncludeProjectSpecific><IncludeGlobal>false</IncludeGlobal></con:configuration></con:assertion><con:assertion type="Response SLA Assertion" id="fc3a862f-6e9c-4069-8f12-634ebddafd91" name="Response SLA"><con:configuration><SLA>1000</SLA></con:configuration></con:assertion><con:credentials><con:username>wsreader</con:username><con:password>wsreader</con:password><con:selectedAuthProfile>Writer</con:selectedAuthProfile><con:preemptive>true</con:preemptive><con:addedBasicAuthenticationTypes>Basic</con:addedBasicAuthenticationTypes><con:authType>No Authorization</con:authType></con:credentials><con:jmsConfig JMSDeliveryMode="PERSISTENT"/><con:parameters><con:entry key="service-path" value="${Properties#service-path}"/></con:parameters><con:parameterOrder><con:entry>service-path</con:entry></con:parameterOrder></con:restRequest></con:config></con:testStep><con:testStep type="transfer" name="PropertyTransfer 1" id="743fe5e9-8203-4b82-b753-980c3fabf753"><con:settings/><con:config xsi:type="con:PropertyTransfersStep" xmlns:xsi="http://www.w3.org/2001/XMLSchema-instance"><con:transfers setNullOnMissingSource="true" transferTextContent="true" failOnError="true" ignoreEmpty="false" transferToAll="false" entitize="false" transferChildNodes="false"><con:name>@code</con:name><con:sourceType>ResponseAsXml</con:sourceType><con:sourceStep>REST Request -  Récupérer tous les calendriers pour trouver le Code du premier calendrier</con:sourceStep><con:sourcePath>declare namespace ns1='http://rest.ws.libreplan.org';
//ns1:base-calendar-list[1]/ns1:base-calendar[1]/@code</con:sourcePath><con:targetType>entity-code</con:targetType><con:targetStep>REST Request - Récupérer le calendrier correspondant au code du premier calendrier</con:targetStep><con:targetPath/><con:upgraded>true</con:upgraded></con:transfers></con:config></con:testStep><con:testStep type="restrequest" name="REST Request - Récupérer le calendrier correspondant au code du premier calendrier" id="a8be4a49-6875-434f-9b3e-21e047354fe4"><con:settings/><con:config service="LibrePlan" resourcePath="/ws/rest/{service-path}/{entity-code}/" methodName="GET - Export one" xsi:type="con:RestRequestStep" xmlns:xsi="http://www.w3.org/2001/XMLSchema-instance"><con:restRequest name="REST Request - Récupérer le calendrier correspondant au code du premier calendrier" id="11439256-6ea8-452a-a606-e59e2dd3bfa1" mediaType="application/json"><con:settings><con:setting id="com.eviware.soapui.impl.wsdl.WsdlRequest@request-headers">&lt;xml-fragment/></con:setting></con:settings><con:endpoint>http://localhost:8180/libreplan/</con:endpoint><con:request/><con:originalUri>http://localhost/libreplan/common/layout/login.zul;jsessionid=0CB464E1E9C5470F7D36CF3F2918BBB3</con:originalUri><con:assertion type="Valid HTTP Status Codes" id="cabf2277-cc8b-4632-85fa-5872006370f6" name="Valid HTTP Status Codes"><con:settings/><con:configuration><codes>200</codes></con:configuration></con:assertion><con:assertion type="DataAndMetadataAssertion" id="ee012bb8-9061-48c2-a527-a20bc31babc7" name="Smart Assertion"><con:configuration xsi:type="con:DataAndMetadataAssertion"><con:mode>Received Data</con:mode><con:elements><con:path>declare namespace ns1='http://rest.ws.libreplan.org';
//ns1:base-calendar[1]/@name</con:path><con:element>@name</con:element><con:operatorId>1</con:operatorId><con:enabled>true</con:enabled><con:expectedValue>Default</con:expectedValue><con:caseSensitive>true</con:caseSensitive><con:numberType>false</con:numberType></con:elements><con:elements><con:path>declare namespace ns1='http://rest.ws.libreplan.org';
//ns1:base-calendar[1]/@code</con:path><con:element>@code</con:element><con:operatorId>1</con:operatorId><con:enabled>true</con:enabled><con:expectedValue>CALENDAR0001</con:expectedValue><con:caseSensitive>true</con:caseSensitive><con:numberType>false</con:numberType></con:elements><con:elements><con:path>declare namespace ns1='http://rest.ws.libreplan.org';
//ns1:base-calendar[1]/ns1:calendar-exception-list[1]</con:path><con:element>calendar-exception-list</con:element><con:operatorId>9</con:operatorId><con:enabled>true</con:enabled><con:expectedValue xsi:nil="true"/><con:numberType>false</con:numberType></con:elements><con:elements><con:path>declare namespace ns1='http://rest.ws.libreplan.org';
//ns1:base-calendar[1]/ns1:calendar-data-list[1]/ns1:calendar-data[1]/@code</con:path><con:element>@code</con:element><con:operatorId>1</con:operatorId><con:enabled>true</con:enabled><con:expectedValue>443f5111-929f-46aa-912e-0782544451e7</con:expectedValue><con:caseSensitive>true</con:caseSensitive><con:numberType>false</con:numberType></con:elements><con:elements><con:path>declare namespace ns1='http://rest.ws.libreplan.org';
//ns1:base-calendar[1]/ns1:calendar-data-list[1]/ns1:calendar-data[1]/ns1:hours-per-day-list[1]/ns1:hours-per-day[1]</con:path><con:element>hours-per-day</con:element><con:operatorId>9</con:operatorId><con:enabled>true</con:enabled><con:expectedValue xsi:nil="true"/><con:numberType>false</con:numberType></con:elements><con:elements><con:path>declare namespace ns1='http://rest.ws.libreplan.org';
//ns1:base-calendar[1]/ns1:calendar-data-list[1]/ns1:calendar-data[1]/ns1:hours-per-day-list[1]/ns1:hours-per-day[1]/@hours</con:path><con:element>@hours</con:element><con:operatorId>1</con:operatorId><con:enabled>true</con:enabled><con:expectedValue>8</con:expectedValue><con:caseSensitive>true</con:caseSensitive><con:numberType>false</con:numberType></con:elements><con:elements><con:path>declare namespace ns1='http://rest.ws.libreplan.org';
//ns1:base-calendar[1]/ns1:calendar-data-list[1]/ns1:calendar-data[1]/ns1:hours-per-day-list[1]/ns1:hours-per-day[1]/@day</con:path><con:element>@day</con:element><con:operatorId>1</con:operatorId><con:enabled>true</con:enabled><con:expectedValue>MONDAY</con:expectedValue><con:caseSensitive>true</con:caseSensitive><con:numberType>false</con:numberType></con:elements><con:elements><con:path>declare namespace ns1='http://rest.ws.libreplan.org';
//ns1:base-calendar[1]/ns1:calendar-data-list[1]/ns1:calendar-data[1]/ns1:hours-per-day-list[1]/ns1:hours-per-day[2]</con:path><con:element>hours-per-day</con:element><con:operatorId>9</con:operatorId><con:enabled>true</con:enabled><con:expectedValue xsi:nil="true"/><con:numberType>false</con:numberType></con:elements><con:elements><con:path>declare namespace ns1='http://rest.ws.libreplan.org';
//ns1:base-calendar[1]/ns1:calendar-data-list[1]/ns1:calendar-data[1]/ns1:hours-per-day-list[1]/ns1:hours-per-day[2]/@hours</con:path><con:element>@hours</con:element><con:operatorId>1</con:operatorId><con:enabled>true</con:enabled><con:expectedValue>8</con:expectedValue><con:caseSensitive>true</con:caseSensitive><con:numberType>false</con:numberType></con:elements><con:elements><con:path>declare namespace ns1='http://rest.ws.libreplan.org';
//ns1:base-calendar[1]/ns1:calendar-data-list[1]/ns1:calendar-data[1]/ns1:hours-per-day-list[1]/ns1:hours-per-day[2]/@day</con:path><con:element>@day</con:element><con:operatorId>1</con:operatorId><con:enabled>true</con:enabled><con:expectedValue>TUESDAY</con:expectedValue><con:caseSensitive>true</con:caseSensitive><con:numberType>false</con:numberType></con:elements><con:elements><con:path>declare namespace ns1='http://rest.ws.libreplan.org';
//ns1:base-calendar[1]/ns1:calendar-data-list[1]/ns1:calendar-data[1]/ns1:hours-per-day-list[1]/ns1:hours-per-day[3]</con:path><con:element>hours-per-day</con:element><con:operatorId>9</con:operatorId><con:enabled>true</con:enabled><con:expectedValue xsi:nil="true"/><con:numberType>false</con:numberType></con:elements><con:elements><con:path>declare namespace ns1='http://rest.ws.libreplan.org';
//ns1:base-calendar[1]/ns1:calendar-data-list[1]/ns1:calendar-data[1]/ns1:hours-per-day-list[1]/ns1:hours-per-day[3]/@hours</con:path><con:element>@hours</con:element><con:operatorId>1</con:operatorId><con:enabled>true</con:enabled><con:expectedValue>8</con:expectedValue><con:caseSensitive>true</con:caseSensitive><con:numberType>false</con:numberType></con:elements><con:elements><con:path>declare namespace ns1='http://rest.ws.libreplan.org';
//ns1:base-calendar[1]/ns1:calendar-data-list[1]/ns1:calendar-data[1]/ns1:hours-per-day-list[1]/ns1:hours-per-day[3]/@day</con:path><con:element>@day</con:element><con:operatorId>1</con:operatorId><con:enabled>true</con:enabled><con:expectedValue>WEDNESDAY</con:expectedValue><con:caseSensitive>true</con:caseSensitive><con:numberType>false</con:numberType></con:elements><con:elements><con:path>declare namespace ns1='http://rest.ws.libreplan.org';
//ns1:base-calendar[1]/ns1:calendar-data-list[1]/ns1:calendar-data[1]/ns1:hours-per-day-list[1]/ns1:hours-per-day[4]</con:path><con:element>hours-per-day</con:element><con:operatorId>9</con:operatorId><con:enabled>true</con:enabled><con:expectedValue xsi:nil="true"/><con:numberType>false</con:numberType></con:elements><con:elements><con:path>declare namespace ns1='http://rest.ws.libreplan.org';
//ns1:base-calendar[1]/ns1:calendar-data-list[1]/ns1:calendar-data[1]/ns1:hours-per-day-list[1]/ns1:hours-per-day[4]/@hours</con:path><con:element>@hours</con:element><con:operatorId>1</con:operatorId><con:enabled>true</con:enabled><con:expectedValue>8</con:expectedValue><con:caseSensitive>true</con:caseSensitive><con:numberType>false</con:numberType></con:elements><con:elements><con:path>declare namespace ns1='http://rest.ws.libreplan.org';
//ns1:base-calendar[1]/ns1:calendar-data-list[1]/ns1:calendar-data[1]/ns1:hours-per-day-list[1]/ns1:hours-per-day[4]/@day</con:path><con:element>@day</con:element><con:operatorId>1</con:operatorId><con:enabled>true</con:enabled><con:expectedValue>THURSDAY</con:expectedValue><con:caseSensitive>true</con:caseSensitive><con:numberType>false</con:numberType></con:elements><con:elements><con:path>declare namespace ns1='http://rest.ws.libreplan.org';
//ns1:base-calendar[1]/ns1:calendar-data-list[1]/ns1:calendar-data[1]/ns1:hours-per-day-list[1]/ns1:hours-per-day[5]</con:path><con:element>hours-per-day</con:element><con:operatorId>9</con:operatorId><con:enabled>true</con:enabled><con:expectedValue xsi:nil="true"/><con:numberType>false</con:numberType></con:elements><con:elements><con:path>declare namespace ns1='http://rest.ws.libreplan.org';
//ns1:base-calendar[1]/ns1:calendar-data-list[1]/ns1:calendar-data[1]/ns1:hours-per-day-list[1]/ns1:hours-per-day[5]/@hours</con:path><con:element>@hours</con:element><con:operatorId>1</con:operatorId><con:enabled>true</con:enabled><con:expectedValue>8</con:expectedValue><con:caseSensitive>true</con:caseSensitive><con:numberType>false</con:numberType></con:elements><con:elements><con:path>declare namespace ns1='http://rest.ws.libreplan.org';
//ns1:base-calendar[1]/ns1:calendar-data-list[1]/ns1:calendar-data[1]/ns1:hours-per-day-list[1]/ns1:hours-per-day[5]/@day</con:path><con:element>@day</con:element><con:operatorId>1</con:operatorId><con:enabled>true</con:enabled><con:expectedValue>FRIDAY</con:expectedValue><con:caseSensitive>true</con:caseSensitive><con:numberType>false</con:numberType></con:elements><con:elements><con:path>declare namespace ns1='http://rest.ws.libreplan.org';
//ns1:base-calendar[1]/ns1:calendar-data-list[1]/ns1:calendar-data[1]/ns1:hours-per-day-list[1]/ns1:hours-per-day[6]</con:path><con:element>hours-per-day</con:element><con:operatorId>9</con:operatorId><con:enabled>true</con:enabled><con:expectedValue xsi:nil="true"/><con:numberType>false</con:numberType></con:elements><con:elements><con:path>declare namespace ns1='http://rest.ws.libreplan.org';
//ns1:base-calendar[1]/ns1:calendar-data-list[1]/ns1:calendar-data[1]/ns1:hours-per-day-list[1]/ns1:hours-per-day[6]/@hours</con:path><con:element>@hours</con:element><con:operatorId>1</con:operatorId><con:enabled>true</con:enabled><con:expectedValue>0</con:expectedValue><con:caseSensitive>true</con:caseSensitive><con:numberType>false</con:numberType></con:elements><con:elements><con:path>declare namespace ns1='http://rest.ws.libreplan.org';
//ns1:base-calendar[1]/ns1:calendar-data-list[1]/ns1:calendar-data[1]/ns1:hours-per-day-list[1]/ns1:hours-per-day[6]/@day</con:path><con:element>@day</con:element><con:operatorId>1</con:operatorId><con:enabled>true</con:enabled><con:expectedValue>SATURDAY</con:expectedValue><con:caseSensitive>true</con:caseSensitive><con:numberType>false</con:numberType></con:elements><con:elements><con:path>declare namespace ns1='http://rest.ws.libreplan.org';
//ns1:base-calendar[1]/ns1:calendar-data-list[1]/ns1:calendar-data[1]/ns1:hours-per-day-list[1]/ns1:hours-per-day[7]</con:path><con:element>hours-per-day</con:element><con:operatorId>9</con:operatorId><con:enabled>true</con:enabled><con:expectedValue xsi:nil="true"/><con:numberType>false</con:numberType></con:elements><con:elements><con:path>declare namespace ns1='http://rest.ws.libreplan.org';
//ns1:base-calendar[1]/ns1:calendar-data-list[1]/ns1:calendar-data[1]/ns1:hours-per-day-list[1]/ns1:hours-per-day[7]/@hours</con:path><con:element>@hours</con:element><con:operatorId>1</con:operatorId><con:enabled>true</con:enabled><con:expectedValue>0</con:expectedValue><con:caseSensitive>true</con:caseSensitive><con:numberType>false</con:numberType></con:elements><con:elements><con:path>declare namespace ns1='http://rest.ws.libreplan.org';
//ns1:base-calendar[1]/ns1:calendar-data-list[1]/ns1:calendar-data[1]/ns1:hours-per-day-list[1]/ns1:hours-per-day[7]/@day</con:path><con:element>@day</con:element><con:operatorId>1</con:operatorId><con:enabled>true</con:enabled><con:expectedValue>SUNDAY</con:expectedValue><con:caseSensitive>true</con:caseSensitive><con:numberType>false</con:numberType></con:elements><con:originalMessage><![CDATA[<?xml version="1.0" encoding="UTF-8" standalone="yes"?><base-calendar xmlns="http://rest.ws.libreplan.org" name="Default" code="CALENDAR0001"><calendar-exception-list/><calendar-data-list><calendar-data code="443f5111-929f-46aa-912e-0782544451e7"><hours-per-day-list><hours-per-day hours="8" day="MONDAY"/><hours-per-day hours="8" day="TUESDAY"/><hours-per-day hours="8" day="WEDNESDAY"/><hours-per-day hours="8" day="THURSDAY"/><hours-per-day hours="8" day="FRIDAY"/><hours-per-day hours="0" day="SATURDAY"/><hours-per-day hours="0" day="SUNDAY"/></hours-per-day-list></calendar-data></calendar-data-list></base-calendar>]]></con:originalMessage></con:configuration></con:assertion><con:assertion type="Sensitive Information Exposure" id="91e54de0-db75-4e8e-849b-1c9d933f8ad7" name="Sensitive Information Exposure"><con:configuration><AssertionSpecificExposureList>~(?s).*Runtime (E|e)rror.*###[Stacktrace] Can give hackers information about which software or language you are using</AssertionSpecificExposureList><AssertionSpecificExposureList>~(?s).*SQLSTATE: [A-Z0-9].*###[Database error messages] Internal database information can be misused by hackers</AssertionSpecificExposureList><AssertionSpecificExposureList>~(?s).*(s|S)tack:.*###[Stacktrace] Can give hackers information about which software or language you are using</AssertionSpecificExposureList><AssertionSpecificExposureList>~(?s).*(s|S)yntax (e|E)rror\s.*###[Stacktrace] Can give hackers information about which software or language you are using</AssertionSpecificExposureList><AssertionSpecificExposureList>~(?s).*\w+/\d{1,2}(\.\d{1,3})+.*###[Version x.y.z] Exposing version numbers gives
            unnecessary hints on your systems vulnerabilities</AssertionSpecificExposureList><AssertionSpecificExposureList>~(?s).*Invalid column name\s.*###[Database error messages] Internal database information can be misused by hackers</AssertionSpecificExposureList><AssertionSpecificExposureList>~(?s).*
            (ORA|EXP|IMP|KUP|UDE|UDI|DBV|LCD|QSM|OCI|RMAN|LFI|PLS|PLQ|AMD|CLSR|PROC|PROT|TNS|NNC|NLP|NNF|NMP|NCR|NZE|O2F|O2I|O2U|PCB|PCC|SQL|AUD|IMG|VID|DRG|LPX|LSX)-\d{5}\s
        .*###[Database error messages] Internal database information can be misused by hackers</AssertionSpecificExposureList><AssertionSpecificExposureList>~(?s).*(p|P)owered by:? ([a-zA-Z]+)( [a-zA-Z]+){0,3}( |/)\d\.\d{1,2}\.\d{1,3}.*###[Version x.y.z] Exposing version numbers gives
            unnecessary hints on your systems vulnerabilities</AssertionSpecificExposureList><AssertionSpecificExposureList>~(?s).*at [\w\$]+(\.[\w\$&lt;>\[\],]+|\.\.ctor)+(\((([\w\$&lt;>\`\[\]]+ [\w\$&lt;>]+, )*(([\w\$&lt;>\`\[\]]+
            [\w\$&lt;>]+)))\)|\(\))
        .*###[Stacktrace] Can give hackers information about which software or language you are using</AssertionSpecificExposureList><AssertionSpecificExposureList>~(?s).*&lt;\w+:frame\s*class=".*"\s*line=".*"\s*method=".*"\s*/>.*###[Stacktrace] Can give hackers information about which software or language you are using</AssertionSpecificExposureList><AssertionSpecificExposureList>~(?s).*Traceback \(most recent call last\):.*###[Stacktrace] Can give hackers information about which software or language you are using</AssertionSpecificExposureList><AssertionSpecificExposureList>~(?s).*((I|i)ncorrect|(I|i)nvalid) (s|S)yntax.*###[Stacktrace] Can give hackers information about which software or language you are using</AssertionSpecificExposureList><AssertionSpecificExposureList>~(?s).*(s|S)tack ?(t|T)race.*###[Stacktrace] Can give hackers information about which software or language you are using</AssertionSpecificExposureList><AssertionSpecificExposureList>~(?s).*(e|E)rror was:\s.*###[Database error messages] Internal database information can be misused by hackers</AssertionSpecificExposureList><AssertionSpecificExposureList>~(?s).*(v|V)ersion:? \d\.\d{1,2}\.{1,3}-?.*###[Version x.y.z] Exposing version numbers gives
            unnecessary hints on your systems vulnerabilities</AssertionSpecificExposureList><AssertionSpecificExposureList>~(?s).*from [\w\$]+(\.[\w\$&lt;>]+)+:\d+:in `.+'.*###[Stacktrace] Can give hackers information about which software or language you are using</AssertionSpecificExposureList><AssertionSpecificExposureList>~(?s).*Error in process &lt;\d+\.\d+\.\d+> with exit value:.*###[Stacktrace] Can give hackers information about which software or language you are using</AssertionSpecificExposureList><AssertionSpecificExposureList>~(?s).*STACK\s?TRACE.*###[Stacktrace] Can give hackers information about which software or language you are using</AssertionSpecificExposureList><AssertionSpecificExposureList>~(?s).*Warning: [\w]+\(\) .+ in .+ on line \d{1,6}.*###[Stacktrace] Can give hackers information about which software or language you are using</AssertionSpecificExposureList><AssertionSpecificExposureList>~(?s).*((A|a)pache|vBulletin|MySQL|PostgreSQL|phpBB|Internet Information Services)( |/)\d{1,2}(\.\d{1,3})+
        .*###[Version x.y.z] Exposing version numbers gives
            unnecessary hints on your systems vulnerabilities</AssertionSpecificExposureList><AssertionSpecificExposureList>~(?s).*at [a-zA-Z][\w\$]*(\.[a-zA-Z][\w\$]*)+\((Unknown Source|Native
            Method|[a-zA-Z][\w\$]*\.([a-zA-Z]{3,5}):\d+)\)
        .*###[Stacktrace] Can give hackers information about which software or language you are using</AssertionSpecificExposureList><AssertionSpecificExposureList>~(?s).*[^\s]+\.rb:\d+:in `.+'.*###[Stacktrace] Can give hackers information about which software or language you are using</AssertionSpecificExposureList><AssertionSpecificExposureList>~(?s).*File ".+", line [0-9]{1,6}, in.*###[Stacktrace] Can give hackers information about which software or language you are using</AssertionSpecificExposureList><IncludeProjectSpecific>true</IncludeProjectSpecific><IncludeGlobal>false</IncludeGlobal></con:configuration></con:assertion><con:assertion type="Response SLA Assertion" id="9e5bc95c-bd5c-4e12-86c5-b09f4a294ccf" name="Response SLA"><con:configuration><SLA>1000</SLA></con:configuration></con:assertion><con:credentials><con:selectedAuthProfile>Writer</con:selectedAuthProfile><con:authType>No Authorization</con:authType></con:credentials><con:jmsConfig JMSDeliveryMode="PERSISTENT"/><con:parameters><con:entry key="entity-code" value="CALENDAR0001"/><con:entry key="service-path" value="${Properties#service-path}"/></con:parameters><con:parameterOrder><con:entry>service-path</con:entry><con:entry>entity-code</con:entry></con:parameterOrder></con:restRequest></con:config></con:testStep><con:properties/><con:reportParameters/></con:testCase>