<?xml version="1.0" encoding="UTF-8"?>
<con:testCase discardOkResults="false" failOnError="false" failTestCaseOnErrors="true" id="cf87a048-52bf-4051-9df3-9ac122594749" keepSession="false" name="Test Case 9 - Récupérer toutes les ressources" searchProperties="true" timeout="0" xmlns:con="http://eviware.com/soapui/config"><con:settings><con:setting id="cf87a048-52bf-4051-9df3-9ac122594749fileName">Test-Case-9---Récupérer-toutes-les-ressources</con:setting></con:settings><con:testStep id="132290ac-68a1-46b7-b5e2-d13185854bf9" name="Properties" type="properties"><con:settings/><con:config xsi:type="con:PropertiesStep" saveFirst="true" xmlns:xsi="http://www.w3.org/2001/XMLSchema-instance"><con:properties><con:property><con:name>service-path</con:name><con:value>resources</con:value></con:property></con:properties></con:config></con:testStep><con:testStep id="49157b71-e72f-4178-b29d-f23c7b1d5122" name="REST Request" type="restrequest"><con:settings/><con:config xsi:type="con:RestRequestStep" methodName="GET - Export all" resourcePath="/ws/rest/{service-path}/" service="LibrePlan" xmlns:xsi="http://www.w3.org/2001/XMLSchema-instance"><con:restRequest id="d21b2823-5c02-4a85-9033-a8bc3ba3fee3" mediaType="application/json" name="REST Request"><con:settings><con:setting id="com.eviware.soapui.impl.wsdl.WsdlRequest@request-headers">&lt;xml-fragment/></con:setting></con:settings><con:endpoint>http://localhost:8180/libreplan/</con:endpoint><con:request/><con:originalUri>http://localhost/libreplan/ws/rest/orderelements/</con:originalUri><con:assertion id="ca5b715c-2602-4fc1-b094-2bd62678319d" name="Valid HTTP Status Codes" type="Valid HTTP Status Codes"><con:settings/><con:configuration><codes>200</codes></con:configuration></con:assertion><con:assertion name="Response SLA" type="Response SLA Assertion" id="bff67167-d3aa-4b82-a5d9-f2fd12cb52a0"><con:configuration><SLA>1000</SLA></con:configuration></con:assertion><con:assertion id="fa3052ff-6add-49de-ba6c-557782adfbd5" name="Sensitive Information Exposure" type="Sensitive Information Exposure"><con:configuration><AssertionSpecificExposureList>~(?s).*Runtime (E|e)rror.*###[Stacktrace] Can give hackers information about which software or language you are using</AssertionSpecificExposureList><AssertionSpecificExposureList>~(?s).*SQLSTATE: [A-Z0-9].*###[Database error messages] Internal database information can be misused by hackers</AssertionSpecificExposureList><AssertionSpecificExposureList>~(?s).*(s|S)tack:.*###[Stacktrace] Can give hackers information about which software or language you are using</AssertionSpecificExposureList><AssertionSpecificExposureList>~(?s).*(s|S)yntax (e|E)rror\s.*###[Stacktrace] Can give hackers information about which software or language you are using</AssertionSpecificExposureList><AssertionSpecificExposureList>~(?s).*\w+/\d{1,2}(\.\d{1,3})+.*###[Version x.y.z] Exposing version numbers gives
            unnecessary hints on your systems vulnerabilities</AssertionSpecificExposureList><AssertionSpecificExposureList>~(?s).*Invalid column name\s.*###[Database error messages] Internal database information can be misused by hackers</AssertionSpecificExposureList><AssertionSpecificExposureList>~(?s).*
            (ORA|EXP|IMP|KUP|UDE|UDI|DBV|LCD|QSM|OCI|RMAN|LFI|PLS|PLQ|AMD|CLSR|PROC|PROT|TNS|NNC|NLP|NNF|NMP|NCR|NZE|O2F|O2I|O2U|PCB|PCC|SQL|AUD|IMG|VID|DRG|LPX|LSX)-\d{5}\s
        .*###[Database error messages] Internal database information can be misused by hackers</AssertionSpecificExposureList><AssertionSpecificExposureList>~(?s).*(p|P)owered by:? ([a-zA-Z]+)( [a-zA-Z]+){0,3}( |/)\d\.\d{1,2}\.\d{1,3}.*###[Version x.y.z] Exposing version numbers gives
            unnecessary hints on your systems vulnerabilities</AssertionSpecificExposureList><AssertionSpecificExposureList>~(?s).*at [\w\$]+(\.[\w\$&lt;>\[\],]+|\.\.ctor)+(\((([\w\$&lt;>\`\[\]]+ [\w\$&lt;>]+, )*(([\w\$&lt;>\`\[\]]+
            [\w\$&lt;>]+)))\)|\(\))
        .*###[Stacktrace] Can give hackers information about which software or language you are using</AssertionSpecificExposureList><AssertionSpecificExposureList>~(?s).*&lt;\w+:frame\s*class=".*"\s*line=".*"\s*method=".*"\s*/>.*###[Stacktrace] Can give hackers information about which software or language you are using</AssertionSpecificExposureList><AssertionSpecificExposureList>~(?s).*Traceback \(most recent call last\):.*###[Stacktrace] Can give hackers information about which software or language you are using</AssertionSpecificExposureList><AssertionSpecificExposureList>~(?s).*((I|i)ncorrect|(I|i)nvalid) (s|S)yntax.*###[Stacktrace] Can give hackers information about which software or language you are using</AssertionSpecificExposureList><AssertionSpecificExposureList>~(?s).*(s|S)tack ?(t|T)race.*###[Stacktrace] Can give hackers information about which software or language you are using</AssertionSpecificExposureList><AssertionSpecificExposureList>~(?s).*(e|E)rror was:\s.*###[Database error messages] Internal database information can be misused by hackers</AssertionSpecificExposureList><AssertionSpecificExposureList>~(?s).*(v|V)ersion:? \d\.\d{1,2}\.{1,3}-?.*###[Version x.y.z] Exposing version numbers gives
            unnecessary hints on your systems vulnerabilities</AssertionSpecificExposureList><AssertionSpecificExposureList>~(?s).*from [\w\$]+(\.[\w\$&lt;>]+)+:\d+:in `.+'.*###[Stacktrace] Can give hackers information about which software or language you are using</AssertionSpecificExposureList><AssertionSpecificExposureList>~(?s).*Error in process &lt;\d+\.\d+\.\d+> with exit value:.*###[Stacktrace] Can give hackers information about which software or language you are using</AssertionSpecificExposureList><AssertionSpecificExposureList>~(?s).*STACK\s?TRACE.*###[Stacktrace] Can give hackers information about which software or language you are using</AssertionSpecificExposureList><AssertionSpecificExposureList>~(?s).*Warning: [\w]+\(\) .+ in .+ on line \d{1,6}.*###[Stacktrace] Can give hackers information about which software or language you are using</AssertionSpecificExposureList><AssertionSpecificExposureList>~(?s).*((A|a)pache|vBulletin|MySQL|PostgreSQL|phpBB|Internet Information Services)( |/)\d{1,2}(\.\d{1,3})+
        .*###[Version x.y.z] Exposing version numbers gives
            unnecessary hints on your systems vulnerabilities</AssertionSpecificExposureList><AssertionSpecificExposureList>~(?s).*at [a-zA-Z][\w\$]*(\.[a-zA-Z][\w\$]*)+\((Unknown Source|Native
            Method|[a-zA-Z][\w\$]*\.([a-zA-Z]{3,5}):\d+)\)
        .*###[Stacktrace] Can give hackers information about which software or language you are using</AssertionSpecificExposureList><AssertionSpecificExposureList>~(?s).*[^\s]+\.rb:\d+:in `.+'.*###[Stacktrace] Can give hackers information about which software or language you are using</AssertionSpecificExposureList><AssertionSpecificExposureList>~(?s).*File ".+", line [0-9]{1,6}, in.*###[Stacktrace] Can give hackers information about which software or language you are using</AssertionSpecificExposureList><IncludeProjectSpecific>true</IncludeProjectSpecific><IncludeGlobal>false</IncludeGlobal></con:configuration></con:assertion><con:assertion type="Simple NotContains" name="Not Contains" id="02b89311-c131-46ba-9310-e822d0277108"><con:configuration><token>Sorry, JavaScript must be enabled.&lt;br/>Change your browser options, then &lt;a href="">try again&lt;/a>.</token><ignoreCase>false</ignoreCase><useRegEx>false</useRegEx></con:configuration></con:assertion><con:assertion type="DataAndMetadataAssertion" id="88c1adc4-bcc4-4279-b2a2-d90adb1f2e50" name="Smart Assertion"><con:configuration xsi:type="con:DataAndMetadataAssertion"><con:mode>Received Data</con:mode><con:elements><con:path>declare namespace ns1='http://rest.ws.libreplan.org';
//ns1:resource-list[1]/ns1:worker[1]/@nif</con:path><con:element>@nif</con:element><con:operatorId>1</con:operatorId><con:enabled>true</con:enabled><con:expectedValue>PrÃ©requis 6 - ID</con:expectedValue><con:caseSensitive>true</con:caseSensitive><con:numberType>false</con:numberType></con:elements><con:elements><con:path>declare namespace ns1='http://rest.ws.libreplan.org';
//ns1:resource-list[1]/ns1:worker[1]/@surname</con:path><con:element>@surname</con:element><con:operatorId>1</con:operatorId><con:enabled>true</con:enabled><con:expectedValue>PrÃ©requis 6 - Nom</con:expectedValue><con:caseSensitive>true</con:caseSensitive><con:numberType>false</con:numberType></con:elements><con:elements><con:path>declare namespace ns1='http://rest.ws.libreplan.org';
//ns1:resource-list[1]/ns1:worker[1]/@first-name</con:path><con:element>@first-name</con:element><con:operatorId>1</con:operatorId><con:enabled>true</con:enabled><con:expectedValue>PrÃ©requis 6 - PrÃ©nom</con:expectedValue><con:caseSensitive>true</con:caseSensitive><con:numberType>false</con:numberType></con:elements><con:elements><con:path>declare namespace ns1='http://rest.ws.libreplan.org';
//ns1:resource-list[1]/ns1:worker[1]/@code</con:path><con:element>@code</con:element><con:operatorId>1</con:operatorId><con:enabled>true</con:enabled><con:expectedValue>WORKER0006</con:expectedValue><con:caseSensitive>true</con:caseSensitive><con:numberType>false</con:numberType></con:elements><con:elements><con:path>declare namespace ns1='http://rest.ws.libreplan.org';
//ns1:resource-list[1]/ns1:worker[1]/ns1:calendar[1]/@capacity</con:path><con:element>@capacity</con:element><con:operatorId>1</con:operatorId><con:enabled>true</con:enabled><con:expectedValue>1</con:expectedValue><con:caseSensitive>true</con:caseSensitive><con:numberType>false</con:numberType></con:elements><con:elements><con:path>declare namespace ns1='http://rest.ws.libreplan.org';
//ns1:resource-list[1]/ns1:worker[1]/ns1:calendar[1]/@parent</con:path><con:element>@parent</con:element><con:operatorId>1</con:operatorId><con:enabled>true</con:enabled><con:expectedValue>CALENDAR0001</con:expectedValue><con:caseSensitive>true</con:caseSensitive><con:numberType>false</con:numberType></con:elements><con:elements><con:path>declare namespace ns1='http://rest.ws.libreplan.org';
//ns1:resource-list[1]/ns1:worker[1]/ns1:calendar[1]/@code</con:path><con:element>@code</con:element><con:operatorId>1</con:operatorId><con:enabled>true</con:enabled><con:expectedValue>RESOURCE_CALENDAR0006</con:expectedValue><con:caseSensitive>true</con:caseSensitive><con:numberType>false</con:numberType></con:elements><con:elements><con:path>declare namespace ns1='http://rest.ws.libreplan.org';
//ns1:resource-list[1]/ns1:worker[1]/ns1:calendar[1]/ns1:calendar-exception-list[1]</con:path><con:element>calendar-exception-list</con:element><con:operatorId>9</con:operatorId><con:enabled>true</con:enabled><con:expectedValue xsi:nil="true"/><con:numberType>false</con:numberType></con:elements><con:elements><con:path>declare namespace ns1='http://rest.ws.libreplan.org';
//ns1:resource-list[1]/ns1:worker[1]/ns1:calendar[1]/ns1:calendar-data-list[1]/ns1:calendar-data[1]/@parent-calendar</con:path><con:element>@parent-calendar</con:element><con:operatorId>1</con:operatorId><con:enabled>true</con:enabled><con:expectedValue>CALENDAR0001</con:expectedValue><con:caseSensitive>true</con:caseSensitive><con:numberType>false</con:numberType></con:elements><con:elements><con:path>declare namespace ns1='http://rest.ws.libreplan.org';
//ns1:resource-list[1]/ns1:worker[1]/ns1:calendar[1]/ns1:calendar-data-list[1]/ns1:calendar-data[1]/@code</con:path><con:element>@code</con:element><con:operatorId>1</con:operatorId><con:enabled>true</con:enabled><con:expectedValue>RESOURCE_CALENDAR0006-0001</con:expectedValue><con:caseSensitive>true</con:caseSensitive><con:numberType>false</con:numberType></con:elements><con:elements><con:path>declare namespace ns1='http://rest.ws.libreplan.org';
//ns1:resource-list[1]/ns1:worker[1]/ns1:calendar[1]/ns1:calendar-data-list[1]/ns1:calendar-data[1]/ns1:hours-per-day-list[1]</con:path><con:element>hours-per-day-list</con:element><con:operatorId>9</con:operatorId><con:enabled>true</con:enabled><con:expectedValue xsi:nil="true"/><con:numberType>false</con:numberType></con:elements><con:elements><con:path>declare namespace ns1='http://rest.ws.libreplan.org';
//ns1:resource-list[1]/ns1:worker[1]/ns1:calendar[1]/ns1:calendar-availability-list[1]/ns1:calendar-availability[1]</con:path><con:element>calendar-availability</con:element><con:operatorId>9</con:operatorId><con:enabled>true</con:enabled><con:expectedValue xsi:nil="true"/><con:numberType>false</con:numberType></con:elements><con:elements><con:path>declare namespace ns1='http://rest.ws.libreplan.org';
//ns1:resource-list[1]/ns1:worker[1]/ns1:calendar[1]/ns1:calendar-availability-list[1]/ns1:calendar-availability[1]/@startDate</con:path><con:element>@startDate</con:element><con:operatorId>1</con:operatorId><con:enabled>true</con:enabled><con:expectedValue>2022-11-07T00:00:00+01:00</con:expectedValue><con:caseSensitive>true</con:caseSensitive><con:numberType>false</con:numberType></con:elements><con:elements><con:path>declare namespace ns1='http://rest.ws.libreplan.org';
//ns1:resource-list[1]/ns1:worker[1]/ns1:calendar[1]/ns1:calendar-availability-list[1]/ns1:calendar-availability[1]/@code</con:path><con:element>@code</con:element><con:operatorId>1</con:operatorId><con:enabled>true</con:enabled><con:expectedValue>RESOURCE_CALENDAR0006-0002</con:expectedValue><con:caseSensitive>true</con:caseSensitive><con:numberType>false</con:numberType></con:elements><con:elements><con:path>declare namespace ns1='http://rest.ws.libreplan.org';
//ns1:resource-list[1]/ns1:worker[1]/ns1:criterion-satisfaction-list[1]</con:path><con:element>criterion-satisfaction-list</con:element><con:operatorId>9</con:operatorId><con:enabled>true</con:enabled><con:expectedValue xsi:nil="true"/><con:numberType>false</con:numberType></con:elements><con:elements><con:path>declare namespace ns1='http://rest.ws.libreplan.org';
//ns1:resource-list[1]/ns1:worker[1]/ns1:resources-cost-category-assignment-list[1]</con:path><con:element>resources-cost-category-assignment-list</con:element><con:operatorId>9</con:operatorId><con:enabled>true</con:enabled><con:expectedValue xsi:nil="true"/><con:numberType>false</con:numberType></con:elements><con:elements><con:path>declare namespace ns1='http://rest.ws.libreplan.org';
//ns1:resource-list[1]/ns1:worker[2]/@nif</con:path><con:element>@nif</con:element><con:operatorId>1</con:operatorId><con:enabled>true</con:enabled><con:expectedValue>PrÃ©requis 10 - ID</con:expectedValue><con:caseSensitive>true</con:caseSensitive><con:numberType>false</con:numberType></con:elements><con:elements><con:path>declare namespace ns1='http://rest.ws.libreplan.org';
//ns1:resource-list[1]/ns1:worker[2]/@surname</con:path><con:element>@surname</con:element><con:operatorId>1</con:operatorId><con:enabled>true</con:enabled><con:expectedValue>PrÃ©requis 10 - Nom</con:expectedValue><con:caseSensitive>true</con:caseSensitive><con:numberType>false</con:numberType></con:elements><con:elements><con:path>declare namespace ns1='http://rest.ws.libreplan.org';
//ns1:resource-list[1]/ns1:worker[2]/@first-name</con:path><con:element>@first-name</con:element><con:operatorId>1</con:operatorId><con:enabled>true</con:enabled><con:expectedValue>PrÃ©requis 10 - PrÃ©nom</con:expectedValue><con:caseSensitive>true</con:caseSensitive><con:numberType>false</con:numberType></con:elements><con:elements><con:path>declare namespace ns1='http://rest.ws.libreplan.org';
//ns1:resource-list[1]/ns1:worker[2]/@code</con:path><con:element>@code</con:element><con:operatorId>1</con:operatorId><con:enabled>true</con:enabled><con:expectedValue>WORKER0010</con:expectedValue><con:caseSensitive>true</con:caseSensitive><con:numberType>false</con:numberType></con:elements><con:elements><con:path>declare namespace ns1='http://rest.ws.libreplan.org';
//ns1:resource-list[1]/ns1:worker[2]/ns1:calendar[1]/@capacity</con:path><con:element>@capacity</con:element><con:operatorId>1</con:operatorId><con:enabled>true</con:enabled><con:expectedValue>1</con:expectedValue><con:caseSensitive>true</con:caseSensitive><con:numberType>false</con:numberType></con:elements><con:elements><con:path>declare namespace ns1='http://rest.ws.libreplan.org';
//ns1:resource-list[1]/ns1:worker[2]/ns1:calendar[1]/@parent</con:path><con:element>@parent</con:element><con:operatorId>1</con:operatorId><con:enabled>true</con:enabled><con:expectedValue>CALENDAR0001</con:expectedValue><con:caseSensitive>true</con:caseSensitive><con:numberType>false</con:numberType></con:elements><con:elements><con:path>declare namespace ns1='http://rest.ws.libreplan.org';
//ns1:resource-list[1]/ns1:worker[2]/ns1:calendar[1]/@code</con:path><con:element>@code</con:element><con:operatorId>1</con:operatorId><con:enabled>true</con:enabled><con:expectedValue>RESOURCE_CALENDAR0010</con:expectedValue><con:caseSensitive>true</con:caseSensitive><con:numberType>false</con:numberType></con:elements><con:elements><con:path>declare namespace ns1='http://rest.ws.libreplan.org';
//ns1:resource-list[1]/ns1:worker[2]/ns1:calendar[1]/ns1:calendar-exception-list[1]</con:path><con:element>calendar-exception-list</con:element><con:operatorId>9</con:operatorId><con:enabled>true</con:enabled><con:expectedValue xsi:nil="true"/><con:numberType>false</con:numberType></con:elements><con:elements><con:path>declare namespace ns1='http://rest.ws.libreplan.org';
//ns1:resource-list[1]/ns1:worker[2]/ns1:calendar[1]/ns1:calendar-data-list[1]/ns1:calendar-data[1]/@parent-calendar</con:path><con:element>@parent-calendar</con:element><con:operatorId>1</con:operatorId><con:enabled>true</con:enabled><con:expectedValue>CALENDAR0001</con:expectedValue><con:caseSensitive>true</con:caseSensitive><con:numberType>false</con:numberType></con:elements><con:elements><con:path>declare namespace ns1='http://rest.ws.libreplan.org';
//ns1:resource-list[1]/ns1:worker[2]/ns1:calendar[1]/ns1:calendar-data-list[1]/ns1:calendar-data[1]/@code</con:path><con:element>@code</con:element><con:operatorId>1</con:operatorId><con:enabled>true</con:enabled><con:expectedValue>RESOURCE_CALENDAR0010-0001</con:expectedValue><con:caseSensitive>true</con:caseSensitive><con:numberType>false</con:numberType></con:elements><con:elements><con:path>declare namespace ns1='http://rest.ws.libreplan.org';
//ns1:resource-list[1]/ns1:worker[2]/ns1:calendar[1]/ns1:calendar-data-list[1]/ns1:calendar-data[1]/ns1:hours-per-day-list[1]</con:path><con:element>hours-per-day-list</con:element><con:operatorId>9</con:operatorId><con:enabled>true</con:enabled><con:expectedValue xsi:nil="true"/><con:numberType>false</con:numberType></con:elements><con:elements><con:path>declare namespace ns1='http://rest.ws.libreplan.org';
//ns1:resource-list[1]/ns1:worker[2]/ns1:calendar[1]/ns1:calendar-availability-list[1]/ns1:calendar-availability[1]</con:path><con:element>calendar-availability</con:element><con:operatorId>9</con:operatorId><con:enabled>true</con:enabled><con:expectedValue xsi:nil="true"/><con:numberType>false</con:numberType></con:elements><con:elements><con:path>declare namespace ns1='http://rest.ws.libreplan.org';
//ns1:resource-list[1]/ns1:worker[2]/ns1:calendar[1]/ns1:calendar-availability-list[1]/ns1:calendar-availability[1]/@startDate</con:path><con:element>@startDate</con:element><con:operatorId>1</con:operatorId><con:enabled>true</con:enabled><con:expectedValue>2022-11-07T00:00:00+01:00</con:expectedValue><con:caseSensitive>true</con:caseSensitive><con:numberType>false</con:numberType></con:elements><con:elements><con:path>declare namespace ns1='http://rest.ws.libreplan.org';
//ns1:resource-list[1]/ns1:worker[2]/ns1:calendar[1]/ns1:calendar-availability-list[1]/ns1:calendar-availability[1]/@code</con:path><con:element>@code</con:element><con:operatorId>1</con:operatorId><con:enabled>true</con:enabled><con:expectedValue>RESOURCE_CALENDAR0010-0002</con:expectedValue><con:caseSensitive>true</con:caseSensitive><con:numberType>false</con:numberType></con:elements><con:elements><con:path>declare namespace ns1='http://rest.ws.libreplan.org';
//ns1:resource-list[1]/ns1:worker[2]/ns1:criterion-satisfaction-list[1]</con:path><con:element>criterion-satisfaction-list</con:element><con:operatorId>9</con:operatorId><con:enabled>true</con:enabled><con:expectedValue xsi:nil="true"/><con:numberType>false</con:numberType></con:elements><con:elements><con:path>declare namespace ns1='http://rest.ws.libreplan.org';
//ns1:resource-list[1]/ns1:worker[2]/ns1:resources-cost-category-assignment-list[1]</con:path><con:element>resources-cost-category-assignment-list</con:element><con:operatorId>9</con:operatorId><con:enabled>true</con:enabled><con:expectedValue xsi:nil="true"/><con:numberType>false</con:numberType></con:elements><con:elements><con:path>declare namespace ns1='http://rest.ws.libreplan.org';
//ns1:resource-list[1]/ns1:worker[3]/@nif</con:path><con:element>@nif</con:element><con:operatorId>1</con:operatorId><con:enabled>true</con:enabled><con:expectedValue>PrÃ©requis 1 - ID</con:expectedValue><con:caseSensitive>true</con:caseSensitive><con:numberType>false</con:numberType></con:elements><con:elements><con:path>declare namespace ns1='http://rest.ws.libreplan.org';
//ns1:resource-list[1]/ns1:worker[3]/@surname</con:path><con:element>@surname</con:element><con:operatorId>1</con:operatorId><con:enabled>true</con:enabled><con:expectedValue>PrÃ©requis 1 - Nom </con:expectedValue><con:caseSensitive>true</con:caseSensitive><con:numberType>false</con:numberType></con:elements><con:elements><con:path>declare namespace ns1='http://rest.ws.libreplan.org';
//ns1:resource-list[1]/ns1:worker[3]/@first-name</con:path><con:element>@first-name</con:element><con:operatorId>1</con:operatorId><con:enabled>true</con:enabled><con:expectedValue>PrÃ©requis 1 - PrÃ©nom</con:expectedValue><con:caseSensitive>true</con:caseSensitive><con:numberType>false</con:numberType></con:elements><con:elements><con:path>declare namespace ns1='http://rest.ws.libreplan.org';
//ns1:resource-list[1]/ns1:worker[3]/@code</con:path><con:element>@code</con:element><con:operatorId>1</con:operatorId><con:enabled>true</con:enabled><con:expectedValue>WORKER0001</con:expectedValue><con:caseSensitive>true</con:caseSensitive><con:numberType>false</con:numberType></con:elements><con:elements><con:path>declare namespace ns1='http://rest.ws.libreplan.org';
//ns1:resource-list[1]/ns1:worker[3]/ns1:calendar[1]/@capacity</con:path><con:element>@capacity</con:element><con:operatorId>1</con:operatorId><con:enabled>true</con:enabled><con:expectedValue>1</con:expectedValue><con:caseSensitive>true</con:caseSensitive><con:numberType>false</con:numberType></con:elements><con:elements><con:path>declare namespace ns1='http://rest.ws.libreplan.org';
//ns1:resource-list[1]/ns1:worker[3]/ns1:calendar[1]/@parent</con:path><con:element>@parent</con:element><con:operatorId>1</con:operatorId><con:enabled>true</con:enabled><con:expectedValue>CALENDAR0001</con:expectedValue><con:caseSensitive>true</con:caseSensitive><con:numberType>false</con:numberType></con:elements><con:elements><con:path>declare namespace ns1='http://rest.ws.libreplan.org';
//ns1:resource-list[1]/ns1:worker[3]/ns1:calendar[1]/@code</con:path><con:element>@code</con:element><con:operatorId>1</con:operatorId><con:enabled>true</con:enabled><con:expectedValue>RESOURCE_CALENDAR0001</con:expectedValue><con:caseSensitive>true</con:caseSensitive><con:numberType>false</con:numberType></con:elements><con:elements><con:path>declare namespace ns1='http://rest.ws.libreplan.org';
//ns1:resource-list[1]/ns1:worker[3]/ns1:calendar[1]/ns1:calendar-exception-list[1]</con:path><con:element>calendar-exception-list</con:element><con:operatorId>9</con:operatorId><con:enabled>true</con:enabled><con:expectedValue xsi:nil="true"/><con:numberType>false</con:numberType></con:elements><con:elements><con:path>declare namespace ns1='http://rest.ws.libreplan.org';
//ns1:resource-list[1]/ns1:worker[3]/ns1:calendar[1]/ns1:calendar-data-list[1]/ns1:calendar-data[1]/@parent-calendar</con:path><con:element>@parent-calendar</con:element><con:operatorId>1</con:operatorId><con:enabled>true</con:enabled><con:expectedValue>CALENDAR0001</con:expectedValue><con:caseSensitive>true</con:caseSensitive><con:numberType>false</con:numberType></con:elements><con:elements><con:path>declare namespace ns1='http://rest.ws.libreplan.org';
//ns1:resource-list[1]/ns1:worker[3]/ns1:calendar[1]/ns1:calendar-data-list[1]/ns1:calendar-data[1]/@code</con:path><con:element>@code</con:element><con:operatorId>1</con:operatorId><con:enabled>true</con:enabled><con:expectedValue>RESOURCE_CALENDAR0001-0001</con:expectedValue><con:caseSensitive>true</con:caseSensitive><con:numberType>false</con:numberType></con:elements><con:elements><con:path>declare namespace ns1='http://rest.ws.libreplan.org';
//ns1:resource-list[1]/ns1:worker[3]/ns1:calendar[1]/ns1:calendar-data-list[1]/ns1:calendar-data[1]/ns1:hours-per-day-list[1]</con:path><con:element>hours-per-day-list</con:element><con:operatorId>9</con:operatorId><con:enabled>true</con:enabled><con:expectedValue xsi:nil="true"/><con:numberType>false</con:numberType></con:elements><con:elements><con:path>declare namespace ns1='http://rest.ws.libreplan.org';
//ns1:resource-list[1]/ns1:worker[3]/ns1:calendar[1]/ns1:calendar-availability-list[1]/ns1:calendar-availability[1]</con:path><con:element>calendar-availability</con:element><con:operatorId>9</con:operatorId><con:enabled>true</con:enabled><con:expectedValue xsi:nil="true"/><con:numberType>false</con:numberType></con:elements><con:elements><con:path>declare namespace ns1='http://rest.ws.libreplan.org';
//ns1:resource-list[1]/ns1:worker[3]/ns1:calendar[1]/ns1:calendar-availability-list[1]/ns1:calendar-availability[1]/@startDate</con:path><con:element>@startDate</con:element><con:operatorId>1</con:operatorId><con:enabled>true</con:enabled><con:expectedValue>2022-11-07T00:00:00+01:00</con:expectedValue><con:caseSensitive>true</con:caseSensitive><con:numberType>false</con:numberType></con:elements><con:elements><con:path>declare namespace ns1='http://rest.ws.libreplan.org';
//ns1:resource-list[1]/ns1:worker[3]/ns1:calendar[1]/ns1:calendar-availability-list[1]/ns1:calendar-availability[1]/@code</con:path><con:element>@code</con:element><con:operatorId>1</con:operatorId><con:enabled>true</con:enabled><con:expectedValue>RESOURCE_CALENDAR0001-0002</con:expectedValue><con:caseSensitive>true</con:caseSensitive><con:numberType>false</con:numberType></con:elements><con:elements><con:path>declare namespace ns1='http://rest.ws.libreplan.org';
//ns1:resource-list[1]/ns1:worker[3]/ns1:criterion-satisfaction-list[1]</con:path><con:element>criterion-satisfaction-list</con:element><con:operatorId>9</con:operatorId><con:enabled>true</con:enabled><con:expectedValue xsi:nil="true"/><con:numberType>false</con:numberType></con:elements><con:elements><con:path>declare namespace ns1='http://rest.ws.libreplan.org';
//ns1:resource-list[1]/ns1:worker[3]/ns1:resources-cost-category-assignment-list[1]</con:path><con:element>resources-cost-category-assignment-list</con:element><con:operatorId>9</con:operatorId><con:enabled>true</con:enabled><con:expectedValue xsi:nil="true"/><con:numberType>false</con:numberType></con:elements><con:elements><con:path>declare namespace ns1='http://rest.ws.libreplan.org';
//ns1:resource-list[1]/ns1:worker[4]/@nif</con:path><con:element>@nif</con:element><con:operatorId>1</con:operatorId><con:enabled>true</con:enabled><con:expectedValue>PrÃ©requis 3 - ID</con:expectedValue><con:caseSensitive>true</con:caseSensitive><con:numberType>false</con:numberType></con:elements><con:elements><con:path>declare namespace ns1='http://rest.ws.libreplan.org';
//ns1:resource-list[1]/ns1:worker[4]/@surname</con:path><con:element>@surname</con:element><con:operatorId>1</con:operatorId><con:enabled>true</con:enabled><con:expectedValue>PrÃ©requis 3 - Nom</con:expectedValue><con:caseSensitive>true</con:caseSensitive><con:numberType>false</con:numberType></con:elements><con:elements><con:path>declare namespace ns1='http://rest.ws.libreplan.org';
//ns1:resource-list[1]/ns1:worker[4]/@first-name</con:path><con:element>@first-name</con:element><con:operatorId>1</con:operatorId><con:enabled>true</con:enabled><con:expectedValue>PrÃ©requis 3 - PrÃ©nom</con:expectedValue><con:caseSensitive>true</con:caseSensitive><con:numberType>false</con:numberType></con:elements><con:elements><con:path>declare namespace ns1='http://rest.ws.libreplan.org';
//ns1:resource-list[1]/ns1:worker[4]/@code</con:path><con:element>@code</con:element><con:operatorId>1</con:operatorId><con:enabled>true</con:enabled><con:expectedValue>WORKER0003</con:expectedValue><con:caseSensitive>true</con:caseSensitive><con:numberType>false</con:numberType></con:elements><con:elements><con:path>declare namespace ns1='http://rest.ws.libreplan.org';
//ns1:resource-list[1]/ns1:worker[4]/ns1:calendar[1]/@capacity</con:path><con:element>@capacity</con:element><con:operatorId>1</con:operatorId><con:enabled>true</con:enabled><con:expectedValue>1</con:expectedValue><con:caseSensitive>true</con:caseSensitive><con:numberType>false</con:numberType></con:elements><con:elements><con:path>declare namespace ns1='http://rest.ws.libreplan.org';
//ns1:resource-list[1]/ns1:worker[4]/ns1:calendar[1]/@parent</con:path><con:element>@parent</con:element><con:operatorId>1</con:operatorId><con:enabled>true</con:enabled><con:expectedValue>CALENDAR0001</con:expectedValue><con:caseSensitive>true</con:caseSensitive><con:numberType>false</con:numberType></con:elements><con:elements><con:path>declare namespace ns1='http://rest.ws.libreplan.org';
//ns1:resource-list[1]/ns1:worker[4]/ns1:calendar[1]/@code</con:path><con:element>@code</con:element><con:operatorId>1</con:operatorId><con:enabled>true</con:enabled><con:expectedValue>RESOURCE_CALENDAR0003</con:expectedValue><con:caseSensitive>true</con:caseSensitive><con:numberType>false</con:numberType></con:elements><con:elements><con:path>declare namespace ns1='http://rest.ws.libreplan.org';
//ns1:resource-list[1]/ns1:worker[4]/ns1:calendar[1]/ns1:calendar-exception-list[1]</con:path><con:element>calendar-exception-list</con:element><con:operatorId>9</con:operatorId><con:enabled>true</con:enabled><con:expectedValue xsi:nil="true"/><con:numberType>false</con:numberType></con:elements><con:elements><con:path>declare namespace ns1='http://rest.ws.libreplan.org';
//ns1:resource-list[1]/ns1:worker[4]/ns1:calendar[1]/ns1:calendar-data-list[1]/ns1:calendar-data[1]/@parent-calendar</con:path><con:element>@parent-calendar</con:element><con:operatorId>1</con:operatorId><con:enabled>true</con:enabled><con:expectedValue>CALENDAR0001</con:expectedValue><con:caseSensitive>true</con:caseSensitive><con:numberType>false</con:numberType></con:elements><con:elements><con:path>declare namespace ns1='http://rest.ws.libreplan.org';
//ns1:resource-list[1]/ns1:worker[4]/ns1:calendar[1]/ns1:calendar-data-list[1]/ns1:calendar-data[1]/@code</con:path><con:element>@code</con:element><con:operatorId>1</con:operatorId><con:enabled>true</con:enabled><con:expectedValue>RESOURCE_CALENDAR0003-0001</con:expectedValue><con:caseSensitive>true</con:caseSensitive><con:numberType>false</con:numberType></con:elements><con:elements><con:path>declare namespace ns1='http://rest.ws.libreplan.org';
//ns1:resource-list[1]/ns1:worker[4]/ns1:calendar[1]/ns1:calendar-data-list[1]/ns1:calendar-data[1]/ns1:hours-per-day-list[1]</con:path><con:element>hours-per-day-list</con:element><con:operatorId>9</con:operatorId><con:enabled>true</con:enabled><con:expectedValue xsi:nil="true"/><con:numberType>false</con:numberType></con:elements><con:elements><con:path>declare namespace ns1='http://rest.ws.libreplan.org';
//ns1:resource-list[1]/ns1:worker[4]/ns1:calendar[1]/ns1:calendar-availability-list[1]/ns1:calendar-availability[1]</con:path><con:element>calendar-availability</con:element><con:operatorId>9</con:operatorId><con:enabled>true</con:enabled><con:expectedValue xsi:nil="true"/><con:numberType>false</con:numberType></con:elements><con:elements><con:path>declare namespace ns1='http://rest.ws.libreplan.org';
//ns1:resource-list[1]/ns1:worker[4]/ns1:calendar[1]/ns1:calendar-availability-list[1]/ns1:calendar-availability[1]/@startDate</con:path><con:element>@startDate</con:element><con:operatorId>1</con:operatorId><con:enabled>true</con:enabled><con:expectedValue>2022-11-07T00:00:00+01:00</con:expectedValue><con:caseSensitive>true</con:caseSensitive><con:numberType>false</con:numberType></con:elements><con:elements><con:path>declare namespace ns1='http://rest.ws.libreplan.org';
//ns1:resource-list[1]/ns1:worker[4]/ns1:calendar[1]/ns1:calendar-availability-list[1]/ns1:calendar-availability[1]/@code</con:path><con:element>@code</con:element><con:operatorId>1</con:operatorId><con:enabled>true</con:enabled><con:expectedValue>RESOURCE_CALENDAR0003-0002</con:expectedValue><con:caseSensitive>true</con:caseSensitive><con:numberType>false</con:numberType></con:elements><con:elements><con:path>declare namespace ns1='http://rest.ws.libreplan.org';
//ns1:resource-list[1]/ns1:worker[4]/ns1:criterion-satisfaction-list[1]</con:path><con:element>criterion-satisfaction-list</con:element><con:operatorId>9</con:operatorId><con:enabled>true</con:enabled><con:expectedValue xsi:nil="true"/><con:numberType>false</con:numberType></con:elements><con:elements><con:path>declare namespace ns1='http://rest.ws.libreplan.org';
//ns1:resource-list[1]/ns1:worker[4]/ns1:resources-cost-category-assignment-list[1]</con:path><con:element>resources-cost-category-assignment-list</con:element><con:operatorId>9</con:operatorId><con:enabled>true</con:enabled><con:expectedValue xsi:nil="true"/><con:numberType>false</con:numberType></con:elements><con:elements><con:path>declare namespace ns1='http://rest.ws.libreplan.org';
//ns1:resource-list[1]/ns1:worker[5]/@nif</con:path><con:element>@nif</con:element><con:operatorId>1</con:operatorId><con:enabled>true</con:enabled><con:expectedValue>PrÃ©requis 8 - ID</con:expectedValue><con:caseSensitive>true</con:caseSensitive><con:numberType>false</con:numberType></con:elements><con:elements><con:path>declare namespace ns1='http://rest.ws.libreplan.org';
//ns1:resource-list[1]/ns1:worker[5]/@surname</con:path><con:element>@surname</con:element><con:operatorId>1</con:operatorId><con:enabled>true</con:enabled><con:expectedValue>PrÃ©requis 8 - Nom</con:expectedValue><con:caseSensitive>true</con:caseSensitive><con:numberType>false</con:numberType></con:elements><con:elements><con:path>declare namespace ns1='http://rest.ws.libreplan.org';
//ns1:resource-list[1]/ns1:worker[5]/@first-name</con:path><con:element>@first-name</con:element><con:operatorId>1</con:operatorId><con:enabled>true</con:enabled><con:expectedValue>PrÃ©requis 8 - PrÃ©nom</con:expectedValue><con:caseSensitive>true</con:caseSensitive><con:numberType>false</con:numberType></con:elements><con:elements><con:path>declare namespace ns1='http://rest.ws.libreplan.org';
//ns1:resource-list[1]/ns1:worker[5]/@code</con:path><con:element>@code</con:element><con:operatorId>1</con:operatorId><con:enabled>true</con:enabled><con:expectedValue>WORKER0008</con:expectedValue><con:caseSensitive>true</con:caseSensitive><con:numberType>false</con:numberType></con:elements><con:elements><con:path>declare namespace ns1='http://rest.ws.libreplan.org';
//ns1:resource-list[1]/ns1:worker[5]/ns1:calendar[1]/@capacity</con:path><con:element>@capacity</con:element><con:operatorId>1</con:operatorId><con:enabled>true</con:enabled><con:expectedValue>1</con:expectedValue><con:caseSensitive>true</con:caseSensitive><con:numberType>false</con:numberType></con:elements><con:elements><con:path>declare namespace ns1='http://rest.ws.libreplan.org';
//ns1:resource-list[1]/ns1:worker[5]/ns1:calendar[1]/@parent</con:path><con:element>@parent</con:element><con:operatorId>1</con:operatorId><con:enabled>true</con:enabled><con:expectedValue>CALENDAR0001</con:expectedValue><con:caseSensitive>true</con:caseSensitive><con:numberType>false</con:numberType></con:elements><con:elements><con:path>declare namespace ns1='http://rest.ws.libreplan.org';
//ns1:resource-list[1]/ns1:worker[5]/ns1:calendar[1]/@code</con:path><con:element>@code</con:element><con:operatorId>1</con:operatorId><con:enabled>true</con:enabled><con:expectedValue>RESOURCE_CALENDAR0008</con:expectedValue><con:caseSensitive>true</con:caseSensitive><con:numberType>false</con:numberType></con:elements><con:elements><con:path>declare namespace ns1='http://rest.ws.libreplan.org';
//ns1:resource-list[1]/ns1:worker[5]/ns1:calendar[1]/ns1:calendar-exception-list[1]</con:path><con:element>calendar-exception-list</con:element><con:operatorId>9</con:operatorId><con:enabled>true</con:enabled><con:expectedValue xsi:nil="true"/><con:numberType>false</con:numberType></con:elements><con:elements><con:path>declare namespace ns1='http://rest.ws.libreplan.org';
//ns1:resource-list[1]/ns1:worker[5]/ns1:calendar[1]/ns1:calendar-data-list[1]/ns1:calendar-data[1]/@parent-calendar</con:path><con:element>@parent-calendar</con:element><con:operatorId>1</con:operatorId><con:enabled>true</con:enabled><con:expectedValue>CALENDAR0001</con:expectedValue><con:caseSensitive>true</con:caseSensitive><con:numberType>false</con:numberType></con:elements><con:elements><con:path>declare namespace ns1='http://rest.ws.libreplan.org';
//ns1:resource-list[1]/ns1:worker[5]/ns1:calendar[1]/ns1:calendar-data-list[1]/ns1:calendar-data[1]/@code</con:path><con:element>@code</con:element><con:operatorId>1</con:operatorId><con:enabled>true</con:enabled><con:expectedValue>RESOURCE_CALENDAR0008-0001</con:expectedValue><con:caseSensitive>true</con:caseSensitive><con:numberType>false</con:numberType></con:elements><con:elements><con:path>declare namespace ns1='http://rest.ws.libreplan.org';
//ns1:resource-list[1]/ns1:worker[5]/ns1:calendar[1]/ns1:calendar-data-list[1]/ns1:calendar-data[1]/ns1:hours-per-day-list[1]</con:path><con:element>hours-per-day-list</con:element><con:operatorId>9</con:operatorId><con:enabled>true</con:enabled><con:expectedValue xsi:nil="true"/><con:numberType>false</con:numberType></con:elements><con:elements><con:path>declare namespace ns1='http://rest.ws.libreplan.org';
//ns1:resource-list[1]/ns1:worker[5]/ns1:calendar[1]/ns1:calendar-availability-list[1]/ns1:calendar-availability[1]</con:path><con:element>calendar-availability</con:element><con:operatorId>9</con:operatorId><con:enabled>true</con:enabled><con:expectedValue xsi:nil="true"/><con:numberType>false</con:numberType></con:elements><con:elements><con:path>declare namespace ns1='http://rest.ws.libreplan.org';
//ns1:resource-list[1]/ns1:worker[5]/ns1:calendar[1]/ns1:calendar-availability-list[1]/ns1:calendar-availability[1]/@startDate</con:path><con:element>@startDate</con:element><con:operatorId>1</con:operatorId><con:enabled>true</con:enabled><con:expectedValue>2022-11-07T00:00:00+01:00</con:expectedValue><con:caseSensitive>true</con:caseSensitive><con:numberType>false</con:numberType></con:elements><con:elements><con:path>declare namespace ns1='http://rest.ws.libreplan.org';
//ns1:resource-list[1]/ns1:worker[5]/ns1:calendar[1]/ns1:calendar-availability-list[1]/ns1:calendar-availability[1]/@code</con:path><con:element>@code</con:element><con:operatorId>1</con:operatorId><con:enabled>true</con:enabled><con:expectedValue>RESOURCE_CALENDAR0008-0002</con:expectedValue><con:caseSensitive>true</con:caseSensitive><con:numberType>false</con:numberType></con:elements><con:elements><con:path>declare namespace ns1='http://rest.ws.libreplan.org';
//ns1:resource-list[1]/ns1:worker[5]/ns1:criterion-satisfaction-list[1]</con:path><con:element>criterion-satisfaction-list</con:element><con:operatorId>9</con:operatorId><con:enabled>true</con:enabled><con:expectedValue xsi:nil="true"/><con:numberType>false</con:numberType></con:elements><con:elements><con:path>declare namespace ns1='http://rest.ws.libreplan.org';
//ns1:resource-list[1]/ns1:worker[5]/ns1:resources-cost-category-assignment-list[1]</con:path><con:element>resources-cost-category-assignment-list</con:element><con:operatorId>9</con:operatorId><con:enabled>true</con:enabled><con:expectedValue xsi:nil="true"/><con:numberType>false</con:numberType></con:elements><con:elements><con:path>declare namespace ns1='http://rest.ws.libreplan.org';
//ns1:resource-list[1]/ns1:worker[6]/@nif</con:path><con:element>@nif</con:element><con:operatorId>1</con:operatorId><con:enabled>true</con:enabled><con:expectedValue>PrÃ©requis 13 - ID</con:expectedValue><con:caseSensitive>true</con:caseSensitive><con:numberType>false</con:numberType></con:elements><con:elements><con:path>declare namespace ns1='http://rest.ws.libreplan.org';
//ns1:resource-list[1]/ns1:worker[6]/@surname</con:path><con:element>@surname</con:element><con:operatorId>1</con:operatorId><con:enabled>true</con:enabled><con:expectedValue>PrÃ©requis 13 - Nom</con:expectedValue><con:caseSensitive>true</con:caseSensitive><con:numberType>false</con:numberType></con:elements><con:elements><con:path>declare namespace ns1='http://rest.ws.libreplan.org';
//ns1:resource-list[1]/ns1:worker[6]/@first-name</con:path><con:element>@first-name</con:element><con:operatorId>1</con:operatorId><con:enabled>true</con:enabled><con:expectedValue>PrÃ©requis 13 - PrÃ©nom</con:expectedValue><con:caseSensitive>true</con:caseSensitive><con:numberType>false</con:numberType></con:elements><con:elements><con:path>declare namespace ns1='http://rest.ws.libreplan.org';
//ns1:resource-list[1]/ns1:worker[6]/@code</con:path><con:element>@code</con:element><con:operatorId>1</con:operatorId><con:enabled>true</con:enabled><con:expectedValue>WORKER0013</con:expectedValue><con:caseSensitive>true</con:caseSensitive><con:numberType>false</con:numberType></con:elements><con:elements><con:path>declare namespace ns1='http://rest.ws.libreplan.org';
//ns1:resource-list[1]/ns1:worker[6]/ns1:calendar[1]/@capacity</con:path><con:element>@capacity</con:element><con:operatorId>1</con:operatorId><con:enabled>true</con:enabled><con:expectedValue>1</con:expectedValue><con:caseSensitive>true</con:caseSensitive><con:numberType>false</con:numberType></con:elements><con:elements><con:path>declare namespace ns1='http://rest.ws.libreplan.org';
//ns1:resource-list[1]/ns1:worker[6]/ns1:calendar[1]/@parent</con:path><con:element>@parent</con:element><con:operatorId>1</con:operatorId><con:enabled>true</con:enabled><con:expectedValue>CALENDAR0001</con:expectedValue><con:caseSensitive>true</con:caseSensitive><con:numberType>false</con:numberType></con:elements><con:elements><con:path>declare namespace ns1='http://rest.ws.libreplan.org';
//ns1:resource-list[1]/ns1:worker[6]/ns1:calendar[1]/@code</con:path><con:element>@code</con:element><con:operatorId>1</con:operatorId><con:enabled>true</con:enabled><con:expectedValue>RESOURCE_CALENDAR0013</con:expectedValue><con:caseSensitive>true</con:caseSensitive><con:numberType>false</con:numberType></con:elements><con:elements><con:path>declare namespace ns1='http://rest.ws.libreplan.org';
//ns1:resource-list[1]/ns1:worker[6]/ns1:calendar[1]/ns1:calendar-exception-list[1]</con:path><con:element>calendar-exception-list</con:element><con:operatorId>9</con:operatorId><con:enabled>true</con:enabled><con:expectedValue xsi:nil="true"/><con:numberType>false</con:numberType></con:elements><con:elements><con:path>declare namespace ns1='http://rest.ws.libreplan.org';
//ns1:resource-list[1]/ns1:worker[6]/ns1:calendar[1]/ns1:calendar-data-list[1]/ns1:calendar-data[1]/@parent-calendar</con:path><con:element>@parent-calendar</con:element><con:operatorId>1</con:operatorId><con:enabled>true</con:enabled><con:expectedValue>CALENDAR0001</con:expectedValue><con:caseSensitive>true</con:caseSensitive><con:numberType>false</con:numberType></con:elements><con:elements><con:path>declare namespace ns1='http://rest.ws.libreplan.org';
//ns1:resource-list[1]/ns1:worker[6]/ns1:calendar[1]/ns1:calendar-data-list[1]/ns1:calendar-data[1]/@code</con:path><con:element>@code</con:element><con:operatorId>1</con:operatorId><con:enabled>true</con:enabled><con:expectedValue>RESOURCE_CALENDAR0013-0001</con:expectedValue><con:caseSensitive>true</con:caseSensitive><con:numberType>false</con:numberType></con:elements><con:elements><con:path>declare namespace ns1='http://rest.ws.libreplan.org';
//ns1:resource-list[1]/ns1:worker[6]/ns1:calendar[1]/ns1:calendar-data-list[1]/ns1:calendar-data[1]/ns1:hours-per-day-list[1]</con:path><con:element>hours-per-day-list</con:element><con:operatorId>9</con:operatorId><con:enabled>true</con:enabled><con:expectedValue xsi:nil="true"/><con:numberType>false</con:numberType></con:elements><con:elements><con:path>declare namespace ns1='http://rest.ws.libreplan.org';
//ns1:resource-list[1]/ns1:worker[6]/ns1:calendar[1]/ns1:calendar-availability-list[1]/ns1:calendar-availability[1]</con:path><con:element>calendar-availability</con:element><con:operatorId>9</con:operatorId><con:enabled>true</con:enabled><con:expectedValue xsi:nil="true"/><con:numberType>false</con:numberType></con:elements><con:elements><con:path>declare namespace ns1='http://rest.ws.libreplan.org';
//ns1:resource-list[1]/ns1:worker[6]/ns1:calendar[1]/ns1:calendar-availability-list[1]/ns1:calendar-availability[1]/@startDate</con:path><con:element>@startDate</con:element><con:operatorId>1</con:operatorId><con:enabled>true</con:enabled><con:expectedValue>2022-11-07T00:00:00+01:00</con:expectedValue><con:caseSensitive>true</con:caseSensitive><con:numberType>false</con:numberType></con:elements><con:elements><con:path>declare namespace ns1='http://rest.ws.libreplan.org';
//ns1:resource-list[1]/ns1:worker[6]/ns1:calendar[1]/ns1:calendar-availability-list[1]/ns1:calendar-availability[1]/@code</con:path><con:element>@code</con:element><con:operatorId>1</con:operatorId><con:enabled>true</con:enabled><con:expectedValue>RESOURCE_CALENDAR0013-0002</con:expectedValue><con:caseSensitive>true</con:caseSensitive><con:numberType>false</con:numberType></con:elements><con:elements><con:path>declare namespace ns1='http://rest.ws.libreplan.org';
//ns1:resource-list[1]/ns1:worker[6]/ns1:criterion-satisfaction-list[1]</con:path><con:element>criterion-satisfaction-list</con:element><con:operatorId>9</con:operatorId><con:enabled>true</con:enabled><con:expectedValue xsi:nil="true"/><con:numberType>false</con:numberType></con:elements><con:elements><con:path>declare namespace ns1='http://rest.ws.libreplan.org';
//ns1:resource-list[1]/ns1:worker[6]/ns1:resources-cost-category-assignment-list[1]</con:path><con:element>resources-cost-category-assignment-list</con:element><con:operatorId>9</con:operatorId><con:enabled>true</con:enabled><con:expectedValue xsi:nil="true"/><con:numberType>false</con:numberType></con:elements><con:elements><con:path>declare namespace ns1='http://rest.ws.libreplan.org';
//ns1:resource-list[1]/ns1:worker[7]/@nif</con:path><con:element>@nif</con:element><con:operatorId>1</con:operatorId><con:enabled>true</con:enabled><con:expectedValue>PrÃ©requis 14 - ID</con:expectedValue><con:caseSensitive>true</con:caseSensitive><con:numberType>false</con:numberType></con:elements><con:elements><con:path>declare namespace ns1='http://rest.ws.libreplan.org';
//ns1:resource-list[1]/ns1:worker[7]/@surname</con:path><con:element>@surname</con:element><con:operatorId>1</con:operatorId><con:enabled>true</con:enabled><con:expectedValue>PrÃ©requis 14 - Nom</con:expectedValue><con:caseSensitive>true</con:caseSensitive><con:numberType>false</con:numberType></con:elements><con:elements><con:path>declare namespace ns1='http://rest.ws.libreplan.org';
//ns1:resource-list[1]/ns1:worker[7]/@first-name</con:path><con:element>@first-name</con:element><con:operatorId>1</con:operatorId><con:enabled>true</con:enabled><con:expectedValue>PrÃ©requis 14 - PrÃ©nom</con:expectedValue><con:caseSensitive>true</con:caseSensitive><con:numberType>false</con:numberType></con:elements><con:elements><con:path>declare namespace ns1='http://rest.ws.libreplan.org';
//ns1:resource-list[1]/ns1:worker[7]/@code</con:path><con:element>@code</con:element><con:operatorId>1</con:operatorId><con:enabled>true</con:enabled><con:expectedValue>WORKER0014</con:expectedValue><con:caseSensitive>true</con:caseSensitive><con:numberType>false</con:numberType></con:elements><con:elements><con:path>declare namespace ns1='http://rest.ws.libreplan.org';
//ns1:resource-list[1]/ns1:worker[7]/ns1:calendar[1]/@capacity</con:path><con:element>@capacity</con:element><con:operatorId>1</con:operatorId><con:enabled>true</con:enabled><con:expectedValue>1</con:expectedValue><con:caseSensitive>true</con:caseSensitive><con:numberType>false</con:numberType></con:elements><con:elements><con:path>declare namespace ns1='http://rest.ws.libreplan.org';
//ns1:resource-list[1]/ns1:worker[7]/ns1:calendar[1]/@parent</con:path><con:element>@parent</con:element><con:operatorId>1</con:operatorId><con:enabled>true</con:enabled><con:expectedValue>CALENDAR0001</con:expectedValue><con:caseSensitive>true</con:caseSensitive><con:numberType>false</con:numberType></con:elements><con:elements><con:path>declare namespace ns1='http://rest.ws.libreplan.org';
//ns1:resource-list[1]/ns1:worker[7]/ns1:calendar[1]/@code</con:path><con:element>@code</con:element><con:operatorId>1</con:operatorId><con:enabled>true</con:enabled><con:expectedValue>RESOURCE_CALENDAR0014</con:expectedValue><con:caseSensitive>true</con:caseSensitive><con:numberType>false</con:numberType></con:elements><con:elements><con:path>declare namespace ns1='http://rest.ws.libreplan.org';
//ns1:resource-list[1]/ns1:worker[7]/ns1:calendar[1]/ns1:calendar-exception-list[1]</con:path><con:element>calendar-exception-list</con:element><con:operatorId>9</con:operatorId><con:enabled>true</con:enabled><con:expectedValue xsi:nil="true"/><con:numberType>false</con:numberType></con:elements><con:elements><con:path>declare namespace ns1='http://rest.ws.libreplan.org';
//ns1:resource-list[1]/ns1:worker[7]/ns1:calendar[1]/ns1:calendar-data-list[1]/ns1:calendar-data[1]/@parent-calendar</con:path><con:element>@parent-calendar</con:element><con:operatorId>1</con:operatorId><con:enabled>true</con:enabled><con:expectedValue>CALENDAR0001</con:expectedValue><con:caseSensitive>true</con:caseSensitive><con:numberType>false</con:numberType></con:elements><con:elements><con:path>declare namespace ns1='http://rest.ws.libreplan.org';
//ns1:resource-list[1]/ns1:worker[7]/ns1:calendar[1]/ns1:calendar-data-list[1]/ns1:calendar-data[1]/@code</con:path><con:element>@code</con:element><con:operatorId>1</con:operatorId><con:enabled>true</con:enabled><con:expectedValue>RESOURCE_CALENDAR0014-0001</con:expectedValue><con:caseSensitive>true</con:caseSensitive><con:numberType>false</con:numberType></con:elements><con:elements><con:path>declare namespace ns1='http://rest.ws.libreplan.org';
//ns1:resource-list[1]/ns1:worker[7]/ns1:calendar[1]/ns1:calendar-data-list[1]/ns1:calendar-data[1]/ns1:hours-per-day-list[1]</con:path><con:element>hours-per-day-list</con:element><con:operatorId>9</con:operatorId><con:enabled>true</con:enabled><con:expectedValue xsi:nil="true"/><con:numberType>false</con:numberType></con:elements><con:elements><con:path>declare namespace ns1='http://rest.ws.libreplan.org';
//ns1:resource-list[1]/ns1:worker[7]/ns1:calendar[1]/ns1:calendar-availability-list[1]/ns1:calendar-availability[1]</con:path><con:element>calendar-availability</con:element><con:operatorId>9</con:operatorId><con:enabled>true</con:enabled><con:expectedValue xsi:nil="true"/><con:numberType>false</con:numberType></con:elements><con:elements><con:path>declare namespace ns1='http://rest.ws.libreplan.org';
//ns1:resource-list[1]/ns1:worker[7]/ns1:calendar[1]/ns1:calendar-availability-list[1]/ns1:calendar-availability[1]/@startDate</con:path><con:element>@startDate</con:element><con:operatorId>1</con:operatorId><con:enabled>true</con:enabled><con:expectedValue>2022-11-07T00:00:00+01:00</con:expectedValue><con:caseSensitive>true</con:caseSensitive><con:numberType>false</con:numberType></con:elements><con:elements><con:path>declare namespace ns1='http://rest.ws.libreplan.org';
//ns1:resource-list[1]/ns1:worker[7]/ns1:calendar[1]/ns1:calendar-availability-list[1]/ns1:calendar-availability[1]/@code</con:path><con:element>@code</con:element><con:operatorId>1</con:operatorId><con:enabled>true</con:enabled><con:expectedValue>RESOURCE_CALENDAR0014-0002</con:expectedValue><con:caseSensitive>true</con:caseSensitive><con:numberType>false</con:numberType></con:elements><con:elements><con:path>declare namespace ns1='http://rest.ws.libreplan.org';
//ns1:resource-list[1]/ns1:worker[7]/ns1:criterion-satisfaction-list[1]</con:path><con:element>criterion-satisfaction-list</con:element><con:operatorId>9</con:operatorId><con:enabled>true</con:enabled><con:expectedValue xsi:nil="true"/><con:numberType>false</con:numberType></con:elements><con:elements><con:path>declare namespace ns1='http://rest.ws.libreplan.org';
//ns1:resource-list[1]/ns1:worker[7]/ns1:resources-cost-category-assignment-list[1]</con:path><con:element>resources-cost-category-assignment-list</con:element><con:operatorId>9</con:operatorId><con:enabled>true</con:enabled><con:expectedValue xsi:nil="true"/><con:numberType>false</con:numberType></con:elements><con:elements><con:path>declare namespace ns1='http://rest.ws.libreplan.org';
//ns1:resource-list[1]/ns1:worker[8]/@nif</con:path><con:element>@nif</con:element><con:operatorId>1</con:operatorId><con:enabled>true</con:enabled><con:expectedValue>PrÃ©requis 2 - ID</con:expectedValue><con:caseSensitive>true</con:caseSensitive><con:numberType>false</con:numberType></con:elements><con:elements><con:path>declare namespace ns1='http://rest.ws.libreplan.org';
//ns1:resource-list[1]/ns1:worker[8]/@surname</con:path><con:element>@surname</con:element><con:operatorId>1</con:operatorId><con:enabled>true</con:enabled><con:expectedValue>PrÃ©requis 2 - Nom</con:expectedValue><con:caseSensitive>true</con:caseSensitive><con:numberType>false</con:numberType></con:elements><con:elements><con:path>declare namespace ns1='http://rest.ws.libreplan.org';
//ns1:resource-list[1]/ns1:worker[8]/@first-name</con:path><con:element>@first-name</con:element><con:operatorId>1</con:operatorId><con:enabled>true</con:enabled><con:expectedValue>PrÃ©requis 2 - PrÃ©nom</con:expectedValue><con:caseSensitive>true</con:caseSensitive><con:numberType>false</con:numberType></con:elements><con:elements><con:path>declare namespace ns1='http://rest.ws.libreplan.org';
//ns1:resource-list[1]/ns1:worker[8]/@code</con:path><con:element>@code</con:element><con:operatorId>1</con:operatorId><con:enabled>true</con:enabled><con:expectedValue>WORKER0002</con:expectedValue><con:caseSensitive>true</con:caseSensitive><con:numberType>false</con:numberType></con:elements><con:elements><con:path>declare namespace ns1='http://rest.ws.libreplan.org';
//ns1:resource-list[1]/ns1:worker[8]/ns1:calendar[1]/@capacity</con:path><con:element>@capacity</con:element><con:operatorId>1</con:operatorId><con:enabled>true</con:enabled><con:expectedValue>1</con:expectedValue><con:caseSensitive>true</con:caseSensitive><con:numberType>false</con:numberType></con:elements><con:elements><con:path>declare namespace ns1='http://rest.ws.libreplan.org';
//ns1:resource-list[1]/ns1:worker[8]/ns1:calendar[1]/@parent</con:path><con:element>@parent</con:element><con:operatorId>1</con:operatorId><con:enabled>true</con:enabled><con:expectedValue>CALENDAR0001</con:expectedValue><con:caseSensitive>true</con:caseSensitive><con:numberType>false</con:numberType></con:elements><con:elements><con:path>declare namespace ns1='http://rest.ws.libreplan.org';
//ns1:resource-list[1]/ns1:worker[8]/ns1:calendar[1]/@code</con:path><con:element>@code</con:element><con:operatorId>1</con:operatorId><con:enabled>true</con:enabled><con:expectedValue>RESOURCE_CALENDAR0002</con:expectedValue><con:caseSensitive>true</con:caseSensitive><con:numberType>false</con:numberType></con:elements><con:elements><con:path>declare namespace ns1='http://rest.ws.libreplan.org';
//ns1:resource-list[1]/ns1:worker[8]/ns1:calendar[1]/ns1:calendar-exception-list[1]</con:path><con:element>calendar-exception-list</con:element><con:operatorId>9</con:operatorId><con:enabled>true</con:enabled><con:expectedValue xsi:nil="true"/><con:numberType>false</con:numberType></con:elements><con:elements><con:path>declare namespace ns1='http://rest.ws.libreplan.org';
//ns1:resource-list[1]/ns1:worker[8]/ns1:calendar[1]/ns1:calendar-data-list[1]/ns1:calendar-data[1]/@parent-calendar</con:path><con:element>@parent-calendar</con:element><con:operatorId>1</con:operatorId><con:enabled>true</con:enabled><con:expectedValue>CALENDAR0001</con:expectedValue><con:caseSensitive>true</con:caseSensitive><con:numberType>false</con:numberType></con:elements><con:elements><con:path>declare namespace ns1='http://rest.ws.libreplan.org';
//ns1:resource-list[1]/ns1:worker[8]/ns1:calendar[1]/ns1:calendar-data-list[1]/ns1:calendar-data[1]/@code</con:path><con:element>@code</con:element><con:operatorId>1</con:operatorId><con:enabled>true</con:enabled><con:expectedValue>RESOURCE_CALENDAR0002-0001</con:expectedValue><con:caseSensitive>true</con:caseSensitive><con:numberType>false</con:numberType></con:elements><con:elements><con:path>declare namespace ns1='http://rest.ws.libreplan.org';
//ns1:resource-list[1]/ns1:worker[8]/ns1:calendar[1]/ns1:calendar-data-list[1]/ns1:calendar-data[1]/ns1:hours-per-day-list[1]</con:path><con:element>hours-per-day-list</con:element><con:operatorId>9</con:operatorId><con:enabled>true</con:enabled><con:expectedValue xsi:nil="true"/><con:numberType>false</con:numberType></con:elements><con:elements><con:path>declare namespace ns1='http://rest.ws.libreplan.org';
//ns1:resource-list[1]/ns1:worker[8]/ns1:calendar[1]/ns1:calendar-availability-list[1]/ns1:calendar-availability[1]</con:path><con:element>calendar-availability</con:element><con:operatorId>9</con:operatorId><con:enabled>true</con:enabled><con:expectedValue xsi:nil="true"/><con:numberType>false</con:numberType></con:elements><con:elements><con:path>declare namespace ns1='http://rest.ws.libreplan.org';
//ns1:resource-list[1]/ns1:worker[8]/ns1:calendar[1]/ns1:calendar-availability-list[1]/ns1:calendar-availability[1]/@startDate</con:path><con:element>@startDate</con:element><con:operatorId>1</con:operatorId><con:enabled>true</con:enabled><con:expectedValue>2022-11-07T00:00:00+01:00</con:expectedValue><con:caseSensitive>true</con:caseSensitive><con:numberType>false</con:numberType></con:elements><con:elements><con:path>declare namespace ns1='http://rest.ws.libreplan.org';
//ns1:resource-list[1]/ns1:worker[8]/ns1:calendar[1]/ns1:calendar-availability-list[1]/ns1:calendar-availability[1]/@code</con:path><con:element>@code</con:element><con:operatorId>1</con:operatorId><con:enabled>true</con:enabled><con:expectedValue>RESOURCE_CALENDAR0002-0002</con:expectedValue><con:caseSensitive>true</con:caseSensitive><con:numberType>false</con:numberType></con:elements><con:elements><con:path>declare namespace ns1='http://rest.ws.libreplan.org';
//ns1:resource-list[1]/ns1:worker[8]/ns1:criterion-satisfaction-list[1]</con:path><con:element>criterion-satisfaction-list</con:element><con:operatorId>9</con:operatorId><con:enabled>true</con:enabled><con:expectedValue xsi:nil="true"/><con:numberType>false</con:numberType></con:elements><con:elements><con:path>declare namespace ns1='http://rest.ws.libreplan.org';
//ns1:resource-list[1]/ns1:worker[8]/ns1:resources-cost-category-assignment-list[1]</con:path><con:element>resources-cost-category-assignment-list</con:element><con:operatorId>9</con:operatorId><con:enabled>true</con:enabled><con:expectedValue xsi:nil="true"/><con:numberType>false</con:numberType></con:elements><con:elements><con:path>declare namespace ns1='http://rest.ws.libreplan.org';
//ns1:resource-list[1]/ns1:worker[9]/@nif</con:path><con:element>@nif</con:element><con:operatorId>1</con:operatorId><con:enabled>true</con:enabled><con:expectedValue>PrÃ©requis 15 - ID</con:expectedValue><con:caseSensitive>true</con:caseSensitive><con:numberType>false</con:numberType></con:elements><con:elements><con:path>declare namespace ns1='http://rest.ws.libreplan.org';
//ns1:resource-list[1]/ns1:worker[9]/@surname</con:path><con:element>@surname</con:element><con:operatorId>1</con:operatorId><con:enabled>true</con:enabled><con:expectedValue>PrÃ©requis 15 - Nom</con:expectedValue><con:caseSensitive>true</con:caseSensitive><con:numberType>false</con:numberType></con:elements><con:elements><con:path>declare namespace ns1='http://rest.ws.libreplan.org';
//ns1:resource-list[1]/ns1:worker[9]/@first-name</con:path><con:element>@first-name</con:element><con:operatorId>1</con:operatorId><con:enabled>true</con:enabled><con:expectedValue>PrÃ©requis 15 - PrÃ©nom</con:expectedValue><con:caseSensitive>true</con:caseSensitive><con:numberType>false</con:numberType></con:elements><con:elements><con:path>declare namespace ns1='http://rest.ws.libreplan.org';
//ns1:resource-list[1]/ns1:worker[9]/@code</con:path><con:element>@code</con:element><con:operatorId>1</con:operatorId><con:enabled>true</con:enabled><con:expectedValue>WORKER0015</con:expectedValue><con:caseSensitive>true</con:caseSensitive><con:numberType>false</con:numberType></con:elements><con:elements><con:path>declare namespace ns1='http://rest.ws.libreplan.org';
//ns1:resource-list[1]/ns1:worker[9]/ns1:calendar[1]/@capacity</con:path><con:element>@capacity</con:element><con:operatorId>1</con:operatorId><con:enabled>true</con:enabled><con:expectedValue>1</con:expectedValue><con:caseSensitive>true</con:caseSensitive><con:numberType>false</con:numberType></con:elements><con:elements><con:path>declare namespace ns1='http://rest.ws.libreplan.org';
//ns1:resource-list[1]/ns1:worker[9]/ns1:calendar[1]/@parent</con:path><con:element>@parent</con:element><con:operatorId>1</con:operatorId><con:enabled>true</con:enabled><con:expectedValue>CALENDAR0001</con:expectedValue><con:caseSensitive>true</con:caseSensitive><con:numberType>false</con:numberType></con:elements><con:elements><con:path>declare namespace ns1='http://rest.ws.libreplan.org';
//ns1:resource-list[1]/ns1:worker[9]/ns1:calendar[1]/@code</con:path><con:element>@code</con:element><con:operatorId>1</con:operatorId><con:enabled>true</con:enabled><con:expectedValue>RESOURCE_CALENDAR0015</con:expectedValue><con:caseSensitive>true</con:caseSensitive><con:numberType>false</con:numberType></con:elements><con:elements><con:path>declare namespace ns1='http://rest.ws.libreplan.org';
//ns1:resource-list[1]/ns1:worker[9]/ns1:calendar[1]/ns1:calendar-exception-list[1]</con:path><con:element>calendar-exception-list</con:element><con:operatorId>9</con:operatorId><con:enabled>true</con:enabled><con:expectedValue xsi:nil="true"/><con:numberType>false</con:numberType></con:elements><con:elements><con:path>declare namespace ns1='http://rest.ws.libreplan.org';
//ns1:resource-list[1]/ns1:worker[9]/ns1:calendar[1]/ns1:calendar-data-list[1]/ns1:calendar-data[1]/@parent-calendar</con:path><con:element>@parent-calendar</con:element><con:operatorId>1</con:operatorId><con:enabled>true</con:enabled><con:expectedValue>CALENDAR0001</con:expectedValue><con:caseSensitive>true</con:caseSensitive><con:numberType>false</con:numberType></con:elements><con:elements><con:path>declare namespace ns1='http://rest.ws.libreplan.org';
//ns1:resource-list[1]/ns1:worker[9]/ns1:calendar[1]/ns1:calendar-data-list[1]/ns1:calendar-data[1]/@code</con:path><con:element>@code</con:element><con:operatorId>1</con:operatorId><con:enabled>true</con:enabled><con:expectedValue>RESOURCE_CALENDAR0015-0001</con:expectedValue><con:caseSensitive>true</con:caseSensitive><con:numberType>false</con:numberType></con:elements><con:elements><con:path>declare namespace ns1='http://rest.ws.libreplan.org';
//ns1:resource-list[1]/ns1:worker[9]/ns1:calendar[1]/ns1:calendar-data-list[1]/ns1:calendar-data[1]/ns1:hours-per-day-list[1]</con:path><con:element>hours-per-day-list</con:element><con:operatorId>9</con:operatorId><con:enabled>true</con:enabled><con:expectedValue xsi:nil="true"/><con:numberType>false</con:numberType></con:elements><con:elements><con:path>declare namespace ns1='http://rest.ws.libreplan.org';
//ns1:resource-list[1]/ns1:worker[9]/ns1:calendar[1]/ns1:calendar-availability-list[1]/ns1:calendar-availability[1]</con:path><con:element>calendar-availability</con:element><con:operatorId>9</con:operatorId><con:enabled>true</con:enabled><con:expectedValue xsi:nil="true"/><con:numberType>false</con:numberType></con:elements><con:elements><con:path>declare namespace ns1='http://rest.ws.libreplan.org';
//ns1:resource-list[1]/ns1:worker[9]/ns1:calendar[1]/ns1:calendar-availability-list[1]/ns1:calendar-availability[1]/@startDate</con:path><con:element>@startDate</con:element><con:operatorId>1</con:operatorId><con:enabled>true</con:enabled><con:expectedValue>2022-11-07T00:00:00+01:00</con:expectedValue><con:caseSensitive>true</con:caseSensitive><con:numberType>false</con:numberType></con:elements><con:elements><con:path>declare namespace ns1='http://rest.ws.libreplan.org';
//ns1:resource-list[1]/ns1:worker[9]/ns1:calendar[1]/ns1:calendar-availability-list[1]/ns1:calendar-availability[1]/@code</con:path><con:element>@code</con:element><con:operatorId>1</con:operatorId><con:enabled>true</con:enabled><con:expectedValue>RESOURCE_CALENDAR0015-0002</con:expectedValue><con:caseSensitive>true</con:caseSensitive><con:numberType>false</con:numberType></con:elements><con:elements><con:path>declare namespace ns1='http://rest.ws.libreplan.org';
//ns1:resource-list[1]/ns1:worker[9]/ns1:criterion-satisfaction-list[1]</con:path><con:element>criterion-satisfaction-list</con:element><con:operatorId>9</con:operatorId><con:enabled>true</con:enabled><con:expectedValue xsi:nil="true"/><con:numberType>false</con:numberType></con:elements><con:elements><con:path>declare namespace ns1='http://rest.ws.libreplan.org';
//ns1:resource-list[1]/ns1:worker[9]/ns1:resources-cost-category-assignment-list[1]</con:path><con:element>resources-cost-category-assignment-list</con:element><con:operatorId>9</con:operatorId><con:enabled>true</con:enabled><con:expectedValue xsi:nil="true"/><con:numberType>false</con:numberType></con:elements><con:elements><con:path>declare namespace ns1='http://rest.ws.libreplan.org';
//ns1:resource-list[1]/ns1:worker[10]/@nif</con:path><con:element>@nif</con:element><con:operatorId>1</con:operatorId><con:enabled>true</con:enabled><con:expectedValue>PrÃ©requis 7 - ID</con:expectedValue><con:caseSensitive>true</con:caseSensitive><con:numberType>false</con:numberType></con:elements><con:elements><con:path>declare namespace ns1='http://rest.ws.libreplan.org';
//ns1:resource-list[1]/ns1:worker[10]/@surname</con:path><con:element>@surname</con:element><con:operatorId>1</con:operatorId><con:enabled>true</con:enabled><con:expectedValue>PrÃ©requis 7 - Nom</con:expectedValue><con:caseSensitive>true</con:caseSensitive><con:numberType>false</con:numberType></con:elements><con:elements><con:path>declare namespace ns1='http://rest.ws.libreplan.org';
//ns1:resource-list[1]/ns1:worker[10]/@first-name</con:path><con:element>@first-name</con:element><con:operatorId>1</con:operatorId><con:enabled>true</con:enabled><con:expectedValue>PrÃ©requis 7 - PrÃ©nom</con:expectedValue><con:caseSensitive>true</con:caseSensitive><con:numberType>false</con:numberType></con:elements><con:elements><con:path>declare namespace ns1='http://rest.ws.libreplan.org';
//ns1:resource-list[1]/ns1:worker[10]/@code</con:path><con:element>@code</con:element><con:operatorId>1</con:operatorId><con:enabled>true</con:enabled><con:expectedValue>WORKER0007</con:expectedValue><con:caseSensitive>true</con:caseSensitive><con:numberType>false</con:numberType></con:elements><con:elements><con:path>declare namespace ns1='http://rest.ws.libreplan.org';
//ns1:resource-list[1]/ns1:worker[10]/ns1:calendar[1]/@capacity</con:path><con:element>@capacity</con:element><con:operatorId>1</con:operatorId><con:enabled>true</con:enabled><con:expectedValue>1</con:expectedValue><con:caseSensitive>true</con:caseSensitive><con:numberType>false</con:numberType></con:elements><con:elements><con:path>declare namespace ns1='http://rest.ws.libreplan.org';
//ns1:resource-list[1]/ns1:worker[10]/ns1:calendar[1]/@parent</con:path><con:element>@parent</con:element><con:operatorId>1</con:operatorId><con:enabled>true</con:enabled><con:expectedValue>CALENDAR0001</con:expectedValue><con:caseSensitive>true</con:caseSensitive><con:numberType>false</con:numberType></con:elements><con:elements><con:path>declare namespace ns1='http://rest.ws.libreplan.org';
//ns1:resource-list[1]/ns1:worker[10]/ns1:calendar[1]/@code</con:path><con:element>@code</con:element><con:operatorId>1</con:operatorId><con:enabled>true</con:enabled><con:expectedValue>RESOURCE_CALENDAR0007</con:expectedValue><con:caseSensitive>true</con:caseSensitive><con:numberType>false</con:numberType></con:elements><con:elements><con:path>declare namespace ns1='http://rest.ws.libreplan.org';
//ns1:resource-list[1]/ns1:worker[10]/ns1:calendar[1]/ns1:calendar-exception-list[1]</con:path><con:element>calendar-exception-list</con:element><con:operatorId>9</con:operatorId><con:enabled>true</con:enabled><con:expectedValue xsi:nil="true"/><con:numberType>false</con:numberType></con:elements><con:elements><con:path>declare namespace ns1='http://rest.ws.libreplan.org';
//ns1:resource-list[1]/ns1:worker[10]/ns1:calendar[1]/ns1:calendar-data-list[1]/ns1:calendar-data[1]/@parent-calendar</con:path><con:element>@parent-calendar</con:element><con:operatorId>1</con:operatorId><con:enabled>true</con:enabled><con:expectedValue>CALENDAR0001</con:expectedValue><con:caseSensitive>true</con:caseSensitive><con:numberType>false</con:numberType></con:elements><con:elements><con:path>declare namespace ns1='http://rest.ws.libreplan.org';
//ns1:resource-list[1]/ns1:worker[10]/ns1:calendar[1]/ns1:calendar-data-list[1]/ns1:calendar-data[1]/@code</con:path><con:element>@code</con:element><con:operatorId>1</con:operatorId><con:enabled>true</con:enabled><con:expectedValue>RESOURCE_CALENDAR0007-0001</con:expectedValue><con:caseSensitive>true</con:caseSensitive><con:numberType>false</con:numberType></con:elements><con:elements><con:path>declare namespace ns1='http://rest.ws.libreplan.org';
//ns1:resource-list[1]/ns1:worker[10]/ns1:calendar[1]/ns1:calendar-data-list[1]/ns1:calendar-data[1]/ns1:hours-per-day-list[1]</con:path><con:element>hours-per-day-list</con:element><con:operatorId>9</con:operatorId><con:enabled>true</con:enabled><con:expectedValue xsi:nil="true"/><con:numberType>false</con:numberType></con:elements><con:elements><con:path>declare namespace ns1='http://rest.ws.libreplan.org';
//ns1:resource-list[1]/ns1:worker[10]/ns1:calendar[1]/ns1:calendar-availability-list[1]/ns1:calendar-availability[1]</con:path><con:element>calendar-availability</con:element><con:operatorId>9</con:operatorId><con:enabled>true</con:enabled><con:expectedValue xsi:nil="true"/><con:numberType>false</con:numberType></con:elements><con:elements><con:path>declare namespace ns1='http://rest.ws.libreplan.org';
//ns1:resource-list[1]/ns1:worker[10]/ns1:calendar[1]/ns1:calendar-availability-list[1]/ns1:calendar-availability[1]/@startDate</con:path><con:element>@startDate</con:element><con:operatorId>1</con:operatorId><con:enabled>true</con:enabled><con:expectedValue>2022-11-07T00:00:00+01:00</con:expectedValue><con:caseSensitive>true</con:caseSensitive><con:numberType>false</con:numberType></con:elements><con:elements><con:path>declare namespace ns1='http://rest.ws.libreplan.org';
//ns1:resource-list[1]/ns1:worker[10]/ns1:calendar[1]/ns1:calendar-availability-list[1]/ns1:calendar-availability[1]/@code</con:path><con:element>@code</con:element><con:operatorId>1</con:operatorId><con:enabled>true</con:enabled><con:expectedValue>RESOURCE_CALENDAR0007-0002</con:expectedValue><con:caseSensitive>true</con:caseSensitive><con:numberType>false</con:numberType></con:elements><con:elements><con:path>declare namespace ns1='http://rest.ws.libreplan.org';
//ns1:resource-list[1]/ns1:worker[10]/ns1:criterion-satisfaction-list[1]</con:path><con:element>criterion-satisfaction-list</con:element><con:operatorId>9</con:operatorId><con:enabled>true</con:enabled><con:expectedValue xsi:nil="true"/><con:numberType>false</con:numberType></con:elements><con:elements><con:path>declare namespace ns1='http://rest.ws.libreplan.org';
//ns1:resource-list[1]/ns1:worker[10]/ns1:resources-cost-category-assignment-list[1]</con:path><con:element>resources-cost-category-assignment-list</con:element><con:operatorId>9</con:operatorId><con:enabled>true</con:enabled><con:expectedValue xsi:nil="true"/><con:numberType>false</con:numberType></con:elements><con:elements><con:path>declare namespace ns1='http://rest.ws.libreplan.org';
//ns1:resource-list[1]/ns1:worker[11]/@nif</con:path><con:element>@nif</con:element><con:operatorId>1</con:operatorId><con:enabled>true</con:enabled><con:expectedValue>PrÃ©requis 16 - ID</con:expectedValue><con:caseSensitive>true</con:caseSensitive><con:numberType>false</con:numberType></con:elements><con:elements><con:path>declare namespace ns1='http://rest.ws.libreplan.org';
//ns1:resource-list[1]/ns1:worker[11]/@surname</con:path><con:element>@surname</con:element><con:operatorId>1</con:operatorId><con:enabled>true</con:enabled><con:expectedValue>PrÃ©requis 16 - Nom</con:expectedValue><con:caseSensitive>true</con:caseSensitive><con:numberType>false</con:numberType></con:elements><con:elements><con:path>declare namespace ns1='http://rest.ws.libreplan.org';
//ns1:resource-list[1]/ns1:worker[11]/@first-name</con:path><con:element>@first-name</con:element><con:operatorId>1</con:operatorId><con:enabled>true</con:enabled><con:expectedValue>PrÃ©requis 16 - PrÃ©nom</con:expectedValue><con:caseSensitive>true</con:caseSensitive><con:numberType>false</con:numberType></con:elements><con:elements><con:path>declare namespace ns1='http://rest.ws.libreplan.org';
//ns1:resource-list[1]/ns1:worker[11]/@code</con:path><con:element>@code</con:element><con:operatorId>1</con:operatorId><con:enabled>true</con:enabled><con:expectedValue>WORKER0016</con:expectedValue><con:caseSensitive>true</con:caseSensitive><con:numberType>false</con:numberType></con:elements><con:elements><con:path>declare namespace ns1='http://rest.ws.libreplan.org';
//ns1:resource-list[1]/ns1:worker[11]/ns1:calendar[1]/@capacity</con:path><con:element>@capacity</con:element><con:operatorId>1</con:operatorId><con:enabled>true</con:enabled><con:expectedValue>1</con:expectedValue><con:caseSensitive>true</con:caseSensitive><con:numberType>false</con:numberType></con:elements><con:elements><con:path>declare namespace ns1='http://rest.ws.libreplan.org';
//ns1:resource-list[1]/ns1:worker[11]/ns1:calendar[1]/@parent</con:path><con:element>@parent</con:element><con:operatorId>1</con:operatorId><con:enabled>true</con:enabled><con:expectedValue>CALENDAR0001</con:expectedValue><con:caseSensitive>true</con:caseSensitive><con:numberType>false</con:numberType></con:elements><con:elements><con:path>declare namespace ns1='http://rest.ws.libreplan.org';
//ns1:resource-list[1]/ns1:worker[11]/ns1:calendar[1]/@code</con:path><con:element>@code</con:element><con:operatorId>1</con:operatorId><con:enabled>true</con:enabled><con:expectedValue>RESOURCE_CALENDAR0016</con:expectedValue><con:caseSensitive>true</con:caseSensitive><con:numberType>false</con:numberType></con:elements><con:elements><con:path>declare namespace ns1='http://rest.ws.libreplan.org';
//ns1:resource-list[1]/ns1:worker[11]/ns1:calendar[1]/ns1:calendar-exception-list[1]</con:path><con:element>calendar-exception-list</con:element><con:operatorId>9</con:operatorId><con:enabled>true</con:enabled><con:expectedValue xsi:nil="true"/><con:numberType>false</con:numberType></con:elements><con:elements><con:path>declare namespace ns1='http://rest.ws.libreplan.org';
//ns1:resource-list[1]/ns1:worker[11]/ns1:calendar[1]/ns1:calendar-data-list[1]/ns1:calendar-data[1]/@parent-calendar</con:path><con:element>@parent-calendar</con:element><con:operatorId>1</con:operatorId><con:enabled>true</con:enabled><con:expectedValue>CALENDAR0001</con:expectedValue><con:caseSensitive>true</con:caseSensitive><con:numberType>false</con:numberType></con:elements><con:elements><con:path>declare namespace ns1='http://rest.ws.libreplan.org';
//ns1:resource-list[1]/ns1:worker[11]/ns1:calendar[1]/ns1:calendar-data-list[1]/ns1:calendar-data[1]/@code</con:path><con:element>@code</con:element><con:operatorId>1</con:operatorId><con:enabled>true</con:enabled><con:expectedValue>RESOURCE_CALENDAR0016-0001</con:expectedValue><con:caseSensitive>true</con:caseSensitive><con:numberType>false</con:numberType></con:elements><con:elements><con:path>declare namespace ns1='http://rest.ws.libreplan.org';
//ns1:resource-list[1]/ns1:worker[11]/ns1:calendar[1]/ns1:calendar-data-list[1]/ns1:calendar-data[1]/ns1:hours-per-day-list[1]</con:path><con:element>hours-per-day-list</con:element><con:operatorId>9</con:operatorId><con:enabled>true</con:enabled><con:expectedValue xsi:nil="true"/><con:numberType>false</con:numberType></con:elements><con:elements><con:path>declare namespace ns1='http://rest.ws.libreplan.org';
//ns1:resource-list[1]/ns1:worker[11]/ns1:calendar[1]/ns1:calendar-availability-list[1]/ns1:calendar-availability[1]</con:path><con:element>calendar-availability</con:element><con:operatorId>9</con:operatorId><con:enabled>true</con:enabled><con:expectedValue xsi:nil="true"/><con:numberType>false</con:numberType></con:elements><con:elements><con:path>declare namespace ns1='http://rest.ws.libreplan.org';
//ns1:resource-list[1]/ns1:worker[11]/ns1:calendar[1]/ns1:calendar-availability-list[1]/ns1:calendar-availability[1]/@startDate</con:path><con:element>@startDate</con:element><con:operatorId>1</con:operatorId><con:enabled>true</con:enabled><con:expectedValue>2022-11-07T00:00:00+01:00</con:expectedValue><con:caseSensitive>true</con:caseSensitive><con:numberType>false</con:numberType></con:elements><con:elements><con:path>declare namespace ns1='http://rest.ws.libreplan.org';
//ns1:resource-list[1]/ns1:worker[11]/ns1:calendar[1]/ns1:calendar-availability-list[1]/ns1:calendar-availability[1]/@code</con:path><con:element>@code</con:element><con:operatorId>1</con:operatorId><con:enabled>true</con:enabled><con:expectedValue>RESOURCE_CALENDAR0016-0002</con:expectedValue><con:caseSensitive>true</con:caseSensitive><con:numberType>false</con:numberType></con:elements><con:elements><con:path>declare namespace ns1='http://rest.ws.libreplan.org';
//ns1:resource-list[1]/ns1:worker[11]/ns1:criterion-satisfaction-list[1]</con:path><con:element>criterion-satisfaction-list</con:element><con:operatorId>9</con:operatorId><con:enabled>true</con:enabled><con:expectedValue xsi:nil="true"/><con:numberType>false</con:numberType></con:elements><con:elements><con:path>declare namespace ns1='http://rest.ws.libreplan.org';
//ns1:resource-list[1]/ns1:worker[11]/ns1:resources-cost-category-assignment-list[1]</con:path><con:element>resources-cost-category-assignment-list</con:element><con:operatorId>9</con:operatorId><con:enabled>true</con:enabled><con:expectedValue xsi:nil="true"/><con:numberType>false</con:numberType></con:elements><con:elements><con:path>declare namespace ns1='http://rest.ws.libreplan.org';
//ns1:resource-list[1]/ns1:worker[12]/@nif</con:path><con:element>@nif</con:element><con:operatorId>1</con:operatorId><con:enabled>true</con:enabled><con:expectedValue>PrÃ©requis 4 - ID</con:expectedValue><con:caseSensitive>true</con:caseSensitive><con:numberType>false</con:numberType></con:elements><con:elements><con:path>declare namespace ns1='http://rest.ws.libreplan.org';
//ns1:resource-list[1]/ns1:worker[12]/@surname</con:path><con:element>@surname</con:element><con:operatorId>1</con:operatorId><con:enabled>true</con:enabled><con:expectedValue>PrÃ©requis 4 - Nom</con:expectedValue><con:caseSensitive>true</con:caseSensitive><con:numberType>false</con:numberType></con:elements><con:elements><con:path>declare namespace ns1='http://rest.ws.libreplan.org';
//ns1:resource-list[1]/ns1:worker[12]/@first-name</con:path><con:element>@first-name</con:element><con:operatorId>1</con:operatorId><con:enabled>true</con:enabled><con:expectedValue>PrÃ©requis 4 - PrÃ©nom</con:expectedValue><con:caseSensitive>true</con:caseSensitive><con:numberType>false</con:numberType></con:elements><con:elements><con:path>declare namespace ns1='http://rest.ws.libreplan.org';
//ns1:resource-list[1]/ns1:worker[12]/@code</con:path><con:element>@code</con:element><con:operatorId>1</con:operatorId><con:enabled>true</con:enabled><con:expectedValue>WORKER0004</con:expectedValue><con:caseSensitive>true</con:caseSensitive><con:numberType>false</con:numberType></con:elements><con:elements><con:path>declare namespace ns1='http://rest.ws.libreplan.org';
//ns1:resource-list[1]/ns1:worker[12]/ns1:calendar[1]/@capacity</con:path><con:element>@capacity</con:element><con:operatorId>1</con:operatorId><con:enabled>true</con:enabled><con:expectedValue>1</con:expectedValue><con:caseSensitive>true</con:caseSensitive><con:numberType>false</con:numberType></con:elements><con:elements><con:path>declare namespace ns1='http://rest.ws.libreplan.org';
//ns1:resource-list[1]/ns1:worker[12]/ns1:calendar[1]/@parent</con:path><con:element>@parent</con:element><con:operatorId>1</con:operatorId><con:enabled>true</con:enabled><con:expectedValue>CALENDAR0001</con:expectedValue><con:caseSensitive>true</con:caseSensitive><con:numberType>false</con:numberType></con:elements><con:elements><con:path>declare namespace ns1='http://rest.ws.libreplan.org';
//ns1:resource-list[1]/ns1:worker[12]/ns1:calendar[1]/@code</con:path><con:element>@code</con:element><con:operatorId>1</con:operatorId><con:enabled>true</con:enabled><con:expectedValue>RESOURCE_CALENDAR0004</con:expectedValue><con:caseSensitive>true</con:caseSensitive><con:numberType>false</con:numberType></con:elements><con:elements><con:path>declare namespace ns1='http://rest.ws.libreplan.org';
//ns1:resource-list[1]/ns1:worker[12]/ns1:calendar[1]/ns1:calendar-exception-list[1]</con:path><con:element>calendar-exception-list</con:element><con:operatorId>9</con:operatorId><con:enabled>true</con:enabled><con:expectedValue xsi:nil="true"/><con:numberType>false</con:numberType></con:elements><con:elements><con:path>declare namespace ns1='http://rest.ws.libreplan.org';
//ns1:resource-list[1]/ns1:worker[12]/ns1:calendar[1]/ns1:calendar-data-list[1]/ns1:calendar-data[1]/@parent-calendar</con:path><con:element>@parent-calendar</con:element><con:operatorId>1</con:operatorId><con:enabled>true</con:enabled><con:expectedValue>CALENDAR0001</con:expectedValue><con:caseSensitive>true</con:caseSensitive><con:numberType>false</con:numberType></con:elements><con:elements><con:path>declare namespace ns1='http://rest.ws.libreplan.org';
//ns1:resource-list[1]/ns1:worker[12]/ns1:calendar[1]/ns1:calendar-data-list[1]/ns1:calendar-data[1]/@code</con:path><con:element>@code</con:element><con:operatorId>1</con:operatorId><con:enabled>true</con:enabled><con:expectedValue>RESOURCE_CALENDAR0004-0001</con:expectedValue><con:caseSensitive>true</con:caseSensitive><con:numberType>false</con:numberType></con:elements><con:elements><con:path>declare namespace ns1='http://rest.ws.libreplan.org';
//ns1:resource-list[1]/ns1:worker[12]/ns1:calendar[1]/ns1:calendar-data-list[1]/ns1:calendar-data[1]/ns1:hours-per-day-list[1]</con:path><con:element>hours-per-day-list</con:element><con:operatorId>9</con:operatorId><con:enabled>true</con:enabled><con:expectedValue xsi:nil="true"/><con:numberType>false</con:numberType></con:elements><con:elements><con:path>declare namespace ns1='http://rest.ws.libreplan.org';
//ns1:resource-list[1]/ns1:worker[12]/ns1:calendar[1]/ns1:calendar-availability-list[1]/ns1:calendar-availability[1]</con:path><con:element>calendar-availability</con:element><con:operatorId>9</con:operatorId><con:enabled>true</con:enabled><con:expectedValue xsi:nil="true"/><con:numberType>false</con:numberType></con:elements><con:elements><con:path>declare namespace ns1='http://rest.ws.libreplan.org';
//ns1:resource-list[1]/ns1:worker[12]/ns1:calendar[1]/ns1:calendar-availability-list[1]/ns1:calendar-availability[1]/@startDate</con:path><con:element>@startDate</con:element><con:operatorId>1</con:operatorId><con:enabled>true</con:enabled><con:expectedValue>2022-11-07T00:00:00+01:00</con:expectedValue><con:caseSensitive>true</con:caseSensitive><con:numberType>false</con:numberType></con:elements><con:elements><con:path>declare namespace ns1='http://rest.ws.libreplan.org';
//ns1:resource-list[1]/ns1:worker[12]/ns1:calendar[1]/ns1:calendar-availability-list[1]/ns1:calendar-availability[1]/@code</con:path><con:element>@code</con:element><con:operatorId>1</con:operatorId><con:enabled>true</con:enabled><con:expectedValue>RESOURCE_CALENDAR0004-0002</con:expectedValue><con:caseSensitive>true</con:caseSensitive><con:numberType>false</con:numberType></con:elements><con:elements><con:path>declare namespace ns1='http://rest.ws.libreplan.org';
//ns1:resource-list[1]/ns1:worker[12]/ns1:criterion-satisfaction-list[1]</con:path><con:element>criterion-satisfaction-list</con:element><con:operatorId>9</con:operatorId><con:enabled>true</con:enabled><con:expectedValue xsi:nil="true"/><con:numberType>false</con:numberType></con:elements><con:elements><con:path>declare namespace ns1='http://rest.ws.libreplan.org';
//ns1:resource-list[1]/ns1:worker[12]/ns1:resources-cost-category-assignment-list[1]</con:path><con:element>resources-cost-category-assignment-list</con:element><con:operatorId>9</con:operatorId><con:enabled>true</con:enabled><con:expectedValue xsi:nil="true"/><con:numberType>false</con:numberType></con:elements><con:elements><con:path>declare namespace ns1='http://rest.ws.libreplan.org';
//ns1:resource-list[1]/ns1:worker[13]/@nif</con:path><con:element>@nif</con:element><con:operatorId>1</con:operatorId><con:enabled>true</con:enabled><con:expectedValue>PrÃ©requis 12 - ID</con:expectedValue><con:caseSensitive>true</con:caseSensitive><con:numberType>false</con:numberType></con:elements><con:elements><con:path>declare namespace ns1='http://rest.ws.libreplan.org';
//ns1:resource-list[1]/ns1:worker[13]/@surname</con:path><con:element>@surname</con:element><con:operatorId>1</con:operatorId><con:enabled>true</con:enabled><con:expectedValue>PrÃ©requis 12 - Nom</con:expectedValue><con:caseSensitive>true</con:caseSensitive><con:numberType>false</con:numberType></con:elements><con:elements><con:path>declare namespace ns1='http://rest.ws.libreplan.org';
//ns1:resource-list[1]/ns1:worker[13]/@first-name</con:path><con:element>@first-name</con:element><con:operatorId>1</con:operatorId><con:enabled>true</con:enabled><con:expectedValue>PrÃ©requis 12 - PrÃ©nom</con:expectedValue><con:caseSensitive>true</con:caseSensitive><con:numberType>false</con:numberType></con:elements><con:elements><con:path>declare namespace ns1='http://rest.ws.libreplan.org';
//ns1:resource-list[1]/ns1:worker[13]/@code</con:path><con:element>@code</con:element><con:operatorId>1</con:operatorId><con:enabled>true</con:enabled><con:expectedValue>WORKER0012</con:expectedValue><con:caseSensitive>true</con:caseSensitive><con:numberType>false</con:numberType></con:elements><con:elements><con:path>declare namespace ns1='http://rest.ws.libreplan.org';
//ns1:resource-list[1]/ns1:worker[13]/ns1:calendar[1]/@capacity</con:path><con:element>@capacity</con:element><con:operatorId>1</con:operatorId><con:enabled>true</con:enabled><con:expectedValue>1</con:expectedValue><con:caseSensitive>true</con:caseSensitive><con:numberType>false</con:numberType></con:elements><con:elements><con:path>declare namespace ns1='http://rest.ws.libreplan.org';
//ns1:resource-list[1]/ns1:worker[13]/ns1:calendar[1]/@parent</con:path><con:element>@parent</con:element><con:operatorId>1</con:operatorId><con:enabled>true</con:enabled><con:expectedValue>CALENDAR0001</con:expectedValue><con:caseSensitive>true</con:caseSensitive><con:numberType>false</con:numberType></con:elements><con:elements><con:path>declare namespace ns1='http://rest.ws.libreplan.org';
//ns1:resource-list[1]/ns1:worker[13]/ns1:calendar[1]/@code</con:path><con:element>@code</con:element><con:operatorId>1</con:operatorId><con:enabled>true</con:enabled><con:expectedValue>RESOURCE_CALENDAR0012</con:expectedValue><con:caseSensitive>true</con:caseSensitive><con:numberType>false</con:numberType></con:elements><con:elements><con:path>declare namespace ns1='http://rest.ws.libreplan.org';
//ns1:resource-list[1]/ns1:worker[13]/ns1:calendar[1]/ns1:calendar-exception-list[1]</con:path><con:element>calendar-exception-list</con:element><con:operatorId>9</con:operatorId><con:enabled>true</con:enabled><con:expectedValue xsi:nil="true"/><con:numberType>false</con:numberType></con:elements><con:elements><con:path>declare namespace ns1='http://rest.ws.libreplan.org';
//ns1:resource-list[1]/ns1:worker[13]/ns1:calendar[1]/ns1:calendar-data-list[1]/ns1:calendar-data[1]/@parent-calendar</con:path><con:element>@parent-calendar</con:element><con:operatorId>1</con:operatorId><con:enabled>true</con:enabled><con:expectedValue>CALENDAR0001</con:expectedValue><con:caseSensitive>true</con:caseSensitive><con:numberType>false</con:numberType></con:elements><con:elements><con:path>declare namespace ns1='http://rest.ws.libreplan.org';
//ns1:resource-list[1]/ns1:worker[13]/ns1:calendar[1]/ns1:calendar-data-list[1]/ns1:calendar-data[1]/@code</con:path><con:element>@code</con:element><con:operatorId>1</con:operatorId><con:enabled>true</con:enabled><con:expectedValue>RESOURCE_CALENDAR0012-0001</con:expectedValue><con:caseSensitive>true</con:caseSensitive><con:numberType>false</con:numberType></con:elements><con:elements><con:path>declare namespace ns1='http://rest.ws.libreplan.org';
//ns1:resource-list[1]/ns1:worker[13]/ns1:calendar[1]/ns1:calendar-data-list[1]/ns1:calendar-data[1]/ns1:hours-per-day-list[1]</con:path><con:element>hours-per-day-list</con:element><con:operatorId>9</con:operatorId><con:enabled>true</con:enabled><con:expectedValue xsi:nil="true"/><con:numberType>false</con:numberType></con:elements><con:elements><con:path>declare namespace ns1='http://rest.ws.libreplan.org';
//ns1:resource-list[1]/ns1:worker[13]/ns1:calendar[1]/ns1:calendar-availability-list[1]/ns1:calendar-availability[1]</con:path><con:element>calendar-availability</con:element><con:operatorId>9</con:operatorId><con:enabled>true</con:enabled><con:expectedValue xsi:nil="true"/><con:numberType>false</con:numberType></con:elements><con:elements><con:path>declare namespace ns1='http://rest.ws.libreplan.org';
//ns1:resource-list[1]/ns1:worker[13]/ns1:calendar[1]/ns1:calendar-availability-list[1]/ns1:calendar-availability[1]/@startDate</con:path><con:element>@startDate</con:element><con:operatorId>1</con:operatorId><con:enabled>true</con:enabled><con:expectedValue>2022-11-07T00:00:00+01:00</con:expectedValue><con:caseSensitive>true</con:caseSensitive><con:numberType>false</con:numberType></con:elements><con:elements><con:path>declare namespace ns1='http://rest.ws.libreplan.org';
//ns1:resource-list[1]/ns1:worker[13]/ns1:calendar[1]/ns1:calendar-availability-list[1]/ns1:calendar-availability[1]/@code</con:path><con:element>@code</con:element><con:operatorId>1</con:operatorId><con:enabled>true</con:enabled><con:expectedValue>RESOURCE_CALENDAR0012-0002</con:expectedValue><con:caseSensitive>true</con:caseSensitive><con:numberType>false</con:numberType></con:elements><con:elements><con:path>declare namespace ns1='http://rest.ws.libreplan.org';
//ns1:resource-list[1]/ns1:worker[13]/ns1:criterion-satisfaction-list[1]</con:path><con:element>criterion-satisfaction-list</con:element><con:operatorId>9</con:operatorId><con:enabled>true</con:enabled><con:expectedValue xsi:nil="true"/><con:numberType>false</con:numberType></con:elements><con:elements><con:path>declare namespace ns1='http://rest.ws.libreplan.org';
//ns1:resource-list[1]/ns1:worker[13]/ns1:resources-cost-category-assignment-list[1]</con:path><con:element>resources-cost-category-assignment-list</con:element><con:operatorId>9</con:operatorId><con:enabled>true</con:enabled><con:expectedValue xsi:nil="true"/><con:numberType>false</con:numberType></con:elements><con:elements><con:path>declare namespace ns1='http://rest.ws.libreplan.org';
//ns1:resource-list[1]/ns1:worker[14]/@nif</con:path><con:element>@nif</con:element><con:operatorId>1</con:operatorId><con:enabled>true</con:enabled><con:expectedValue>PrÃ©requis 11 - ID</con:expectedValue><con:caseSensitive>true</con:caseSensitive><con:numberType>false</con:numberType></con:elements><con:elements><con:path>declare namespace ns1='http://rest.ws.libreplan.org';
//ns1:resource-list[1]/ns1:worker[14]/@surname</con:path><con:element>@surname</con:element><con:operatorId>1</con:operatorId><con:enabled>true</con:enabled><con:expectedValue>PrÃ©requis 11 - Nom</con:expectedValue><con:caseSensitive>true</con:caseSensitive><con:numberType>false</con:numberType></con:elements><con:elements><con:path>declare namespace ns1='http://rest.ws.libreplan.org';
//ns1:resource-list[1]/ns1:worker[14]/@first-name</con:path><con:element>@first-name</con:element><con:operatorId>1</con:operatorId><con:enabled>true</con:enabled><con:expectedValue>PrÃ©requis 11 - PrÃ©nom</con:expectedValue><con:caseSensitive>true</con:caseSensitive><con:numberType>false</con:numberType></con:elements><con:elements><con:path>declare namespace ns1='http://rest.ws.libreplan.org';
//ns1:resource-list[1]/ns1:worker[14]/@code</con:path><con:element>@code</con:element><con:operatorId>1</con:operatorId><con:enabled>true</con:enabled><con:expectedValue>WORKER0011</con:expectedValue><con:caseSensitive>true</con:caseSensitive><con:numberType>false</con:numberType></con:elements><con:elements><con:path>declare namespace ns1='http://rest.ws.libreplan.org';
//ns1:resource-list[1]/ns1:worker[14]/ns1:calendar[1]/@capacity</con:path><con:element>@capacity</con:element><con:operatorId>1</con:operatorId><con:enabled>true</con:enabled><con:expectedValue>1</con:expectedValue><con:caseSensitive>true</con:caseSensitive><con:numberType>false</con:numberType></con:elements><con:elements><con:path>declare namespace ns1='http://rest.ws.libreplan.org';
//ns1:resource-list[1]/ns1:worker[14]/ns1:calendar[1]/@parent</con:path><con:element>@parent</con:element><con:operatorId>1</con:operatorId><con:enabled>true</con:enabled><con:expectedValue>CALENDAR0001</con:expectedValue><con:caseSensitive>true</con:caseSensitive><con:numberType>false</con:numberType></con:elements><con:elements><con:path>declare namespace ns1='http://rest.ws.libreplan.org';
//ns1:resource-list[1]/ns1:worker[14]/ns1:calendar[1]/@code</con:path><con:element>@code</con:element><con:operatorId>1</con:operatorId><con:enabled>true</con:enabled><con:expectedValue>RESOURCE_CALENDAR0011</con:expectedValue><con:caseSensitive>true</con:caseSensitive><con:numberType>false</con:numberType></con:elements><con:elements><con:path>declare namespace ns1='http://rest.ws.libreplan.org';
//ns1:resource-list[1]/ns1:worker[14]/ns1:calendar[1]/ns1:calendar-exception-list[1]</con:path><con:element>calendar-exception-list</con:element><con:operatorId>9</con:operatorId><con:enabled>true</con:enabled><con:expectedValue xsi:nil="true"/><con:numberType>false</con:numberType></con:elements><con:elements><con:path>declare namespace ns1='http://rest.ws.libreplan.org';
//ns1:resource-list[1]/ns1:worker[14]/ns1:calendar[1]/ns1:calendar-data-list[1]/ns1:calendar-data[1]/@parent-calendar</con:path><con:element>@parent-calendar</con:element><con:operatorId>1</con:operatorId><con:enabled>true</con:enabled><con:expectedValue>CALENDAR0001</con:expectedValue><con:caseSensitive>true</con:caseSensitive><con:numberType>false</con:numberType></con:elements><con:elements><con:path>declare namespace ns1='http://rest.ws.libreplan.org';
//ns1:resource-list[1]/ns1:worker[14]/ns1:calendar[1]/ns1:calendar-data-list[1]/ns1:calendar-data[1]/@code</con:path><con:element>@code</con:element><con:operatorId>1</con:operatorId><con:enabled>true</con:enabled><con:expectedValue>RESOURCE_CALENDAR0011-0001</con:expectedValue><con:caseSensitive>true</con:caseSensitive><con:numberType>false</con:numberType></con:elements><con:elements><con:path>declare namespace ns1='http://rest.ws.libreplan.org';
//ns1:resource-list[1]/ns1:worker[14]/ns1:calendar[1]/ns1:calendar-data-list[1]/ns1:calendar-data[1]/ns1:hours-per-day-list[1]</con:path><con:element>hours-per-day-list</con:element><con:operatorId>9</con:operatorId><con:enabled>true</con:enabled><con:expectedValue xsi:nil="true"/><con:numberType>false</con:numberType></con:elements><con:elements><con:path>declare namespace ns1='http://rest.ws.libreplan.org';
//ns1:resource-list[1]/ns1:worker[14]/ns1:calendar[1]/ns1:calendar-availability-list[1]/ns1:calendar-availability[1]</con:path><con:element>calendar-availability</con:element><con:operatorId>9</con:operatorId><con:enabled>true</con:enabled><con:expectedValue xsi:nil="true"/><con:numberType>false</con:numberType></con:elements><con:elements><con:path>declare namespace ns1='http://rest.ws.libreplan.org';
//ns1:resource-list[1]/ns1:worker[14]/ns1:calendar[1]/ns1:calendar-availability-list[1]/ns1:calendar-availability[1]/@startDate</con:path><con:element>@startDate</con:element><con:operatorId>1</con:operatorId><con:enabled>true</con:enabled><con:expectedValue>2022-11-07T00:00:00+01:00</con:expectedValue><con:caseSensitive>true</con:caseSensitive><con:numberType>false</con:numberType></con:elements><con:elements><con:path>declare namespace ns1='http://rest.ws.libreplan.org';
//ns1:resource-list[1]/ns1:worker[14]/ns1:calendar[1]/ns1:calendar-availability-list[1]/ns1:calendar-availability[1]/@code</con:path><con:element>@code</con:element><con:operatorId>1</con:operatorId><con:enabled>true</con:enabled><con:expectedValue>RESOURCE_CALENDAR0011-0002</con:expectedValue><con:caseSensitive>true</con:caseSensitive><con:numberType>false</con:numberType></con:elements><con:elements><con:path>declare namespace ns1='http://rest.ws.libreplan.org';
//ns1:resource-list[1]/ns1:worker[14]/ns1:criterion-satisfaction-list[1]</con:path><con:element>criterion-satisfaction-list</con:element><con:operatorId>9</con:operatorId><con:enabled>true</con:enabled><con:expectedValue xsi:nil="true"/><con:numberType>false</con:numberType></con:elements><con:elements><con:path>declare namespace ns1='http://rest.ws.libreplan.org';
//ns1:resource-list[1]/ns1:worker[14]/ns1:resources-cost-category-assignment-list[1]</con:path><con:element>resources-cost-category-assignment-list</con:element><con:operatorId>9</con:operatorId><con:enabled>true</con:enabled><con:expectedValue xsi:nil="true"/><con:numberType>false</con:numberType></con:elements><con:elements><con:path>declare namespace ns1='http://rest.ws.libreplan.org';
//ns1:resource-list[1]/ns1:worker[15]/@nif</con:path><con:element>@nif</con:element><con:operatorId>1</con:operatorId><con:enabled>true</con:enabled><con:expectedValue>PrÃ©requis 9 - ID</con:expectedValue><con:caseSensitive>true</con:caseSensitive><con:numberType>false</con:numberType></con:elements><con:elements><con:path>declare namespace ns1='http://rest.ws.libreplan.org';
//ns1:resource-list[1]/ns1:worker[15]/@surname</con:path><con:element>@surname</con:element><con:operatorId>1</con:operatorId><con:enabled>true</con:enabled><con:expectedValue>PrÃ©requis 9 - Nom</con:expectedValue><con:caseSensitive>true</con:caseSensitive><con:numberType>false</con:numberType></con:elements><con:elements><con:path>declare namespace ns1='http://rest.ws.libreplan.org';
//ns1:resource-list[1]/ns1:worker[15]/@first-name</con:path><con:element>@first-name</con:element><con:operatorId>1</con:operatorId><con:enabled>true</con:enabled><con:expectedValue>PrÃ©requis 9 - PrÃ©nom</con:expectedValue><con:caseSensitive>true</con:caseSensitive><con:numberType>false</con:numberType></con:elements><con:elements><con:path>declare namespace ns1='http://rest.ws.libreplan.org';
//ns1:resource-list[1]/ns1:worker[15]/@code</con:path><con:element>@code</con:element><con:operatorId>1</con:operatorId><con:enabled>true</con:enabled><con:expectedValue>WORKER0009</con:expectedValue><con:caseSensitive>true</con:caseSensitive><con:numberType>false</con:numberType></con:elements><con:elements><con:path>declare namespace ns1='http://rest.ws.libreplan.org';
//ns1:resource-list[1]/ns1:worker[15]/ns1:calendar[1]/@capacity</con:path><con:element>@capacity</con:element><con:operatorId>1</con:operatorId><con:enabled>true</con:enabled><con:expectedValue>1</con:expectedValue><con:caseSensitive>true</con:caseSensitive><con:numberType>false</con:numberType></con:elements><con:elements><con:path>declare namespace ns1='http://rest.ws.libreplan.org';
//ns1:resource-list[1]/ns1:worker[15]/ns1:calendar[1]/@parent</con:path><con:element>@parent</con:element><con:operatorId>1</con:operatorId><con:enabled>true</con:enabled><con:expectedValue>CALENDAR0001</con:expectedValue><con:caseSensitive>true</con:caseSensitive><con:numberType>false</con:numberType></con:elements><con:elements><con:path>declare namespace ns1='http://rest.ws.libreplan.org';
//ns1:resource-list[1]/ns1:worker[15]/ns1:calendar[1]/@code</con:path><con:element>@code</con:element><con:operatorId>1</con:operatorId><con:enabled>true</con:enabled><con:expectedValue>RESOURCE_CALENDAR0009</con:expectedValue><con:caseSensitive>true</con:caseSensitive><con:numberType>false</con:numberType></con:elements><con:elements><con:path>declare namespace ns1='http://rest.ws.libreplan.org';
//ns1:resource-list[1]/ns1:worker[15]/ns1:calendar[1]/ns1:calendar-exception-list[1]</con:path><con:element>calendar-exception-list</con:element><con:operatorId>9</con:operatorId><con:enabled>true</con:enabled><con:expectedValue xsi:nil="true"/><con:numberType>false</con:numberType></con:elements><con:elements><con:path>declare namespace ns1='http://rest.ws.libreplan.org';
//ns1:resource-list[1]/ns1:worker[15]/ns1:calendar[1]/ns1:calendar-data-list[1]/ns1:calendar-data[1]/@parent-calendar</con:path><con:element>@parent-calendar</con:element><con:operatorId>1</con:operatorId><con:enabled>true</con:enabled><con:expectedValue>CALENDAR0001</con:expectedValue><con:caseSensitive>true</con:caseSensitive><con:numberType>false</con:numberType></con:elements><con:elements><con:path>declare namespace ns1='http://rest.ws.libreplan.org';
//ns1:resource-list[1]/ns1:worker[15]/ns1:calendar[1]/ns1:calendar-data-list[1]/ns1:calendar-data[1]/@code</con:path><con:element>@code</con:element><con:operatorId>1</con:operatorId><con:enabled>true</con:enabled><con:expectedValue>RESOURCE_CALENDAR0009-0001</con:expectedValue><con:caseSensitive>true</con:caseSensitive><con:numberType>false</con:numberType></con:elements><con:elements><con:path>declare namespace ns1='http://rest.ws.libreplan.org';
//ns1:resource-list[1]/ns1:worker[15]/ns1:calendar[1]/ns1:calendar-data-list[1]/ns1:calendar-data[1]/ns1:hours-per-day-list[1]</con:path><con:element>hours-per-day-list</con:element><con:operatorId>9</con:operatorId><con:enabled>true</con:enabled><con:expectedValue xsi:nil="true"/><con:numberType>false</con:numberType></con:elements><con:elements><con:path>declare namespace ns1='http://rest.ws.libreplan.org';
//ns1:resource-list[1]/ns1:worker[15]/ns1:calendar[1]/ns1:calendar-availability-list[1]/ns1:calendar-availability[1]</con:path><con:element>calendar-availability</con:element><con:operatorId>9</con:operatorId><con:enabled>true</con:enabled><con:expectedValue xsi:nil="true"/><con:numberType>false</con:numberType></con:elements><con:elements><con:path>declare namespace ns1='http://rest.ws.libreplan.org';
//ns1:resource-list[1]/ns1:worker[15]/ns1:calendar[1]/ns1:calendar-availability-list[1]/ns1:calendar-availability[1]/@startDate</con:path><con:element>@startDate</con:element><con:operatorId>1</con:operatorId><con:enabled>true</con:enabled><con:expectedValue>2022-11-07T00:00:00+01:00</con:expectedValue><con:caseSensitive>true</con:caseSensitive><con:numberType>false</con:numberType></con:elements><con:elements><con:path>declare namespace ns1='http://rest.ws.libreplan.org';
//ns1:resource-list[1]/ns1:worker[15]/ns1:calendar[1]/ns1:calendar-availability-list[1]/ns1:calendar-availability[1]/@code</con:path><con:element>@code</con:element><con:operatorId>1</con:operatorId><con:enabled>true</con:enabled><con:expectedValue>RESOURCE_CALENDAR0009-0002</con:expectedValue><con:caseSensitive>true</con:caseSensitive><con:numberType>false</con:numberType></con:elements><con:elements><con:path>declare namespace ns1='http://rest.ws.libreplan.org';
//ns1:resource-list[1]/ns1:worker[15]/ns1:criterion-satisfaction-list[1]</con:path><con:element>criterion-satisfaction-list</con:element><con:operatorId>9</con:operatorId><con:enabled>true</con:enabled><con:expectedValue xsi:nil="true"/><con:numberType>false</con:numberType></con:elements><con:elements><con:path>declare namespace ns1='http://rest.ws.libreplan.org';
//ns1:resource-list[1]/ns1:worker[15]/ns1:resources-cost-category-assignment-list[1]</con:path><con:element>resources-cost-category-assignment-list</con:element><con:operatorId>9</con:operatorId><con:enabled>true</con:enabled><con:expectedValue xsi:nil="true"/><con:numberType>false</con:numberType></con:elements><con:elements><con:path>declare namespace ns1='http://rest.ws.libreplan.org';
//ns1:resource-list[1]/ns1:worker[16]/@nif</con:path><con:element>@nif</con:element><con:operatorId>1</con:operatorId><con:enabled>true</con:enabled><con:expectedValue>PrÃ©requis 5 - ID</con:expectedValue><con:caseSensitive>true</con:caseSensitive><con:numberType>false</con:numberType></con:elements><con:elements><con:path>declare namespace ns1='http://rest.ws.libreplan.org';
//ns1:resource-list[1]/ns1:worker[16]/@surname</con:path><con:element>@surname</con:element><con:operatorId>1</con:operatorId><con:enabled>true</con:enabled><con:expectedValue>PrÃ©requis 5 - Nom</con:expectedValue><con:caseSensitive>true</con:caseSensitive><con:numberType>false</con:numberType></con:elements><con:elements><con:path>declare namespace ns1='http://rest.ws.libreplan.org';
//ns1:resource-list[1]/ns1:worker[16]/@first-name</con:path><con:element>@first-name</con:element><con:operatorId>1</con:operatorId><con:enabled>true</con:enabled><con:expectedValue>PrÃ©requis 5 - PrÃ©nom</con:expectedValue><con:caseSensitive>true</con:caseSensitive><con:numberType>false</con:numberType></con:elements><con:elements><con:path>declare namespace ns1='http://rest.ws.libreplan.org';
//ns1:resource-list[1]/ns1:worker[16]/@code</con:path><con:element>@code</con:element><con:operatorId>1</con:operatorId><con:enabled>true</con:enabled><con:expectedValue>WORKER0005</con:expectedValue><con:caseSensitive>true</con:caseSensitive><con:numberType>false</con:numberType></con:elements><con:elements><con:path>declare namespace ns1='http://rest.ws.libreplan.org';
//ns1:resource-list[1]/ns1:worker[16]/ns1:calendar[1]/@capacity</con:path><con:element>@capacity</con:element><con:operatorId>1</con:operatorId><con:enabled>true</con:enabled><con:expectedValue>1</con:expectedValue><con:caseSensitive>true</con:caseSensitive><con:numberType>false</con:numberType></con:elements><con:elements><con:path>declare namespace ns1='http://rest.ws.libreplan.org';
//ns1:resource-list[1]/ns1:worker[16]/ns1:calendar[1]/@parent</con:path><con:element>@parent</con:element><con:operatorId>1</con:operatorId><con:enabled>true</con:enabled><con:expectedValue>CALENDAR0001</con:expectedValue><con:caseSensitive>true</con:caseSensitive><con:numberType>false</con:numberType></con:elements><con:elements><con:path>declare namespace ns1='http://rest.ws.libreplan.org';
//ns1:resource-list[1]/ns1:worker[16]/ns1:calendar[1]/@code</con:path><con:element>@code</con:element><con:operatorId>1</con:operatorId><con:enabled>true</con:enabled><con:expectedValue>RESOURCE_CALENDAR0005</con:expectedValue><con:caseSensitive>true</con:caseSensitive><con:numberType>false</con:numberType></con:elements><con:elements><con:path>declare namespace ns1='http://rest.ws.libreplan.org';
//ns1:resource-list[1]/ns1:worker[16]/ns1:calendar[1]/ns1:calendar-exception-list[1]</con:path><con:element>calendar-exception-list</con:element><con:operatorId>9</con:operatorId><con:enabled>true</con:enabled><con:expectedValue xsi:nil="true"/><con:numberType>false</con:numberType></con:elements><con:elements><con:path>declare namespace ns1='http://rest.ws.libreplan.org';
//ns1:resource-list[1]/ns1:worker[16]/ns1:calendar[1]/ns1:calendar-data-list[1]/ns1:calendar-data[1]/@parent-calendar</con:path><con:element>@parent-calendar</con:element><con:operatorId>1</con:operatorId><con:enabled>true</con:enabled><con:expectedValue>CALENDAR0001</con:expectedValue><con:caseSensitive>true</con:caseSensitive><con:numberType>false</con:numberType></con:elements><con:elements><con:path>declare namespace ns1='http://rest.ws.libreplan.org';
//ns1:resource-list[1]/ns1:worker[16]/ns1:calendar[1]/ns1:calendar-data-list[1]/ns1:calendar-data[1]/@code</con:path><con:element>@code</con:element><con:operatorId>1</con:operatorId><con:enabled>true</con:enabled><con:expectedValue>RESOURCE_CALENDAR0005-0001</con:expectedValue><con:caseSensitive>true</con:caseSensitive><con:numberType>false</con:numberType></con:elements><con:elements><con:path>declare namespace ns1='http://rest.ws.libreplan.org';
//ns1:resource-list[1]/ns1:worker[16]/ns1:calendar[1]/ns1:calendar-data-list[1]/ns1:calendar-data[1]/ns1:hours-per-day-list[1]</con:path><con:element>hours-per-day-list</con:element><con:operatorId>9</con:operatorId><con:enabled>true</con:enabled><con:expectedValue xsi:nil="true"/><con:numberType>false</con:numberType></con:elements><con:elements><con:path>declare namespace ns1='http://rest.ws.libreplan.org';
//ns1:resource-list[1]/ns1:worker[16]/ns1:calendar[1]/ns1:calendar-availability-list[1]/ns1:calendar-availability[1]</con:path><con:element>calendar-availability</con:element><con:operatorId>9</con:operatorId><con:enabled>true</con:enabled><con:expectedValue xsi:nil="true"/><con:numberType>false</con:numberType></con:elements><con:elements><con:path>declare namespace ns1='http://rest.ws.libreplan.org';
//ns1:resource-list[1]/ns1:worker[16]/ns1:calendar[1]/ns1:calendar-availability-list[1]/ns1:calendar-availability[1]/@startDate</con:path><con:element>@startDate</con:element><con:operatorId>1</con:operatorId><con:enabled>true</con:enabled><con:expectedValue>2022-11-07T00:00:00+01:00</con:expectedValue><con:caseSensitive>true</con:caseSensitive><con:numberType>false</con:numberType></con:elements><con:elements><con:path>declare namespace ns1='http://rest.ws.libreplan.org';
//ns1:resource-list[1]/ns1:worker[16]/ns1:calendar[1]/ns1:calendar-availability-list[1]/ns1:calendar-availability[1]/@code</con:path><con:element>@code</con:element><con:operatorId>1</con:operatorId><con:enabled>true</con:enabled><con:expectedValue>RESOURCE_CALENDAR0005-0002</con:expectedValue><con:caseSensitive>true</con:caseSensitive><con:numberType>false</con:numberType></con:elements><con:elements><con:path>declare namespace ns1='http://rest.ws.libreplan.org';
//ns1:resource-list[1]/ns1:worker[16]/ns1:criterion-satisfaction-list[1]</con:path><con:element>criterion-satisfaction-list</con:element><con:operatorId>9</con:operatorId><con:enabled>true</con:enabled><con:expectedValue xsi:nil="true"/><con:numberType>false</con:numberType></con:elements><con:elements><con:path>declare namespace ns1='http://rest.ws.libreplan.org';
//ns1:resource-list[1]/ns1:worker[16]/ns1:resources-cost-category-assignment-list[1]</con:path><con:element>resources-cost-category-assignment-list</con:element><con:operatorId>9</con:operatorId><con:enabled>true</con:enabled><con:expectedValue xsi:nil="true"/><con:numberType>false</con:numberType></con:elements><con:originalMessage><![CDATA[<?xml version="1.0" encoding="UTF-8" standalone="yes"?><resource-list xmlns="http://rest.ws.libreplan.org"><worker nif="PrÃ©requis 6 - ID" surname="PrÃ©requis 6 - Nom" first-name="PrÃ©requis 6 - PrÃ©nom" code="WORKER0006"><calendar capacity="1" parent="CALENDAR0001" code="RESOURCE_CALENDAR0006"><calendar-exception-list/><calendar-data-list><calendar-data parent-calendar="CALENDAR0001" code="RESOURCE_CALENDAR0006-0001"><hours-per-day-list/></calendar-data></calendar-data-list><calendar-availability-list><calendar-availability startDate="2022-11-07T00:00:00+01:00" code="RESOURCE_CALENDAR0006-0002"/></calendar-availability-list></calendar><criterion-satisfaction-list/><resources-cost-category-assignment-list/></worker><worker nif="PrÃ©requis 10 - ID" surname="PrÃ©requis 10 - Nom" first-name="PrÃ©requis 10 - PrÃ©nom" code="WORKER0010"><calendar capacity="1" parent="CALENDAR0001" code="RESOURCE_CALENDAR0010"><calendar-exception-list/><calendar-data-list><calendar-data parent-calendar="CALENDAR0001" code="RESOURCE_CALENDAR0010-0001"><hours-per-day-list/></calendar-data></calendar-data-list><calendar-availability-list><calendar-availability startDate="2022-11-07T00:00:00+01:00" code="RESOURCE_CALENDAR0010-0002"/></calendar-availability-list></calendar><criterion-satisfaction-list/><resources-cost-category-assignment-list/></worker><worker nif="PrÃ©requis 1 - ID" surname="PrÃ©requis 1 - Nom " first-name="PrÃ©requis 1 - PrÃ©nom" code="WORKER0001"><calendar capacity="1" parent="CALENDAR0001" code="RESOURCE_CALENDAR0001"><calendar-exception-list/><calendar-data-list><calendar-data parent-calendar="CALENDAR0001" code="RESOURCE_CALENDAR0001-0001"><hours-per-day-list/></calendar-data></calendar-data-list><calendar-availability-list><calendar-availability startDate="2022-11-07T00:00:00+01:00" code="RESOURCE_CALENDAR0001-0002"/></calendar-availability-list></calendar><criterion-satisfaction-list/><resources-cost-category-assignment-list/></worker><worker nif="PrÃ©requis 3 - ID" surname="PrÃ©requis 3 - Nom" first-name="PrÃ©requis 3 - PrÃ©nom" code="WORKER0003"><calendar capacity="1" parent="CALENDAR0001" code="RESOURCE_CALENDAR0003"><calendar-exception-list/><calendar-data-list><calendar-data parent-calendar="CALENDAR0001" code="RESOURCE_CALENDAR0003-0001"><hours-per-day-list/></calendar-data></calendar-data-list><calendar-availability-list><calendar-availability startDate="2022-11-07T00:00:00+01:00" code="RESOURCE_CALENDAR0003-0002"/></calendar-availability-list></calendar><criterion-satisfaction-list/><resources-cost-category-assignment-list/></worker><worker nif="PrÃ©requis 8 - ID" surname="PrÃ©requis 8 - Nom" first-name="PrÃ©requis 8 - PrÃ©nom" code="WORKER0008"><calendar capacity="1" parent="CALENDAR0001" code="RESOURCE_CALENDAR0008"><calendar-exception-list/><calendar-data-list><calendar-data parent-calendar="CALENDAR0001" code="RESOURCE_CALENDAR0008-0001"><hours-per-day-list/></calendar-data></calendar-data-list><calendar-availability-list><calendar-availability startDate="2022-11-07T00:00:00+01:00" code="RESOURCE_CALENDAR0008-0002"/></calendar-availability-list></calendar><criterion-satisfaction-list/><resources-cost-category-assignment-list/></worker><worker nif="PrÃ©requis 13 - ID" surname="PrÃ©requis 13 - Nom" first-name="PrÃ©requis 13 - PrÃ©nom" code="WORKER0013"><calendar capacity="1" parent="CALENDAR0001" code="RESOURCE_CALENDAR0013"><calendar-exception-list/><calendar-data-list><calendar-data parent-calendar="CALENDAR0001" code="RESOURCE_CALENDAR0013-0001"><hours-per-day-list/></calendar-data></calendar-data-list><calendar-availability-list><calendar-availability startDate="2022-11-07T00:00:00+01:00" code="RESOURCE_CALENDAR0013-0002"/></calendar-availability-list></calendar><criterion-satisfaction-list/><resources-cost-category-assignment-list/></worker><worker nif="PrÃ©requis 14 - ID" surname="PrÃ©requis 14 - Nom" first-name="PrÃ©requis 14 - PrÃ©nom" code="WORKER0014"><calendar capacity="1" parent="CALENDAR0001" code="RESOURCE_CALENDAR0014"><calendar-exception-list/><calendar-data-list><calendar-data parent-calendar="CALENDAR0001" code="RESOURCE_CALENDAR0014-0001"><hours-per-day-list/></calendar-data></calendar-data-list><calendar-availability-list><calendar-availability startDate="2022-11-07T00:00:00+01:00" code="RESOURCE_CALENDAR0014-0002"/></calendar-availability-list></calendar><criterion-satisfaction-list/><resources-cost-category-assignment-list/></worker><worker nif="PrÃ©requis 2 - ID" surname="PrÃ©requis 2 - Nom" first-name="PrÃ©requis 2 - PrÃ©nom" code="WORKER0002"><calendar capacity="1" parent="CALENDAR0001" code="RESOURCE_CALENDAR0002"><calendar-exception-list/><calendar-data-list><calendar-data parent-calendar="CALENDAR0001" code="RESOURCE_CALENDAR0002-0001"><hours-per-day-list/></calendar-data></calendar-data-list><calendar-availability-list><calendar-availability startDate="2022-11-07T00:00:00+01:00" code="RESOURCE_CALENDAR0002-0002"/></calendar-availability-list></calendar><criterion-satisfaction-list/><resources-cost-category-assignment-list/></worker><worker nif="PrÃ©requis 15 - ID" surname="PrÃ©requis 15 - Nom" first-name="PrÃ©requis 15 - PrÃ©nom" code="WORKER0015"><calendar capacity="1" parent="CALENDAR0001" code="RESOURCE_CALENDAR0015"><calendar-exception-list/><calendar-data-list><calendar-data parent-calendar="CALENDAR0001" code="RESOURCE_CALENDAR0015-0001"><hours-per-day-list/></calendar-data></calendar-data-list><calendar-availability-list><calendar-availability startDate="2022-11-07T00:00:00+01:00" code="RESOURCE_CALENDAR0015-0002"/></calendar-availability-list></calendar><criterion-satisfaction-list/><resources-cost-category-assignment-list/></worker><worker nif="PrÃ©requis 7 - ID" surname="PrÃ©requis 7 - Nom" first-name="PrÃ©requis 7 - PrÃ©nom" code="WORKER0007"><calendar capacity="1" parent="CALENDAR0001" code="RESOURCE_CALENDAR0007"><calendar-exception-list/><calendar-data-list><calendar-data parent-calendar="CALENDAR0001" code="RESOURCE_CALENDAR0007-0001"><hours-per-day-list/></calendar-data></calendar-data-list><calendar-availability-list><calendar-availability startDate="2022-11-07T00:00:00+01:00" code="RESOURCE_CALENDAR0007-0002"/></calendar-availability-list></calendar><criterion-satisfaction-list/><resources-cost-category-assignment-list/></worker><worker nif="PrÃ©requis 16 - ID" surname="PrÃ©requis 16 - Nom" first-name="PrÃ©requis 16 - PrÃ©nom" code="WORKER0016"><calendar capacity="1" parent="CALENDAR0001" code="RESOURCE_CALENDAR0016"><calendar-exception-list/><calendar-data-list><calendar-data parent-calendar="CALENDAR0001" code="RESOURCE_CALENDAR0016-0001"><hours-per-day-list/></calendar-data></calendar-data-list><calendar-availability-list><calendar-availability startDate="2022-11-07T00:00:00+01:00" code="RESOURCE_CALENDAR0016-0002"/></calendar-availability-list></calendar><criterion-satisfaction-list/><resources-cost-category-assignment-list/></worker><worker nif="PrÃ©requis 4 - ID" surname="PrÃ©requis 4 - Nom" first-name="PrÃ©requis 4 - PrÃ©nom" code="WORKER0004"><calendar capacity="1" parent="CALENDAR0001" code="RESOURCE_CALENDAR0004"><calendar-exception-list/><calendar-data-list><calendar-data parent-calendar="CALENDAR0001" code="RESOURCE_CALENDAR0004-0001"><hours-per-day-list/></calendar-data></calendar-data-list><calendar-availability-list><calendar-availability startDate="2022-11-07T00:00:00+01:00" code="RESOURCE_CALENDAR0004-0002"/></calendar-availability-list></calendar><criterion-satisfaction-list/><resources-cost-category-assignment-list/></worker><worker nif="PrÃ©requis 12 - ID" surname="PrÃ©requis 12 - Nom" first-name="PrÃ©requis 12 - PrÃ©nom" code="WORKER0012"><calendar capacity="1" parent="CALENDAR0001" code="RESOURCE_CALENDAR0012"><calendar-exception-list/><calendar-data-list><calendar-data parent-calendar="CALENDAR0001" code="RESOURCE_CALENDAR0012-0001"><hours-per-day-list/></calendar-data></calendar-data-list><calendar-availability-list><calendar-availability startDate="2022-11-07T00:00:00+01:00" code="RESOURCE_CALENDAR0012-0002"/></calendar-availability-list></calendar><criterion-satisfaction-list/><resources-cost-category-assignment-list/></worker><worker nif="PrÃ©requis 11 - ID" surname="PrÃ©requis 11 - Nom" first-name="PrÃ©requis 11 - PrÃ©nom" code="WORKER0011"><calendar capacity="1" parent="CALENDAR0001" code="RESOURCE_CALENDAR0011"><calendar-exception-list/><calendar-data-list><calendar-data parent-calendar="CALENDAR0001" code="RESOURCE_CALENDAR0011-0001"><hours-per-day-list/></calendar-data></calendar-data-list><calendar-availability-list><calendar-availability startDate="2022-11-07T00:00:00+01:00" code="RESOURCE_CALENDAR0011-0002"/></calendar-availability-list></calendar><criterion-satisfaction-list/><resources-cost-category-assignment-list/></worker><worker nif="PrÃ©requis 9 - ID" surname="PrÃ©requis 9 - Nom" first-name="PrÃ©requis 9 - PrÃ©nom" code="WORKER0009"><calendar capacity="1" parent="CALENDAR0001" code="RESOURCE_CALENDAR0009"><calendar-exception-list/><calendar-data-list><calendar-data parent-calendar="CALENDAR0001" code="RESOURCE_CALENDAR0009-0001"><hours-per-day-list/></calendar-data></calendar-data-list><calendar-availability-list><calendar-availability startDate="2022-11-07T00:00:00+01:00" code="RESOURCE_CALENDAR0009-0002"/></calendar-availability-list></calendar><criterion-satisfaction-list/><resources-cost-category-assignment-list/></worker><worker nif="PrÃ©requis 5 - ID" surname="PrÃ©requis 5 - Nom" first-name="PrÃ©requis 5 - PrÃ©nom" code="WORKER0005"><calendar capacity="1" parent="CALENDAR0001" code="RESOURCE_CALENDAR0005"><calendar-exception-list/><calendar-data-list><calendar-data parent-calendar="CALENDAR0001" code="RESOURCE_CALENDAR0005-0001"><hours-per-day-list/></calendar-data></calendar-data-list><calendar-availability-list><calendar-availability startDate="2022-11-07T00:00:00+01:00" code="RESOURCE_CALENDAR0005-0002"/></calendar-availability-list></calendar><criterion-satisfaction-list/><resources-cost-category-assignment-list/></worker></resource-list>]]></con:originalMessage></con:configuration></con:assertion><con:credentials><con:username>wsreader</con:username><con:password>wsreader</con:password><con:selectedAuthProfile>Writer</con:selectedAuthProfile><con:preemptive>true</con:preemptive><con:addedBasicAuthenticationTypes>Basic</con:addedBasicAuthenticationTypes><con:authType>No Authorization</con:authType></con:credentials><con:jmsConfig JMSDeliveryMode="PERSISTENT"/><con:parameters><con:entry key="service-path" value="${Properties#service-path}"/></con:parameters><con:parameterOrder><con:entry>service-path</con:entry></con:parameterOrder><con:environmentSpec><con:entry environmentId="5eadaddc-50e1-41ae-911a-8a2f7c39ffe0"><con:authProfile>No Authorization</con:authProfile></con:entry><con:entry environmentId="e2e9701f-ac19-4e25-a4a0-65eddefe8bd7"><con:authProfile>Reader</con:authProfile></con:entry><con:entry environmentId="d0beedb0-1186-4d88-99b9-78d2322fa1f9"><con:authProfile>Writer</con:authProfile></con:entry></con:environmentSpec></con:restRequest></con:config></con:testStep><con:properties/><con:reportParameters/><con:environmentSpec><con:entry environmentId="5eadaddc-50e1-41ae-911a-8a2f7c39ffe0"><con:authProfile>Inherit From Parent</con:authProfile></con:entry><con:entry environmentId="e2e9701f-ac19-4e25-a4a0-65eddefe8bd7"><con:authProfile>Inherit From Parent</con:authProfile></con:entry><con:entry environmentId="d0beedb0-1186-4d88-99b9-78d2322fa1f9"><con:authProfile>Inherit From Parent</con:authProfile></con:entry></con:environmentSpec></con:testCase>