<?xml version="1.0" encoding="UTF-8"?>
<con:testCase id="227ace42-b99b-4016-a629-c6ab5d03954f" discardOkResults="false" failOnError="false" failTestCaseOnErrors="true" keepSession="false" name="Test Case 7 - Récupérer tous les calendriers" searchProperties="true" timeout="0" xmlns:con="http://eviware.com/soapui/config"><con:settings><con:setting id="227ace42-b99b-4016-a629-c6ab5d03954ffileName">Test-Case-7---Récupérer-tous-les-calendriers</con:setting></con:settings><con:testStep type="properties" name="Properties" id="c71f8c3e-f1c4-4336-813a-2dd65b9e81dd"><con:settings/><con:config xsi:type="con:PropertiesStep" saveFirst="true" xmlns:xsi="http://www.w3.org/2001/XMLSchema-instance"><con:properties><con:property><con:name>service-path</con:name><con:value>calendars</con:value></con:property></con:properties></con:config></con:testStep><con:testStep type="restrequest" name="REST Request" id="35b38b18-a8b3-4b47-8e0d-62a5049b925f"><con:settings/><con:config service="LibrePlan" resourcePath="/ws/rest/{service-path}/" methodName="GET - Export all" xsi:type="con:RestRequestStep" xmlns:xsi="http://www.w3.org/2001/XMLSchema-instance"><con:restRequest name="REST Request" id="d21b2823-5c02-4a85-9033-a8bc3ba3fee3" mediaType="application/json"><con:settings><con:setting id="com.eviware.soapui.impl.wsdl.WsdlRequest@request-headers">&lt;xml-fragment/></con:setting></con:settings><con:endpoint>http://localhost:8180/libreplan/</con:endpoint><con:request/><con:originalUri>http://localhost/libreplan/ws/rest/orderelements/</con:originalUri><con:assertion type="Valid HTTP Status Codes" id="7ea52abb-4119-4ab0-8831-587d3a4b2158" name="Valid HTTP Status Codes"><con:settings/><con:configuration><codes>200</codes></con:configuration></con:assertion><con:assertion type="Response SLA Assertion" id="fcaa9ebf-bbf8-428d-879c-0e22e4313879" name="Response SLA"><con:configuration><SLA>200</SLA></con:configuration></con:assertion><con:assertion type="DataAndMetadataAssertion" id="0f11e2cf-dda0-4633-9b8c-d3647388781e" name="Smart Assertion"><con:configuration xsi:type="con:DataAndMetadataAssertion"><con:mode>Received Data</con:mode><con:elements><con:path>declare namespace ns1='http://rest.ws.libreplan.org';
//ns1:base-calendar-list[1]/ns1:base-calendar[1]/@name</con:path><con:element>@name</con:element><con:operatorId>1</con:operatorId><con:enabled>true</con:enabled><con:expectedValue>Default</con:expectedValue><con:caseSensitive>true</con:caseSensitive><con:numberType>false</con:numberType></con:elements><con:elements><con:path>declare namespace ns1='http://rest.ws.libreplan.org';
//ns1:base-calendar-list[1]/ns1:base-calendar[1]/@code</con:path><con:element>@code</con:element><con:operatorId>1</con:operatorId><con:enabled>true</con:enabled><con:expectedValue>CALENDAR0001</con:expectedValue><con:caseSensitive>true</con:caseSensitive><con:numberType>false</con:numberType></con:elements><con:elements><con:path>declare namespace ns1='http://rest.ws.libreplan.org';
//ns1:base-calendar-list[1]/ns1:base-calendar[1]/ns1:calendar-exception-list[1]</con:path><con:element>calendar-exception-list</con:element><con:operatorId>9</con:operatorId><con:enabled>true</con:enabled><con:numberType>false</con:numberType></con:elements><con:elements><con:path>declare namespace ns1='http://rest.ws.libreplan.org';
//ns1:base-calendar-list[1]/ns1:base-calendar[1]/ns1:calendar-data-list[1]/ns1:calendar-data[1]/@code</con:path><con:element>@code</con:element><con:operatorId>1</con:operatorId><con:enabled>true</con:enabled><con:expectedValue>443f5111-929f-46aa-912e-0782544451e7</con:expectedValue><con:caseSensitive>true</con:caseSensitive><con:numberType>false</con:numberType></con:elements><con:elements><con:path>declare namespace ns1='http://rest.ws.libreplan.org';
//ns1:base-calendar-list[1]/ns1:base-calendar[1]/ns1:calendar-data-list[1]/ns1:calendar-data[1]/ns1:hours-per-day-list[1]/ns1:hours-per-day[1]</con:path><con:element>hours-per-day</con:element><con:operatorId>9</con:operatorId><con:enabled>true</con:enabled><con:numberType>false</con:numberType></con:elements><con:elements><con:path>declare namespace ns1='http://rest.ws.libreplan.org';
//ns1:base-calendar-list[1]/ns1:base-calendar[1]/ns1:calendar-data-list[1]/ns1:calendar-data[1]/ns1:hours-per-day-list[1]/ns1:hours-per-day[1]/@hours</con:path><con:element>@hours</con:element><con:operatorId>1</con:operatorId><con:enabled>true</con:enabled><con:expectedValue>8</con:expectedValue><con:caseSensitive>true</con:caseSensitive><con:numberType>false</con:numberType></con:elements><con:elements><con:path>declare namespace ns1='http://rest.ws.libreplan.org';
//ns1:base-calendar-list[1]/ns1:base-calendar[1]/ns1:calendar-data-list[1]/ns1:calendar-data[1]/ns1:hours-per-day-list[1]/ns1:hours-per-day[1]/@day</con:path><con:element>@day</con:element><con:operatorId>1</con:operatorId><con:enabled>true</con:enabled><con:expectedValue>MONDAY</con:expectedValue><con:caseSensitive>true</con:caseSensitive><con:numberType>false</con:numberType></con:elements><con:elements><con:path>declare namespace ns1='http://rest.ws.libreplan.org';
//ns1:base-calendar-list[1]/ns1:base-calendar[1]/ns1:calendar-data-list[1]/ns1:calendar-data[1]/ns1:hours-per-day-list[1]/ns1:hours-per-day[2]</con:path><con:element>hours-per-day</con:element><con:operatorId>9</con:operatorId><con:enabled>true</con:enabled><con:numberType>false</con:numberType></con:elements><con:elements><con:path>declare namespace ns1='http://rest.ws.libreplan.org';
//ns1:base-calendar-list[1]/ns1:base-calendar[1]/ns1:calendar-data-list[1]/ns1:calendar-data[1]/ns1:hours-per-day-list[1]/ns1:hours-per-day[2]/@hours</con:path><con:element>@hours</con:element><con:operatorId>1</con:operatorId><con:enabled>true</con:enabled><con:expectedValue>8</con:expectedValue><con:caseSensitive>true</con:caseSensitive><con:numberType>false</con:numberType></con:elements><con:elements><con:path>declare namespace ns1='http://rest.ws.libreplan.org';
//ns1:base-calendar-list[1]/ns1:base-calendar[1]/ns1:calendar-data-list[1]/ns1:calendar-data[1]/ns1:hours-per-day-list[1]/ns1:hours-per-day[2]/@day</con:path><con:element>@day</con:element><con:operatorId>1</con:operatorId><con:enabled>true</con:enabled><con:expectedValue>TUESDAY</con:expectedValue><con:caseSensitive>true</con:caseSensitive><con:numberType>false</con:numberType></con:elements><con:elements><con:path>declare namespace ns1='http://rest.ws.libreplan.org';
//ns1:base-calendar-list[1]/ns1:base-calendar[1]/ns1:calendar-data-list[1]/ns1:calendar-data[1]/ns1:hours-per-day-list[1]/ns1:hours-per-day[3]</con:path><con:element>hours-per-day</con:element><con:operatorId>9</con:operatorId><con:enabled>true</con:enabled><con:numberType>false</con:numberType></con:elements><con:elements><con:path>declare namespace ns1='http://rest.ws.libreplan.org';
//ns1:base-calendar-list[1]/ns1:base-calendar[1]/ns1:calendar-data-list[1]/ns1:calendar-data[1]/ns1:hours-per-day-list[1]/ns1:hours-per-day[3]/@hours</con:path><con:element>@hours</con:element><con:operatorId>1</con:operatorId><con:enabled>true</con:enabled><con:expectedValue>8</con:expectedValue><con:caseSensitive>true</con:caseSensitive><con:numberType>false</con:numberType></con:elements><con:elements><con:path>declare namespace ns1='http://rest.ws.libreplan.org';
//ns1:base-calendar-list[1]/ns1:base-calendar[1]/ns1:calendar-data-list[1]/ns1:calendar-data[1]/ns1:hours-per-day-list[1]/ns1:hours-per-day[3]/@day</con:path><con:element>@day</con:element><con:operatorId>1</con:operatorId><con:enabled>true</con:enabled><con:expectedValue>WEDNESDAY</con:expectedValue><con:caseSensitive>true</con:caseSensitive><con:numberType>false</con:numberType></con:elements><con:elements><con:path>declare namespace ns1='http://rest.ws.libreplan.org';
//ns1:base-calendar-list[1]/ns1:base-calendar[1]/ns1:calendar-data-list[1]/ns1:calendar-data[1]/ns1:hours-per-day-list[1]/ns1:hours-per-day[4]</con:path><con:element>hours-per-day</con:element><con:operatorId>9</con:operatorId><con:enabled>true</con:enabled><con:numberType>false</con:numberType></con:elements><con:elements><con:path>declare namespace ns1='http://rest.ws.libreplan.org';
//ns1:base-calendar-list[1]/ns1:base-calendar[1]/ns1:calendar-data-list[1]/ns1:calendar-data[1]/ns1:hours-per-day-list[1]/ns1:hours-per-day[4]/@hours</con:path><con:element>@hours</con:element><con:operatorId>1</con:operatorId><con:enabled>true</con:enabled><con:expectedValue>8</con:expectedValue><con:caseSensitive>true</con:caseSensitive><con:numberType>false</con:numberType></con:elements><con:elements><con:path>declare namespace ns1='http://rest.ws.libreplan.org';
//ns1:base-calendar-list[1]/ns1:base-calendar[1]/ns1:calendar-data-list[1]/ns1:calendar-data[1]/ns1:hours-per-day-list[1]/ns1:hours-per-day[4]/@day</con:path><con:element>@day</con:element><con:operatorId>1</con:operatorId><con:enabled>true</con:enabled><con:expectedValue>THURSDAY</con:expectedValue><con:caseSensitive>true</con:caseSensitive><con:numberType>false</con:numberType></con:elements><con:elements><con:path>declare namespace ns1='http://rest.ws.libreplan.org';
//ns1:base-calendar-list[1]/ns1:base-calendar[1]/ns1:calendar-data-list[1]/ns1:calendar-data[1]/ns1:hours-per-day-list[1]/ns1:hours-per-day[5]</con:path><con:element>hours-per-day</con:element><con:operatorId>9</con:operatorId><con:enabled>true</con:enabled><con:numberType>false</con:numberType></con:elements><con:elements><con:path>declare namespace ns1='http://rest.ws.libreplan.org';
//ns1:base-calendar-list[1]/ns1:base-calendar[1]/ns1:calendar-data-list[1]/ns1:calendar-data[1]/ns1:hours-per-day-list[1]/ns1:hours-per-day[5]/@hours</con:path><con:element>@hours</con:element><con:operatorId>1</con:operatorId><con:enabled>true</con:enabled><con:expectedValue>8</con:expectedValue><con:caseSensitive>true</con:caseSensitive><con:numberType>false</con:numberType></con:elements><con:elements><con:path>declare namespace ns1='http://rest.ws.libreplan.org';
//ns1:base-calendar-list[1]/ns1:base-calendar[1]/ns1:calendar-data-list[1]/ns1:calendar-data[1]/ns1:hours-per-day-list[1]/ns1:hours-per-day[5]/@day</con:path><con:element>@day</con:element><con:operatorId>1</con:operatorId><con:enabled>true</con:enabled><con:expectedValue>FRIDAY</con:expectedValue><con:caseSensitive>true</con:caseSensitive><con:numberType>false</con:numberType></con:elements><con:elements><con:path>declare namespace ns1='http://rest.ws.libreplan.org';
//ns1:base-calendar-list[1]/ns1:base-calendar[1]/ns1:calendar-data-list[1]/ns1:calendar-data[1]/ns1:hours-per-day-list[1]/ns1:hours-per-day[6]</con:path><con:element>hours-per-day</con:element><con:operatorId>9</con:operatorId><con:enabled>true</con:enabled><con:numberType>false</con:numberType></con:elements><con:elements><con:path>declare namespace ns1='http://rest.ws.libreplan.org';
//ns1:base-calendar-list[1]/ns1:base-calendar[1]/ns1:calendar-data-list[1]/ns1:calendar-data[1]/ns1:hours-per-day-list[1]/ns1:hours-per-day[6]/@hours</con:path><con:element>@hours</con:element><con:operatorId>1</con:operatorId><con:enabled>true</con:enabled><con:expectedValue>0</con:expectedValue><con:caseSensitive>true</con:caseSensitive><con:numberType>false</con:numberType></con:elements><con:elements><con:path>declare namespace ns1='http://rest.ws.libreplan.org';
//ns1:base-calendar-list[1]/ns1:base-calendar[1]/ns1:calendar-data-list[1]/ns1:calendar-data[1]/ns1:hours-per-day-list[1]/ns1:hours-per-day[6]/@day</con:path><con:element>@day</con:element><con:operatorId>1</con:operatorId><con:enabled>true</con:enabled><con:expectedValue>SATURDAY</con:expectedValue><con:caseSensitive>true</con:caseSensitive><con:numberType>false</con:numberType></con:elements><con:elements><con:path>declare namespace ns1='http://rest.ws.libreplan.org';
//ns1:base-calendar-list[1]/ns1:base-calendar[1]/ns1:calendar-data-list[1]/ns1:calendar-data[1]/ns1:hours-per-day-list[1]/ns1:hours-per-day[7]</con:path><con:element>hours-per-day</con:element><con:operatorId>9</con:operatorId><con:enabled>true</con:enabled><con:numberType>false</con:numberType></con:elements><con:elements><con:path>declare namespace ns1='http://rest.ws.libreplan.org';
//ns1:base-calendar-list[1]/ns1:base-calendar[1]/ns1:calendar-data-list[1]/ns1:calendar-data[1]/ns1:hours-per-day-list[1]/ns1:hours-per-day[7]/@hours</con:path><con:element>@hours</con:element><con:operatorId>1</con:operatorId><con:enabled>true</con:enabled><con:expectedValue>0</con:expectedValue><con:caseSensitive>true</con:caseSensitive><con:numberType>false</con:numberType></con:elements><con:elements><con:path>declare namespace ns1='http://rest.ws.libreplan.org';
//ns1:base-calendar-list[1]/ns1:base-calendar[1]/ns1:calendar-data-list[1]/ns1:calendar-data[1]/ns1:hours-per-day-list[1]/ns1:hours-per-day[7]/@day</con:path><con:element>@day</con:element><con:operatorId>1</con:operatorId><con:enabled>true</con:enabled><con:expectedValue>SUNDAY</con:expectedValue><con:caseSensitive>true</con:caseSensitive><con:numberType>false</con:numberType></con:elements><con:originalMessage><![CDATA[<?xml version="1.0" encoding="UTF-8" standalone="yes"?><base-calendar-list xmlns="http://rest.ws.libreplan.org"><base-calendar name="Default" code="CALENDAR0001"><calendar-exception-list/><calendar-data-list><calendar-data code="443f5111-929f-46aa-912e-0782544451e7"><hours-per-day-list><hours-per-day hours="8" day="MONDAY"/><hours-per-day hours="8" day="TUESDAY"/><hours-per-day hours="8" day="WEDNESDAY"/><hours-per-day hours="8" day="THURSDAY"/><hours-per-day hours="8" day="FRIDAY"/><hours-per-day hours="0" day="SATURDAY"/><hours-per-day hours="0" day="SUNDAY"/></hours-per-day-list></calendar-data></calendar-data-list></base-calendar></base-calendar-list>]]></con:originalMessage></con:configuration></con:assertion><con:credentials><con:username>wsreader</con:username><con:password>wsreader</con:password><con:selectedAuthProfile>Writer</con:selectedAuthProfile><con:preemptive>true</con:preemptive><con:addedBasicAuthenticationTypes>Basic</con:addedBasicAuthenticationTypes><con:authType>No Authorization</con:authType></con:credentials><con:jmsConfig JMSDeliveryMode="PERSISTENT"/><con:parameters><con:entry key="service-path" value="${Properties#service-path}"/></con:parameters><con:parameterOrder><con:entry>service-path</con:entry></con:parameterOrder></con:restRequest></con:config></con:testStep><con:properties/><con:reportParameters/></con:testCase>