<?xml version="1.0" encoding="UTF-8"?>
<con:testCase id="0b43dcd4-e4b9-48df-810c-8fd5f17b6389" discardOkResults="false" failOnError="false" failTestCaseOnErrors="true" keepSession="false" name="Test Case 5 - Récupérer tous les projets" searchProperties="true" timeout="0" xmlns:con="http://eviware.com/soapui/config"><con:settings><con:setting id="0b43dcd4-e4b9-48df-810c-8fd5f17b6389fileName">Test-Case-5---Récupérer-tous-les-projets</con:setting></con:settings><con:testStep type="properties" name="Properties" id="6dba3094-7bde-4c23-9ac0-d270e1652b06"><con:settings/><con:config xsi:type="con:PropertiesStep" saveFirst="true" xmlns:xsi="http://www.w3.org/2001/XMLSchema-instance"><con:properties><con:property><con:name>service-path</con:name><con:value>orderelements</con:value></con:property></con:properties></con:config></con:testStep><con:testStep type="restrequest" name="REST Request" id="eba4ffb3-2443-4b4d-a60e-c540a637d9dc"><con:settings/><con:config service="LibrePlan" resourcePath="/ws/rest/{service-path}/" methodName="GET - Export all" xsi:type="con:RestRequestStep" xmlns:xsi="http://www.w3.org/2001/XMLSchema-instance"><con:restRequest name="REST Request" id="d21b2823-5c02-4a85-9033-a8bc3ba3fee3" mediaType="application/json"><con:settings><con:setting id="com.eviware.soapui.impl.wsdl.WsdlRequest@request-headers">&lt;xml-fragment/></con:setting></con:settings><con:endpoint>http://localhost:8180/libreplan/</con:endpoint><con:request/><con:originalUri>http://localhost/libreplan/ws/rest/orderelements/</con:originalUri><con:assertion type="Valid HTTP Status Codes" id="ca5b715c-2602-4fc1-b094-2bd62678319d" name="Valid HTTP Status Codes"><con:settings/><con:configuration><codes>200</codes></con:configuration></con:assertion><con:assertion type="Response SLA Assertion" id="af83520d-c332-4817-ae06-11b4d1f92ce2" name="Response SLA"><con:configuration><SLA>1000</SLA></con:configuration></con:assertion><con:assertion type="DataAndMetadataAssertion" id="449dbbf6-63bd-489e-a28f-31162efd46f4" name="Smart Assertion"><con:configuration xsi:type="con:DataAndMetadataAssertion"><con:mode>Received Data</con:mode><con:elements><con:path>declare namespace ns1='http://rest.ws.libreplan.org';
//ns1:order-list[1]/ns1:order[1]/@calendar-name</con:path><con:element>@calendar-name</con:element><con:operatorId>1</con:operatorId><con:enabled>true</con:enabled><con:expectedValue>Default</con:expectedValue><con:caseSensitive>true</con:caseSensitive><con:numberType>false</con:numberType></con:elements><con:elements><con:path>declare namespace ns1='http://rest.ws.libreplan.org';
//ns1:order-list[1]/ns1:order[1]/@dependencies-constraints-have-priority</con:path><con:element>@dependencies-constraints-have-priority</con:element><con:operatorId>1</con:operatorId><con:enabled>true</con:enabled><con:expectedValue>false</con:expectedValue><con:caseSensitive>true</con:caseSensitive><con:numberType>false</con:numberType></con:elements><con:elements><con:path>declare namespace ns1='http://rest.ws.libreplan.org';
//ns1:order-list[1]/ns1:order[1]/@deadline</con:path><con:element>@deadline</con:element><con:operatorId>1</con:operatorId><con:enabled>true</con:enabled><con:expectedValue>2022-12-20</con:expectedValue><con:caseSensitive>true</con:caseSensitive><con:numberType>false</con:numberType></con:elements><con:elements><con:path>declare namespace ns1='http://rest.ws.libreplan.org';
//ns1:order-list[1]/ns1:order[1]/@init-date</con:path><con:element>@init-date</con:element><con:operatorId>1</con:operatorId><con:enabled>true</con:enabled><con:expectedValue>2022-12-05</con:expectedValue><con:caseSensitive>true</con:caseSensitive><con:numberType>false</con:numberType></con:elements><con:elements><con:path>declare namespace ns1='http://rest.ws.libreplan.org';
//ns1:order-list[1]/ns1:order[1]/@name</con:path><con:element>@name</con:element><con:operatorId>1</con:operatorId><con:enabled>true</con:enabled><con:expectedValue>PROJET_TEST1</con:expectedValue><con:caseSensitive>true</con:caseSensitive><con:numberType>false</con:numberType></con:elements><con:elements><con:path>declare namespace ns1='http://rest.ws.libreplan.org';
//ns1:order-list[1]/ns1:order[1]/@code</con:path><con:element>@code</con:element><con:operatorId>1</con:operatorId><con:enabled>true</con:enabled><con:expectedValue>ORDER0002</con:expectedValue><con:caseSensitive>true</con:caseSensitive><con:numberType>false</con:numberType></con:elements><con:elements><con:path>declare namespace ns1='http://rest.ws.libreplan.org';
//ns1:order-list[1]/ns1:order[1]/ns1:labels[1]</con:path><con:element>labels</con:element><con:operatorId>9</con:operatorId><con:enabled>true</con:enabled><con:numberType>false</con:numberType></con:elements><con:elements><con:path>declare namespace ns1='http://rest.ws.libreplan.org';
//ns1:order-list[1]/ns1:order[1]/ns1:material-assignments[1]</con:path><con:element>material-assignments</con:element><con:operatorId>9</con:operatorId><con:enabled>true</con:enabled><con:numberType>false</con:numberType></con:elements><con:elements><con:path>declare namespace ns1='http://rest.ws.libreplan.org';
//ns1:order-list[1]/ns1:order[1]/ns1:advance-measurements[1]</con:path><con:element>advance-measurements</con:element><con:operatorId>9</con:operatorId><con:enabled>true</con:enabled><con:numberType>false</con:numberType></con:elements><con:elements><con:path>declare namespace ns1='http://rest.ws.libreplan.org';
//ns1:order-list[1]/ns1:order[1]/ns1:criterion-requirements[1]</con:path><con:element>criterion-requirements</con:element><con:operatorId>9</con:operatorId><con:enabled>true</con:enabled><con:numberType>false</con:numberType></con:elements><con:elements><con:path>declare namespace ns1='http://rest.ws.libreplan.org';
//ns1:order-list[1]/ns1:order[1]/ns1:children[1]/ns1:order-line[1]/@deadline</con:path><con:element>@deadline</con:element><con:operatorId>1</con:operatorId><con:enabled>true</con:enabled><con:expectedValue>2022-12-15</con:expectedValue><con:caseSensitive>true</con:caseSensitive><con:numberType>false</con:numberType></con:elements><con:elements><con:path>declare namespace ns1='http://rest.ws.libreplan.org';
//ns1:order-list[1]/ns1:order[1]/ns1:children[1]/ns1:order-line[1]/@init-date</con:path><con:element>@init-date</con:element><con:operatorId>1</con:operatorId><con:enabled>true</con:enabled><con:expectedValue>2022-12-05</con:expectedValue><con:caseSensitive>true</con:caseSensitive><con:numberType>false</con:numberType></con:elements><con:elements><con:path>declare namespace ns1='http://rest.ws.libreplan.org';
//ns1:order-list[1]/ns1:order[1]/ns1:children[1]/ns1:order-line[1]/@name</con:path><con:element>@name</con:element><con:operatorId>1</con:operatorId><con:enabled>true</con:enabled><con:expectedValue>Tache1-P1</con:expectedValue><con:caseSensitive>true</con:caseSensitive><con:numberType>false</con:numberType></con:elements><con:elements><con:path>declare namespace ns1='http://rest.ws.libreplan.org';
//ns1:order-list[1]/ns1:order[1]/ns1:children[1]/ns1:order-line[1]/@code</con:path><con:element>@code</con:element><con:operatorId>1</con:operatorId><con:enabled>true</con:enabled><con:expectedValue>ORDER0002-0003</con:expectedValue><con:caseSensitive>true</con:caseSensitive><con:numberType>false</con:numberType></con:elements><con:elements><con:path>declare namespace ns1='http://rest.ws.libreplan.org';
//ns1:order-list[1]/ns1:order[1]/ns1:children[1]/ns1:order-line[1]/ns1:labels[1]</con:path><con:element>labels</con:element><con:operatorId>9</con:operatorId><con:enabled>true</con:enabled><con:numberType>false</con:numberType></con:elements><con:elements><con:path>declare namespace ns1='http://rest.ws.libreplan.org';
//ns1:order-list[1]/ns1:order[1]/ns1:children[1]/ns1:order-line[1]/ns1:material-assignments[1]</con:path><con:element>material-assignments</con:element><con:operatorId>9</con:operatorId><con:enabled>true</con:enabled><con:numberType>false</con:numberType></con:elements><con:elements><con:path>declare namespace ns1='http://rest.ws.libreplan.org';
//ns1:order-list[1]/ns1:order[1]/ns1:children[1]/ns1:order-line[1]/ns1:advance-measurements[1]</con:path><con:element>advance-measurements</con:element><con:operatorId>9</con:operatorId><con:enabled>true</con:enabled><con:numberType>false</con:numberType></con:elements><con:elements><con:path>declare namespace ns1='http://rest.ws.libreplan.org';
//ns1:order-list[1]/ns1:order[1]/ns1:children[1]/ns1:order-line[1]/ns1:criterion-requirements[1]</con:path><con:element>criterion-requirements</con:element><con:operatorId>9</con:operatorId><con:enabled>true</con:enabled><con:numberType>false</con:numberType></con:elements><con:elements><con:path>declare namespace ns1='http://rest.ws.libreplan.org';
//ns1:order-list[1]/ns1:order[1]/ns1:children[1]/ns1:order-line[1]/ns1:hours-groups[1]/ns1:hours-group[1]/@working-hours</con:path><con:element>@working-hours</con:element><con:operatorId>1</con:operatorId><con:enabled>true</con:enabled><con:expectedValue>5</con:expectedValue><con:caseSensitive>true</con:caseSensitive><con:numberType>false</con:numberType></con:elements><con:elements><con:path>declare namespace ns1='http://rest.ws.libreplan.org';
//ns1:order-list[1]/ns1:order[1]/ns1:children[1]/ns1:order-line[1]/ns1:hours-groups[1]/ns1:hours-group[1]/@resource-type</con:path><con:element>@resource-type</con:element><con:operatorId>1</con:operatorId><con:enabled>true</con:enabled><con:expectedValue>WORKER</con:expectedValue><con:caseSensitive>true</con:caseSensitive><con:numberType>false</con:numberType></con:elements><con:elements><con:path>declare namespace ns1='http://rest.ws.libreplan.org';
//ns1:order-list[1]/ns1:order[1]/ns1:children[1]/ns1:order-line[1]/ns1:hours-groups[1]/ns1:hours-group[1]/@code</con:path><con:element>@code</con:element><con:operatorId>1</con:operatorId><con:enabled>true</con:enabled><con:expectedValue>ORDER0002-0003-0001</con:expectedValue><con:caseSensitive>true</con:caseSensitive><con:numberType>false</con:numberType></con:elements><con:elements><con:path>declare namespace ns1='http://rest.ws.libreplan.org';
//ns1:order-list[1]/ns1:order[1]/ns1:children[1]/ns1:order-line[1]/ns1:hours-groups[1]/ns1:hours-group[1]/ns1:criterion-requirements[1]</con:path><con:element>criterion-requirements</con:element><con:operatorId>9</con:operatorId><con:enabled>true</con:enabled><con:numberType>false</con:numberType></con:elements><con:elements><con:path>declare namespace ns1='http://rest.ws.libreplan.org';
//ns1:order-list[1]/ns1:order[1]/ns1:children[1]/ns1:order-line[2]/@deadline</con:path><con:element>@deadline</con:element><con:operatorId>1</con:operatorId><con:enabled>true</con:enabled><con:expectedValue>2022-12-20</con:expectedValue><con:caseSensitive>true</con:caseSensitive><con:numberType>false</con:numberType></con:elements><con:elements><con:path>declare namespace ns1='http://rest.ws.libreplan.org';
//ns1:order-list[1]/ns1:order[1]/ns1:children[1]/ns1:order-line[2]/@init-date</con:path><con:element>@init-date</con:element><con:operatorId>1</con:operatorId><con:enabled>true</con:enabled><con:expectedValue>2022-12-08</con:expectedValue><con:caseSensitive>true</con:caseSensitive><con:numberType>false</con:numberType></con:elements><con:elements><con:path>declare namespace ns1='http://rest.ws.libreplan.org';
//ns1:order-list[1]/ns1:order[1]/ns1:children[1]/ns1:order-line[2]/@name</con:path><con:element>@name</con:element><con:operatorId>1</con:operatorId><con:enabled>true</con:enabled><con:expectedValue>Tache2-P1</con:expectedValue><con:caseSensitive>true</con:caseSensitive><con:numberType>false</con:numberType></con:elements><con:elements><con:path>declare namespace ns1='http://rest.ws.libreplan.org';
//ns1:order-list[1]/ns1:order[1]/ns1:children[1]/ns1:order-line[2]/@code</con:path><con:element>@code</con:element><con:operatorId>1</con:operatorId><con:enabled>true</con:enabled><con:expectedValue>ORDER0002-0001</con:expectedValue><con:caseSensitive>true</con:caseSensitive><con:numberType>false</con:numberType></con:elements><con:elements><con:path>declare namespace ns1='http://rest.ws.libreplan.org';
//ns1:order-list[1]/ns1:order[1]/ns1:children[1]/ns1:order-line[2]/ns1:labels[1]</con:path><con:element>labels</con:element><con:operatorId>9</con:operatorId><con:enabled>true</con:enabled><con:numberType>false</con:numberType></con:elements><con:elements><con:path>declare namespace ns1='http://rest.ws.libreplan.org';
//ns1:order-list[1]/ns1:order[1]/ns1:children[1]/ns1:order-line[2]/ns1:material-assignments[1]</con:path><con:element>material-assignments</con:element><con:operatorId>9</con:operatorId><con:enabled>true</con:enabled><con:numberType>false</con:numberType></con:elements><con:elements><con:path>declare namespace ns1='http://rest.ws.libreplan.org';
//ns1:order-list[1]/ns1:order[1]/ns1:children[1]/ns1:order-line[2]/ns1:advance-measurements[1]</con:path><con:element>advance-measurements</con:element><con:operatorId>9</con:operatorId><con:enabled>true</con:enabled><con:numberType>false</con:numberType></con:elements><con:elements><con:path>declare namespace ns1='http://rest.ws.libreplan.org';
//ns1:order-list[1]/ns1:order[1]/ns1:children[1]/ns1:order-line[2]/ns1:criterion-requirements[1]</con:path><con:element>criterion-requirements</con:element><con:operatorId>9</con:operatorId><con:enabled>true</con:enabled><con:numberType>false</con:numberType></con:elements><con:elements><con:path>declare namespace ns1='http://rest.ws.libreplan.org';
//ns1:order-list[1]/ns1:order[1]/ns1:children[1]/ns1:order-line[2]/ns1:hours-groups[1]/ns1:hours-group[1]/@working-hours</con:path><con:element>@working-hours</con:element><con:operatorId>1</con:operatorId><con:enabled>true</con:enabled><con:expectedValue>10</con:expectedValue><con:caseSensitive>true</con:caseSensitive><con:numberType>false</con:numberType></con:elements><con:elements><con:path>declare namespace ns1='http://rest.ws.libreplan.org';
//ns1:order-list[1]/ns1:order[1]/ns1:children[1]/ns1:order-line[2]/ns1:hours-groups[1]/ns1:hours-group[1]/@resource-type</con:path><con:element>@resource-type</con:element><con:operatorId>1</con:operatorId><con:enabled>true</con:enabled><con:expectedValue>WORKER</con:expectedValue><con:caseSensitive>true</con:caseSensitive><con:numberType>false</con:numberType></con:elements><con:elements><con:path>declare namespace ns1='http://rest.ws.libreplan.org';
//ns1:order-list[1]/ns1:order[1]/ns1:children[1]/ns1:order-line[2]/ns1:hours-groups[1]/ns1:hours-group[1]/@code</con:path><con:element>@code</con:element><con:operatorId>1</con:operatorId><con:enabled>true</con:enabled><con:expectedValue>ORDER0002-0001-0001</con:expectedValue><con:caseSensitive>true</con:caseSensitive><con:numberType>false</con:numberType></con:elements><con:elements><con:path>declare namespace ns1='http://rest.ws.libreplan.org';
//ns1:order-list[1]/ns1:order[1]/ns1:children[1]/ns1:order-line[2]/ns1:hours-groups[1]/ns1:hours-group[1]/ns1:criterion-requirements[1]</con:path><con:element>criterion-requirements</con:element><con:operatorId>9</con:operatorId><con:enabled>true</con:enabled><con:numberType>false</con:numberType></con:elements><con:elements><con:path>declare namespace ns1='http://rest.ws.libreplan.org';
//ns1:order-list[1]/ns1:order[1]/ns1:children[1]/ns1:order-line[3]/@deadline</con:path><con:element>@deadline</con:element><con:operatorId>1</con:operatorId><con:enabled>true</con:enabled><con:expectedValue>2022-12-12</con:expectedValue><con:caseSensitive>true</con:caseSensitive><con:numberType>false</con:numberType></con:elements><con:elements><con:path>declare namespace ns1='http://rest.ws.libreplan.org';
//ns1:order-list[1]/ns1:order[1]/ns1:children[1]/ns1:order-line[3]/@init-date</con:path><con:element>@init-date</con:element><con:operatorId>1</con:operatorId><con:enabled>true</con:enabled><con:expectedValue>2022-12-05</con:expectedValue><con:caseSensitive>true</con:caseSensitive><con:numberType>false</con:numberType></con:elements><con:elements><con:path>declare namespace ns1='http://rest.ws.libreplan.org';
//ns1:order-list[1]/ns1:order[1]/ns1:children[1]/ns1:order-line[3]/@name</con:path><con:element>@name</con:element><con:operatorId>1</con:operatorId><con:enabled>true</con:enabled><con:expectedValue>Tache3-P1</con:expectedValue><con:caseSensitive>true</con:caseSensitive><con:numberType>false</con:numberType></con:elements><con:elements><con:path>declare namespace ns1='http://rest.ws.libreplan.org';
//ns1:order-list[1]/ns1:order[1]/ns1:children[1]/ns1:order-line[3]/@code</con:path><con:element>@code</con:element><con:operatorId>1</con:operatorId><con:enabled>true</con:enabled><con:expectedValue>ORDER0002-0002</con:expectedValue><con:caseSensitive>true</con:caseSensitive><con:numberType>false</con:numberType></con:elements><con:elements><con:path>declare namespace ns1='http://rest.ws.libreplan.org';
//ns1:order-list[1]/ns1:order[1]/ns1:children[1]/ns1:order-line[3]/ns1:labels[1]</con:path><con:element>labels</con:element><con:operatorId>9</con:operatorId><con:enabled>true</con:enabled><con:numberType>false</con:numberType></con:elements><con:elements><con:path>declare namespace ns1='http://rest.ws.libreplan.org';
//ns1:order-list[1]/ns1:order[1]/ns1:children[1]/ns1:order-line[3]/ns1:material-assignments[1]</con:path><con:element>material-assignments</con:element><con:operatorId>9</con:operatorId><con:enabled>true</con:enabled><con:numberType>false</con:numberType></con:elements><con:elements><con:path>declare namespace ns1='http://rest.ws.libreplan.org';
//ns1:order-list[1]/ns1:order[1]/ns1:children[1]/ns1:order-line[3]/ns1:advance-measurements[1]</con:path><con:element>advance-measurements</con:element><con:operatorId>9</con:operatorId><con:enabled>true</con:enabled><con:numberType>false</con:numberType></con:elements><con:elements><con:path>declare namespace ns1='http://rest.ws.libreplan.org';
//ns1:order-list[1]/ns1:order[1]/ns1:children[1]/ns1:order-line[3]/ns1:criterion-requirements[1]</con:path><con:element>criterion-requirements</con:element><con:operatorId>9</con:operatorId><con:enabled>true</con:enabled><con:numberType>false</con:numberType></con:elements><con:elements><con:path>declare namespace ns1='http://rest.ws.libreplan.org';
//ns1:order-list[1]/ns1:order[1]/ns1:children[1]/ns1:order-line[3]/ns1:hours-groups[1]/ns1:hours-group[1]/@working-hours</con:path><con:element>@working-hours</con:element><con:operatorId>1</con:operatorId><con:enabled>true</con:enabled><con:expectedValue>20</con:expectedValue><con:caseSensitive>true</con:caseSensitive><con:numberType>false</con:numberType></con:elements><con:elements><con:path>declare namespace ns1='http://rest.ws.libreplan.org';
//ns1:order-list[1]/ns1:order[1]/ns1:children[1]/ns1:order-line[3]/ns1:hours-groups[1]/ns1:hours-group[1]/@resource-type</con:path><con:element>@resource-type</con:element><con:operatorId>1</con:operatorId><con:enabled>true</con:enabled><con:expectedValue>WORKER</con:expectedValue><con:caseSensitive>true</con:caseSensitive><con:numberType>false</con:numberType></con:elements><con:elements><con:path>declare namespace ns1='http://rest.ws.libreplan.org';
//ns1:order-list[1]/ns1:order[1]/ns1:children[1]/ns1:order-line[3]/ns1:hours-groups[1]/ns1:hours-group[1]/@code</con:path><con:element>@code</con:element><con:operatorId>1</con:operatorId><con:enabled>true</con:enabled><con:expectedValue>ORDER0002-0002-0001</con:expectedValue><con:caseSensitive>true</con:caseSensitive><con:numberType>false</con:numberType></con:elements><con:elements><con:path>declare namespace ns1='http://rest.ws.libreplan.org';
//ns1:order-list[1]/ns1:order[1]/ns1:children[1]/ns1:order-line[3]/ns1:hours-groups[1]/ns1:hours-group[1]/ns1:criterion-requirements[1]</con:path><con:element>criterion-requirements</con:element><con:operatorId>9</con:operatorId><con:enabled>true</con:enabled><con:numberType>false</con:numberType></con:elements><con:elements><con:path>declare namespace ns1='http://rest.ws.libreplan.org';
//ns1:order-list[1]/ns1:order[1]/ns1:children[1]/ns1:order-line[4]/@deadline</con:path><con:element>@deadline</con:element><con:operatorId>1</con:operatorId><con:enabled>true</con:enabled><con:expectedValue>2022-12-20</con:expectedValue><con:caseSensitive>true</con:caseSensitive><con:numberType>false</con:numberType></con:elements><con:elements><con:path>declare namespace ns1='http://rest.ws.libreplan.org';
//ns1:order-list[1]/ns1:order[1]/ns1:children[1]/ns1:order-line[4]/@init-date</con:path><con:element>@init-date</con:element><con:operatorId>1</con:operatorId><con:enabled>true</con:enabled><con:expectedValue>2022-12-13</con:expectedValue><con:caseSensitive>true</con:caseSensitive><con:numberType>false</con:numberType></con:elements><con:elements><con:path>declare namespace ns1='http://rest.ws.libreplan.org';
//ns1:order-list[1]/ns1:order[1]/ns1:children[1]/ns1:order-line[4]/@name</con:path><con:element>@name</con:element><con:operatorId>1</con:operatorId><con:enabled>true</con:enabled><con:expectedValue>Tache4-P1</con:expectedValue><con:caseSensitive>true</con:caseSensitive><con:numberType>false</con:numberType></con:elements><con:elements><con:path>declare namespace ns1='http://rest.ws.libreplan.org';
//ns1:order-list[1]/ns1:order[1]/ns1:children[1]/ns1:order-line[4]/@code</con:path><con:element>@code</con:element><con:operatorId>1</con:operatorId><con:enabled>true</con:enabled><con:expectedValue>ORDER0002-0004</con:expectedValue><con:caseSensitive>true</con:caseSensitive><con:numberType>false</con:numberType></con:elements><con:elements><con:path>declare namespace ns1='http://rest.ws.libreplan.org';
//ns1:order-list[1]/ns1:order[1]/ns1:children[1]/ns1:order-line[4]/ns1:labels[1]</con:path><con:element>labels</con:element><con:operatorId>9</con:operatorId><con:enabled>true</con:enabled><con:numberType>false</con:numberType></con:elements><con:elements><con:path>declare namespace ns1='http://rest.ws.libreplan.org';
//ns1:order-list[1]/ns1:order[1]/ns1:children[1]/ns1:order-line[4]/ns1:material-assignments[1]</con:path><con:element>material-assignments</con:element><con:operatorId>9</con:operatorId><con:enabled>true</con:enabled><con:numberType>false</con:numberType></con:elements><con:elements><con:path>declare namespace ns1='http://rest.ws.libreplan.org';
//ns1:order-list[1]/ns1:order[1]/ns1:children[1]/ns1:order-line[4]/ns1:advance-measurements[1]</con:path><con:element>advance-measurements</con:element><con:operatorId>9</con:operatorId><con:enabled>true</con:enabled><con:numberType>false</con:numberType></con:elements><con:elements><con:path>declare namespace ns1='http://rest.ws.libreplan.org';
//ns1:order-list[1]/ns1:order[1]/ns1:children[1]/ns1:order-line[4]/ns1:criterion-requirements[1]</con:path><con:element>criterion-requirements</con:element><con:operatorId>9</con:operatorId><con:enabled>true</con:enabled><con:numberType>false</con:numberType></con:elements><con:elements><con:path>declare namespace ns1='http://rest.ws.libreplan.org';
//ns1:order-list[1]/ns1:order[1]/ns1:children[1]/ns1:order-line[4]/ns1:hours-groups[1]/ns1:hours-group[1]/@working-hours</con:path><con:element>@working-hours</con:element><con:operatorId>1</con:operatorId><con:enabled>true</con:enabled><con:expectedValue>8</con:expectedValue><con:caseSensitive>true</con:caseSensitive><con:numberType>false</con:numberType></con:elements><con:elements><con:path>declare namespace ns1='http://rest.ws.libreplan.org';
//ns1:order-list[1]/ns1:order[1]/ns1:children[1]/ns1:order-line[4]/ns1:hours-groups[1]/ns1:hours-group[1]/@resource-type</con:path><con:element>@resource-type</con:element><con:operatorId>1</con:operatorId><con:enabled>true</con:enabled><con:expectedValue>WORKER</con:expectedValue><con:caseSensitive>true</con:caseSensitive><con:numberType>false</con:numberType></con:elements><con:elements><con:path>declare namespace ns1='http://rest.ws.libreplan.org';
//ns1:order-list[1]/ns1:order[1]/ns1:children[1]/ns1:order-line[4]/ns1:hours-groups[1]/ns1:hours-group[1]/@code</con:path><con:element>@code</con:element><con:operatorId>1</con:operatorId><con:enabled>true</con:enabled><con:expectedValue>ORDER0002-0004-0001</con:expectedValue><con:caseSensitive>true</con:caseSensitive><con:numberType>false</con:numberType></con:elements><con:elements><con:path>declare namespace ns1='http://rest.ws.libreplan.org';
//ns1:order-list[1]/ns1:order[1]/ns1:children[1]/ns1:order-line[4]/ns1:hours-groups[1]/ns1:hours-group[1]/ns1:criterion-requirements[1]</con:path><con:element>criterion-requirements</con:element><con:operatorId>9</con:operatorId><con:enabled>true</con:enabled><con:numberType>false</con:numberType></con:elements><con:elements><con:path>declare namespace ns1='http://rest.ws.libreplan.org';
//ns1:order-list[1]/ns1:order[2]/@calendar-name</con:path><con:element>@calendar-name</con:element><con:operatorId>1</con:operatorId><con:enabled>true</con:enabled><con:expectedValue>Default</con:expectedValue><con:caseSensitive>true</con:caseSensitive><con:numberType>false</con:numberType></con:elements><con:elements><con:path>declare namespace ns1='http://rest.ws.libreplan.org';
//ns1:order-list[1]/ns1:order[2]/@dependencies-constraints-have-priority</con:path><con:element>@dependencies-constraints-have-priority</con:element><con:operatorId>1</con:operatorId><con:enabled>true</con:enabled><con:expectedValue>false</con:expectedValue><con:caseSensitive>true</con:caseSensitive><con:numberType>false</con:numberType></con:elements><con:elements><con:path>declare namespace ns1='http://rest.ws.libreplan.org';
//ns1:order-list[1]/ns1:order[2]/@deadline</con:path><con:element>@deadline</con:element><con:operatorId>1</con:operatorId><con:enabled>true</con:enabled><con:expectedValue>2022-11-10</con:expectedValue><con:caseSensitive>true</con:caseSensitive><con:numberType>false</con:numberType></con:elements><con:elements><con:path>declare namespace ns1='http://rest.ws.libreplan.org';
//ns1:order-list[1]/ns1:order[2]/@init-date</con:path><con:element>@init-date</con:element><con:operatorId>1</con:operatorId><con:enabled>true</con:enabled><con:expectedValue>2022-11-09</con:expectedValue><con:caseSensitive>true</con:caseSensitive><con:numberType>false</con:numberType></con:elements><con:elements><con:path>declare namespace ns1='http://rest.ws.libreplan.org';
//ns1:order-list[1]/ns1:order[2]/@name</con:path><con:element>@name</con:element><con:operatorId>1</con:operatorId><con:enabled>true</con:enabled><con:expectedValue>Test</con:expectedValue><con:caseSensitive>true</con:caseSensitive><con:numberType>false</con:numberType></con:elements><con:elements><con:path>declare namespace ns1='http://rest.ws.libreplan.org';
//ns1:order-list[1]/ns1:order[2]/@code</con:path><con:element>@code</con:element><con:operatorId>1</con:operatorId><con:enabled>true</con:enabled><con:expectedValue>ORDER0004</con:expectedValue><con:caseSensitive>true</con:caseSensitive><con:numberType>false</con:numberType></con:elements><con:elements><con:path>declare namespace ns1='http://rest.ws.libreplan.org';
//ns1:order-list[1]/ns1:order[2]/ns1:labels[1]</con:path><con:element>labels</con:element><con:operatorId>9</con:operatorId><con:enabled>true</con:enabled><con:numberType>false</con:numberType></con:elements><con:elements><con:path>declare namespace ns1='http://rest.ws.libreplan.org';
//ns1:order-list[1]/ns1:order[2]/ns1:material-assignments[1]</con:path><con:element>material-assignments</con:element><con:operatorId>9</con:operatorId><con:enabled>true</con:enabled><con:numberType>false</con:numberType></con:elements><con:elements><con:path>declare namespace ns1='http://rest.ws.libreplan.org';
//ns1:order-list[1]/ns1:order[2]/ns1:advance-measurements[1]</con:path><con:element>advance-measurements</con:element><con:operatorId>9</con:operatorId><con:enabled>true</con:enabled><con:numberType>false</con:numberType></con:elements><con:elements><con:path>declare namespace ns1='http://rest.ws.libreplan.org';
//ns1:order-list[1]/ns1:order[2]/ns1:criterion-requirements[1]</con:path><con:element>criterion-requirements</con:element><con:operatorId>9</con:operatorId><con:enabled>true</con:enabled><con:numberType>false</con:numberType></con:elements><con:elements><con:path>declare namespace ns1='http://rest.ws.libreplan.org';
//ns1:order-list[1]/ns1:order[2]/ns1:children[1]</con:path><con:element>children</con:element><con:operatorId>9</con:operatorId><con:enabled>true</con:enabled><con:numberType>false</con:numberType></con:elements><con:originalMessage><![CDATA[<?xml version="1.0" encoding="UTF-8" standalone="yes"?><order-list xmlns="http://rest.ws.libreplan.org"><order calendar-name="Default" dependencies-constraints-have-priority="false" deadline="2022-12-20" init-date="2022-12-05" name="PROJET_TEST1" code="ORDER0002"><labels/><material-assignments/><advance-measurements/><criterion-requirements/><children><order-line deadline="2022-12-15" init-date="2022-12-05" name="Tache1-P1" code="ORDER0002-0003"><labels/><material-assignments/><advance-measurements/><criterion-requirements/><hours-groups><hours-group working-hours="5" resource-type="WORKER" code="ORDER0002-0003-0001"><criterion-requirements/></hours-group></hours-groups></order-line><order-line deadline="2022-12-20" init-date="2022-12-08" name="Tache2-P1" code="ORDER0002-0001"><labels/><material-assignments/><advance-measurements/><criterion-requirements/><hours-groups><hours-group working-hours="10" resource-type="WORKER" code="ORDER0002-0001-0001"><criterion-requirements/></hours-group></hours-groups></order-line><order-line deadline="2022-12-12" init-date="2022-12-05" name="Tache3-P1" code="ORDER0002-0002"><labels/><material-assignments/><advance-measurements/><criterion-requirements/><hours-groups><hours-group working-hours="20" resource-type="WORKER" code="ORDER0002-0002-0001"><criterion-requirements/></hours-group></hours-groups></order-line><order-line deadline="2022-12-20" init-date="2022-12-13" name="Tache4-P1" code="ORDER0002-0004"><labels/><material-assignments/><advance-measurements/><criterion-requirements/><hours-groups><hours-group working-hours="8" resource-type="WORKER" code="ORDER0002-0004-0001"><criterion-requirements/></hours-group></hours-groups></order-line></children></order><order calendar-name="Default" dependencies-constraints-have-priority="false" deadline="2022-11-10" init-date="2022-11-09" name="Test" code="ORDER0004"><labels/><material-assignments/><advance-measurements/><criterion-requirements/><children/></order></order-list>]]></con:originalMessage></con:configuration></con:assertion><con:assertion type="Sensitive Information Exposure" id="d368a9d4-b4c8-4849-82a7-fefec7cb0d57" name="Sensitive Information Exposure"><con:configuration><AssertionSpecificExposureList>~(?s).*Runtime (E|e)rror.*###[Stacktrace] Can give hackers information about which software or language you are using</AssertionSpecificExposureList><AssertionSpecificExposureList>~(?s).*SQLSTATE: [A-Z0-9].*###[Database error messages] Internal database information can be misused by hackers</AssertionSpecificExposureList><AssertionSpecificExposureList>~(?s).*(s|S)tack:.*###[Stacktrace] Can give hackers information about which software or language you are using</AssertionSpecificExposureList><AssertionSpecificExposureList>~(?s).*(s|S)yntax (e|E)rror\s.*###[Stacktrace] Can give hackers information about which software or language you are using</AssertionSpecificExposureList><AssertionSpecificExposureList>~(?s).*\w+/\d{1,2}(\.\d{1,3})+.*###[Version x.y.z] Exposing version numbers gives
            unnecessary hints on your systems vulnerabilities</AssertionSpecificExposureList><AssertionSpecificExposureList>~(?s).*Invalid column name\s.*###[Database error messages] Internal database information can be misused by hackers</AssertionSpecificExposureList><AssertionSpecificExposureList>~(?s).*
            (ORA|EXP|IMP|KUP|UDE|UDI|DBV|LCD|QSM|OCI|RMAN|LFI|PLS|PLQ|AMD|CLSR|PROC|PROT|TNS|NNC|NLP|NNF|NMP|NCR|NZE|O2F|O2I|O2U|PCB|PCC|SQL|AUD|IMG|VID|DRG|LPX|LSX)-\d{5}\s
        .*###[Database error messages] Internal database information can be misused by hackers</AssertionSpecificExposureList><AssertionSpecificExposureList>~(?s).*(p|P)owered by:? ([a-zA-Z]+)( [a-zA-Z]+){0,3}( |/)\d\.\d{1,2}\.\d{1,3}.*###[Version x.y.z] Exposing version numbers gives
            unnecessary hints on your systems vulnerabilities</AssertionSpecificExposureList><AssertionSpecificExposureList>~(?s).*at [\w\$]+(\.[\w\$&lt;>\[\],]+|\.\.ctor)+(\((([\w\$&lt;>\`\[\]]+ [\w\$&lt;>]+, )*(([\w\$&lt;>\`\[\]]+
            [\w\$&lt;>]+)))\)|\(\))
        .*###[Stacktrace] Can give hackers information about which software or language you are using</AssertionSpecificExposureList><AssertionSpecificExposureList>~(?s).*&lt;\w+:frame\s*class=".*"\s*line=".*"\s*method=".*"\s*/>.*###[Stacktrace] Can give hackers information about which software or language you are using</AssertionSpecificExposureList><AssertionSpecificExposureList>~(?s).*Traceback \(most recent call last\):.*###[Stacktrace] Can give hackers information about which software or language you are using</AssertionSpecificExposureList><AssertionSpecificExposureList>~(?s).*((I|i)ncorrect|(I|i)nvalid) (s|S)yntax.*###[Stacktrace] Can give hackers information about which software or language you are using</AssertionSpecificExposureList><AssertionSpecificExposureList>~(?s).*(s|S)tack ?(t|T)race.*###[Stacktrace] Can give hackers information about which software or language you are using</AssertionSpecificExposureList><AssertionSpecificExposureList>~(?s).*(e|E)rror was:\s.*###[Database error messages] Internal database information can be misused by hackers</AssertionSpecificExposureList><AssertionSpecificExposureList>~(?s).*(v|V)ersion:? \d\.\d{1,2}\.{1,3}-?.*###[Version x.y.z] Exposing version numbers gives
            unnecessary hints on your systems vulnerabilities</AssertionSpecificExposureList><AssertionSpecificExposureList>~(?s).*from [\w\$]+(\.[\w\$&lt;>]+)+:\d+:in `.+'.*###[Stacktrace] Can give hackers information about which software or language you are using</AssertionSpecificExposureList><AssertionSpecificExposureList>~(?s).*Error in process &lt;\d+\.\d+\.\d+> with exit value:.*###[Stacktrace] Can give hackers information about which software or language you are using</AssertionSpecificExposureList><AssertionSpecificExposureList>~(?s).*STACK\s?TRACE.*###[Stacktrace] Can give hackers information about which software or language you are using</AssertionSpecificExposureList><AssertionSpecificExposureList>~(?s).*Warning: [\w]+\(\) .+ in .+ on line \d{1,6}.*###[Stacktrace] Can give hackers information about which software or language you are using</AssertionSpecificExposureList><AssertionSpecificExposureList>~(?s).*((A|a)pache|vBulletin|MySQL|PostgreSQL|phpBB|Internet Information Services)( |/)\d{1,2}(\.\d{1,3})+
        .*###[Version x.y.z] Exposing version numbers gives
            unnecessary hints on your systems vulnerabilities</AssertionSpecificExposureList><AssertionSpecificExposureList>~(?s).*at [a-zA-Z][\w\$]*(\.[a-zA-Z][\w\$]*)+\((Unknown Source|Native
            Method|[a-zA-Z][\w\$]*\.([a-zA-Z]{3,5}):\d+)\)
        .*###[Stacktrace] Can give hackers information about which software or language you are using</AssertionSpecificExposureList><AssertionSpecificExposureList>~(?s).*[^\s]+\.rb:\d+:in `.+'.*###[Stacktrace] Can give hackers information about which software or language you are using</AssertionSpecificExposureList><AssertionSpecificExposureList>~(?s).*File ".+", line [0-9]{1,6}, in.*###[Stacktrace] Can give hackers information about which software or language you are using</AssertionSpecificExposureList><IncludeProjectSpecific>true</IncludeProjectSpecific><IncludeGlobal>false</IncludeGlobal></con:configuration></con:assertion><con:credentials><con:username>wsreader</con:username><con:password>wsreader</con:password><con:selectedAuthProfile>Writer</con:selectedAuthProfile><con:preemptive>true</con:preemptive><con:addedBasicAuthenticationTypes>Basic</con:addedBasicAuthenticationTypes><con:authType>No Authorization</con:authType></con:credentials><con:jmsConfig JMSDeliveryMode="PERSISTENT"/><con:parameters><con:entry key="service-path" value="${Properties#service-path}"/></con:parameters><con:parameterOrder><con:entry>service-path</con:entry></con:parameterOrder></con:restRequest></con:config></con:testStep><con:properties/><con:reportParameters/></con:testCase>