<?xml version="1.0" encoding="UTF-8"?>
<con:testCase id="d8614329-4d85-4fd4-a16b-ba4f26685f7d" discardOkResults="false" failOnError="false" failTestCaseOnErrors="true" keepSession="false" name="Test Case 4 - Supprimer des ressources" searchProperties="true" timeout="0" xmlns:con="http://eviware.com/soapui/config"><con:settings><con:setting id="d8614329-4d85-4fd4-a16b-ba4f26685f7dfileName">Test-Case-4---Supprimer-des-ressources</con:setting></con:settings><con:properties/><con:reportParameters/></con:testCase>