<?xml version="1.0" encoding="UTF-8"?>
<con:testCase discardOkResults="false" failOnError="false" failTestCaseOnErrors="true" id="d8614329-4d85-4fd4-a16b-ba4f26685f7d" keepSession="false" name="Test Case 4 - Supprimer des ressources" searchProperties="true" timeout="0" xmlns:con="http://eviware.com/soapui/config"><con:settings><con:setting id="d8614329-4d85-4fd4-a16b-ba4f26685f7dfileName">Test-Case-4---Supprimer-des-ressources</con:setting></con:settings><con:properties/><con:reportParameters/><con:environmentSpec><con:entry environmentId="5eadaddc-50e1-41ae-911a-8a2f7c39ffe0"><con:authProfile>Inherit From Parent</con:authProfile></con:entry><con:entry environmentId="e2e9701f-ac19-4e25-a4a0-65eddefe8bd7"><con:authProfile>Inherit From Parent</con:authProfile></con:entry><con:entry environmentId="d0beedb0-1186-4d88-99b9-78d2322fa1f9"><con:authProfile>Inherit From Parent</con:authProfile></con:entry></con:environmentSpec></con:testCase>