<?xml version="1.0" encoding="UTF-8"?>
<con:testCase id="227ace42-b99b-4016-a629-c6ab5d03954f" discardOkResults="false" failOnError="false" failTestCaseOnErrors="true" keepSession="false" name="Test Case 8 - Récupérer tous les calendriers" searchProperties="true" timeout="0" xmlns:con="http://eviware.com/soapui/config"><con:settings><con:setting id="227ace42-b99b-4016-a629-c6ab5d03954ffileName">Test-Case-8---Récupérer-tous-les-calendriers</con:setting></con:settings><con:testStep type="properties" name="Properties" id="c71f8c3e-f1c4-4336-813a-2dd65b9e81dd"><con:settings/><con:config xsi:type="con:PropertiesStep" saveFirst="true" xmlns:xsi="http://www.w3.org/2001/XMLSchema-instance"><con:properties><con:property><con:name>service-path</con:name><con:value>orderelements</con:value></con:property></con:properties></con:config></con:testStep><con:testStep type="restrequest" name="REST Request" id="35b38b18-a8b3-4b47-8e0d-62a5049b925f"><con:settings/><con:config service="LibrePlan" resourcePath="/ws/rest/{service-path}/" methodName="GET - Export all" xsi:type="con:RestRequestStep" xmlns:xsi="http://www.w3.org/2001/XMLSchema-instance"><con:restRequest name="REST Request" id="d21b2823-5c02-4a85-9033-a8bc3ba3fee3" mediaType="application/json"><con:settings><con:setting id="com.eviware.soapui.impl.wsdl.WsdlRequest@request-headers">&lt;xml-fragment/></con:setting></con:settings><con:endpoint>http://localhost:8180/libreplan/</con:endpoint><con:request/><con:originalUri>http://localhost/libreplan/ws/rest/orderelements/</con:originalUri><con:assertion type="Valid HTTP Status Codes" id="7ea52abb-4119-4ab0-8831-587d3a4b2158" name="Valid HTTP Status Codes"><con:settings/><con:configuration><codes>200</codes></con:configuration></con:assertion><con:assertion type="Response SLA Assertion" id="fcaa9ebf-bbf8-428d-879c-0e22e4313879" name="Response SLA"><con:configuration><SLA>200</SLA></con:configuration></con:assertion><con:credentials><con:username>wsreader</con:username><con:password>wsreader</con:password><con:selectedAuthProfile>Writer</con:selectedAuthProfile><con:preemptive>true</con:preemptive><con:addedBasicAuthenticationTypes>Basic</con:addedBasicAuthenticationTypes><con:authType>No Authorization</con:authType></con:credentials><con:jmsConfig JMSDeliveryMode="PERSISTENT"/><con:parameters><con:entry key="service-path" value="{service-path}"/></con:parameters><con:parameterOrder><con:entry>service-path</con:entry></con:parameterOrder></con:restRequest></con:config></con:testStep><con:properties/><con:reportParameters/></con:testCase>