<?xml version="1.0" encoding="UTF-8"?>
<con:testCase discardOkResults="false" failOnError="false" failTestCaseOnErrors="true" id="dce8419a-83d4-423b-9502-92bbcca0a5d7" keepSession="false" name="Test Case 2 - Supprimer des projets" searchProperties="true" timeout="0" xmlns:con="http://eviware.com/soapui/config"><con:settings><con:setting id="dce8419a-83d4-423b-9502-92bbcca0a5d7fileName">Test-Case-2---Supprimer-des-projets</con:setting></con:settings><con:properties/><con:reportParameters/><con:environmentSpec><con:entry environmentId="5eadaddc-50e1-41ae-911a-8a2f7c39ffe0"><con:authProfile>Inherit From Parent</con:authProfile></con:entry><con:entry environmentId="e2e9701f-ac19-4e25-a4a0-65eddefe8bd7"><con:authProfile>Inherit From Parent</con:authProfile></con:entry><con:entry environmentId="d0beedb0-1186-4d88-99b9-78d2322fa1f9"><con:authProfile>Inherit From Parent</con:authProfile></con:entry></con:environmentSpec></con:testCase>